#
# There is insufficient memory for the Java Runtime Environment to continue.
# Native memory allocation (malloc) failed to allocate 822496 bytes for Chunk::new
# Possible reasons:
#   The system is out of physical RAM or swap space
#   In 32 bit mode, the process size limit was hit
# Possible solutions:
#   Reduce memory load on the system
#   Increase physical memory or swap space
#   Check if swap backing store is full
#   Use 64 bit Java on a 64 bit OS
#   Decrease Java heap size (-Xmx/-Xms)
#   Decrease number of Java threads
#   Decrease Java thread stack sizes (-Xss)
#   Set larger code cache with -XX:ReservedCodeCacheSize=
# This output file may be truncated or incomplete.
#
#  Out of Memory Error (allocation.cpp:323), pid=1048, tid=22148
#
# JRE version: Java(TM) SE Runtime Environment (7.0_80-b15) (build 1.7.0_80-b15)
# Java VM: Java HotSpot(TM) 64-Bit Server VM (24.80-b11 mixed mode windows-amd64 compressed oops)
# Failed to write core dump. Minidumps are not enabled by default on client versions of Windows
#

---------------  T H R E A D  ---------------

Current thread (0x000000000241f800):  JavaThread "C2 CompilerThread1" daemon [_thread_in_native, id=22148, stack(0x000000000ad30000,0x000000000ae30000)]

Stack: [0x000000000ad30000,0x000000000ae30000]

Current CompileTask:
C2:   5517  436   !         com.android.dx.cf.code.Ropper::processBlock (1101 bytes)


---------------  P R O C E S S  ---------------

Java Threads: ( => current thread )
  0x000000000a7f0000 JavaThread "pool-2-thread-3" [_thread_in_Java, id=904, stack(0x000000000b330000,0x000000000b430000)]
  0x000000000a747800 JavaThread "pool-3-thread-1" [_thread_blocked, id=22944, stack(0x000000000b130000,0x000000000b230000)]
  0x0000000002422000 JavaThread "Service Thread" daemon [_thread_blocked, id=22056, stack(0x000000000ae30000,0x000000000af30000)]
=>0x000000000241f800 JavaThread "C2 CompilerThread1" daemon [_thread_in_native, id=22148, stack(0x000000000ad30000,0x000000000ae30000)]
  0x000000000241d800 JavaThread "C2 CompilerThread0" daemon [_thread_in_native, id=12148, stack(0x000000000ac30000,0x000000000ad30000)]
  0x000000000a651000 JavaThread "Attach Listener" daemon [_thread_blocked, id=19020, stack(0x000000000ab30000,0x000000000ac30000)]
  0x000000000a650800 JavaThread "Signal Dispatcher" daemon [_thread_blocked, id=17688, stack(0x000000000aa30000,0x000000000ab30000)]
  0x000000000866b000 JavaThread "Finalizer" daemon [_thread_blocked, id=18152, stack(0x000000000a530000,0x000000000a630000)]
  0x000000000866a000 JavaThread "Reference Handler" daemon [_thread_blocked, id=24060, stack(0x000000000a430000,0x000000000a530000)]
  0x000000000222d800 JavaThread "main" [_thread_blocked, id=10664, stack(0x0000000002230000,0x0000000002330000)]

Other Threads:
  0x0000000008665800 VMThread [stack: 0x000000000a330000,0x000000000a430000] [id=20220]
  0x000000000242e800 WatcherThread [stack: 0x000000000af30000,0x000000000b030000] [id=13496]

VM state:not at safepoint (normal execution)

VM Mutex/Monitor currently owned by a thread: None

Heap
 PSYoungGen      total 76288K, used 16861K [0x00000000eaa80000, 0x00000000eff80000, 0x0000000100000000)
  eden space 65536K, 9% used [0x00000000eaa80000,0x00000000eb0777d8,0x00000000eea80000)
  from space 10752K, 99% used [0x00000000eea80000,0x00000000ef4fff88,0x00000000ef500000)
  to   space 10752K, 0% used [0x00000000ef500000,0x00000000ef500000,0x00000000eff80000)
 ParOldGen       total 173056K, used 3995K [0x00000000c0000000, 0x00000000ca900000, 0x00000000eaa80000)
  object space 173056K, 2% used [0x00000000c0000000,0x00000000c03e6ee0,0x00000000ca900000)
 PSPermGen       total 21504K, used 5500K [0x00000000bae00000, 0x00000000bc300000, 0x00000000c0000000)
  object space 21504K, 25% used [0x00000000bae00000,0x00000000bb35f0a8,0x00000000bc300000)

Card table byte_map: [0x0000000005430000,0x0000000005660000] byte_map_base: 0x0000000004e59000

Polling page: 0x0000000000520000

Code Cache  [0x0000000002430000, 0x00000000026a0000, 0x0000000005430000)
 total_blobs=648 nmethods=434 adapters=166 free_code_cache=47375Kb largest_free_block=48476416

Compilation events (10 events):
Event: 5.439 Thread 0x000000000241f800 nmethod 432 0x00000000025bd6d0 code [0x00000000025bd840, 0x00000000025bdc38]
Event: 5.439 Thread 0x000000000241f800  433             com.android.dx.cf.code.Frame::getSubroutines (5 bytes)
Event: 5.440 Thread 0x000000000241f800 nmethod 433 0x00000000025c96d0 code [0x00000000025c9800, 0x00000000025c9858]
Event: 5.440 Thread 0x000000000241f800  434             com.android.dx.util.IntList::binarysearch (124 bytes)
Event: 5.444 Thread 0x000000000241f800 nmethod 434 0x00000000025bd250 code [0x00000000025bd3a0, 0x00000000025bd538]
Event: 5.444 Thread 0x000000000241f800  435             com.android.dx.cf.code.Ropper::labelToResultIndex (47 bytes)
Event: 5.451 Thread 0x000000000241f800 nmethod 435 0x00000000025bcc90 code [0x00000000025bcde0, 0x00000000025bd078]
Event: 5.451 Thread 0x000000000241f800  436   !         com.android.dx.cf.code.Ropper::processBlock (1101 bytes)
Event: 5.487 Thread 0x000000000241d800 nmethod 431 0x00000000025f0590 code [0x00000000025f0860, 0x00000000025f1970]
Event: 5.488 Thread 0x000000000241d800  437             com.android.dx.cf.code.Ropper::addExceptionSetupBlocks (203 bytes)

GC Heap History (2 events):
Event: 5.351 GC heap before
{Heap before GC invocations=1 (full 0):
 PSYoungGen      total 76288K, used 65536K [0x00000000eaa80000, 0x00000000eff80000, 0x0000000100000000)
  eden space 65536K, 100% used [0x00000000eaa80000,0x00000000eea80000,0x00000000eea80000)
  from space 10752K, 0% used [0x00000000ef500000,0x00000000ef500000,0x00000000eff80000)
  to   space 10752K, 0% used [0x00000000eea80000,0x00000000eea80000,0x00000000ef500000)
 ParOldGen       total 173056K, used 0K [0x00000000c0000000, 0x00000000ca900000, 0x00000000eaa80000)
  object space 173056K, 0% used [0x00000000c0000000,0x00000000c0000000,0x00000000ca900000)
 PSPermGen       total 21504K, used 5491K [0x00000000bae00000, 0x00000000bc300000, 0x00000000c0000000)
  object space 21504K, 25% used [0x00000000bae00000,0x00000000bb35cc28,0x00000000bc300000)
Event: 5.405 GC heap after
Heap after GC invocations=1 (full 0):
 PSYoungGen      total 76288K, used 10751K [0x00000000eaa80000, 0x00000000eff80000, 0x0000000100000000)
  eden space 65536K, 0% used [0x00000000eaa80000,0x00000000eaa80000,0x00000000eea80000)
  from space 10752K, 99% used [0x00000000eea80000,0x00000000ef4fff88,0x00000000ef500000)
  to   space 10752K, 0% used [0x00000000ef500000,0x00000000ef500000,0x00000000eff80000)
 ParOldGen       total 173056K, used 3995K [0x00000000c0000000, 0x00000000ca900000, 0x00000000eaa80000)
  object space 173056K, 2% used [0x00000000c0000000,0x00000000c03e6ee0,0x00000000ca900000)
 PSPermGen       total 21504K, used 5491K [0x00000000bae00000, 0x00000000bc300000, 0x00000000c0000000)
  object space 21504K, 25% used [0x00000000bae00000,0x00000000bb35cc28,0x00000000bc300000)
}

Deoptimization events (10 events):
Event: 2.559 Thread 0x000000000a74b800 Uncommon trap: reason=unstable_if action=reinterpret pc=0x00000000024f22c0 method=com.android.dx.cf.code.Ropper.addExceptionSetupBlocks()V @ 21
Event: 2.560 Thread 0x000000000a74b800 Uncommon trap: reason=unstable_if action=reinterpret pc=0x000000000249a5b8 method=com.android.dx.cf.code.Ropper.labelToResultIndex(I)I @ 34
Event: 2.560 Thread 0x000000000a74b800 Uncommon trap: reason=class_check action=maybe_recompile pc=0x00000000024b8760 method=com.android.dx.rop.type.Type.equals(Ljava/lang/Object;)Z @ 8
Event: 2.567 Thread 0x000000000a74b800 Uncommon trap: reason=class_check action=maybe_recompile pc=0x00000000024b8760 method=com.android.dx.rop.type.Type.equals(Ljava/lang/Object;)Z @ 8
Event: 2.569 Thread 0x000000000a74b800 Uncommon trap: reason=unstable_if action=reinterpret pc=0x0000000002503ee8 method=com.android.dx.ssa.back.IdenticalBlockCombiner.process()Lcom/android/dx/rop/code/RopMethod; @ 207
Event: 2.636 Thread 0x000000000a7f0000 Uncommon trap: reason=unstable_if action=reinterpret pc=0x00000000024af684 method=com.android.dx.rop.cst.Constant.compareTo(Lcom/android/dx/rop/cst/Constant;)I @ 12
Event: 3.249 Thread 0x000000000a7f0000 Uncommon trap: reason=bimorphic action=maybe_recompile pc=0x000000000251f240 method=com.android.dx.cf.code.BytecodeArray.parseInstruction(ILcom/android/dx/cf/code/BytecodeArray$Visitor;)I @ 987
Event: 3.406 Thread 0x000000000a74b800 Uncommon trap: reason=unstable_if action=reinterpret pc=0x000000000251f52c method=com.android.dx.cf.code.BytecodeArray.parseInstruction(ILcom/android/dx/cf/code/BytecodeArray$Visitor;)I @ 1261
Event: 5.434 Thread 0x000000000a7f0000 Uncommon trap: reason=class_check action=maybe_recompile pc=0x0000000002555f70 method=com.android.dx.ssa.DomFront.calcDomFronts()V @ 101
Event: 5.458 Thread 0x000000000a7f0000 Uncommon trap: reason=class_check action=maybe_recompile pc=0x00000000025d50f4 method=com.android.dx.ssa.SsaConverter.placePhiFunctions(Lcom/android/dx/ssa/SsaMethod;Lcom/android/dx/ssa/LocalVariableInfo;I)V @ 257

Internal exceptions (10 events):
Event: 2.311 Thread 0x000000000222d800 Threw 0x00000000ece1fc60 at C:\re\jdk7u80\2329\hotspot\src\share\vm\prims\jvm.cpp:1319
Event: 2.313 Thread 0x000000000222d800 Threw 0x00000000ece24888 at C:\re\jdk7u80\2329\hotspot\src\share\vm\prims\jvm.cpp:1319
Event: 2.315 Thread 0x000000000222d800 Threw 0x00000000ece2e7e0 at C:\re\jdk7u80\2329\hotspot\src\share\vm\prims\jvm.cpp:1319
Event: 2.316 Thread 0x000000000222d800 Threw 0x00000000ece30bf8 at C:\re\jdk7u80\2329\hotspot\src\share\vm\prims\jvm.cpp:1319
Event: 2.320 Thread 0x000000000222d800 Threw 0x00000000ece41078 at C:\re\jdk7u80\2329\hotspot\src\share\vm\prims\jvm.cpp:1319
Event: 2.326 Thread 0x000000000222d800 Threw 0x00000000ece5c000 at C:\re\jdk7u80\2329\hotspot\src\share\vm\prims\jvm.cpp:1319
Event: 2.436 Thread 0x000000000a7f0000 Threw 0x00000000ed0aca30 at C:\re\jdk7u80\2329\hotspot\src\share\vm\prims\jvm.cpp:1319
Event: 2.557 Thread 0x000000000a74b800 Threw 0x00000000ed237b68 at C:\re\jdk7u80\2329\hotspot\src\share\vm\prims\jvm.cpp:1319
Event: 5.430 Thread 0x000000000a7f0000 Threw 0x00000000eafaecd0 at C:\re\jdk7u80\2329\hotspot\src\share\vm\prims\jvm.cpp:1319
Event: 5.459 Thread 0x000000000a7f0000 Threw 0x00000000eaff30b0 at C:\re\jdk7u80\2329\hotspot\src\share\vm\prims\jvm.cpp:1319

Events (10 events):
Event: 5.430 loading class 0x000000000a7be5d0
Event: 5.430 loading class 0x000000000a7be5d0 done
Event: 5.434 Thread 0x000000000a7f0000 Uncommon trap: trap_request=0xffffffde fr.pc=0x0000000002555f70
Event: 5.434 Thread 0x000000000a7f0000 DEOPT PACKING pc=0x0000000002555f70 sp=0x000000000b42ea90
Event: 5.434 Thread 0x000000000a7f0000 DEOPT UNPACKING pc=0x00000000024675a4 sp=0x000000000b42ea10 mode 2
Event: 5.458 Thread 0x000000000a7f0000 Uncommon trap: trap_request=0xffffffde fr.pc=0x00000000025d50f4
Event: 5.458 Thread 0x000000000a7f0000 DEOPT PACKING pc=0x00000000025d50f4 sp=0x000000000b42eb70
Event: 5.458 Thread 0x000000000a7f0000 DEOPT UNPACKING pc=0x00000000024675a4 sp=0x000000000b42eb30 mode 2
Event: 5.458 loading class 0x000000000a82ed30
Event: 5.458 loading class 0x000000000a82ed30 done


Dynamic libraries:
0x00007ff678710000 - 0x00007ff678743000 	C:\Program Files\Java\jdk1.7.0_80\bin\java.exe
0x00007ffee94e0000 - 0x00007ffee96a1000 	C:\WINDOWS\SYSTEM32\ntdll.dll
0x00007ffee8600000 - 0x00007ffee86ad000 	C:\WINDOWS\system32\KERNEL32.DLL
0x00007ffee5d60000 - 0x00007ffee5f48000 	C:\WINDOWS\system32\KERNELBASE.dll
0x00007ffee8b60000 - 0x00007ffee8c07000 	C:\WINDOWS\system32\ADVAPI32.dll
0x00007ffee6d20000 - 0x00007ffee6dbd000 	C:\WINDOWS\system32\msvcrt.dll
0x00007ffee8920000 - 0x00007ffee897b000 	C:\WINDOWS\system32\sechost.dll
0x00007ffee8de0000 - 0x00007ffee8efc000 	C:\WINDOWS\system32\RPCRT4.dll
0x00007ffee68e0000 - 0x00007ffee6a36000 	C:\WINDOWS\system32\USER32.dll
0x00007ffee9350000 - 0x00007ffee94d6000 	C:\WINDOWS\system32\GDI32.dll
0x00007ffed5b30000 - 0x00007ffed5da4000 	C:\WINDOWS\WinSxS\amd64_microsoft.windows.common-controls_6595b64144ccf1df_6.0.10586.0_none_8c15ae12515e1c22\COMCTL32.dll
0x00007ffee6aa0000 - 0x00007ffee6d1d000 	C:\WINDOWS\system32\combase.dll
0x00007ffee6870000 - 0x00007ffee68da000 	C:\WINDOWS\system32\bcryptPrimitives.dll
0x00007ffee7060000 - 0x00007ffee709b000 	C:\WINDOWS\system32\IMM32.DLL
0x00000000693f0000 - 0x00000000694c2000 	C:\Program Files\Java\jdk1.7.0_80\jre\bin\msvcr100.dll
0x0000000069ea0000 - 0x000000006a679000 	C:\Program Files\Java\jdk1.7.0_80\jre\bin\server\jvm.dll
0x00007ffee89f0000 - 0x00007ffee89f8000 	C:\WINDOWS\system32\PSAPI.DLL
0x00007ffeda430000 - 0x00007ffeda439000 	C:\WINDOWS\SYSTEM32\WSOCK32.dll
0x00007ffee3f30000 - 0x00007ffee3f53000 	C:\WINDOWS\SYSTEM32\WINMM.dll
0x00007ffee8c10000 - 0x00007ffee8c7b000 	C:\WINDOWS\system32\WS2_32.dll
0x00007ffee3ed0000 - 0x00007ffee3efc000 	C:\WINDOWS\SYSTEM32\WINMMBASE.dll
0x00007ffee5f50000 - 0x00007ffee5f93000 	C:\WINDOWS\system32\cfgmgr32.dll
0x0000000069e90000 - 0x0000000069e9f000 	C:\Program Files\Java\jdk1.7.0_80\jre\bin\verify.dll
0x0000000069e60000 - 0x0000000069e88000 	C:\Program Files\Java\jdk1.7.0_80\jre\bin\java.dll
0x0000000069e40000 - 0x0000000069e56000 	C:\Program Files\Java\jdk1.7.0_80\jre\bin\zip.dll

VM Arguments:
jvm_args: -Djava.awt.headless=true -Xmx1024M -Dfile.encoding=windows-1252 -Duser.country=US -Duser.language=en -Duser.variant 
java_command: com.android.dx.command.Main --dex --force-jumbo --num-threads=4 --multi-dex --output C:\Users\MyPC\AndroidStudioProjects\RaSEReport\app\build\intermediates\transforms\dex\debug\folders\1000\5\slice_8 C:\Users\MyPC\AndroidStudioProjects\RaSEReport\app\build\intermediates\transforms\instantRunSlicer\debug\folders\1\5\slice_8
Launcher Type: SUN_STANDARD

Environment Variables:
JAVA_HOME=C:\Program Files\Java\jdk1.7.0_80\
PATH=C:\Python27\;C:\Python27\Scripts;F:\app\MyPC\product\11.2.0\dbhome_1\bin;C:\ProgramData\Oracle\Java\javapath;C:\WINDOWS\system32;C:\WINDOWS;C:\WINDOWS\System32\Wbem;C:\WINDOWS\System32\WindowsPowerShell\v1.0\;C:\Program Files (x86)\ATI Technologies\ATI.ACE\Core-Static;C:\Program Files\Microsoft SQL Server\110\Tools\Binn\;C:\Program Files (x86)\AMD\ATI.ACE\Core-Static;C:\Program Files (x86)\Intel\OpenCL SDK\2.0\bin\x86;C:\Program Files (x86)\Intel\OpenCL SDK\2.0\bin\x64;C:\Program Files (x86)\GNU\GnuPG\pub;C:\Program Files (x86)\SMART Technologies\SMART Response\;C:\Program Files (x86)\Windows Kits\8.1\Windows Performance Toolkit\;C:\Program Files (x86)\Microsoft SDKs\TypeScript\1.0\;C:\Program Files\Microsoft SQL Server\120\Tools\Binn\;C:\Program Files\Microsoft\Web Platform Installer\;C:\Program Files (x86)\Microsoft ASP.NET\ASP.NET Web Pages\v1.0\;C:\Program Files (x86)\Microsoft SQL Server\100\Tools\Binn\;C:\Program Files\Microsoft SQL Server\100\Tools\Binn\;C:\Program Files\Microsoft SQL Server\100\DTS\Binn\;C:\Program Files (x86)\Microsoft SQL Server\100\Tools\Binn\VSShell\Common7\IDE\;C:\Program Files (x86)\Microsoft Visual Studio 9.0\Common7\IDE\PrivateAssemblies\;C:\Program Files (x86)\Microsoft SQL Server\100\DTS\Binn\;C:\Program Files (x86)\OptiTex 10\App;C:\Program Files (x86)\Skype\Phone\;C:\Program Files (x86)\Heroku\bin;C:\Program Files (x86)\git\cmd;C:\Program Files (x86)\Git\cmd;C:\grails-2.5.2\bin;JAVA_HOME\bin;C:\Ruby22-x64\bin
USERNAME=MyPC
OS=Windows_NT
PROCESSOR_IDENTIFIER=Intel64 Family 6 Model 42 Stepping 7, GenuineIntel



---------------  S Y S T E M  ---------------

OS: Windows 8.1 , 64 bit Build 9600 

CPU:total 8 (4 cores per cpu, 2 threads per core) family 6 model 42 stepping 7, cmov, cx8, fxsr, mmx, sse, sse2, sse3, ssse3, sse4.1, sse4.2, popcnt, avx, aes, ht, tsc, tscinvbit

Memory: 4k page, physical 16625516k(4129220k free), swap 25230496k(5372k free)

vm_info: Java HotSpot(TM) 64-Bit Server VM (24.80-b11) for windows-amd64 JRE (1.7.0_80-b15), built on Apr 10 2015 11:26:34 by "java_re" with unknown MS VC++:1600

time: Wed May 25 10:58:31 2016
elapsed time: 5 seconds

