#
# There is insufficient memory for the Java Runtime Environment to continue.
# Native memory allocation (malloc) failed to allocate 690496 bytes for Chunk::new
# Possible reasons:
#   The system is out of physical RAM or swap space
#   In 32 bit mode, the process size limit was hit
# Possible solutions:
#   Reduce memory load on the system
#   Increase physical memory or swap space
#   Check if swap backing store is full
#   Use 64 bit Java on a 64 bit OS
#   Decrease Java heap size (-Xmx/-Xms)
#   Decrease number of Java threads
#   Decrease Java thread stack sizes (-Xss)
#   Set larger code cache with -XX:ReservedCodeCacheSize=
# This output file may be truncated or incomplete.
#
#  Out of Memory Error (allocation.cpp:323), pid=13348, tid=24044
#
# JRE version: Java(TM) SE Runtime Environment (7.0_80-b15) (build 1.7.0_80-b15)
# Java VM: Java HotSpot(TM) 64-Bit Server VM (24.80-b11 mixed mode windows-amd64 compressed oops)
# Failed to write core dump. Minidumps are not enabled by default on client versions of Windows
#

---------------  T H R E A D  ---------------

Current thread (0x000000000232e000):  JavaThread "C2 CompilerThread0" daemon [_thread_in_native, id=24044, stack(0x000000000ac30000,0x000000000ad30000)]

Stack: [0x000000000ac30000,0x000000000ad30000]

Current CompileTask:
C2:   5580  364             com.android.dx.ssa.back.FirstFitLocalCombiningAllocator::handleNormalUnassociated (99 bytes)


---------------  P R O C E S S  ---------------

Java Threads: ( => current thread )
  0x000000000a7a3800 JavaThread "pool-1-thread-1" [_thread_in_Java, id=23760, stack(0x000000000dcd0000,0x000000000ddd0000)]
  0x000000000233c000 JavaThread "Service Thread" daemon [_thread_blocked, id=17612, stack(0x000000000ae30000,0x000000000af30000)]
  0x0000000002339000 JavaThread "C2 CompilerThread1" daemon [_thread_in_native, id=18596, stack(0x000000000ad30000,0x000000000ae30000)]
=>0x000000000232e000 JavaThread "C2 CompilerThread0" daemon [_thread_in_native, id=24044, stack(0x000000000ac30000,0x000000000ad30000)]
  0x000000000232d000 JavaThread "Attach Listener" daemon [_thread_blocked, id=18472, stack(0x000000000ab30000,0x000000000ac30000)]
  0x000000000a651800 JavaThread "Signal Dispatcher" daemon [_thread_blocked, id=21288, stack(0x000000000aa30000,0x000000000ab30000)]
  0x000000000865b000 JavaThread "Finalizer" daemon [_thread_blocked, id=8308, stack(0x000000000a530000,0x000000000a630000)]
  0x000000000865a000 JavaThread "Reference Handler" daemon [_thread_blocked, id=15576, stack(0x000000000a430000,0x000000000a530000)]
  0x00000000020ad800 JavaThread "main" [_thread_blocked, id=15804, stack(0x00000000020f0000,0x00000000021f0000)]

Other Threads:
  0x0000000008655800 VMThread [stack: 0x000000000a330000,0x000000000a430000] [id=23260]
  0x000000000a65b000 WatcherThread [stack: 0x000000000af30000,0x000000000b030000] [id=1388]

VM state:not at safepoint (normal execution)

VM Mutex/Monitor currently owned by a thread: None

Heap
 PSYoungGen      total 76288K, used 68922K [0x00000000eaa80000, 0x00000000eff80000, 0x0000000100000000)
  eden space 65536K, 88% used [0x00000000eaa80000,0x00000000ee351c58,0x00000000eea80000)
  from space 10752K, 99% used [0x00000000eea80000,0x00000000ef4fcbd8,0x00000000ef500000)
  to   space 10752K, 0% used [0x00000000ef500000,0x00000000ef500000,0x00000000eff80000)
 ParOldGen       total 173056K, used 874K [0x00000000c0000000, 0x00000000ca900000, 0x00000000eaa80000)
  object space 173056K, 0% used [0x00000000c0000000,0x00000000c00da838,0x00000000ca900000)
 PSPermGen       total 21504K, used 5984K [0x00000000bae00000, 0x00000000bc300000, 0x00000000c0000000)
  object space 21504K, 27% used [0x00000000bae00000,0x00000000bb3d83c0,0x00000000bc300000)

Card table byte_map: [0x0000000005400000,0x0000000005630000] byte_map_base: 0x0000000004e29000

Polling page: 0x00000000004e0000

Code Cache  [0x0000000002340000, 0x00000000025b0000, 0x0000000005340000)
 total_blobs=595 nmethods=358 adapters=189 free_code_cache=47699Kb largest_free_block=48813952

Compilation events (10 events):
Event: 5.511 Thread 0x000000000232e000 nmethod 359 0x00000000024a69d0 code [0x00000000024a6b00, 0x00000000024a6b98]
Event: 5.511 Thread 0x000000000232e000  360             com.android.dx.rop.code.RegisterSpecSet::equals (106 bytes)
Event: 5.526 Thread 0x000000000232e000 nmethod 360 0x00000000024a8dd0 code [0x00000000024a8f20, 0x00000000024a9378]
Event: 5.526 Thread 0x000000000232e000  361             com.android.dx.ssa.NormalSsaInsn::toRopInsn (19 bytes)
Event: 5.527 Thread 0x000000000232e000 nmethod 361 0x00000000024aae90 code [0x00000000024aafe0, 0x00000000024ab078]
Event: 5.527 Thread 0x000000000232e000  362             com.android.dx.rop.code.DexTranslationAdvice::requiresSourcesInOrder (30 bytes)
Event: 5.533 Thread 0x000000000232e000 nmethod 362 0x00000000024aa7d0 code [0x00000000024aa920, 0x00000000024aab38]
Event: 5.533 Thread 0x000000000232e000  363             com.android.dx.rop.code.ThrowingCstInsn::accept (8 bytes)
Event: 5.534 Thread 0x000000000232e000 nmethod 363 0x00000000024aa590 code [0x00000000024aa6e0, 0x00000000024aa758]
Event: 5.534 Thread 0x000000000232e000  364             com.android.dx.ssa.back.FirstFitLocalCombiningAllocator::handleNormalUnassociated (99 bytes)

GC Heap History (2 events):
Event: 3.079 GC heap before
{Heap before GC invocations=1 (full 0):
 PSYoungGen      total 76288K, used 65536K [0x00000000eaa80000, 0x00000000eff80000, 0x0000000100000000)
  eden space 65536K, 100% used [0x00000000eaa80000,0x00000000eea80000,0x00000000eea80000)
  from space 10752K, 0% used [0x00000000ef500000,0x00000000ef500000,0x00000000eff80000)
  to   space 10752K, 0% used [0x00000000eea80000,0x00000000eea80000,0x00000000ef500000)
 ParOldGen       total 173056K, used 0K [0x00000000c0000000, 0x00000000ca900000, 0x00000000eaa80000)
  object space 173056K, 0% used [0x00000000c0000000,0x00000000c0000000,0x00000000ca900000)
 PSPermGen       total 21504K, used 5895K [0x00000000bae00000, 0x00000000bc300000, 0x00000000c0000000)
  object space 21504K, 27% used [0x00000000bae00000,0x00000000bb3c1ca0,0x00000000bc300000)
Event: 3.100 GC heap after
Heap after GC invocations=1 (full 0):
 PSYoungGen      total 76288K, used 10738K [0x00000000eaa80000, 0x00000000eff80000, 0x0000000100000000)
  eden space 65536K, 0% used [0x00000000eaa80000,0x00000000eaa80000,0x00000000eea80000)
  from space 10752K, 99% used [0x00000000eea80000,0x00000000ef4fcbd8,0x00000000ef500000)
  to   space 10752K, 0% used [0x00000000ef500000,0x00000000ef500000,0x00000000eff80000)
 ParOldGen       total 173056K, used 874K [0x00000000c0000000, 0x00000000ca900000, 0x00000000eaa80000)
  object space 173056K, 0% used [0x00000000c0000000,0x00000000c00da838,0x00000000ca900000)
 PSPermGen       total 21504K, used 5895K [0x00000000bae00000, 0x00000000bc300000, 0x00000000c0000000)
  object space 21504K, 27% used [0x00000000bae00000,0x00000000bb3c1ca0,0x00000000bc300000)
}

Deoptimization events (9 events):
Event: 1.976 Thread 0x000000000a897800 Uncommon trap: reason=null_check action=make_not_entrant pc=0x00000000023be744 method=com.android.dx.rop.code.LocalItem.equals(Ljava/lang/Object;)Z @ 1
Event: 2.223 Thread 0x000000000a8a4000 Uncommon trap: reason=unstable_if action=reinterpret pc=0x00000000023dd34c method=com.android.dx.ssa.NormalSsaInsn.getLocalAssignment()Lcom/android/dx/rop/code/RegisterSpec; @ 12
Event: 2.223 Thread 0x000000000a8a4000 Uncommon trap: reason=unstable_if action=reinterpret pc=0x00000000023dcaa0 method=com.android.dx.ssa.NormalSsaInsn.getLocalAssignment()Lcom/android/dx/rop/code/RegisterSpec; @ 12
Event: 2.256 Thread 0x00000000020ad800 Uncommon trap: reason=class_check action=maybe_recompile pc=0x00000000023d0290 method=com.android.dx.rop.type.Type.equals(Ljava/lang/Object;)Z @ 8
Event: 2.400 Thread 0x00000000020ad800 Uncommon trap: reason=class_check action=maybe_recompile pc=0x00000000023d0290 method=com.android.dx.rop.type.Type.equals(Ljava/lang/Object;)Z @ 8
Event: 2.401 Thread 0x00000000020ad800 Uncommon trap: reason=class_check action=maybe_recompile pc=0x00000000023d0290 method=com.android.dx.rop.type.Type.equals(Ljava/lang/Object;)Z @ 8
Event: 2.404 Thread 0x00000000020ad800 Uncommon trap: reason=class_check action=maybe_recompile pc=0x00000000023d0290 method=com.android.dx.rop.type.Type.equals(Ljava/lang/Object;)Z @ 8
Event: 2.406 Thread 0x000000000a7a3800 Uncommon trap: reason=unstable_if action=reinterpret pc=0x00000000023d2804 method=com.android.dx.rop.cst.Constant.compareTo(Lcom/android/dx/rop/cst/Constant;)I @ 12
Event: 2.806 Thread 0x000000000a8a4000 Uncommon trap: reason=unstable_if action=reinterpret pc=0x00000000023b1c2c method=com.android.dx.util.IntList.binarysearch(I)I @ 105

Internal exceptions (10 events):
Event: 1.801 Thread 0x00000000020ad800 Threw 0x00000000eb9ded18 at C:\re\jdk7u80\2329\hotspot\src\share\vm\prims\jvm.cpp:1319
Event: 1.801 Thread 0x00000000020ad800 Threw 0x00000000eb9e10d8 at C:\re\jdk7u80\2329\hotspot\src\share\vm\prims\jvm.cpp:1319
Event: 1.976 Thread 0x000000000a897800 Implicit null exception at 0x00000000023be572 to 0x00000000023be72d
Event: 2.093 Thread 0x000000000a7a3800 Threw 0x00000000ebf20930 at C:\re\jdk7u80\2329\hotspot\src\share\vm\prims\jvm.cpp:1319
Event: 2.204 Thread 0x00000000020ad800 Threw 0x00000000ec2ed358 at C:\re\jdk7u80\2329\hotspot\src\share\vm\prims\jvm.cpp:1319
Event: 2.398 Thread 0x00000000020ad800 Threw 0x00000000ec97f430 at C:\re\jdk7u80\2329\hotspot\src\share\vm\prims\jvm.cpp:1319
Event: 3.755 Thread 0x000000000a7a3800 Threw 0x00000000ec9d43c8 at C:\re\jdk7u80\2329\hotspot\src\share\vm\prims\jvm.cpp:1319
Event: 4.593 Thread 0x00000000020ad800 Threw 0x00000000edee29d0 at C:\re\jdk7u80\2329\hotspot\src\share\vm\prims\jvm.cpp:1319
Event: 4.826 Thread 0x000000000a7a3800 Threw 0x00000000ee2af050 at C:\re\jdk7u80\2329\hotspot\src\share\vm\prims\jvm.cpp:1319
Event: 5.206 Thread 0x000000000a7a3800 Threw 0x00000000ee3246a8 at C:\re\jdk7u80\2329\hotspot\src\share\vm\prims\jvm.cpp:1319

Events (10 events):
Event: 4.826 loading class 0x000000000a89f0b0 done
Event: 4.840 Executing VM operation: EnableBiasedLocking
Event: 4.858 Executing VM operation: EnableBiasedLocking done
Event: 4.864 Thread 0x000000000232e000 flushing nmethod 0x00000000023be150
Event: 4.871 Thread 0x000000000232e000 flushing nmethod 0x00000000023d0010
Event: 4.871 Thread 0x000000000232e000 flushing nmethod 0x00000000023d2650
Event: 4.871 Thread 0x000000000232e000 flushing nmethod 0x00000000023dc910
Event: 4.871 Thread 0x000000000232e000 flushing nmethod 0x00000000023dd110
Event: 5.206 loading class 0x000000000a8c8a20
Event: 5.206 loading class 0x000000000a8c8a20 done


Dynamic libraries:
0x00007ff678710000 - 0x00007ff678743000 	C:\Program Files\Java\jdk1.7.0_80\bin\java.exe
0x00007ffee94e0000 - 0x00007ffee96a1000 	C:\WINDOWS\SYSTEM32\ntdll.dll
0x00007ffee8600000 - 0x00007ffee86ad000 	C:\WINDOWS\system32\KERNEL32.DLL
0x00007ffee5d60000 - 0x00007ffee5f48000 	C:\WINDOWS\system32\KERNELBASE.dll
0x00007ffee8b60000 - 0x00007ffee8c07000 	C:\WINDOWS\system32\ADVAPI32.dll
0x00007ffee6d20000 - 0x00007ffee6dbd000 	C:\WINDOWS\system32\msvcrt.dll
0x00007ffee8920000 - 0x00007ffee897b000 	C:\WINDOWS\system32\sechost.dll
0x00007ffee8de0000 - 0x00007ffee8efc000 	C:\WINDOWS\system32\RPCRT4.dll
0x00007ffee68e0000 - 0x00007ffee6a36000 	C:\WINDOWS\system32\USER32.dll
0x00007ffee9350000 - 0x00007ffee94d6000 	C:\WINDOWS\system32\GDI32.dll
0x00007ffed5b30000 - 0x00007ffed5da4000 	C:\WINDOWS\WinSxS\amd64_microsoft.windows.common-controls_6595b64144ccf1df_6.0.10586.0_none_8c15ae12515e1c22\COMCTL32.dll
0x00007ffee6aa0000 - 0x00007ffee6d1d000 	C:\WINDOWS\system32\combase.dll
0x00007ffee6870000 - 0x00007ffee68da000 	C:\WINDOWS\system32\bcryptPrimitives.dll
0x00007ffee7060000 - 0x00007ffee709b000 	C:\WINDOWS\system32\IMM32.DLL
0x00000000693f0000 - 0x00000000694c2000 	C:\Program Files\Java\jdk1.7.0_80\jre\bin\msvcr100.dll
0x0000000069ea0000 - 0x000000006a679000 	C:\Program Files\Java\jdk1.7.0_80\jre\bin\server\jvm.dll
0x00007ffee89f0000 - 0x00007ffee89f8000 	C:\WINDOWS\system32\PSAPI.DLL
0x00007ffeda430000 - 0x00007ffeda439000 	C:\WINDOWS\SYSTEM32\WSOCK32.dll
0x00007ffee8c10000 - 0x00007ffee8c7b000 	C:\WINDOWS\system32\WS2_32.dll
0x00007ffee3f30000 - 0x00007ffee3f53000 	C:\WINDOWS\SYSTEM32\WINMM.dll
0x00007ffee3ed0000 - 0x00007ffee3efc000 	C:\WINDOWS\SYSTEM32\WINMMBASE.dll
0x00007ffee5f50000 - 0x00007ffee5f93000 	C:\WINDOWS\system32\cfgmgr32.dll
0x0000000069e90000 - 0x0000000069e9f000 	C:\Program Files\Java\jdk1.7.0_80\jre\bin\verify.dll
0x0000000069e60000 - 0x0000000069e88000 	C:\Program Files\Java\jdk1.7.0_80\jre\bin\java.dll
0x0000000069e40000 - 0x0000000069e56000 	C:\Program Files\Java\jdk1.7.0_80\jre\bin\zip.dll
0x0000000069e20000 - 0x0000000069e3a000 	C:\Program Files\Java\jdk1.7.0_80\jre\bin\net.dll
0x00007ffee5430000 - 0x00007ffee548c000 	C:\WINDOWS\system32\mswsock.dll
0x0000000069d60000 - 0x0000000069d71000 	C:\Program Files\Java\jdk1.7.0_80\jre\bin\nio.dll

VM Arguments:
jvm_args: -Djava.awt.headless=true -Xmx1024M -Dfile.encoding=windows-1252 -Duser.country=US -Duser.language=en -Duser.variant 
java_command: com.android.dx.command.Main --dex --force-jumbo --num-threads=4 --multi-dex --output C:\Users\MyPC\AndroidStudioProjects\RaSEReport\app\build\intermediates\transforms\dex\debug\folders\1000\10\com.google.android.gms-play-services-location-7.5.0_f68b952803c06a406d4bb5eb255714a60165cba2 C:\Users\MyPC\AndroidStudioProjects\RaSEReport\app\build\intermediates\exploded-aar\com.google.android.gms\play-services-location\7.5.0\jars\classes.jar
Launcher Type: SUN_STANDARD

Environment Variables:
JAVA_HOME=C:\Program Files\Java\jdk1.7.0_80\
PATH=C:\Python27\;C:\Python27\Scripts;F:\app\MyPC\product\11.2.0\dbhome_1\bin;C:\ProgramData\Oracle\Java\javapath;C:\WINDOWS\system32;C:\WINDOWS;C:\WINDOWS\System32\Wbem;C:\WINDOWS\System32\WindowsPowerShell\v1.0\;C:\Program Files (x86)\ATI Technologies\ATI.ACE\Core-Static;C:\Program Files\Microsoft SQL Server\110\Tools\Binn\;C:\Program Files (x86)\AMD\ATI.ACE\Core-Static;C:\Program Files (x86)\Intel\OpenCL SDK\2.0\bin\x86;C:\Program Files (x86)\Intel\OpenCL SDK\2.0\bin\x64;C:\Program Files (x86)\GNU\GnuPG\pub;C:\Program Files (x86)\SMART Technologies\SMART Response\;C:\Program Files (x86)\Windows Kits\8.1\Windows Performance Toolkit\;C:\Program Files (x86)\Microsoft SDKs\TypeScript\1.0\;C:\Program Files\Microsoft SQL Server\120\Tools\Binn\;C:\Program Files\Microsoft\Web Platform Installer\;C:\Program Files (x86)\Microsoft ASP.NET\ASP.NET Web Pages\v1.0\;C:\Program Files (x86)\Microsoft SQL Server\100\Tools\Binn\;C:\Program Files\Microsoft SQL Server\100\Tools\Binn\;C:\Program Files\Microsoft SQL Server\100\DTS\Binn\;C:\Program Files (x86)\Microsoft SQL Server\100\Tools\Binn\VSShell\Common7\IDE\;C:\Program Files (x86)\Microsoft Visual Studio 9.0\Common7\IDE\PrivateAssemblies\;C:\Program Files (x86)\Microsoft SQL Server\100\DTS\Binn\;C:\Program Files (x86)\OptiTex 10\App;C:\Program Files (x86)\Skype\Phone\;C:\Program Files (x86)\Heroku\bin;C:\Program Files (x86)\git\cmd;C:\Program Files (x86)\Git\cmd;C:\grails-2.5.2\bin;JAVA_HOME\bin;C:\Ruby22-x64\bin
USERNAME=MyPC
OS=Windows_NT
PROCESSOR_IDENTIFIER=Intel64 Family 6 Model 42 Stepping 7, GenuineIntel



---------------  S Y S T E M  ---------------

OS: Windows 8.1 , 64 bit Build 9600 

CPU:total 8 (4 cores per cpu, 2 threads per core) family 6 model 42 stepping 7, cmov, cx8, fxsr, mmx, sse, sse2, sse3, ssse3, sse4.1, sse4.2, popcnt, avx, aes, ht, tsc, tscinvbit

Memory: 4k page, physical 16625516k(3999572k free), swap 25247408k(5128k free)

vm_info: Java HotSpot(TM) 64-Bit Server VM (24.80-b11) for windows-amd64 JRE (1.7.0_80-b15), built on Apr 10 2015 11:26:34 by "java_re" with unknown MS VC++:1600

time: Wed May 25 11:03:45 2016
elapsed time: 5 seconds

