#
# There is insufficient memory for the Java Runtime Environment to continue.
# Native memory allocation (malloc) failed to allocate 1050016 bytes for Chunk::new
# Possible reasons:
#   The system is out of physical RAM or swap space
#   In 32 bit mode, the process size limit was hit
# Possible solutions:
#   Reduce memory load on the system
#   Increase physical memory or swap space
#   Check if swap backing store is full
#   Use 64 bit Java on a 64 bit OS
#   Decrease Java heap size (-Xmx/-Xms)
#   Decrease number of Java threads
#   Decrease Java thread stack sizes (-Xss)
#   Set larger code cache with -XX:ReservedCodeCacheSize=
# This output file may be truncated or incomplete.
#
#  Out of Memory Error (allocation.cpp:323), pid=24308, tid=10320
#
# JRE version: Java(TM) SE Runtime Environment (7.0_80-b15) (build 1.7.0_80-b15)
# Java VM: Java HotSpot(TM) 64-Bit Server VM (24.80-b11 mixed mode windows-amd64 compressed oops)
# Failed to write core dump. Minidumps are not enabled by default on client versions of Windows
#

---------------  T H R E A D  ---------------

Current thread (0x000000000a771000):  JavaThread "C2 CompilerThread0" daemon [_thread_in_native, id=10320, stack(0x000000000ad50000,0x000000000ae50000)]

Stack: [0x000000000ad50000,0x000000000ae50000]

Current CompileTask:
C2:   6371  643             com.android.dx.dex.code.OutputFinisher::getAllConstants (47 bytes)


---------------  P R O C E S S  ---------------

Java Threads: ( => current thread )
  0x000000000a8ff800 JavaThread "pool-1-thread-1" [_thread_in_vm, id=23752, stack(0x000000000ce20000,0x000000000cf20000)]
  0x0000000002479000 JavaThread "Service Thread" daemon [_thread_blocked, id=23868, stack(0x000000000af50000,0x000000000b050000)]
  0x0000000002475000 JavaThread "C2 CompilerThread1" daemon [_thread_in_native, id=9924, stack(0x000000000ae50000,0x000000000af50000)]
=>0x000000000a771000 JavaThread "C2 CompilerThread0" daemon [_thread_in_native, id=10320, stack(0x000000000ad50000,0x000000000ae50000)]
  0x000000000246f000 JavaThread "Attach Listener" daemon [_thread_blocked, id=20512, stack(0x000000000ac50000,0x000000000ad50000)]
  0x000000000a770800 JavaThread "Signal Dispatcher" daemon [_thread_blocked, id=1968, stack(0x000000000ab50000,0x000000000ac50000)]
  0x0000000008780800 JavaThread "Finalizer" daemon [_thread_blocked, id=14332, stack(0x000000000a650000,0x000000000a750000)]
  0x000000000877a000 JavaThread "Reference Handler" daemon [_thread_blocked, id=14688, stack(0x000000000a550000,0x000000000a650000)]
  0x0000000000a4d800 JavaThread "main" [_thread_blocked, id=18784, stack(0x0000000002210000,0x0000000002310000)]

Other Threads:
  0x0000000008775800 VMThread [stack: 0x000000000a450000,0x000000000a550000] [id=21832]
  0x000000000247d000 WatcherThread [stack: 0x000000000b050000,0x000000000b150000] [id=15384]

VM state:not at safepoint (normal execution)

VM Mutex/Monitor currently owned by a thread: None

Heap
 PSYoungGen      total 141824K, used 51491K [0x00000000eaa80000, 0x00000000f3f80000, 0x0000000100000000)
  eden space 131072K, 31% used [0x00000000eaa80000,0x00000000ed24b210,0x00000000f2a80000)
  from space 10752K, 99% used [0x00000000f3500000,0x00000000f3f7dca8,0x00000000f3f80000)
  to   space 10752K, 0% used [0x00000000f2a80000,0x00000000f2a80000,0x00000000f3500000)
 ParOldGen       total 173056K, used 8974K [0x00000000c0000000, 0x00000000ca900000, 0x00000000eaa80000)
  object space 173056K, 5% used [0x00000000c0000000,0x00000000c08c3918,0x00000000ca900000)
 PSPermGen       total 21504K, used 6020K [0x00000000bae00000, 0x00000000bc300000, 0x00000000c0000000)
  object space 21504K, 27% used [0x00000000bae00000,0x00000000bb3e1310,0x00000000bc300000)

Card table byte_map: [0x0000000005540000,0x0000000005770000] byte_map_base: 0x0000000004f69000

Polling page: 0x0000000000990000

Code Cache  [0x0000000002480000, 0x00000000026f0000, 0x0000000005480000)
 total_blobs=869 nmethods=632 adapters=189 free_code_cache=46721Kb largest_free_block=47798848

Compilation events (10 events):
Event: 6.271 Thread 0x000000000a771000 nmethod 638 0x00000000026d5290 code [0x00000000026d53e0, 0x00000000026d5598]
Event: 6.271 Thread 0x000000000a771000  639             java.util.TreeMap$PrivateEntryIterator::nextEntry (54 bytes)
Event: 6.272 Thread 0x0000000002475000 nmethod 637 0x00000000026d4750 code [0x00000000026d4880, 0x00000000026d49d8]
Event: 6.272 Thread 0x0000000002475000  640             java.util.TreeMap::getFirstEntry (26 bytes)
Event: 6.273 Thread 0x0000000002475000 nmethod 640 0x00000000026d44d0 code [0x00000000026d4600, 0x00000000026d4698]
Event: 6.273 Thread 0x0000000002475000  641             java.util.TreeMap$PrivateEntryIterator::<init> (28 bytes)
Event: 6.275 Thread 0x0000000002475000 nmethod 641 0x00000000026e2a90 code [0x00000000026e2bc0, 0x00000000026e2c58]
Event: 6.275 Thread 0x0000000002475000  642             com.android.dx.dex.code.OutputFinisher::addConstants (93 bytes)
Event: 6.275 Thread 0x000000000a771000 nmethod 639 0x00000000026dc550 code [0x00000000026dc6a0, 0x00000000026dc7d8]
Event: 6.275 Thread 0x000000000a771000  643             com.android.dx.dex.code.OutputFinisher::getAllConstants (47 bytes)

GC Heap History (4 events):
Event: 3.200 GC heap before
{Heap before GC invocations=1 (full 0):
 PSYoungGen      total 76288K, used 65536K [0x00000000eaa80000, 0x00000000eff80000, 0x0000000100000000)
  eden space 65536K, 100% used [0x00000000eaa80000,0x00000000eea80000,0x00000000eea80000)
  from space 10752K, 0% used [0x00000000ef500000,0x00000000ef500000,0x00000000eff80000)
  to   space 10752K, 0% used [0x00000000eea80000,0x00000000eea80000,0x00000000ef500000)
 ParOldGen       total 173056K, used 0K [0x00000000c0000000, 0x00000000ca900000, 0x00000000eaa80000)
  object space 173056K, 0% used [0x00000000c0000000,0x00000000c0000000,0x00000000ca900000)
 PSPermGen       total 21504K, used 5873K [0x00000000bae00000, 0x00000000bc300000, 0x00000000c0000000)
  object space 21504K, 27% used [0x00000000bae00000,0x00000000bb3bc6a0,0x00000000bc300000)
Event: 3.287 GC heap after
Heap after GC invocations=1 (full 0):
 PSYoungGen      total 76288K, used 10742K [0x00000000eaa80000, 0x00000000f3f80000, 0x0000000100000000)
  eden space 65536K, 0% used [0x00000000eaa80000,0x00000000eaa80000,0x00000000eea80000)
  from space 10752K, 99% used [0x00000000eea80000,0x00000000ef4fd860,0x00000000ef500000)
  to   space 10752K, 0% used [0x00000000f3500000,0x00000000f3500000,0x00000000f3f80000)
 ParOldGen       total 173056K, used 387K [0x00000000c0000000, 0x00000000ca900000, 0x00000000eaa80000)
  object space 173056K, 0% used [0x00000000c0000000,0x00000000c0060ce8,0x00000000ca900000)
 PSPermGen       total 21504K, used 5873K [0x00000000bae00000, 0x00000000bc300000, 0x00000000c0000000)
  object space 21504K, 27% used [0x00000000bae00000,0x00000000bb3bc6a0,0x00000000bc300000)
}
Event: 4.242 GC heap before
{Heap before GC invocations=2 (full 0):
 PSYoungGen      total 76288K, used 76278K [0x00000000eaa80000, 0x00000000f3f80000, 0x0000000100000000)
  eden space 65536K, 100% used [0x00000000eaa80000,0x00000000eea80000,0x00000000eea80000)
  from space 10752K, 99% used [0x00000000eea80000,0x00000000ef4fd860,0x00000000ef500000)
  to   space 10752K, 0% used [0x00000000f3500000,0x00000000f3500000,0x00000000f3f80000)
 ParOldGen       total 173056K, used 387K [0x00000000c0000000, 0x00000000ca900000, 0x00000000eaa80000)
  object space 173056K, 0% used [0x00000000c0000000,0x00000000c0060ce8,0x00000000ca900000)
 PSPermGen       total 21504K, used 5930K [0x00000000bae00000, 0x00000000bc300000, 0x00000000c0000000)
  object space 21504K, 27% used [0x00000000bae00000,0x00000000bb3ca8c8,0x00000000bc300000)
Event: 4.271 GC heap after
Heap after GC invocations=2 (full 0):
 PSYoungGen      total 141824K, used 10743K [0x00000000eaa80000, 0x00000000f3f80000, 0x0000000100000000)
  eden space 131072K, 0% used [0x00000000eaa80000,0x00000000eaa80000,0x00000000f2a80000)
  from space 10752K, 99% used [0x00000000f3500000,0x00000000f3f7dca8,0x00000000f3f80000)
  to   space 10752K, 0% used [0x00000000f2a80000,0x00000000f2a80000,0x00000000f3500000)
 ParOldGen       total 173056K, used 8974K [0x00000000c0000000, 0x00000000ca900000, 0x00000000eaa80000)
  object space 173056K, 5% used [0x00000000c0000000,0x00000000c08c3918,0x00000000ca900000)
 PSPermGen       total 21504K, used 5930K [0x00000000bae00000, 0x00000000bc300000, 0x00000000c0000000)
  object space 21504K, 27% used [0x00000000bae00000,0x00000000bb3ca8c8,0x00000000bc300000)
}

Deoptimization events (10 events):
Event: 2.766 Thread 0x000000000a8a2800 Uncommon trap: reason=bimorphic action=maybe_recompile pc=0x0000000002593368 method=com.android.dx.ssa.LiteralOpUpgrader.tryReplacingWithConstant(Lcom/android/dx/ssa/NormalSsaInsn;)Z @ 52
Event: 2.893 Thread 0x000000000a9db800 Uncommon trap: reason=unstable_if action=reinterpret pc=0x00000000025933d4 method=com.android.dx.ssa.LiteralOpUpgrader$1.visitNonMoveInsn(Lcom/android/dx/ssa/NormalSsaInsn;)V @ 55
Event: 2.928 Thread 0x0000000000a4d800 Uncommon trap: reason=null_check action=make_not_entrant pc=0x00000000025bb2ec method=com.android.dx.rop.type.Type.putIntern(Lcom/android/dx/rop/type/Type;)Lcom/android/dx/rop/type/Type; @ 18
Event: 3.086 Thread 0x000000000a9db800 Uncommon trap: reason=unstable_if action=reinterpret pc=0x000000000258cfd8 method=com.android.dx.dex.code.RopTranslator.pickOrder()V @ 143
Event: 3.353 Thread 0x000000000a9db800 Uncommon trap: reason=unstable_if action=reinterpret pc=0x00000000025b977c method=com.android.dx.cf.code.BaseMachine.popArgs(Lcom/android/dx/cf/code/Frame;I)V @ 15
Event: 3.455 Thread 0x0000000000a4d800 Uncommon trap: reason=unstable_if action=reinterpret pc=0x000000000259cd20 method=com.android.dx.ssa.SCCP.simulateBranch(Lcom/android/dx/ssa/SsaInsn;)V @ 548
Event: 3.478 Thread 0x000000000a8ff800 Uncommon trap: reason=unstable_if action=reinterpret pc=0x00000000025707b4 method=com.android.dx.ssa.SCCP.run()V @ 179
Event: 3.494 Thread 0x000000000a8ff800 Uncommon trap: reason=unstable_if action=reinterpret pc=0x00000000025ed39c method=com.android.dx.cf.code.RopperMachine.run(Lcom/android/dx/cf/code/Frame;II)V @ 1500
Event: 3.654 Thread 0x000000000a8a2800 Uncommon trap: reason=unstable_if action=reinterpret pc=0x000000000257f830 method=com.android.dx.ssa.SCCP.simulateStmt(Lcom/android/dx/ssa/SsaInsn;)V @ 53
Event: 4.694 Thread 0x000000000a8ff800 Uncommon trap: reason=unstable_if action=reinterpret pc=0x000000000255d970 method=java.util.HashMap.put(Ljava/lang/Object;Ljava/lang/Object;)Ljava/lang/Object; @ 86

Internal exceptions (10 events):
Event: 1.807 Thread 0x0000000000a4d800 Implicit null exception at 0x0000000002551556 to 0x0000000002552099
Event: 2.640 Thread 0x0000000000a4d800 Threw 0x00000000edd84418 at C:\re\jdk7u80\2329\hotspot\src\share\vm\prims\jvm.cpp:1319
Event: 2.649 Thread 0x0000000000a4d800 Threw 0x00000000edda31b8 at C:\re\jdk7u80\2329\hotspot\src\share\vm\prims\jvm.cpp:1319
Event: 2.893 Thread 0x000000000a9db800 Threw 0x00000000ee1a99a8 at C:\re\jdk7u80\2329\hotspot\src\share\vm\prims\jvm.cpp:1319
Event: 2.928 Thread 0x0000000000a4d800 Implicit null exception at 0x00000000025bab33 to 0x00000000025bb2dd
Event: 3.493 Thread 0x000000000a8ff800 Threw 0x00000000eb6bde08 at C:\re\jdk7u80\2329\hotspot\src\share\vm\prims\jvm.cpp:1319
Event: 4.103 Thread 0x000000000a9db800 Threw 0x00000000ed7ee868 at C:\re\jdk7u80\2329\hotspot\src\share\vm\prims\jvm.cpp:1319
Event: 4.600 Thread 0x0000000000a4d800 Threw 0x00000000ecc00c70 at C:\re\jdk7u80\2329\hotspot\src\share\vm\prims\jvm.cpp:1319
Event: 4.611 Thread 0x000000000a8ff800 Threw 0x00000000ed0c2b58 at C:\re\jdk7u80\2329\hotspot\src\share\vm\prims\jvm.cpp:1319
Event: 4.782 Thread 0x000000000a8ff800 Threw 0x00000000ed169818 at C:\re\jdk7u80\2329\hotspot\src\share\vm\prims\jvm.cpp:1319

Events (10 events):
Event: 4.781 loading class 0x000000000a954eb0
Event: 4.781 loading class 0x000000000a954eb0 done
Event: 5.386 Thread 0x000000000a771000 flushing nmethod 0x0000000002516a10
Event: 5.391 Thread 0x000000000a771000 flushing nmethod 0x00000000025193d0
Event: 5.393 Thread 0x000000000a771000 flushing nmethod 0x0000000002543f10
Event: 5.393 Thread 0x000000000a771000 flushing nmethod 0x0000000002549fd0
Event: 5.393 Thread 0x000000000a771000 flushing nmethod 0x0000000002550e90
Event: 5.394 Thread 0x000000000a771000 flushing nmethod 0x0000000002565bd0
Event: 6.275 Thread 0x000000000a771000 flushing nmethod 0x00000000024f2490
Event: 6.275 Thread 0x000000000a771000 flushing nmethod 0x00000000024f8d50


Dynamic libraries:
0x00007ff678710000 - 0x00007ff678743000 	C:\Program Files\Java\jdk1.7.0_80\bin\java.exe
0x00007ffee94e0000 - 0x00007ffee96a1000 	C:\WINDOWS\SYSTEM32\ntdll.dll
0x00007ffee8600000 - 0x00007ffee86ad000 	C:\WINDOWS\system32\KERNEL32.DLL
0x00007ffee5d60000 - 0x00007ffee5f48000 	C:\WINDOWS\system32\KERNELBASE.dll
0x00007ffee8b60000 - 0x00007ffee8c07000 	C:\WINDOWS\system32\ADVAPI32.dll
0x00007ffee6d20000 - 0x00007ffee6dbd000 	C:\WINDOWS\system32\msvcrt.dll
0x00007ffee8920000 - 0x00007ffee897b000 	C:\WINDOWS\system32\sechost.dll
0x00007ffee8de0000 - 0x00007ffee8efc000 	C:\WINDOWS\system32\RPCRT4.dll
0x00007ffee68e0000 - 0x00007ffee6a36000 	C:\WINDOWS\system32\USER32.dll
0x00007ffee9350000 - 0x00007ffee94d6000 	C:\WINDOWS\system32\GDI32.dll
0x00007ffed5b30000 - 0x00007ffed5da4000 	C:\WINDOWS\WinSxS\amd64_microsoft.windows.common-controls_6595b64144ccf1df_6.0.10586.0_none_8c15ae12515e1c22\COMCTL32.dll
0x00007ffee6aa0000 - 0x00007ffee6d1d000 	C:\WINDOWS\system32\combase.dll
0x00007ffee6870000 - 0x00007ffee68da000 	C:\WINDOWS\system32\bcryptPrimitives.dll
0x00007ffee7060000 - 0x00007ffee709b000 	C:\WINDOWS\system32\IMM32.DLL
0x00000000693f0000 - 0x00000000694c2000 	C:\Program Files\Java\jdk1.7.0_80\jre\bin\msvcr100.dll
0x0000000069ea0000 - 0x000000006a679000 	C:\Program Files\Java\jdk1.7.0_80\jre\bin\server\jvm.dll
0x00007ffee89f0000 - 0x00007ffee89f8000 	C:\WINDOWS\system32\PSAPI.DLL
0x00007ffeda430000 - 0x00007ffeda439000 	C:\WINDOWS\SYSTEM32\WSOCK32.dll
0x00007ffee3f30000 - 0x00007ffee3f53000 	C:\WINDOWS\SYSTEM32\WINMM.dll
0x00007ffee8c10000 - 0x00007ffee8c7b000 	C:\WINDOWS\system32\WS2_32.dll
0x00007ffee3ed0000 - 0x00007ffee3efc000 	C:\WINDOWS\SYSTEM32\winmmbase.dll
0x00007ffee5f50000 - 0x00007ffee5f93000 	C:\WINDOWS\system32\cfgmgr32.dll
0x0000000069e90000 - 0x0000000069e9f000 	C:\Program Files\Java\jdk1.7.0_80\jre\bin\verify.dll
0x0000000069e60000 - 0x0000000069e88000 	C:\Program Files\Java\jdk1.7.0_80\jre\bin\java.dll
0x0000000069e40000 - 0x0000000069e56000 	C:\Program Files\Java\jdk1.7.0_80\jre\bin\zip.dll
0x0000000069e20000 - 0x0000000069e3a000 	C:\Program Files\Java\jdk1.7.0_80\jre\bin\net.dll
0x00007ffee5430000 - 0x00007ffee548c000 	C:\WINDOWS\system32\mswsock.dll
0x0000000069d60000 - 0x0000000069d71000 	C:\Program Files\Java\jdk1.7.0_80\jre\bin\nio.dll

VM Arguments:
jvm_args: -Djava.awt.headless=true -Xmx1024M -Dfile.encoding=windows-1252 -Duser.country=US -Duser.language=en -Duser.variant 
java_command: com.android.dx.command.Main --dex --force-jumbo --num-threads=4 --multi-dex --output C:\Users\MyPC\AndroidStudioProjects\RaSEReport\app\build\intermediates\transforms\dex\debug\folders\1000\10\com.google.android.gms-play-services-fitness-7.5.0_14a1445b770e7e3aa463a26655339a2aa7c0ca96 C:\Users\MyPC\AndroidStudioProjects\RaSEReport\app\build\intermediates\exploded-aar\com.google.android.gms\play-services-fitness\7.5.0\jars\classes.jar
Launcher Type: SUN_STANDARD

Environment Variables:
JAVA_HOME=C:\Program Files\Java\jdk1.7.0_80\
PATH=C:\Python27\;C:\Python27\Scripts;F:\app\MyPC\product\11.2.0\dbhome_1\bin;C:\ProgramData\Oracle\Java\javapath;C:\WINDOWS\system32;C:\WINDOWS;C:\WINDOWS\System32\Wbem;C:\WINDOWS\System32\WindowsPowerShell\v1.0\;C:\Program Files (x86)\ATI Technologies\ATI.ACE\Core-Static;C:\Program Files\Microsoft SQL Server\110\Tools\Binn\;C:\Program Files (x86)\AMD\ATI.ACE\Core-Static;C:\Program Files (x86)\Intel\OpenCL SDK\2.0\bin\x86;C:\Program Files (x86)\Intel\OpenCL SDK\2.0\bin\x64;C:\Program Files (x86)\GNU\GnuPG\pub;C:\Program Files (x86)\SMART Technologies\SMART Response\;C:\Program Files (x86)\Windows Kits\8.1\Windows Performance Toolkit\;C:\Program Files (x86)\Microsoft SDKs\TypeScript\1.0\;C:\Program Files\Microsoft SQL Server\120\Tools\Binn\;C:\Program Files\Microsoft\Web Platform Installer\;C:\Program Files (x86)\Microsoft ASP.NET\ASP.NET Web Pages\v1.0\;C:\Program Files (x86)\Microsoft SQL Server\100\Tools\Binn\;C:\Program Files\Microsoft SQL Server\100\Tools\Binn\;C:\Program Files\Microsoft SQL Server\100\DTS\Binn\;C:\Program Files (x86)\Microsoft SQL Server\100\Tools\Binn\VSShell\Common7\IDE\;C:\Program Files (x86)\Microsoft Visual Studio 9.0\Common7\IDE\PrivateAssemblies\;C:\Program Files (x86)\Microsoft SQL Server\100\DTS\Binn\;C:\Program Files (x86)\OptiTex 10\App;C:\Program Files (x86)\Skype\Phone\;C:\Program Files (x86)\Heroku\bin;C:\Program Files (x86)\git\cmd;C:\Program Files (x86)\Git\cmd;C:\grails-2.5.2\bin;JAVA_HOME\bin;C:\Ruby22-x64\bin
USERNAME=MyPC
OS=Windows_NT
PROCESSOR_IDENTIFIER=Intel64 Family 6 Model 42 Stepping 7, GenuineIntel



---------------  S Y S T E M  ---------------

OS: Windows 8.1 , 64 bit Build 9600 

CPU:total 8 (4 cores per cpu, 2 threads per core) family 6 model 42 stepping 7, cmov, cx8, fxsr, mmx, sse, sse2, sse3, ssse3, sse4.1, sse4.2, popcnt, avx, aes, ht, tsc, tscinvbit

Memory: 4k page, physical 16625516k(3979028k free), swap 25247408k(7096k free)

vm_info: Java HotSpot(TM) 64-Bit Server VM (24.80-b11) for windows-amd64 JRE (1.7.0_80-b15), built on Apr 10 2015 11:26:34 by "java_re" with unknown MS VC++:1600

time: Wed May 25 11:03:51 2016
elapsed time: 6 seconds

