#
# There is insufficient memory for the Java Runtime Environment to continue.
# Native memory allocation (malloc) failed to allocate 32744 bytes for ChunkPool::allocate
# Possible reasons:
#   The system is out of physical RAM or swap space
#   In 32 bit mode, the process size limit was hit
# Possible solutions:
#   Reduce memory load on the system
#   Increase physical memory or swap space
#   Check if swap backing store is full
#   Use 64 bit Java on a 64 bit OS
#   Decrease Java heap size (-Xmx/-Xms)
#   Decrease number of Java threads
#   Decrease Java thread stack sizes (-Xss)
#   Set larger code cache with -XX:ReservedCodeCacheSize=
# This output file may be truncated or incomplete.
#
#  Out of Memory Error (allocation.cpp:211), pid=11204, tid=14376
#
# JRE version: Java(TM) SE Runtime Environment (7.0_80-b15) (build 1.7.0_80-b15)
# Java VM: Java HotSpot(TM) 64-Bit Server VM (24.80-b11 mixed mode windows-amd64 compressed oops)
# Failed to write core dump. Minidumps are not enabled by default on client versions of Windows
#

---------------  T H R E A D  ---------------

Current thread (0x000000000a580800):  JavaThread "C2 CompilerThread0" daemon [_thread_in_native, id=14376, stack(0x000000000ab60000,0x000000000ac60000)]

Stack: [0x000000000ab60000,0x000000000ac60000]

Current CompileTask:
C2:  11388  846             com.android.dx.dex.file.DebugInfoEncoder::emitHeader (530 bytes)


---------------  P R O C E S S  ---------------

Java Threads: ( => current thread )
  0x000000000a69d800 JavaThread "pool-1-thread-1" [_thread_in_Java, id=12544, stack(0x000000000cc30000,0x000000000cd30000)]
  0x000000000a581800 JavaThread "Service Thread" daemon [_thread_blocked, id=20228, stack(0x000000000ad60000,0x000000000ae60000)]
  0x0000000002289000 JavaThread "C2 CompilerThread1" daemon [_thread_in_native, id=24040, stack(0x000000000ac60000,0x000000000ad60000)]
=>0x000000000a580800 JavaThread "C2 CompilerThread0" daemon [_thread_in_native, id=14376, stack(0x000000000ab60000,0x000000000ac60000)]
  0x000000000227e800 JavaThread "Attach Listener" daemon [_thread_blocked, id=23324, stack(0x000000000aa60000,0x000000000ab60000)]
  0x000000000859e800 JavaThread "Signal Dispatcher" daemon [_thread_blocked, id=23844, stack(0x000000000a960000,0x000000000aa60000)]
  0x000000000858b000 JavaThread "Finalizer" daemon [_thread_blocked, id=23760, stack(0x000000000a460000,0x000000000a560000)]
  0x000000000858a000 JavaThread "Reference Handler" daemon [_thread_blocked, id=13744, stack(0x000000000a360000,0x000000000a460000)]
  0x0000000001ebd800 JavaThread "main" [_thread_blocked, id=21084, stack(0x0000000001f90000,0x0000000002090000)]

Other Threads:
  0x0000000008585000 VMThread [stack: 0x000000000a260000,0x000000000a360000] [id=24308]
  0x000000000a58e000 WatcherThread [stack: 0x000000000ae60000,0x000000000af60000] [id=7024]

VM state:not at safepoint (normal execution)

VM Mutex/Monitor currently owned by a thread: None

Heap
 PSYoungGen      total 141824K, used 79049K [0x00000000eaa80000, 0x00000000f3f80000, 0x0000000100000000)
  eden space 131072K, 52% used [0x00000000eaa80000,0x00000000eed32ac0,0x00000000f2a80000)
  from space 10752K, 99% used [0x00000000f3500000,0x00000000f3f7fc70,0x00000000f3f80000)
  to   space 10752K, 0% used [0x00000000f2a80000,0x00000000f2a80000,0x00000000f3500000)
 ParOldGen       total 173056K, used 29011K [0x00000000c0000000, 0x00000000ca900000, 0x00000000eaa80000)
  object space 173056K, 16% used [0x00000000c0000000,0x00000000c1c54fc8,0x00000000ca900000)
 PSPermGen       total 21504K, used 6310K [0x00000000bae00000, 0x00000000bc300000, 0x00000000c0000000)
  object space 21504K, 29% used [0x00000000bae00000,0x00000000bb429b90,0x00000000bc300000)

Card table byte_map: [0x0000000005350000,0x0000000005580000] byte_map_base: 0x0000000004d79000

Polling page: 0x0000000000750000

Code Cache  [0x0000000002290000, 0x0000000002590000, 0x0000000005290000)
 total_blobs=1064 nmethods=826 adapters=190 free_code_cache=46162Kb largest_free_block=47225408

Compilation events (10 events):
Event: 11.327 Thread 0x0000000002289000 nmethod 851 0x0000000002579450 code [0x0000000002579660, 0x0000000002579ea0]
Event: 11.327 Thread 0x0000000002289000  852             com.android.dx.dex.code.PositionList$Entry::getPosition (5 bytes)
Event: 11.328 Thread 0x0000000002289000 nmethod 852 0x000000000257b8d0 code [0x000000000257ba00, 0x000000000257ba58]
Event: 11.328 Thread 0x0000000002289000  853             com.android.dx.dex.file.DebugInfoEncoder::buildSortedPositions (68 bytes)
Event: 11.342 Thread 0x0000000002289000 nmethod 853 0x0000000002582090 code [0x0000000002582240, 0x0000000002582748]
Event: 11.342 Thread 0x0000000002289000  854             com.android.dx.rop.code.LocalItem::getSignature (5 bytes)
Event: 11.342 Thread 0x0000000002289000 nmethod 854 0x0000000002582f90 code [0x00000000025830c0, 0x0000000002583118]
Event: 11.342 Thread 0x0000000002289000  855             com.android.dx.util.ByteArrayAnnotatedOutput::getCursor (5 bytes)
Event: 11.343 Thread 0x0000000002289000 nmethod 855 0x0000000002582d90 code [0x0000000002582ec0, 0x0000000002582f18]
Event: 11.343 Thread 0x0000000002289000  856             com.android.dx.dex.file.DebugInfoEncoder::convert0 (246 bytes)

GC Heap History (8 events):
Event: 3.622 GC heap before
{Heap before GC invocations=1 (full 0):
 PSYoungGen      total 76288K, used 65536K [0x00000000eaa80000, 0x00000000eff80000, 0x0000000100000000)
  eden space 65536K, 100% used [0x00000000eaa80000,0x00000000eea80000,0x00000000eea80000)
  from space 10752K, 0% used [0x00000000ef500000,0x00000000ef500000,0x00000000eff80000)
  to   space 10752K, 0% used [0x00000000eea80000,0x00000000eea80000,0x00000000ef500000)
 ParOldGen       total 173056K, used 0K [0x00000000c0000000, 0x00000000ca900000, 0x00000000eaa80000)
  object space 173056K, 0% used [0x00000000c0000000,0x00000000c0000000,0x00000000ca900000)
 PSPermGen       total 21504K, used 5918K [0x00000000bae00000, 0x00000000bc300000, 0x00000000c0000000)
  object space 21504K, 27% used [0x00000000bae00000,0x00000000bb3c79e8,0x00000000bc300000)
Event: 3.752 GC heap after
Heap after GC invocations=1 (full 0):
 PSYoungGen      total 76288K, used 10725K [0x00000000eaa80000, 0x00000000eff80000, 0x0000000100000000)
  eden space 65536K, 0% used [0x00000000eaa80000,0x00000000eaa80000,0x00000000eea80000)
  from space 10752K, 99% used [0x00000000eea80000,0x00000000ef4f95c8,0x00000000ef500000)
  to   space 10752K, 0% used [0x00000000ef500000,0x00000000ef500000,0x00000000eff80000)
 ParOldGen       total 173056K, used 586K [0x00000000c0000000, 0x00000000ca900000, 0x00000000eaa80000)
  object space 173056K, 0% used [0x00000000c0000000,0x00000000c0092ad0,0x00000000ca900000)
 PSPermGen       total 21504K, used 5918K [0x00000000bae00000, 0x00000000bc300000, 0x00000000c0000000)
  object space 21504K, 27% used [0x00000000bae00000,0x00000000bb3c79e8,0x00000000bc300000)
}
Event: 5.907 GC heap before
{Heap before GC invocations=2 (full 0):
 PSYoungGen      total 76288K, used 76261K [0x00000000eaa80000, 0x00000000eff80000, 0x0000000100000000)
  eden space 65536K, 100% used [0x00000000eaa80000,0x00000000eea80000,0x00000000eea80000)
  from space 10752K, 99% used [0x00000000eea80000,0x00000000ef4f95c8,0x00000000ef500000)
  to   space 10752K, 0% used [0x00000000ef500000,0x00000000ef500000,0x00000000eff80000)
 ParOldGen       total 173056K, used 586K [0x00000000c0000000, 0x00000000ca900000, 0x00000000eaa80000)
  object space 173056K, 0% used [0x00000000c0000000,0x00000000c0092ad0,0x00000000ca900000)
 PSPermGen       total 21504K, used 5980K [0x00000000bae00000, 0x00000000bc300000, 0x00000000c0000000)
  object space 21504K, 27% used [0x00000000bae00000,0x00000000bb3d73a8,0x00000000bc300000)
Event: 5.992 GC heap after
Heap after GC invocations=2 (full 0):
 PSYoungGen      total 76288K, used 10726K [0x00000000eaa80000, 0x00000000f3f80000, 0x0000000100000000)
  eden space 65536K, 0% used [0x00000000eaa80000,0x00000000eaa80000,0x00000000eea80000)
  from space 10752K, 99% used [0x00000000ef500000,0x00000000eff79938,0x00000000eff80000)
  to   space 10752K, 0% used [0x00000000eea80000,0x00000000eea80000,0x00000000ef500000)
 ParOldGen       total 173056K, used 8953K [0x00000000c0000000, 0x00000000ca900000, 0x00000000eaa80000)
  object space 173056K, 5% used [0x00000000c0000000,0x00000000c08be7c8,0x00000000ca900000)
 PSPermGen       total 21504K, used 5980K [0x00000000bae00000, 0x00000000bc300000, 0x00000000c0000000)
  object space 21504K, 27% used [0x00000000bae00000,0x00000000bb3d73a8,0x00000000bc300000)
}
Event: 8.439 GC heap before
{Heap before GC invocations=3 (full 0):
 PSYoungGen      total 76288K, used 76262K [0x00000000eaa80000, 0x00000000f3f80000, 0x0000000100000000)
  eden space 65536K, 100% used [0x00000000eaa80000,0x00000000eea80000,0x00000000eea80000)
  from space 10752K, 99% used [0x00000000ef500000,0x00000000eff79938,0x00000000eff80000)
  to   space 10752K, 0% used [0x00000000eea80000,0x00000000eea80000,0x00000000ef500000)
 ParOldGen       total 173056K, used 8953K [0x00000000c0000000, 0x00000000ca900000, 0x00000000eaa80000)
  object space 173056K, 5% used [0x00000000c0000000,0x00000000c08be7c8,0x00000000ca900000)
 PSPermGen       total 21504K, used 6022K [0x00000000bae00000, 0x00000000bc300000, 0x00000000c0000000)
  object space 21504K, 28% used [0x00000000bae00000,0x00000000bb3e1a38,0x00000000bc300000)
Event: 8.628 GC heap after
Heap after GC invocations=3 (full 0):
 PSYoungGen      total 76288K, used 10720K [0x00000000eaa80000, 0x00000000f3f80000, 0x0000000100000000)
  eden space 65536K, 0% used [0x00000000eaa80000,0x00000000eaa80000,0x00000000eea80000)
  from space 10752K, 99% used [0x00000000eea80000,0x00000000ef4f8110,0x00000000ef500000)
  to   space 10752K, 0% used [0x00000000f3500000,0x00000000f3500000,0x00000000f3f80000)
 ParOldGen       total 173056K, used 18202K [0x00000000c0000000, 0x00000000ca900000, 0x00000000eaa80000)
  object space 173056K, 10% used [0x00000000c0000000,0x00000000c11c6860,0x00000000ca900000)
 PSPermGen       total 21504K, used 6022K [0x00000000bae00000, 0x00000000bc300000, 0x00000000c0000000)
  object space 21504K, 28% used [0x00000000bae00000,0x00000000bb3e1a38,0x00000000bc300000)
}
Event: 9.319 GC heap before
{Heap before GC invocations=4 (full 0):
 PSYoungGen      total 76288K, used 76256K [0x00000000eaa80000, 0x00000000f3f80000, 0x0000000100000000)
  eden space 65536K, 100% used [0x00000000eaa80000,0x00000000eea80000,0x00000000eea80000)
  from space 10752K, 99% used [0x00000000eea80000,0x00000000ef4f8110,0x00000000ef500000)
  to   space 10752K, 0% used [0x00000000f3500000,0x00000000f3500000,0x00000000f3f80000)
 ParOldGen       total 173056K, used 18202K [0x00000000c0000000, 0x00000000ca900000, 0x00000000eaa80000)
  object space 173056K, 10% used [0x00000000c0000000,0x00000000c11c6860,0x00000000ca900000)
 PSPermGen       total 21504K, used 6030K [0x00000000bae00000, 0x00000000bc300000, 0x00000000c0000000)
  object space 21504K, 28% used [0x00000000bae00000,0x00000000bb3e3a20,0x00000000bc300000)
Event: 9.410 GC heap after
Heap after GC invocations=4 (full 0):
 PSYoungGen      total 141824K, used 10751K [0x00000000eaa80000, 0x00000000f3f80000, 0x0000000100000000)
  eden space 131072K, 0% used [0x00000000eaa80000,0x00000000eaa80000,0x00000000f2a80000)
  from space 10752K, 99% used [0x00000000f3500000,0x00000000f3f7fc70,0x00000000f3f80000)
  to   space 10752K, 0% used [0x00000000f2a80000,0x00000000f2a80000,0x00000000f3500000)
 ParOldGen       total 173056K, used 29011K [0x00000000c0000000, 0x00000000ca900000, 0x00000000eaa80000)
  object space 173056K, 16% used [0x00000000c0000000,0x00000000c1c54fc8,0x00000000ca900000)
 PSPermGen       total 21504K, used 6030K [0x00000000bae00000, 0x00000000bc300000, 0x00000000c0000000)
  object space 21504K, 28% used [0x00000000bae00000,0x00000000bb3e3a20,0x00000000bc300000)
}

Deoptimization events (10 events):
Event: 10.683 Thread 0x000000000a69d800 Uncommon trap: reason=unstable_if action=reinterpret pc=0x00000000023789ec method=java.util.TreeMap.put(Ljava/lang/Object;Ljava/lang/Object;)Ljava/lang/Object; @ 163
Event: 10.703 Thread 0x000000000a69d800 Uncommon trap: reason=unstable_if action=reinterpret pc=0x000000000239a4f4 method=com.android.dx.rop.code.RegisterSpec.matchesVariable(Lcom/android/dx/rop/code/RegisterSpec;)Z @ 59
Event: 10.712 Thread 0x000000000a69d800 Uncommon trap: reason=class_check action=maybe_recompile pc=0x000000000248de94 method=com.android.dx.dex.code.OutputFinisher.massageInstructions([Lcom/android/dx/dex/code/Dop;)V @ 63
Event: 10.767 Thread 0x000000000a69d800 Uncommon trap: reason=class_check action=maybe_recompile pc=0x000000000248de94 method=com.android.dx.dex.code.OutputFinisher.massageInstructions([Lcom/android/dx/dex/code/Dop;)V @ 63
Event: 10.789 Thread 0x000000000a69d800 Uncommon trap: reason=class_check action=maybe_recompile pc=0x000000000248de94 method=com.android.dx.dex.code.OutputFinisher.massageInstructions([Lcom/android/dx/dex/code/Dop;)V @ 63
Event: 10.855 Thread 0x000000000a69d800 Uncommon trap: reason=unstable_if action=reinterpret pc=0x000000000256af6c method=com.android.dx.dex.code.form.Form35c.wordCount(Lcom/android/dx/rop/code/RegisterSpecList;)I @ 65
Event: 10.951 Thread 0x000000000a69d800 Uncommon trap: reason=array_check action=maybe_recompile pc=0x00000000023c3050 method=java.util.ComparableTimSort.binarySort([Ljava/lang/Object;III)V @ 183
Event: 10.970 Thread 0x000000000a69d800 Uncommon trap: reason=array_check action=maybe_recompile pc=0x00000000023c2f88 method=java.util.ComparableTimSort.binarySort([Ljava/lang/Object;III)V @ 193
Event: 11.009 Thread 0x000000000a69d800 Uncommon trap: reason=array_check action=maybe_recompile pc=0x00000000023c2f88 method=java.util.ComparableTimSort.binarySort([Ljava/lang/Object;III)V @ 193
Event: 11.009 Thread 0x000000000a69d800 Uncommon trap: reason=array_check action=maybe_recompile pc=0x00000000023c2f88 method=java.util.ComparableTimSort.binarySort([Ljava/lang/Object;III)V @ 193

Internal exceptions (10 events):
Event: 10.371 Thread 0x000000000a69d800 Threw 0x00000000edf52eb0 at C:\re\jdk7u80\2329\hotspot\src\share\vm\prims\jvm.cpp:1319
Event: 10.385 Thread 0x000000000a69d800 Threw 0x00000000edf63530 at C:\re\jdk7u80\2329\hotspot\src\share\vm\prims\jvm.cpp:1319
Event: 10.386 Thread 0x000000000a69d800 Threw 0x00000000edf66370 at C:\re\jdk7u80\2329\hotspot\src\share\vm\prims\jvm.cpp:1319
Event: 10.387 Thread 0x000000000a69d800 Threw 0x00000000edf69378 at C:\re\jdk7u80\2329\hotspot\src\share\vm\prims\jvm.cpp:1319
Event: 10.400 Thread 0x000000000a69d800 Threw 0x00000000edf7a3f8 at C:\re\jdk7u80\2329\hotspot\src\share\vm\prims\jvm.cpp:1319
Event: 10.607 Thread 0x000000000a69d800 Implicit null exception at 0x00000000023c6678 to 0x00000000023c72d1
Event: 11.145 Thread 0x000000000a69d800 Threw 0x00000000ee872ef0 at C:\re\jdk7u80\2329\hotspot\src\share\vm\prims\jvm.cpp:1319
Event: 11.148 Thread 0x000000000a69d800 Threw 0x00000000ee880248 at C:\re\jdk7u80\2329\hotspot\src\share\vm\prims\jvm.cpp:1319
Event: 11.149 Thread 0x000000000a69d800 Threw 0x00000000ee882d80 at C:\re\jdk7u80\2329\hotspot\src\share\vm\prims\jvm.cpp:1319
Event: 11.382 Thread 0x000000000a69d800 Threw 0x00000000eed12870 at C:\re\jdk7u80\2329\hotspot\src\share\vm\prims\jvm.cpp:1319

Events (10 events):
Event: 11.009 Thread 0x000000000a69d800 DEOPT PACKING pc=0x00000000023c2f88 sp=0x000000000cd2f0c0
Event: 11.009 Thread 0x000000000a69d800 DEOPT UNPACKING pc=0x00000000022c75a4 sp=0x000000000cd2f088 mode 2
Event: 11.145 loading class 0x000000000a82f030
Event: 11.145 loading class 0x000000000a82f030 done
Event: 11.148 loading class 0x000000000a8301f0
Event: 11.148 loading class 0x000000000a8301f0 done
Event: 11.149 loading class 0x000000000a82f7f0
Event: 11.149 loading class 0x000000000a82f7f0 done
Event: 11.382 loading class 0x000000000a7ba6c0
Event: 11.382 loading class 0x000000000a7ba6c0 done


Dynamic libraries:
0x00007ff678710000 - 0x00007ff678743000 	C:\Program Files\Java\jdk1.7.0_80\bin\java.exe
0x00007ffee94e0000 - 0x00007ffee96a1000 	C:\WINDOWS\SYSTEM32\ntdll.dll
0x00007ffee8600000 - 0x00007ffee86ad000 	C:\WINDOWS\system32\KERNEL32.DLL
0x00007ffee5d60000 - 0x00007ffee5f48000 	C:\WINDOWS\system32\KERNELBASE.dll
0x00007ffee8b60000 - 0x00007ffee8c07000 	C:\WINDOWS\system32\ADVAPI32.dll
0x00007ffee6d20000 - 0x00007ffee6dbd000 	C:\WINDOWS\system32\msvcrt.dll
0x00007ffee8920000 - 0x00007ffee897b000 	C:\WINDOWS\system32\sechost.dll
0x00007ffee8de0000 - 0x00007ffee8efc000 	C:\WINDOWS\system32\RPCRT4.dll
0x00007ffee68e0000 - 0x00007ffee6a36000 	C:\WINDOWS\system32\USER32.dll
0x00007ffee9350000 - 0x00007ffee94d6000 	C:\WINDOWS\system32\GDI32.dll
0x00007ffed5b30000 - 0x00007ffed5da4000 	C:\WINDOWS\WinSxS\amd64_microsoft.windows.common-controls_6595b64144ccf1df_6.0.10586.0_none_8c15ae12515e1c22\COMCTL32.dll
0x00007ffee6aa0000 - 0x00007ffee6d1d000 	C:\WINDOWS\system32\combase.dll
0x00007ffee6870000 - 0x00007ffee68da000 	C:\WINDOWS\system32\bcryptPrimitives.dll
0x00007ffee7060000 - 0x00007ffee709b000 	C:\WINDOWS\system32\IMM32.DLL
0x00000000693f0000 - 0x00000000694c2000 	C:\Program Files\Java\jdk1.7.0_80\jre\bin\msvcr100.dll
0x0000000069ea0000 - 0x000000006a679000 	C:\Program Files\Java\jdk1.7.0_80\jre\bin\server\jvm.dll
0x00007ffee89f0000 - 0x00007ffee89f8000 	C:\WINDOWS\system32\PSAPI.DLL
0x00007ffeda430000 - 0x00007ffeda439000 	C:\WINDOWS\SYSTEM32\WSOCK32.dll
0x00007ffee8c10000 - 0x00007ffee8c7b000 	C:\WINDOWS\system32\WS2_32.dll
0x00007ffee3f30000 - 0x00007ffee3f53000 	C:\WINDOWS\SYSTEM32\WINMM.dll
0x00007ffee3ed0000 - 0x00007ffee3efc000 	C:\WINDOWS\SYSTEM32\WINMMBASE.dll
0x00007ffee5f50000 - 0x00007ffee5f93000 	C:\WINDOWS\system32\cfgmgr32.dll
0x0000000069e90000 - 0x0000000069e9f000 	C:\Program Files\Java\jdk1.7.0_80\jre\bin\verify.dll
0x0000000069e60000 - 0x0000000069e88000 	C:\Program Files\Java\jdk1.7.0_80\jre\bin\java.dll
0x0000000069e40000 - 0x0000000069e56000 	C:\Program Files\Java\jdk1.7.0_80\jre\bin\zip.dll
0x0000000069e20000 - 0x0000000069e3a000 	C:\Program Files\Java\jdk1.7.0_80\jre\bin\net.dll
0x00007ffee5430000 - 0x00007ffee548c000 	C:\WINDOWS\system32\mswsock.dll
0x0000000069d60000 - 0x0000000069d71000 	C:\Program Files\Java\jdk1.7.0_80\jre\bin\nio.dll

VM Arguments:
jvm_args: -Djava.awt.headless=true -Xmx1024M -Dfile.encoding=windows-1252 -Duser.country=US -Duser.language=en -Duser.variant 
java_command: com.android.dx.command.Main --dex --force-jumbo --num-threads=4 --multi-dex --output C:\Users\MyPC\AndroidStudioProjects\RaSEReport\app\build\intermediates\transforms\dex\debug\folders\1000\10\com.android.support-appcompat-v7-22.2.1_be50f07ea77fc01bc0ce2407a809da68a2eb0d46 C:\Users\MyPC\AndroidStudioProjects\RaSEReport\app\build\intermediates\exploded-aar\com.android.support\appcompat-v7\22.2.1\jars\classes.jar
Launcher Type: SUN_STANDARD

Environment Variables:
JAVA_HOME=C:\Program Files\Java\jdk1.7.0_80\
PATH=C:\Python27\;C:\Python27\Scripts;F:\app\MyPC\product\11.2.0\dbhome_1\bin;C:\ProgramData\Oracle\Java\javapath;C:\WINDOWS\system32;C:\WINDOWS;C:\WINDOWS\System32\Wbem;C:\WINDOWS\System32\WindowsPowerShell\v1.0\;C:\Program Files (x86)\ATI Technologies\ATI.ACE\Core-Static;C:\Program Files\Microsoft SQL Server\110\Tools\Binn\;C:\Program Files (x86)\AMD\ATI.ACE\Core-Static;C:\Program Files (x86)\Intel\OpenCL SDK\2.0\bin\x86;C:\Program Files (x86)\Intel\OpenCL SDK\2.0\bin\x64;C:\Program Files (x86)\GNU\GnuPG\pub;C:\Program Files (x86)\SMART Technologies\SMART Response\;C:\Program Files (x86)\Windows Kits\8.1\Windows Performance Toolkit\;C:\Program Files (x86)\Microsoft SDKs\TypeScript\1.0\;C:\Program Files\Microsoft SQL Server\120\Tools\Binn\;C:\Program Files\Microsoft\Web Platform Installer\;C:\Program Files (x86)\Microsoft ASP.NET\ASP.NET Web Pages\v1.0\;C:\Program Files (x86)\Microsoft SQL Server\100\Tools\Binn\;C:\Program Files\Microsoft SQL Server\100\Tools\Binn\;C:\Program Files\Microsoft SQL Server\100\DTS\Binn\;C:\Program Files (x86)\Microsoft SQL Server\100\Tools\Binn\VSShell\Common7\IDE\;C:\Program Files (x86)\Microsoft Visual Studio 9.0\Common7\IDE\PrivateAssemblies\;C:\Program Files (x86)\Microsoft SQL Server\100\DTS\Binn\;C:\Program Files (x86)\OptiTex 10\App;C:\Program Files (x86)\Skype\Phone\;C:\Program Files (x86)\Heroku\bin;C:\Program Files (x86)\git\cmd;C:\Program Files (x86)\Git\cmd;C:\grails-2.5.2\bin;JAVA_HOME\bin;C:\Ruby22-x64\bin
USERNAME=MyPC
OS=Windows_NT
PROCESSOR_IDENTIFIER=Intel64 Family 6 Model 42 Stepping 7, GenuineIntel



---------------  S Y S T E M  ---------------

OS: Windows 8.1 , 64 bit Build 9600 

CPU:total 8 (4 cores per cpu, 2 threads per core) family 6 model 42 stepping 7, cmov, cx8, fxsr, mmx, sse, sse2, sse3, ssse3, sse4.1, sse4.2, popcnt, avx, aes, ht, tsc, tscinvbit

Memory: 4k page, physical 16625516k(3742412k free), swap 25230496k(6920k free)

vm_info: Java HotSpot(TM) 64-Bit Server VM (24.80-b11) for windows-amd64 JRE (1.7.0_80-b15), built on Apr 10 2015 11:26:34 by "java_re" with unknown MS VC++:1600

time: Wed May 25 10:57:00 2016
elapsed time: 11 seconds

