#
# There is insufficient memory for the Java Runtime Environment to continue.
# Native memory allocation (malloc) failed to allocate 709008 bytes for Chunk::new
# Possible reasons:
#   The system is out of physical RAM or swap space
#   In 32 bit mode, the process size limit was hit
# Possible solutions:
#   Reduce memory load on the system
#   Increase physical memory or swap space
#   Check if swap backing store is full
#   Use 64 bit Java on a 64 bit OS
#   Decrease Java heap size (-Xmx/-Xms)
#   Decrease number of Java threads
#   Decrease Java thread stack sizes (-Xss)
#   Set larger code cache with -XX:ReservedCodeCacheSize=
# This output file may be truncated or incomplete.
#
#  Out of Memory Error (allocation.cpp:323), pid=14332, tid=21076
#
# JRE version: Java(TM) SE Runtime Environment (7.0_80-b15) (build 1.7.0_80-b15)
# Java VM: Java HotSpot(TM) 64-Bit Server VM (24.80-b11 mixed mode windows-amd64 compressed oops)
# Failed to write core dump. Minidumps are not enabled by default on client versions of Windows
#

---------------  T H R E A D  ---------------

Current thread (0x000000000a644000):  JavaThread "C2 CompilerThread1" daemon [_thread_in_native, id=21076, stack(0x000000000ad20000,0x000000000ae20000)]

Stack: [0x000000000ad20000,0x000000000ae20000]

Current CompileTask:
C2:   6634  413             com.android.dx.ssa.SsaConverter::edgeSplitMoveExceptionsAndResults (157 bytes)


---------------  P R O C E S S  ---------------

Java Threads: ( => current thread )
  0x000000000a64a800 JavaThread "Service Thread" daemon [_thread_blocked, id=22672, stack(0x000000000ae20000,0x000000000af20000)]
=>0x000000000a644000 JavaThread "C2 CompilerThread1" daemon [_thread_in_native, id=21076, stack(0x000000000ad20000,0x000000000ae20000)]
  0x000000000a642800 JavaThread "C2 CompilerThread0" daemon [_thread_in_native, id=21284, stack(0x000000000ac20000,0x000000000ad20000)]
  0x000000000a641800 JavaThread "Attach Listener" daemon [_thread_blocked, id=20852, stack(0x000000000ab20000,0x000000000ac20000)]
  0x000000000a641000 JavaThread "Signal Dispatcher" daemon [_thread_blocked, id=24492, stack(0x000000000aa20000,0x000000000ab20000)]
  0x0000000008661000 JavaThread "Finalizer" daemon [_thread_blocked, id=6432, stack(0x000000000a520000,0x000000000a620000)]
  0x000000000865a000 JavaThread "Reference Handler" daemon [_thread_blocked, id=22648, stack(0x000000000a420000,0x000000000a520000)]
  0x00000000020ed800 JavaThread "main" [_thread_in_Java, id=20804, stack(0x0000000002130000,0x0000000002230000)]

Other Threads:
  0x0000000008655800 VMThread [stack: 0x000000000a320000,0x000000000a420000] [id=19608]
  0x000000000a64e000 WatcherThread [stack: 0x000000000af20000,0x000000000b020000] [id=21476]

VM state:not at safepoint (normal execution)

VM Mutex/Monitor currently owned by a thread: None

Heap
 PSYoungGen      total 76288K, used 69069K [0x00000000eaa80000, 0x00000000eff80000, 0x0000000100000000)
  eden space 65536K, 88% used [0x00000000eaa80000,0x00000000ee375ac0,0x00000000eea80000)
  from space 10752K, 99% used [0x00000000eea80000,0x00000000ef4fdc38,0x00000000ef500000)
  to   space 10752K, 0% used [0x00000000ef500000,0x00000000ef500000,0x00000000eff80000)
 ParOldGen       total 173056K, used 112K [0x00000000c0000000, 0x00000000ca900000, 0x00000000eaa80000)
  object space 173056K, 0% used [0x00000000c0000000,0x00000000c001c080,0x00000000ca900000)
 PSPermGen       total 21504K, used 5975K [0x00000000bae00000, 0x00000000bc300000, 0x00000000c0000000)
  object space 21504K, 27% used [0x00000000bae00000,0x00000000bb3d5f98,0x00000000bc300000)

Card table byte_map: [0x00000000053f0000,0x0000000005620000] byte_map_base: 0x0000000004e19000

Polling page: 0x0000000000910000

Code Cache  [0x0000000002330000, 0x00000000025a0000, 0x0000000005330000)
 total_blobs=644 nmethods=407 adapters=189 free_code_cache=47419Kb largest_free_block=48512320

Compilation events (10 events):
Event: 6.542 Thread 0x000000000a642800 nmethod 408 0x00000000024dafd0 code [0x00000000024db140, 0x00000000024db4f8]
Event: 6.542 Thread 0x000000000a642800  410             com.android.dx.rop.code.Rop::hashCode (54 bytes)
Event: 6.543 Thread 0x000000000a644000 nmethod 409 0x00000000024c0150 code [0x00000000024c02a0, 0x00000000024c04f8]
Event: 6.543 Thread 0x000000000a644000  411             java.util.AbstractList::clear (10 bytes)
Event: 6.549 Thread 0x000000000a642800 nmethod 410 0x00000000024dc250 code [0x00000000024dc3a0, 0x00000000024dc638]
Event: 6.549 Thread 0x000000000a644000 nmethod 411 0x0000000002469610 code [0x0000000002469760, 0x00000000024699b8]
Event: 6.549 Thread 0x000000000a642800  412             com.android.dx.ssa.PhiInsn::predBlockIndexForSourcesIndex (15 bytes)
Event: 6.549 Thread 0x000000000a644000  413             com.android.dx.ssa.SsaConverter::edgeSplitMoveExceptionsAndResults (157 bytes)
Event: 6.550 Thread 0x000000000a642800 nmethod 412 0x0000000002469210 code [0x0000000002469360, 0x0000000002469458]
Event: 6.550 Thread 0x000000000a642800  414             com.android.dx.ssa.PhiTypeResolver::run (179 bytes)

GC Heap History (2 events):
Event: 3.960 GC heap before
{Heap before GC invocations=1 (full 0):
 PSYoungGen      total 76288K, used 65536K [0x00000000eaa80000, 0x00000000eff80000, 0x0000000100000000)
  eden space 65536K, 100% used [0x00000000eaa80000,0x00000000eea80000,0x00000000eea80000)
  from space 10752K, 0% used [0x00000000ef500000,0x00000000ef500000,0x00000000eff80000)
  to   space 10752K, 0% used [0x00000000eea80000,0x00000000eea80000,0x00000000ef500000)
 ParOldGen       total 173056K, used 0K [0x00000000c0000000, 0x00000000ca900000, 0x00000000eaa80000)
  object space 173056K, 0% used [0x00000000c0000000,0x00000000c0000000,0x00000000ca900000)
 PSPermGen       total 21504K, used 5885K [0x00000000bae00000, 0x00000000bc300000, 0x00000000c0000000)
  object space 21504K, 27% used [0x00000000bae00000,0x00000000bb3bf7d8,0x00000000bc300000)
Event: 4.032 GC heap after
Heap after GC invocations=1 (full 0):
 PSYoungGen      total 76288K, used 10743K [0x00000000eaa80000, 0x00000000eff80000, 0x0000000100000000)
  eden space 65536K, 0% used [0x00000000eaa80000,0x00000000eaa80000,0x00000000eea80000)
  from space 10752K, 99% used [0x00000000eea80000,0x00000000ef4fdc38,0x00000000ef500000)
  to   space 10752K, 0% used [0x00000000ef500000,0x00000000ef500000,0x00000000eff80000)
 ParOldGen       total 173056K, used 112K [0x00000000c0000000, 0x00000000ca900000, 0x00000000eaa80000)
  object space 173056K, 0% used [0x00000000c0000000,0x00000000c001c080,0x00000000ca900000)
 PSPermGen       total 21504K, used 5885K [0x00000000bae00000, 0x00000000bc300000, 0x00000000c0000000)
  object space 21504K, 27% used [0x00000000bae00000,0x00000000bb3bf7d8,0x00000000bc300000)
}

Deoptimization events (10 events):
Event: 1.245 Thread 0x000000000a85f000 Uncommon trap: reason=null_check action=make_not_entrant pc=0x00000000023b3d40 method=com.android.dx.rop.code.LocalItem.equals(Ljava/lang/Object;)Z @ 1
Event: 1.292 Thread 0x000000000a77f800 Uncommon trap: reason=class_check action=maybe_recompile pc=0x00000000023beaf8 method=com.android.dx.ssa.NormalSsaInsn.accept(Lcom/android/dx/ssa/SsaInsn$Visitor;)V @ 9
Event: 1.317 Thread 0x000000000a702800 Uncommon trap: reason=class_check action=maybe_recompile pc=0x00000000023a7550 method=com.android.dx.ssa.NormalSsaInsn.accept(Lcom/android/dx/ssa/SsaInsn$Visitor;)V @ 9
Event: 1.438 Thread 0x000000000a702800 Uncommon trap: reason=unstable_if action=reinterpret pc=0x00000000023c466c method=com.android.dx.util.IntList.binarysearch(I)I @ 105
Event: 1.497 Thread 0x000000000a702800 Uncommon trap: reason=unstable_if action=reinterpret pc=0x00000000023aa884 method=com.android.dx.rop.cst.Constant.compareTo(Lcom/android/dx/rop/cst/Constant;)I @ 12
Event: 1.750 Thread 0x000000000a782000 Uncommon trap: reason=null_check action=make_not_entrant pc=0x00000000023fc850 method=com.android.dx.rop.code.RegisterSpec.equals(Ljava/lang/Object;)Z @ 1
Event: 2.863 Thread 0x00000000020ed800 Uncommon trap: reason=null_check action=make_not_entrant pc=0x00000000023fa6f4 method=com.android.dx.rop.type.Type.putIntern(Lcom/android/dx/rop/type/Type;)Lcom/android/dx/rop/type/Type; @ 18
Event: 4.104 Thread 0x000000000a782000 Uncommon trap: reason=unstable_if action=reinterpret pc=0x0000000002445b70 method=com.android.dx.cf.code.Ropper.isSynchronized()Z @ 12
Event: 4.418 Thread 0x000000000a702800 Uncommon trap: reason=unstable_if action=reinterpret pc=0x000000000240ada4 method=com.android.dx.ssa.Dominators.run()V @ 346
Event: 6.227 Thread 0x000000000a702800 Uncommon trap: reason=unstable_if action=reinterpret pc=0x0000000002459130 method=com.android.dx.ssa.SCCP.simulateStmt(Lcom/android/dx/ssa/SsaInsn;)V @ 53

Internal exceptions (10 events):
Event: 0.936 Thread 0x000000000a702800 Threw 0x00000000eb1dffa0 at C:\re\jdk7u80\2329\hotspot\src\share\vm\prims\jvm.cpp:1319
Event: 0.940 Thread 0x000000000a702800 Threw 0x00000000eb1e7080 at C:\re\jdk7u80\2329\hotspot\src\share\vm\prims\jvm.cpp:1319
Event: 1.245 Thread 0x000000000a85f000 Implicit null exception at 0x00000000023b3b82 to 0x00000000023b3d29
Event: 1.589 Thread 0x000000000a782000 Threw 0x00000000ecb142c0 at C:\re\jdk7u80\2329\hotspot\src\share\vm\prims\jvm.cpp:1319
Event: 1.661 Thread 0x000000000a702800 Threw 0x00000000ecda7218 at C:\re\jdk7u80\2329\hotspot\src\share\vm\prims\jvm.cpp:1319
Event: 1.750 Thread 0x000000000a782000 Implicit null exception at 0x00000000023fba01 to 0x00000000023fc825
Event: 2.863 Thread 0x00000000020ed800 Implicit null exception at 0x00000000023fa08b to 0x00000000023fa6e5
Event: 4.638 Thread 0x000000000a702800 Threw 0x00000000ebf67940 at C:\re\jdk7u80\2329\hotspot\src\share\vm\prims\jvm.cpp:1319
Event: 6.352 Thread 0x00000000020ed800 Threw 0x00000000edbd7ec0 at C:\re\jdk7u80\2329\hotspot\src\share\vm\prims\jvm.cpp:1319
Event: 6.519 Thread 0x00000000020ed800 Threw 0x00000000ee2d9370 at C:\re\jdk7u80\2329\hotspot\src\share\vm\prims\jvm.cpp:1319

Events (10 events):
Event: 6.332 loading class 0x000000000a651e70 done
Event: 6.332 loading class 0x000000000a864150 done
Event: 6.332 loading class 0x000000000a651ff0 done
Event: 6.332 loading class 0x000000000a651fc0
Event: 6.332 loading class 0x000000000a651fc0 done
Event: 6.352 loading class 0x000000000a783bc0
Event: 6.352 loading class 0x000000000a783bc0 done
Event: 6.422 Thread 0x000000000a642800 flushing nmethod 0x00000000023f9890
Event: 6.518 loading class 0x000000000a7b45b0
Event: 6.518 loading class 0x000000000a7b45b0 done


Dynamic libraries:
0x00007ff678710000 - 0x00007ff678743000 	C:\Program Files\Java\jdk1.7.0_80\bin\java.exe
0x00007ffee94e0000 - 0x00007ffee96a1000 	C:\WINDOWS\SYSTEM32\ntdll.dll
0x00007ffee8600000 - 0x00007ffee86ad000 	C:\WINDOWS\system32\KERNEL32.DLL
0x00007ffee5d60000 - 0x00007ffee5f48000 	C:\WINDOWS\system32\KERNELBASE.dll
0x00007ffee8b60000 - 0x00007ffee8c07000 	C:\WINDOWS\system32\ADVAPI32.dll
0x00007ffee6d20000 - 0x00007ffee6dbd000 	C:\WINDOWS\system32\msvcrt.dll
0x00007ffee8920000 - 0x00007ffee897b000 	C:\WINDOWS\system32\sechost.dll
0x00007ffee8de0000 - 0x00007ffee8efc000 	C:\WINDOWS\system32\RPCRT4.dll
0x00007ffee68e0000 - 0x00007ffee6a36000 	C:\WINDOWS\system32\USER32.dll
0x00007ffee9350000 - 0x00007ffee94d6000 	C:\WINDOWS\system32\GDI32.dll
0x00007ffed5b30000 - 0x00007ffed5da4000 	C:\WINDOWS\WinSxS\amd64_microsoft.windows.common-controls_6595b64144ccf1df_6.0.10586.0_none_8c15ae12515e1c22\COMCTL32.dll
0x00007ffee6aa0000 - 0x00007ffee6d1d000 	C:\WINDOWS\system32\combase.dll
0x00007ffee6870000 - 0x00007ffee68da000 	C:\WINDOWS\system32\bcryptPrimitives.dll
0x00007ffee7060000 - 0x00007ffee709b000 	C:\WINDOWS\system32\IMM32.DLL
0x00000000693f0000 - 0x00000000694c2000 	C:\Program Files\Java\jdk1.7.0_80\jre\bin\msvcr100.dll
0x0000000069ea0000 - 0x000000006a679000 	C:\Program Files\Java\jdk1.7.0_80\jre\bin\server\jvm.dll
0x00007ffee89f0000 - 0x00007ffee89f8000 	C:\WINDOWS\system32\PSAPI.DLL
0x00007ffeda430000 - 0x00007ffeda439000 	C:\WINDOWS\SYSTEM32\WSOCK32.dll
0x00007ffee3f30000 - 0x00007ffee3f53000 	C:\WINDOWS\SYSTEM32\WINMM.dll
0x00007ffee8c10000 - 0x00007ffee8c7b000 	C:\WINDOWS\system32\WS2_32.dll
0x00007ffee3ed0000 - 0x00007ffee3efc000 	C:\WINDOWS\SYSTEM32\WINMMBASE.dll
0x00007ffee5f50000 - 0x00007ffee5f93000 	C:\WINDOWS\system32\cfgmgr32.dll
0x0000000069e90000 - 0x0000000069e9f000 	C:\Program Files\Java\jdk1.7.0_80\jre\bin\verify.dll
0x0000000069e60000 - 0x0000000069e88000 	C:\Program Files\Java\jdk1.7.0_80\jre\bin\java.dll
0x0000000069e40000 - 0x0000000069e56000 	C:\Program Files\Java\jdk1.7.0_80\jre\bin\zip.dll
0x0000000069e20000 - 0x0000000069e3a000 	C:\Program Files\Java\jdk1.7.0_80\jre\bin\net.dll
0x00007ffee5430000 - 0x00007ffee548c000 	C:\WINDOWS\system32\mswsock.dll
0x0000000069d60000 - 0x0000000069d71000 	C:\Program Files\Java\jdk1.7.0_80\jre\bin\nio.dll

VM Arguments:
jvm_args: -Djava.awt.headless=true -Xmx1024M -Dfile.encoding=windows-1252 -Duser.country=US -Duser.language=en -Duser.variant 
java_command: com.android.dx.command.Main --dex --force-jumbo --num-threads=4 --output C:\Users\MyPC\AndroidStudioProjects\RaSEReport\app\build\intermediates\pre-dexed\debug\com.google.android.gms-play-services-cast-7.5.0_ff0fc4ca137000392f43106872a2a7637522c140.jar C:\Users\MyPC\AndroidStudioProjects\RaSEReport\app\build\intermediates\exploded-aar\com.google.android.gms\play-services-cast\7.5.0\jars\classes.jar
Launcher Type: SUN_STANDARD

Environment Variables:
JAVA_HOME=C:\Program Files\Java\jdk1.7.0_80\
PATH=C:\Python27\;C:\Python27\Scripts;F:\app\MyPC\product\11.2.0\dbhome_1\bin;C:\ProgramData\Oracle\Java\javapath;C:\WINDOWS\system32;C:\WINDOWS;C:\WINDOWS\System32\Wbem;C:\WINDOWS\System32\WindowsPowerShell\v1.0\;C:\Program Files (x86)\ATI Technologies\ATI.ACE\Core-Static;C:\Program Files\Microsoft SQL Server\110\Tools\Binn\;C:\Program Files (x86)\AMD\ATI.ACE\Core-Static;C:\Program Files (x86)\Intel\OpenCL SDK\2.0\bin\x86;C:\Program Files (x86)\Intel\OpenCL SDK\2.0\bin\x64;C:\Program Files (x86)\GNU\GnuPG\pub;C:\Program Files (x86)\SMART Technologies\SMART Response\;C:\Program Files (x86)\Windows Kits\8.1\Windows Performance Toolkit\;C:\Program Files (x86)\Microsoft SDKs\TypeScript\1.0\;C:\Program Files\Microsoft SQL Server\120\Tools\Binn\;C:\Program Files\Microsoft\Web Platform Installer\;C:\Program Files (x86)\Microsoft ASP.NET\ASP.NET Web Pages\v1.0\;C:\Program Files (x86)\Microsoft SQL Server\100\Tools\Binn\;C:\Program Files\Microsoft SQL Server\100\Tools\Binn\;C:\Program Files\Microsoft SQL Server\100\DTS\Binn\;C:\Program Files (x86)\Microsoft SQL Server\100\Tools\Binn\VSShell\Common7\IDE\;C:\Program Files (x86)\Microsoft Visual Studio 9.0\Common7\IDE\PrivateAssemblies\;C:\Program Files (x86)\Microsoft SQL Server\100\DTS\Binn\;C:\Program Files (x86)\OptiTex 10\App;C:\Program Files (x86)\Skype\Phone\;C:\Program Files (x86)\Heroku\bin;C:\Program Files (x86)\git\cmd;C:\Program Files (x86)\Git\cmd;C:\grails-2.5.2\bin;JAVA_HOME\bin;C:\Ruby22-x64\bin
USERNAME=MyPC
OS=Windows_NT
PROCESSOR_IDENTIFIER=Intel64 Family 6 Model 42 Stepping 7, GenuineIntel



---------------  S Y S T E M  ---------------

OS: Windows 8.1 , 64 bit Build 9600 

CPU:total 8 (4 cores per cpu, 2 threads per core) family 6 model 42 stepping 7, cmov, cx8, fxsr, mmx, sse, sse2, sse3, ssse3, sse4.1, sse4.2, popcnt, avx, aes, ht, tsc, tscinvbit

Memory: 4k page, physical 16625516k(3795760k free), swap 25247408k(8116k free)

vm_info: Java HotSpot(TM) 64-Bit Server VM (24.80-b11) for windows-amd64 JRE (1.7.0_80-b15), built on Apr 10 2015 11:26:34 by "java_re" with unknown MS VC++:1600

time: Wed May 25 11:05:21 2016
elapsed time: 6 seconds

