#
# There is insufficient memory for the Java Runtime Environment to continue.
# Native memory allocation (malloc) failed to allocate 2219936 bytes for Chunk::new
# Possible reasons:
#   The system is out of physical RAM or swap space
#   In 32 bit mode, the process size limit was hit
# Possible solutions:
#   Reduce memory load on the system
#   Increase physical memory or swap space
#   Check if swap backing store is full
#   Use 64 bit Java on a 64 bit OS
#   Decrease Java heap size (-Xmx/-Xms)
#   Decrease number of Java threads
#   Decrease Java thread stack sizes (-Xss)
#   Set larger code cache with -XX:ReservedCodeCacheSize=
# This output file may be truncated or incomplete.
#
#  Out of Memory Error (allocation.cpp:323), pid=22836, tid=3592
#
# JRE version: Java(TM) SE Runtime Environment (7.0_80-b15) (build 1.7.0_80-b15)
# Java VM: Java HotSpot(TM) 64-Bit Server VM (24.80-b11 mixed mode windows-amd64 compressed oops)
# Failed to write core dump. Minidumps are not enabled by default on client versions of Windows
#

---------------  T H R E A D  ---------------

Current thread (0x000000000223d800):  JavaThread "C2 CompilerThread0" daemon [_thread_in_native, id=3592, stack(0x000000000ab30000,0x000000000ac30000)]

Stack: [0x000000000ab30000,0x000000000ac30000]

Current CompileTask:
C2:   2670  210             com.android.dx.ssa.SCCP::run (298 bytes)


---------------  P R O C E S S  ---------------

Java Threads: ( => current thread )
  0x000000000a6fa000 JavaThread "pool-2-thread-4" [_thread_in_Java, id=21508, stack(0x000000000b330000,0x000000000b430000)]
  0x000000000a584000 JavaThread "pool-3-thread-1" [_thread_blocked, id=7996, stack(0x000000000b030000,0x000000000b130000)]
  0x000000000224b000 JavaThread "Service Thread" daemon [_thread_blocked, id=18160, stack(0x000000000ad30000,0x000000000ae30000)]
  0x000000000223f800 JavaThread "C2 CompilerThread1" daemon [_thread_in_native, id=16728, stack(0x000000000ac30000,0x000000000ad30000)]
=>0x000000000223d800 JavaThread "C2 CompilerThread0" daemon [_thread_in_native, id=3592, stack(0x000000000ab30000,0x000000000ac30000)]
  0x000000000a551000 JavaThread "Attach Listener" daemon [_thread_blocked, id=11816, stack(0x000000000aa30000,0x000000000ab30000)]
  0x000000000a550800 JavaThread "Signal Dispatcher" daemon [_thread_blocked, id=20864, stack(0x000000000a930000,0x000000000aa30000)]
  0x000000000856a800 JavaThread "Finalizer" daemon [_thread_blocked, id=10684, stack(0x000000000a430000,0x000000000a530000)]
  0x0000000008569800 JavaThread "Reference Handler" daemon [_thread_blocked, id=20444, stack(0x000000000a330000,0x000000000a430000)]
  0x000000000214d800 JavaThread "main" [_thread_blocked, id=9864, stack(0x0000000002030000,0x0000000002130000)]

Other Threads:
  0x0000000008566000 VMThread [stack: 0x000000000a230000,0x000000000a330000] [id=19984]
  0x000000000224e800 WatcherThread [stack: 0x000000000ae30000,0x000000000af30000] [id=11372]

VM state:not at safepoint (normal execution)

VM Mutex/Monitor currently owned by a thread: None

Heap
 PSYoungGen      total 76288K, used 48515K [0x00000000eaa80000, 0x00000000eff80000, 0x0000000100000000)
  eden space 65536K, 74% used [0x00000000eaa80000,0x00000000ed9e0d68,0x00000000eea80000)
  from space 10752K, 0% used [0x00000000ef500000,0x00000000ef500000,0x00000000eff80000)
  to   space 10752K, 0% used [0x00000000eea80000,0x00000000eea80000,0x00000000ef500000)
 ParOldGen       total 173056K, used 0K [0x00000000c0000000, 0x00000000ca900000, 0x00000000eaa80000)
  object space 173056K, 0% used [0x00000000c0000000,0x00000000c0000000,0x00000000ca900000)
 PSPermGen       total 21504K, used 5406K [0x00000000bae00000, 0x00000000bc300000, 0x00000000c0000000)
  object space 21504K, 25% used [0x00000000bae00000,0x00000000bb347af8,0x00000000bc300000)

Card table byte_map: [0x0000000005310000,0x0000000005540000] byte_map_base: 0x0000000004d39000

Polling page: 0x0000000000a30000

Code Cache  [0x0000000002250000, 0x00000000024c0000, 0x0000000005250000)
 total_blobs=440 nmethods=227 adapters=165 free_code_cache=48289Kb largest_free_block=49418624

Compilation events (10 events):
Event: 2.495 Thread 0x000000000223f800 nmethod 223 0x0000000002309dd0 code [0x0000000002309f20, 0x000000000230a1b8]
Event: 2.495 Thread 0x000000000223f800  224             java.lang.AbstractStringBuilder::ensureCapacityInternal (16 bytes)
Event: 2.500 Thread 0x000000000223f800 nmethod 224 0x0000000002310b10 code [0x0000000002310c60, 0x0000000002310ef8]
Event: 2.500 Thread 0x000000000223f800  225             com.android.dx.cf.code.LineNumberList::pcToLine (73 bytes)
Event: 2.503 Thread 0x000000000223f800 nmethod 225 0x00000000023099d0 code [0x0000000002309b20, 0x0000000002309c58]
Event: 2.503 Thread 0x000000000223f800  226             com.android.dx.util.IntList::contains (14 bytes)
Event: 2.508 Thread 0x000000000223f800 nmethod 226 0x0000000002309350 code [0x00000000023094a0, 0x0000000002309698]
Event: 2.508 Thread 0x000000000223f800  227   !         com.android.dx.rop.code.LocalVariableInfo::getStarts0 (18 bytes)
Event: 2.509 Thread 0x000000000223f800 nmethod 227 0x00000000023090d0 code [0x0000000002309200, 0x0000000002309298]
Event: 2.509 Thread 0x000000000223f800  228             com.android.dx.ssa.SCCP::simulateBlock (54 bytes)

GC Heap History (0 events):
No events

Deoptimization events (1 events):
Event: 1.226 Thread 0x000000000a6fa000 Uncommon trap: reason=unstable_if action=reinterpret pc=0x00000000022c3c40 method=com.android.dx.rop.code.RegisterSpecSet.mutableCopy()Lcom/android/dx/rop/code/RegisterSpecSet; @ 32

Internal exceptions (10 events):
Event: 1.088 Thread 0x000000000a6fa000 Threw 0x00000000eb519cf0 at C:\re\jdk7u80\2329\hotspot\src\share\vm\prims\jvm.cpp:1319
Event: 1.089 Thread 0x000000000a6fa000 Threw 0x00000000eb51fce8 at C:\re\jdk7u80\2329\hotspot\src\share\vm\prims\jvm.cpp:1319
Event: 1.090 Thread 0x000000000a65c000 Threw 0x00000000eb414928 at C:\re\jdk7u80\2329\hotspot\src\share\vm\prims\jvm.cpp:1319
Event: 1.091 Thread 0x000000000a65c000 Threw 0x00000000eb41a100 at C:\re\jdk7u80\2329\hotspot\src\share\vm\prims\jvm.cpp:1319
Event: 1.093 Thread 0x000000000a65c000 Threw 0x00000000eb422b60 at C:\re\jdk7u80\2329\hotspot\src\share\vm\prims\jvm.cpp:1319
Event: 1.094 Thread 0x000000000a69b000 Threw 0x00000000eb1633f0 at C:\re\jdk7u80\2329\hotspot\src\share\vm\prims\jvm.cpp:1319
Event: 1.095 Thread 0x000000000a69b000 Threw 0x00000000eb1664b8 at C:\re\jdk7u80\2329\hotspot\src\share\vm\prims\jvm.cpp:1319
Event: 1.096 Thread 0x000000000a65c000 Threw 0x00000000eb4288e0 at C:\re\jdk7u80\2329\hotspot\src\share\vm\prims\jvm.cpp:1319
Event: 1.167 Thread 0x000000000214d800 Threw 0x00000000eb0cc410 at C:\re\jdk7u80\2329\hotspot\src\share\vm\prims\jvm.cpp:1319
Event: 1.441 Thread 0x000000000a65c000 Threw 0x00000000eb952760 at C:\re\jdk7u80\2329\hotspot\src\share\vm\prims\jvm.cpp:1319

Events (10 events):
Event: 1.292 loading class 0x00000000021cfc60 done
Event: 1.441 loading class 0x000000000a621040
Event: 1.441 loading class 0x000000000a621040 done
Event: 2.381 loading class 0x00000000021d0ab0
Event: 2.381 loading class 0x00000000021d0ab0 done
Event: 2.382 loading class 0x00000000021d0a80
Event: 2.382 loading class 0x00000000021d0a80 done
Event: 2.494 Thread 0x000000000a69b000 Thread exited: 0x000000000a69b000
Event: 2.503 Thread 0x000000000a58e800 Thread exited: 0x000000000a58e800
Event: 2.558 Thread 0x000000000a65c000 Thread exited: 0x000000000a65c000


Dynamic libraries:
0x00007ff678710000 - 0x00007ff678743000 	C:\Program Files\Java\jdk1.7.0_80\bin\java.exe
0x00007ffee94e0000 - 0x00007ffee96a1000 	C:\WINDOWS\SYSTEM32\ntdll.dll
0x00007ffee8600000 - 0x00007ffee86ad000 	C:\WINDOWS\system32\KERNEL32.DLL
0x00007ffee5d60000 - 0x00007ffee5f48000 	C:\WINDOWS\system32\KERNELBASE.dll
0x00007ffee8b60000 - 0x00007ffee8c07000 	C:\WINDOWS\system32\ADVAPI32.dll
0x00007ffee6d20000 - 0x00007ffee6dbd000 	C:\WINDOWS\system32\msvcrt.dll
0x00007ffee8920000 - 0x00007ffee897b000 	C:\WINDOWS\system32\sechost.dll
0x00007ffee8de0000 - 0x00007ffee8efc000 	C:\WINDOWS\system32\RPCRT4.dll
0x00007ffee68e0000 - 0x00007ffee6a36000 	C:\WINDOWS\system32\USER32.dll
0x00007ffee9350000 - 0x00007ffee94d6000 	C:\WINDOWS\system32\GDI32.dll
0x00007ffed5b30000 - 0x00007ffed5da4000 	C:\WINDOWS\WinSxS\amd64_microsoft.windows.common-controls_6595b64144ccf1df_6.0.10586.0_none_8c15ae12515e1c22\COMCTL32.dll
0x00007ffee6aa0000 - 0x00007ffee6d1d000 	C:\WINDOWS\system32\combase.dll
0x00007ffee6870000 - 0x00007ffee68da000 	C:\WINDOWS\system32\bcryptPrimitives.dll
0x00007ffee7060000 - 0x00007ffee709b000 	C:\WINDOWS\system32\IMM32.DLL
0x00000000693f0000 - 0x00000000694c2000 	C:\Program Files\Java\jdk1.7.0_80\jre\bin\msvcr100.dll
0x0000000069ea0000 - 0x000000006a679000 	C:\Program Files\Java\jdk1.7.0_80\jre\bin\server\jvm.dll
0x00007ffee89f0000 - 0x00007ffee89f8000 	C:\WINDOWS\system32\PSAPI.DLL
0x00007ffeda430000 - 0x00007ffeda439000 	C:\WINDOWS\SYSTEM32\WSOCK32.dll
0x00007ffee8c10000 - 0x00007ffee8c7b000 	C:\WINDOWS\system32\WS2_32.dll
0x00007ffee3f30000 - 0x00007ffee3f53000 	C:\WINDOWS\SYSTEM32\WINMM.dll
0x00007ffee3ed0000 - 0x00007ffee3efc000 	C:\WINDOWS\SYSTEM32\WINMMBASE.dll
0x00007ffee5f50000 - 0x00007ffee5f93000 	C:\WINDOWS\system32\cfgmgr32.dll
0x0000000069e90000 - 0x0000000069e9f000 	C:\Program Files\Java\jdk1.7.0_80\jre\bin\verify.dll
0x0000000069e60000 - 0x0000000069e88000 	C:\Program Files\Java\jdk1.7.0_80\jre\bin\java.dll
0x0000000069e40000 - 0x0000000069e56000 	C:\Program Files\Java\jdk1.7.0_80\jre\bin\zip.dll

VM Arguments:
jvm_args: -Djava.awt.headless=true -Xmx1024M -Dfile.encoding=windows-1252 -Duser.country=US -Duser.language=en -Duser.variant 
java_command: com.android.dx.command.Main --dex --force-jumbo --num-threads=4 --multi-dex --output C:\Users\MyPC\AndroidStudioProjects\RaSEReport\app\build\intermediates\transforms\dex\debug\folders\1000\5\slice_3 C:\Users\MyPC\AndroidStudioProjects\RaSEReport\app\build\intermediates\transforms\instantRunSlicer\debug\folders\1\5\slice_3
Launcher Type: SUN_STANDARD

Environment Variables:
JAVA_HOME=C:\Program Files\Java\jdk1.7.0_80\
PATH=C:\Python27\;C:\Python27\Scripts;F:\app\MyPC\product\11.2.0\dbhome_1\bin;C:\ProgramData\Oracle\Java\javapath;C:\WINDOWS\system32;C:\WINDOWS;C:\WINDOWS\System32\Wbem;C:\WINDOWS\System32\WindowsPowerShell\v1.0\;C:\Program Files (x86)\ATI Technologies\ATI.ACE\Core-Static;C:\Program Files\Microsoft SQL Server\110\Tools\Binn\;C:\Program Files (x86)\AMD\ATI.ACE\Core-Static;C:\Program Files (x86)\Intel\OpenCL SDK\2.0\bin\x86;C:\Program Files (x86)\Intel\OpenCL SDK\2.0\bin\x64;C:\Program Files (x86)\GNU\GnuPG\pub;C:\Program Files (x86)\SMART Technologies\SMART Response\;C:\Program Files (x86)\Windows Kits\8.1\Windows Performance Toolkit\;C:\Program Files (x86)\Microsoft SDKs\TypeScript\1.0\;C:\Program Files\Microsoft SQL Server\120\Tools\Binn\;C:\Program Files\Microsoft\Web Platform Installer\;C:\Program Files (x86)\Microsoft ASP.NET\ASP.NET Web Pages\v1.0\;C:\Program Files (x86)\Microsoft SQL Server\100\Tools\Binn\;C:\Program Files\Microsoft SQL Server\100\Tools\Binn\;C:\Program Files\Microsoft SQL Server\100\DTS\Binn\;C:\Program Files (x86)\Microsoft SQL Server\100\Tools\Binn\VSShell\Common7\IDE\;C:\Program Files (x86)\Microsoft Visual Studio 9.0\Common7\IDE\PrivateAssemblies\;C:\Program Files (x86)\Microsoft SQL Server\100\DTS\Binn\;C:\Program Files (x86)\OptiTex 10\App;C:\Program Files (x86)\Skype\Phone\;C:\Program Files (x86)\Heroku\bin;C:\Program Files (x86)\git\cmd;C:\Program Files (x86)\Git\cmd;C:\grails-2.5.2\bin;JAVA_HOME\bin;C:\Ruby22-x64\bin
USERNAME=MyPC
OS=Windows_NT
PROCESSOR_IDENTIFIER=Intel64 Family 6 Model 42 Stepping 7, GenuineIntel



---------------  S Y S T E M  ---------------

OS: Windows 8.1 , 64 bit Build 9600 

CPU:total 8 (4 cores per cpu, 2 threads per core) family 6 model 42 stepping 7, cmov, cx8, fxsr, mmx, sse, sse2, sse3, ssse3, sse4.1, sse4.2, popcnt, avx, aes, ht, tsc, tscinvbit

Memory: 4k page, physical 16625516k(3999576k free), swap 25247408k(5128k free)

vm_info: Java HotSpot(TM) 64-Bit Server VM (24.80-b11) for windows-amd64 JRE (1.7.0_80-b15), built on Apr 10 2015 11:26:34 by "java_re" with unknown MS VC++:1600

time: Wed May 25 11:03:45 2016
elapsed time: 2 seconds

