#
# There is insufficient memory for the Java Runtime Environment to continue.
# Native memory allocation (malloc) failed to allocate 364432 bytes for Chunk::new
# Possible reasons:
#   The system is out of physical RAM or swap space
#   In 32 bit mode, the process size limit was hit
# Possible solutions:
#   Reduce memory load on the system
#   Increase physical memory or swap space
#   Check if swap backing store is full
#   Use 64 bit Java on a 64 bit OS
#   Decrease Java heap size (-Xmx/-Xms)
#   Decrease number of Java threads
#   Decrease Java thread stack sizes (-Xss)
#   Set larger code cache with -XX:ReservedCodeCacheSize=
# This output file may be truncated or incomplete.
#
#  Out of Memory Error (allocation.cpp:323), pid=10540, tid=17416
#
# JRE version: Java(TM) SE Runtime Environment (7.0_80-b15) (build 1.7.0_80-b15)
# Java VM: Java HotSpot(TM) 64-Bit Server VM (24.80-b11 mixed mode windows-amd64 compressed oops)
# Failed to write core dump. Minidumps are not enabled by default on client versions of Windows
#

---------------  T H R E A D  ---------------

Current thread (0x0000000002356800):  JavaThread "C2 CompilerThread1" daemon [_thread_in_native, id=17416, stack(0x000000000ad60000,0x000000000ae60000)]

Stack: [0x000000000ad60000,0x000000000ae60000]

Current CompileTask:
C2:   4212  297             com.android.dx.ssa.SCCP::addUsersToWorklist (103 bytes)


---------------  P R O C E S S  ---------------

Java Threads: ( => current thread )
  0x000000000a7e3800 JavaThread "pool-2-thread-3" [_thread_in_Java, id=24092, stack(0x000000000b360000,0x000000000b460000)]
  0x000000000a6bf000 JavaThread "pool-3-thread-1" [_thread_blocked, id=10944, stack(0x000000000b160000,0x000000000b260000)]
  0x000000000235e000 JavaThread "Service Thread" daemon [_thread_blocked, id=2400, stack(0x000000000ae60000,0x000000000af60000)]
=>0x0000000002356800 JavaThread "C2 CompilerThread1" daemon [_thread_in_native, id=17416, stack(0x000000000ad60000,0x000000000ae60000)]
  0x000000000234f000 JavaThread "C2 CompilerThread0" daemon [_thread_in_native, id=22148, stack(0x000000000ac60000,0x000000000ad60000)]
  0x000000000234e000 JavaThread "Attach Listener" daemon [_thread_blocked, id=22420, stack(0x000000000ab60000,0x000000000ac60000)]
  0x000000000a681000 JavaThread "Signal Dispatcher" daemon [_thread_blocked, id=20164, stack(0x000000000aa60000,0x000000000ab60000)]
  0x0000000008690800 JavaThread "Finalizer" daemon [_thread_blocked, id=21920, stack(0x000000000a560000,0x000000000a660000)]
  0x000000000868a000 JavaThread "Reference Handler" daemon [_thread_blocked, id=20472, stack(0x000000000a460000,0x000000000a560000)]
  0x000000000215d800 JavaThread "main" [_thread_blocked, id=21860, stack(0x0000000002160000,0x0000000002260000)]

Other Threads:
  0x0000000008685800 VMThread [stack: 0x000000000a360000,0x000000000a460000] [id=4804]
  0x000000000a69d000 WatcherThread [stack: 0x000000000af60000,0x000000000b060000] [id=20220]

VM state:not at safepoint (normal execution)

VM Mutex/Monitor currently owned by a thread: None

Heap
 PSYoungGen      total 76288K, used 20393K [0x00000000eaa80000, 0x00000000f3f80000, 0x0000000100000000)
  eden space 65536K, 14% used [0x00000000eaa80000,0x00000000eb3ee760,0x00000000eea80000)
  from space 10752K, 99% used [0x00000000eea80000,0x00000000ef4fbf78,0x00000000ef500000)
  to   space 10752K, 0% used [0x00000000f3500000,0x00000000f3500000,0x00000000f3f80000)
 ParOldGen       total 173056K, used 2901K [0x00000000c0000000, 0x00000000ca900000, 0x00000000eaa80000)
  object space 173056K, 1% used [0x00000000c0000000,0x00000000c02d5548,0x00000000ca900000)
 PSPermGen       total 21504K, used 5501K [0x00000000bae00000, 0x00000000bc300000, 0x00000000c0000000)
  object space 21504K, 25% used [0x00000000bae00000,0x00000000bb35f768,0x00000000bc300000)

Card table byte_map: [0x0000000005420000,0x0000000005650000] byte_map_base: 0x0000000004e49000

Polling page: 0x0000000000990000

Code Cache  [0x0000000002360000, 0x00000000025d0000, 0x0000000005360000)
 total_blobs=508 nmethods=294 adapters=166 free_code_cache=47901Kb largest_free_block=49022400

Compilation events (10 events):
Event: 4.160 Thread 0x0000000002356800 nmethod 292 0x0000000002481010 code [0x00000000024811a0, 0x0000000002481a18]
Event: 4.160 Thread 0x0000000002356800  293             com.android.dx.rop.code.BasicBlockList::set (12 bytes)
Event: 4.165 Thread 0x0000000002356800 nmethod 293 0x0000000002480950 code [0x0000000002480ac0, 0x0000000002480cb8]
Event: 4.165 Thread 0x0000000002356800  294             com.android.dx.rop.code.InsnList::<init> (6 bytes)
Event: 4.167 Thread 0x0000000002356800 nmethod 294 0x0000000002483d50 code [0x0000000002483ea0, 0x0000000002483fd8]
Event: 4.167 Thread 0x0000000002356800  295             com.android.dx.cf.code.ByteBlock::getLabel (5 bytes)
Event: 4.167 Thread 0x0000000002356800 nmethod 295 0x0000000002488b90 code [0x0000000002488cc0, 0x0000000002488d18]
Event: 4.167 Thread 0x0000000002356800  296   !         com.android.dx.cf.code.BaseMachine::arg (36 bytes)
Event: 4.168 Thread 0x0000000002356800 nmethod 296 0x00000000024822d0 code [0x0000000002482400, 0x0000000002482498]
Event: 4.169 Thread 0x0000000002356800  297             com.android.dx.ssa.SCCP::addUsersToWorklist (103 bytes)

GC Heap History (2 events):
Event: 3.453 GC heap before
{Heap before GC invocations=1 (full 0):
 PSYoungGen      total 76288K, used 65536K [0x00000000eaa80000, 0x00000000eff80000, 0x0000000100000000)
  eden space 65536K, 100% used [0x00000000eaa80000,0x00000000eea80000,0x00000000eea80000)
  from space 10752K, 0% used [0x00000000ef500000,0x00000000ef500000,0x00000000eff80000)
  to   space 10752K, 0% used [0x00000000eea80000,0x00000000eea80000,0x00000000ef500000)
 ParOldGen       total 173056K, used 0K [0x00000000c0000000, 0x00000000ca900000, 0x00000000eaa80000)
  object space 173056K, 0% used [0x00000000c0000000,0x00000000c0000000,0x00000000ca900000)
 PSPermGen       total 21504K, used 5490K [0x00000000bae00000, 0x00000000bc300000, 0x00000000c0000000)
  object space 21504K, 25% used [0x00000000bae00000,0x00000000bb35c868,0x00000000bc300000)
Event: 3.547 GC heap after
Heap after GC invocations=1 (full 0):
 PSYoungGen      total 76288K, used 10735K [0x00000000eaa80000, 0x00000000f3f80000, 0x0000000100000000)
  eden space 65536K, 0% used [0x00000000eaa80000,0x00000000eaa80000,0x00000000eea80000)
  from space 10752K, 99% used [0x00000000eea80000,0x00000000ef4fbf78,0x00000000ef500000)
  to   space 10752K, 0% used [0x00000000f3500000,0x00000000f3500000,0x00000000f3f80000)
 ParOldGen       total 173056K, used 2901K [0x00000000c0000000, 0x00000000ca900000, 0x00000000eaa80000)
  object space 173056K, 1% used [0x00000000c0000000,0x00000000c02d5548,0x00000000ca900000)
 PSPermGen       total 21504K, used 5490K [0x00000000bae00000, 0x00000000bc300000, 0x00000000c0000000)
  object space 21504K, 25% used [0x00000000bae00000,0x00000000bb35c868,0x00000000bc300000)
}

Deoptimization events (10 events):
Event: 1.641 Thread 0x000000000a7e3800 Uncommon trap: reason=unstable_if action=reinterpret pc=0x0000000002400884 method=com.android.dx.ssa.SsaConverter.placePhiFunctions(Lcom/android/dx/ssa/SsaMethod;Lcom/android/dx/ssa/LocalVariableInfo;I)V @ 371
Event: 1.653 Thread 0x000000000a7e3800 Uncommon trap: reason=unstable_if action=reinterpret pc=0x00000000023ec4d0 method=com.android.dx.util.IntList.binarysearch(I)I @ 26
Event: 1.689 Thread 0x000000000a7e3800 Uncommon trap: reason=unstable_if action=reinterpret pc=0x00000000023ddc04 method=com.android.dx.rop.cst.Constant.compareTo(Lcom/android/dx/rop/cst/Constant;)I @ 12
Event: 1.917 Thread 0x000000000a7e1000 Uncommon trap: reason=unstable_if action=reinterpret pc=0x0000000002431c2c method=com.android.dx.rop.code.LocalVariableExtractor.processBlock(I)V @ 138
Event: 1.941 Thread 0x000000000a7e1000 Uncommon trap: reason=unstable_if action=reinterpret pc=0x000000000243706c method=com.android.dx.cf.code.Ropper.processBlock(Lcom/android/dx/cf/code/ByteBlock;Lcom/android/dx/cf/code/Frame;[I)V @ 456
Event: 1.943 Thread 0x000000000a7e1000 Uncommon trap: reason=unstable_if action=reinterpret pc=0x0000000002415390 method=com.android.dx.util.IntList.binarysearch(I)I @ 26
Event: 1.944 Thread 0x000000000a7e1000 Uncommon trap: reason=unstable_if action=reinterpret pc=0x00000000023cd778 method=com.android.dx.cf.code.Ropper.labelToResultIndex(I)I @ 34
Event: 1.944 Thread 0x000000000a7e1000 Uncommon trap: reason=class_check action=maybe_recompile pc=0x00000000023e58e0 method=com.android.dx.rop.type.Type.equals(Ljava/lang/Object;)Z @ 8
Event: 1.987 Thread 0x000000000a7e1000 Uncommon trap: reason=class_check action=maybe_recompile pc=0x00000000023e58e0 method=com.android.dx.rop.type.Type.equals(Ljava/lang/Object;)Z @ 8
Event: 1.988 Thread 0x000000000a7e1000 Uncommon trap: reason=unstable_if action=reinterpret pc=0x000000000243d714 method=com.android.dx.ssa.back.IdenticalBlockCombiner.process()Lcom/android/dx/rop/code/RopMethod; @ 207

Internal exceptions (10 events):
Event: 1.374 Thread 0x000000000215d800 Threw 0x00000000ecbaf920 at C:\re\jdk7u80\2329\hotspot\src\share\vm\prims\jvm.cpp:1319
Event: 1.375 Thread 0x000000000215d800 Threw 0x00000000ecbb4548 at C:\re\jdk7u80\2329\hotspot\src\share\vm\prims\jvm.cpp:1319
Event: 1.378 Thread 0x000000000215d800 Threw 0x00000000ecbbe4a0 at C:\re\jdk7u80\2329\hotspot\src\share\vm\prims\jvm.cpp:1319
Event: 1.379 Thread 0x000000000215d800 Threw 0x00000000ecbc08b8 at C:\re\jdk7u80\2329\hotspot\src\share\vm\prims\jvm.cpp:1319
Event: 1.385 Thread 0x000000000215d800 Threw 0x00000000ecfa7f28 at C:\re\jdk7u80\2329\hotspot\src\share\vm\prims\jvm.cpp:1319
Event: 1.394 Thread 0x000000000215d800 Threw 0x00000000ecfc2eb0 at C:\re\jdk7u80\2329\hotspot\src\share\vm\prims\jvm.cpp:1319
Event: 1.584 Thread 0x000000000a7e3800 Threw 0x00000000ed4e5e18 at C:\re\jdk7u80\2329\hotspot\src\share\vm\prims\jvm.cpp:1319
Event: 1.942 Thread 0x000000000a7e1000 Threw 0x00000000ed86a2c8 at C:\re\jdk7u80\2329\hotspot\src\share\vm\prims\jvm.cpp:1319
Event: 3.629 Thread 0x000000000a7e3800 Threw 0x00000000eb0aed88 at C:\re\jdk7u80\2329\hotspot\src\share\vm\prims\jvm.cpp:1319
Event: 3.664 Thread 0x000000000a7e3800 Threw 0x00000000eb10bcc8 at C:\re\jdk7u80\2329\hotspot\src\share\vm\prims\jvm.cpp:1319

Events (10 events):
Event: 3.077 Thread 0x000000000a6bc000 Thread exited: 0x000000000a6bc000
Event: 3.452 Executing VM operation: ParallelGCFailedAllocation
Event: 3.547 Executing VM operation: ParallelGCFailedAllocation done
Event: 3.629 loading class 0x000000000a8ad760
Event: 3.629 loading class 0x000000000a8ad760 done
Event: 3.664 loading class 0x000000000a9047f0
Event: 3.664 loading class 0x000000000a9047f0 done
Event: 4.119 Executing VM operation: EnableBiasedLocking
Event: 4.120 Executing VM operation: EnableBiasedLocking done
Event: 4.137 Thread 0x0000000002356800 flushing nmethod 0x00000000023d2e10


Dynamic libraries:
0x00007ff678710000 - 0x00007ff678743000 	C:\Program Files\Java\jdk1.7.0_80\bin\java.exe
0x00007ffee94e0000 - 0x00007ffee96a1000 	C:\WINDOWS\SYSTEM32\ntdll.dll
0x00007ffee8600000 - 0x00007ffee86ad000 	C:\WINDOWS\system32\KERNEL32.DLL
0x00007ffee5d60000 - 0x00007ffee5f48000 	C:\WINDOWS\system32\KERNELBASE.dll
0x00007ffee8b60000 - 0x00007ffee8c07000 	C:\WINDOWS\system32\ADVAPI32.dll
0x00007ffee6d20000 - 0x00007ffee6dbd000 	C:\WINDOWS\system32\msvcrt.dll
0x00007ffee8920000 - 0x00007ffee897b000 	C:\WINDOWS\system32\sechost.dll
0x00007ffee8de0000 - 0x00007ffee8efc000 	C:\WINDOWS\system32\RPCRT4.dll
0x00007ffee68e0000 - 0x00007ffee6a36000 	C:\WINDOWS\system32\USER32.dll
0x00007ffee9350000 - 0x00007ffee94d6000 	C:\WINDOWS\system32\GDI32.dll
0x00007ffed5b30000 - 0x00007ffed5da4000 	C:\WINDOWS\WinSxS\amd64_microsoft.windows.common-controls_6595b64144ccf1df_6.0.10586.0_none_8c15ae12515e1c22\COMCTL32.dll
0x00007ffee6aa0000 - 0x00007ffee6d1d000 	C:\WINDOWS\system32\combase.dll
0x00007ffee6870000 - 0x00007ffee68da000 	C:\WINDOWS\system32\bcryptPrimitives.dll
0x00007ffee7060000 - 0x00007ffee709b000 	C:\WINDOWS\system32\IMM32.DLL
0x00000000693f0000 - 0x00000000694c2000 	C:\Program Files\Java\jdk1.7.0_80\jre\bin\msvcr100.dll
0x0000000069ea0000 - 0x000000006a679000 	C:\Program Files\Java\jdk1.7.0_80\jre\bin\server\jvm.dll
0x00007ffee89f0000 - 0x00007ffee89f8000 	C:\WINDOWS\system32\PSAPI.DLL
0x00007ffeda430000 - 0x00007ffeda439000 	C:\WINDOWS\SYSTEM32\WSOCK32.dll
0x00007ffee3f30000 - 0x00007ffee3f53000 	C:\WINDOWS\SYSTEM32\WINMM.dll
0x00007ffee8c10000 - 0x00007ffee8c7b000 	C:\WINDOWS\system32\WS2_32.dll
0x0000000000950000 - 0x000000000097c000 	C:\WINDOWS\SYSTEM32\WINMMBASE.dll
0x00007ffee5f50000 - 0x00007ffee5f93000 	C:\WINDOWS\system32\cfgmgr32.dll
0x0000000069e90000 - 0x0000000069e9f000 	C:\Program Files\Java\jdk1.7.0_80\jre\bin\verify.dll
0x0000000069e60000 - 0x0000000069e88000 	C:\Program Files\Java\jdk1.7.0_80\jre\bin\java.dll
0x0000000069e40000 - 0x0000000069e56000 	C:\Program Files\Java\jdk1.7.0_80\jre\bin\zip.dll

VM Arguments:
jvm_args: -Djava.awt.headless=true -Xmx1024M -Dfile.encoding=windows-1252 -Duser.country=US -Duser.language=en -Duser.variant 
java_command: com.android.dx.command.Main --dex --force-jumbo --num-threads=4 --multi-dex --output C:\Users\MyPC\AndroidStudioProjects\RaSEReport\app\build\intermediates\transforms\dex\debug\folders\1000\5\slice_8 C:\Users\MyPC\AndroidStudioProjects\RaSEReport\app\build\intermediates\transforms\instantRunSlicer\debug\folders\1\5\slice_8
Launcher Type: SUN_STANDARD

Environment Variables:
JAVA_HOME=C:\Program Files\Java\jdk1.7.0_80\
PATH=C:\Python27\;C:\Python27\Scripts;F:\app\MyPC\product\11.2.0\dbhome_1\bin;C:\ProgramData\Oracle\Java\javapath;C:\WINDOWS\system32;C:\WINDOWS;C:\WINDOWS\System32\Wbem;C:\WINDOWS\System32\WindowsPowerShell\v1.0\;C:\Program Files (x86)\ATI Technologies\ATI.ACE\Core-Static;C:\Program Files\Microsoft SQL Server\110\Tools\Binn\;C:\Program Files (x86)\AMD\ATI.ACE\Core-Static;C:\Program Files (x86)\Intel\OpenCL SDK\2.0\bin\x86;C:\Program Files (x86)\Intel\OpenCL SDK\2.0\bin\x64;C:\Program Files (x86)\GNU\GnuPG\pub;C:\Program Files (x86)\SMART Technologies\SMART Response\;C:\Program Files (x86)\Windows Kits\8.1\Windows Performance Toolkit\;C:\Program Files (x86)\Microsoft SDKs\TypeScript\1.0\;C:\Program Files\Microsoft SQL Server\120\Tools\Binn\;C:\Program Files\Microsoft\Web Platform Installer\;C:\Program Files (x86)\Microsoft ASP.NET\ASP.NET Web Pages\v1.0\;C:\Program Files (x86)\Microsoft SQL Server\100\Tools\Binn\;C:\Program Files\Microsoft SQL Server\100\Tools\Binn\;C:\Program Files\Microsoft SQL Server\100\DTS\Binn\;C:\Program Files (x86)\Microsoft SQL Server\100\Tools\Binn\VSShell\Common7\IDE\;C:\Program Files (x86)\Microsoft Visual Studio 9.0\Common7\IDE\PrivateAssemblies\;C:\Program Files (x86)\Microsoft SQL Server\100\DTS\Binn\;C:\Program Files (x86)\OptiTex 10\App;C:\Program Files (x86)\Skype\Phone\;C:\Program Files (x86)\Heroku\bin;C:\Program Files (x86)\git\cmd;C:\Program Files (x86)\Git\cmd;C:\grails-2.5.2\bin;JAVA_HOME\bin;C:\Ruby22-x64\bin
USERNAME=MyPC
OS=Windows_NT
PROCESSOR_IDENTIFIER=Intel64 Family 6 Model 42 Stepping 7, GenuineIntel



---------------  S Y S T E M  ---------------

OS: Windows 8.1 , 64 bit Build 9600 

CPU:total 8 (4 cores per cpu, 2 threads per core) family 6 model 42 stepping 7, cmov, cx8, fxsr, mmx, sse, sse2, sse3, ssse3, sse4.1, sse4.2, popcnt, avx, aes, ht, tsc, tscinvbit

Memory: 4k page, physical 16625516k(3779464k free), swap 25230496k(5448k free)

vm_info: Java HotSpot(TM) 64-Bit Server VM (24.80-b11) for windows-amd64 JRE (1.7.0_80-b15), built on Apr 10 2015 11:26:34 by "java_re" with unknown MS VC++:1600

time: Wed May 25 10:56:47 2016
elapsed time: 4 seconds

