#
# There is insufficient memory for the Java Runtime Environment to continue.
# Native memory allocation (malloc) failed to allocate 678816 bytes for Chunk::new
# Possible reasons:
#   The system is out of physical RAM or swap space
#   In 32 bit mode, the process size limit was hit
# Possible solutions:
#   Reduce memory load on the system
#   Increase physical memory or swap space
#   Check if swap backing store is full
#   Use 64 bit Java on a 64 bit OS
#   Decrease Java heap size (-Xmx/-Xms)
#   Decrease number of Java threads
#   Decrease Java thread stack sizes (-Xss)
#   Set larger code cache with -XX:ReservedCodeCacheSize=
# This output file may be truncated or incomplete.
#
#  Out of Memory Error (allocation.cpp:323), pid=16260, tid=19480
#
# JRE version: Java(TM) SE Runtime Environment (7.0_80-b15) (build 1.7.0_80-b15)
# Java VM: Java HotSpot(TM) 64-Bit Server VM (24.80-b11 mixed mode windows-amd64 compressed oops)
# Failed to write core dump. Minidumps are not enabled by default on client versions of Windows
#

---------------  T H R E A D  ---------------

Current thread (0x00000000023f0000):  JavaThread "C2 CompilerThread0" daemon [_thread_in_native, id=19480, stack(0x000000000acc0000,0x000000000adc0000)]

Stack: [0x000000000acc0000,0x000000000adc0000]

Current CompileTask:
C2:   3837  247             com.android.dx.ssa.SCCP::simulateBlock (54 bytes)


---------------  P R O C E S S  ---------------

Java Threads: ( => current thread )
  0x000000000a87f800 JavaThread "pool-2-thread-4" [_thread_blocked, id=18824, stack(0x000000000b4c0000,0x000000000b5c0000)]
  0x000000000a87c800 JavaThread "pool-2-thread-3" [_thread_blocked, id=14628, stack(0x000000000b3c0000,0x000000000b4c0000)]
  0x000000000a87c000 JavaThread "pool-2-thread-2" [_thread_blocked, id=20512, stack(0x000000000b2c0000,0x000000000b3c0000)]
  0x000000000a87b000 JavaThread "pool-3-thread-1" [_thread_blocked, id=19576, stack(0x000000000b1c0000,0x000000000b2c0000)]
  0x000000000a87a800 JavaThread "pool-2-thread-1" [_thread_blocked, id=21900, stack(0x000000000b0c0000,0x000000000b1c0000)]
  0x00000000023f2800 JavaThread "Service Thread" daemon [_thread_blocked, id=16364, stack(0x000000000aec0000,0x000000000afc0000)]
  0x00000000023f1800 JavaThread "C2 CompilerThread1" daemon [_thread_in_native, id=15292, stack(0x000000000adc0000,0x000000000aec0000)]
=>0x00000000023f0000 JavaThread "C2 CompilerThread0" daemon [_thread_in_native, id=19480, stack(0x000000000acc0000,0x000000000adc0000)]
  0x00000000023ef000 JavaThread "Attach Listener" daemon [_thread_blocked, id=14844, stack(0x000000000abc0000,0x000000000acc0000)]
  0x000000000a6e1000 JavaThread "Signal Dispatcher" daemon [_thread_blocked, id=23032, stack(0x000000000aac0000,0x000000000abc0000)]
  0x0000000008701000 JavaThread "Finalizer" daemon [_thread_blocked, id=19524, stack(0x000000000a5c0000,0x000000000a6c0000)]
  0x00000000086fa800 JavaThread "Reference Handler" daemon [_thread_blocked, id=8964, stack(0x000000000a4c0000,0x000000000a5c0000)]
  0x00000000022fd800 JavaThread "main" [_thread_in_Java, id=2972, stack(0x00000000021a0000,0x00000000022a0000)]

Other Threads:
  0x00000000086f6000 VMThread [stack: 0x000000000a3c0000,0x000000000a4c0000] [id=23872]
  0x00000000023f9800 WatcherThread [stack: 0x000000000afc0000,0x000000000b0c0000] [id=3992]

VM state:not at safepoint (normal execution)

VM Mutex/Monitor currently owned by a thread: None

Heap
 PSYoungGen      total 76288K, used 11616K [0x00000000eaa80000, 0x00000000eff80000, 0x0000000100000000)
  eden space 65536K, 3% used [0x00000000eaa80000,0x00000000eaceb5b8,0x00000000eea80000)
  from space 10752K, 84% used [0x00000000eea80000,0x00000000ef36ca98,0x00000000ef500000)
  to   space 10752K, 0% used [0x00000000ef500000,0x00000000ef500000,0x00000000eff80000)
 ParOldGen       total 173056K, used 8K [0x00000000c0000000, 0x00000000ca900000, 0x00000000eaa80000)
  object space 173056K, 0% used [0x00000000c0000000,0x00000000c0002000,0x00000000ca900000)
 PSPermGen       total 21504K, used 5882K [0x00000000bae00000, 0x00000000bc300000, 0x00000000c0000000)
  object space 21504K, 27% used [0x00000000bae00000,0x00000000bb3be9d0,0x00000000bc300000)

Card table byte_map: [0x00000000054c0000,0x00000000056f0000] byte_map_base: 0x0000000004ee9000

Polling page: 0x0000000000990000

Code Cache  [0x0000000002400000, 0x0000000002670000, 0x0000000005400000)
 total_blobs=483 nmethods=246 adapters=189 free_code_cache=48223Kb largest_free_block=49347968

Compilation events (10 events):
Event: 3.766 Thread 0x00000000023f1800 nmethod 242 0x00000000024d1cd0 code [0x00000000024d1e20, 0x00000000024d1f58]
Event: 3.766 Thread 0x00000000023f1800  243             com.android.dx.rop.cst.CstString::compareTo0 (15 bytes)
Event: 3.767 Thread 0x00000000023f1800 nmethod 243 0x00000000024d1910 code [0x00000000024d1a60, 0x00000000024d1bd8]
Event: 3.768 Thread 0x00000000023f1800  244             com.android.dx.ssa.SCCP::run (298 bytes)
Event: 3.775 Thread 0x00000000023f0000 nmethod 240 0x00000000024ea810 code [0x00000000024eab00, 0x00000000024eca10]
Event: 3.775 Thread 0x00000000023f0000  245             com.android.dx.rop.code.Rop::isCallLike (5 bytes)
Event: 3.776 Thread 0x00000000023f0000 nmethod 245 0x00000000024d28d0 code [0x00000000024d2a00, 0x00000000024d2a58]
Event: 3.776 Thread 0x00000000023f0000  246             com.android.dx.ssa.SsaMethod$2::addToUses (48 bytes)
Event: 3.801 Thread 0x00000000023f0000 nmethod 246 0x00000000024d3010 code [0x00000000024d31c0, 0x00000000024d39d8]
Event: 3.801 Thread 0x00000000023f0000  247             com.android.dx.ssa.SCCP::simulateBlock (54 bytes)

GC Heap History (2 events):
Event: 3.678 GC heap before
{Heap before GC invocations=1 (full 0):
 PSYoungGen      total 76288K, used 65536K [0x00000000eaa80000, 0x00000000eff80000, 0x0000000100000000)
  eden space 65536K, 100% used [0x00000000eaa80000,0x00000000eea80000,0x00000000eea80000)
  from space 10752K, 0% used [0x00000000ef500000,0x00000000ef500000,0x00000000eff80000)
  to   space 10752K, 0% used [0x00000000eea80000,0x00000000eea80000,0x00000000ef500000)
 ParOldGen       total 173056K, used 0K [0x00000000c0000000, 0x00000000ca900000, 0x00000000eaa80000)
  object space 173056K, 0% used [0x00000000c0000000,0x00000000c0000000,0x00000000ca900000)
 PSPermGen       total 21504K, used 5880K [0x00000000bae00000, 0x00000000bc300000, 0x00000000c0000000)
  object space 21504K, 27% used [0x00000000bae00000,0x00000000bb3be108,0x00000000bc300000)
Event: 3.705 GC heap after
Heap after GC invocations=1 (full 0):
 PSYoungGen      total 76288K, used 9138K [0x00000000eaa80000, 0x00000000eff80000, 0x0000000100000000)
  eden space 65536K, 0% used [0x00000000eaa80000,0x00000000eaa80000,0x00000000eea80000)
  from space 10752K, 84% used [0x00000000eea80000,0x00000000ef36ca98,0x00000000ef500000)
  to   space 10752K, 0% used [0x00000000ef500000,0x00000000ef500000,0x00000000eff80000)
 ParOldGen       total 173056K, used 8K [0x00000000c0000000, 0x00000000ca900000, 0x00000000eaa80000)
  object space 173056K, 0% used [0x00000000c0000000,0x00000000c0002000,0x00000000ca900000)
 PSPermGen       total 21504K, used 5880K [0x00000000bae00000, 0x00000000bc300000, 0x00000000c0000000)
  object space 21504K, 27% used [0x00000000bae00000,0x00000000bb3be108,0x00000000bc300000)
}

Deoptimization events (7 events):
Event: 2.438 Thread 0x00000000022fd800 Uncommon trap: reason=class_check action=maybe_recompile pc=0x000000000247ee34 method=com.android.dx.ssa.NormalSsaInsn.accept(Lcom/android/dx/ssa/SsaInsn$Visitor;)V @ 9
Event: 2.569 Thread 0x000000000a87c800 Uncommon trap: reason=class_check action=maybe_recompile pc=0x000000000247ee34 method=com.android.dx.ssa.NormalSsaInsn.accept(Lcom/android/dx/ssa/SsaInsn$Visitor;)V @ 9
Event: 2.745 Thread 0x000000000a87c800 Uncommon trap: reason=class_check action=maybe_recompile pc=0x000000000247ee34 method=com.android.dx.ssa.NormalSsaInsn.accept(Lcom/android/dx/ssa/SsaInsn$Visitor;)V @ 9
Event: 2.774 Thread 0x000000000a87c000 Uncommon trap: reason=null_check action=make_not_entrant pc=0x0000000002487e00 method=com.android.dx.rop.code.LocalItem.equals(Ljava/lang/Object;)Z @ 1
Event: 2.782 Thread 0x000000000a87c800 Uncommon trap: reason=class_check action=maybe_recompile pc=0x000000000247ee34 method=com.android.dx.ssa.NormalSsaInsn.accept(Lcom/android/dx/ssa/SsaInsn$Visitor;)V @ 9
Event: 3.213 Thread 0x000000000a87f800 Uncommon trap: reason=null_check action=make_not_entrant pc=0x00000000024a1110 method=com.android.dx.rop.type.Type.equals(Ljava/lang/Object;)Z @ 8
Event: 3.214 Thread 0x000000000a87c800 Uncommon trap: reason=unstable_if action=reinterpret pc=0x00000000024a1cec method=com.android.dx.util.IntList.binarysearch(I)I @ 105

Internal exceptions (10 events):
Event: 2.102 Thread 0x00000000022fd800 Threw 0x00000000ebe126e8 at C:\re\jdk7u80\2329\hotspot\src\share\vm\prims\jvm.cpp:1319
Event: 2.139 Thread 0x000000000a87a800 Threw 0x00000000ec3336a0 at C:\re\jdk7u80\2329\hotspot\src\share\vm\prims\jvm.cpp:1319
Event: 2.258 Thread 0x00000000022fd800 Threw 0x00000000ebe201e0 at C:\re\jdk7u80\2329\hotspot\src\share\vm\prims\jvm.cpp:1319
Event: 2.330 Thread 0x000000000a87a800 Threw 0x00000000ec566c90 at C:\re\jdk7u80\2329\hotspot\src\share\vm\prims\jvm.cpp:1319
Event: 2.494 Thread 0x00000000022fd800 Threw 0x00000000ec952740 at C:\re\jdk7u80\2329\hotspot\src\share\vm\prims\jvm.cpp:1319
Event: 2.565 Thread 0x00000000022fd800 Threw 0x00000000ec9eb230 at C:\re\jdk7u80\2329\hotspot\src\share\vm\prims\jvm.cpp:1319
Event: 2.774 Thread 0x000000000a87c000 Implicit null exception at 0x0000000002487c42 to 0x0000000002487de9
Event: 3.213 Thread 0x000000000a87f800 Implicit null exception at 0x00000000024a1012 to 0x00000000024a1102
Event: 3.232 Thread 0x000000000a87c000 Threw 0x00000000edb76f10 at C:\re\jdk7u80\2329\hotspot\src\share\vm\prims\jvm.cpp:1319
Event: 3.463 Thread 0x000000000a87a800 Threw 0x00000000ee2b6c28 at C:\re\jdk7u80\2329\hotspot\src\share\vm\prims\jvm.cpp:1319

Events (10 events):
Event: 3.213 Thread 0x000000000a87f800 DEOPT UNPACKING pc=0x00000000024375a4 sp=0x000000000b5be998 mode 2
Event: 3.214 Thread 0x000000000a87c800 Uncommon trap: trap_request=0xffffff75 fr.pc=0x00000000024a1cec
Event: 3.214 Thread 0x000000000a87c800 DEOPT PACKING pc=0x00000000024a1cec sp=0x000000000b4bed00
Event: 3.214 Thread 0x000000000a87c800 DEOPT UNPACKING pc=0x00000000024375a4 sp=0x000000000b4bec88 mode 2
Event: 3.232 loading class 0x000000000a7f4e20
Event: 3.232 loading class 0x000000000a7f4e20 done
Event: 3.463 loading class 0x000000000a8f0e20
Event: 3.463 loading class 0x000000000a8f0e20 done
Event: 3.678 Executing VM operation: ParallelGCFailedAllocation
Event: 3.705 Executing VM operation: ParallelGCFailedAllocation done


Dynamic libraries:
0x00007ff678710000 - 0x00007ff678743000 	C:\Program Files\Java\jdk1.7.0_80\bin\java.exe
0x00007ffee94e0000 - 0x00007ffee96a1000 	C:\WINDOWS\SYSTEM32\ntdll.dll
0x00007ffee8600000 - 0x00007ffee86ad000 	C:\WINDOWS\system32\KERNEL32.DLL
0x00007ffee5d60000 - 0x00007ffee5f48000 	C:\WINDOWS\system32\KERNELBASE.dll
0x00007ffee8b60000 - 0x00007ffee8c07000 	C:\WINDOWS\system32\ADVAPI32.dll
0x00007ffee6d20000 - 0x00007ffee6dbd000 	C:\WINDOWS\system32\msvcrt.dll
0x00007ffee8920000 - 0x00007ffee897b000 	C:\WINDOWS\system32\sechost.dll
0x00007ffee8de0000 - 0x00007ffee8efc000 	C:\WINDOWS\system32\RPCRT4.dll
0x00007ffee68e0000 - 0x00007ffee6a36000 	C:\WINDOWS\system32\USER32.dll
0x00007ffee9350000 - 0x00007ffee94d6000 	C:\WINDOWS\system32\GDI32.dll
0x00007ffed5b30000 - 0x00007ffed5da4000 	C:\WINDOWS\WinSxS\amd64_microsoft.windows.common-controls_6595b64144ccf1df_6.0.10586.0_none_8c15ae12515e1c22\COMCTL32.dll
0x00007ffee6aa0000 - 0x00007ffee6d1d000 	C:\WINDOWS\system32\combase.dll
0x00007ffee6870000 - 0x00007ffee68da000 	C:\WINDOWS\system32\bcryptPrimitives.dll
0x00007ffee7060000 - 0x00007ffee709b000 	C:\WINDOWS\system32\IMM32.DLL
0x00000000693f0000 - 0x00000000694c2000 	C:\Program Files\Java\jdk1.7.0_80\jre\bin\msvcr100.dll
0x0000000069ea0000 - 0x000000006a679000 	C:\Program Files\Java\jdk1.7.0_80\jre\bin\server\jvm.dll
0x00007ffee89f0000 - 0x00007ffee89f8000 	C:\WINDOWS\system32\PSAPI.DLL
0x00007ffeda430000 - 0x00007ffeda439000 	C:\WINDOWS\SYSTEM32\WSOCK32.dll
0x00007ffee3f30000 - 0x00007ffee3f53000 	C:\WINDOWS\SYSTEM32\WINMM.dll
0x00007ffee8c10000 - 0x00007ffee8c7b000 	C:\WINDOWS\system32\WS2_32.dll
0x00007ffee3ed0000 - 0x00007ffee3efc000 	C:\WINDOWS\SYSTEM32\WINMMBASE.dll
0x00007ffee5f50000 - 0x00007ffee5f93000 	C:\WINDOWS\system32\cfgmgr32.dll
0x0000000069e90000 - 0x0000000069e9f000 	C:\Program Files\Java\jdk1.7.0_80\jre\bin\verify.dll
0x0000000069e60000 - 0x0000000069e88000 	C:\Program Files\Java\jdk1.7.0_80\jre\bin\java.dll
0x0000000069e40000 - 0x0000000069e56000 	C:\Program Files\Java\jdk1.7.0_80\jre\bin\zip.dll
0x0000000069e20000 - 0x0000000069e3a000 	C:\Program Files\Java\jdk1.7.0_80\jre\bin\net.dll
0x00007ffee5430000 - 0x00007ffee548c000 	C:\WINDOWS\system32\mswsock.dll
0x0000000069d60000 - 0x0000000069d71000 	C:\Program Files\Java\jdk1.7.0_80\jre\bin\nio.dll

VM Arguments:
jvm_args: -Djava.awt.headless=true -Xmx1024M -Dfile.encoding=windows-1252 -Duser.country=US -Duser.language=en -Duser.variant 
java_command: com.android.dx.command.Main --dex --force-jumbo --num-threads=4 --multi-dex --output C:\Users\MyPC\AndroidStudioProjects\RaSEReport\app\build\intermediates\transforms\dex\debug\folders\1000\10\com.google.android.gms-play-services-ads-7.5.0_732605b4bc29a2923931080caef25b1e4103fa64 C:\Users\MyPC\AndroidStudioProjects\RaSEReport\app\build\intermediates\exploded-aar\com.google.android.gms\play-services-ads\7.5.0\jars\classes.jar
Launcher Type: SUN_STANDARD

Environment Variables:
JAVA_HOME=C:\Program Files\Java\jdk1.7.0_80\
PATH=C:\Python27\;C:\Python27\Scripts;F:\app\MyPC\product\11.2.0\dbhome_1\bin;C:\ProgramData\Oracle\Java\javapath;C:\WINDOWS\system32;C:\WINDOWS;C:\WINDOWS\System32\Wbem;C:\WINDOWS\System32\WindowsPowerShell\v1.0\;C:\Program Files (x86)\ATI Technologies\ATI.ACE\Core-Static;C:\Program Files\Microsoft SQL Server\110\Tools\Binn\;C:\Program Files (x86)\AMD\ATI.ACE\Core-Static;C:\Program Files (x86)\Intel\OpenCL SDK\2.0\bin\x86;C:\Program Files (x86)\Intel\OpenCL SDK\2.0\bin\x64;C:\Program Files (x86)\GNU\GnuPG\pub;C:\Program Files (x86)\SMART Technologies\SMART Response\;C:\Program Files (x86)\Windows Kits\8.1\Windows Performance Toolkit\;C:\Program Files (x86)\Microsoft SDKs\TypeScript\1.0\;C:\Program Files\Microsoft SQL Server\120\Tools\Binn\;C:\Program Files\Microsoft\Web Platform Installer\;C:\Program Files (x86)\Microsoft ASP.NET\ASP.NET Web Pages\v1.0\;C:\Program Files (x86)\Microsoft SQL Server\100\Tools\Binn\;C:\Program Files\Microsoft SQL Server\100\Tools\Binn\;C:\Program Files\Microsoft SQL Server\100\DTS\Binn\;C:\Program Files (x86)\Microsoft SQL Server\100\Tools\Binn\VSShell\Common7\IDE\;C:\Program Files (x86)\Microsoft Visual Studio 9.0\Common7\IDE\PrivateAssemblies\;C:\Program Files (x86)\Microsoft SQL Server\100\DTS\Binn\;C:\Program Files (x86)\OptiTex 10\App;C:\Program Files (x86)\Skype\Phone\;C:\Program Files (x86)\Heroku\bin;C:\Program Files (x86)\git\cmd;C:\Program Files (x86)\Git\cmd;C:\grails-2.5.2\bin;JAVA_HOME\bin;C:\Ruby22-x64\bin
USERNAME=MyPC
OS=Windows_NT
PROCESSOR_IDENTIFIER=Intel64 Family 6 Model 42 Stepping 7, GenuineIntel



---------------  S Y S T E M  ---------------

OS: Windows 8.1 , 64 bit Build 9600 

CPU:total 8 (4 cores per cpu, 2 threads per core) family 6 model 42 stepping 7, cmov, cx8, fxsr, mmx, sse, sse2, sse3, ssse3, sse4.1, sse4.2, popcnt, avx, aes, ht, tsc, tscinvbit

Memory: 4k page, physical 16625516k(3687764k free), swap 25230496k(4388k free)

vm_info: Java HotSpot(TM) 64-Bit Server VM (24.80-b11) for windows-amd64 JRE (1.7.0_80-b15), built on Apr 10 2015 11:26:34 by "java_re" with unknown MS VC++:1600

time: Wed May 25 10:56:47 2016
elapsed time: 3 seconds

