#
# There is insufficient memory for the Java Runtime Environment to continue.
# Native memory allocation (malloc) failed to allocate 1149216 bytes for Chunk::new
# Possible reasons:
#   The system is out of physical RAM or swap space
#   In 32 bit mode, the process size limit was hit
# Possible solutions:
#   Reduce memory load on the system
#   Increase physical memory or swap space
#   Check if swap backing store is full
#   Use 64 bit Java on a 64 bit OS
#   Decrease Java heap size (-Xmx/-Xms)
#   Decrease number of Java threads
#   Decrease Java thread stack sizes (-Xss)
#   Set larger code cache with -XX:ReservedCodeCacheSize=
# This output file may be truncated or incomplete.
#
#  Out of Memory Error (allocation.cpp:323), pid=14688, tid=24204
#
# JRE version: Java(TM) SE Runtime Environment (7.0_80-b15) (build 1.7.0_80-b15)
# Java VM: Java HotSpot(TM) 64-Bit Server VM (24.80-b11 mixed mode windows-amd64 compressed oops)
# Failed to write core dump. Minidumps are not enabled by default on client versions of Windows
#

---------------  T H R E A D  ---------------

Current thread (0x00000000022ec000):  JavaThread "C2 CompilerThread1" daemon [_thread_in_native, id=24204, stack(0x000000000ac40000,0x000000000ad40000)]

Stack: [0x000000000ac40000,0x000000000ad40000]

Current CompileTask:
C2:   6305  371             com.android.dx.ssa.DeadCodeRemover::run (194 bytes)


---------------  P R O C E S S  ---------------

Java Threads: ( => current thread )
  0x000000000a7c9800 JavaThread "pool-2-thread-4" [_thread_in_Java, id=3920, stack(0x000000000b340000,0x000000000b440000)]
  0x000000000a7bb800 JavaThread "pool-2-thread-3" [_thread_in_vm, id=16840, stack(0x000000000b240000,0x000000000b340000)]
  0x000000000a745000 JavaThread "pool-2-thread-2" [_thread_in_Java, id=14104, stack(0x000000000b140000,0x000000000b240000)]
  0x000000000a73f800 JavaThread "pool-3-thread-1" [_thread_blocked, id=6700, stack(0x000000000b040000,0x000000000b140000)]
  0x000000000a67d000 JavaThread "pool-2-thread-1" [_thread_in_vm, id=10944, stack(0x000000000af40000,0x000000000b040000)]
  0x000000000a562000 JavaThread "Service Thread" daemon [_thread_blocked, id=4816, stack(0x000000000ad40000,0x000000000ae40000)]
=>0x00000000022ec000 JavaThread "C2 CompilerThread1" daemon [_thread_in_native, id=24204, stack(0x000000000ac40000,0x000000000ad40000)]
  0x000000000a561000 JavaThread "C2 CompilerThread0" daemon [_thread_in_native, id=3052, stack(0x000000000ab40000,0x000000000ac40000)]
  0x00000000022de000 JavaThread "Attach Listener" daemon [_thread_blocked, id=1596, stack(0x000000000aa40000,0x000000000ab40000)]
  0x000000000a560800 JavaThread "Signal Dispatcher" daemon [_thread_blocked, id=22820, stack(0x000000000a940000,0x000000000aa40000)]
  0x0000000008560800 JavaThread "Finalizer" daemon [_thread_blocked, id=19740, stack(0x000000000a440000,0x000000000a540000)]
  0x000000000855a000 JavaThread "Reference Handler" daemon [_thread_blocked, id=9568, stack(0x000000000a340000,0x000000000a440000)]
  0x0000000001fed800 JavaThread "main" [_thread_blocked, id=3356, stack(0x0000000001ff0000,0x00000000020f0000)]

Other Threads:
  0x0000000008555800 VMThread [stack: 0x000000000a240000,0x000000000a340000] [id=21832]
  0x000000000a56e000 WatcherThread [stack: 0x000000000ae40000,0x000000000af40000] [id=23508]

VM state:not at safepoint (normal execution)

VM Mutex/Monitor currently owned by a thread: None

Heap
 PSYoungGen      total 141824K, used 56053K [0x00000000eaa80000, 0x00000000f3f80000, 0x0000000100000000)
  eden space 131072K, 34% used [0x00000000eaa80000,0x00000000ed6c18e0,0x00000000f2a80000)
  from space 10752K, 99% used [0x00000000f3500000,0x00000000f3f7bdf0,0x00000000f3f80000)
  to   space 10752K, 0% used [0x00000000f2a80000,0x00000000f2a80000,0x00000000f3500000)
 ParOldGen       total 173056K, used 6854K [0x00000000c0000000, 0x00000000ca900000, 0x00000000eaa80000)
  object space 173056K, 3% used [0x00000000c0000000,0x00000000c06b1938,0x00000000ca900000)
 PSPermGen       total 21504K, used 5983K [0x00000000bae00000, 0x00000000bc300000, 0x00000000c0000000)
  object space 21504K, 27% used [0x00000000bae00000,0x00000000bb3d7d38,0x00000000bc300000)

Card table byte_map: [0x00000000052f0000,0x0000000005520000] byte_map_base: 0x0000000004d19000

Polling page: 0x0000000001e80000

Code Cache  [0x00000000022f0000, 0x0000000002560000, 0x00000000052f0000)
 total_blobs=614 nmethods=377 adapters=189 free_code_cache=47609Kb largest_free_block=48691200

Compilation events (10 events):
Event: 6.251 Thread 0x000000000a561000 nmethod 379 0x0000000002453910 code [0x0000000002453a40, 0x0000000002453ad8]
Event: 6.251 Thread 0x000000000a561000  380             java.util.Collections$UnmodifiableRandomAccessList::<init> (6 bytes)
Event: 6.252 Thread 0x000000000a561000 nmethod 380 0x00000000023a9110 code [0x00000000023a9240, 0x00000000023a92d8]
Event: 6.252 Thread 0x000000000a561000  381             java.util.BitSet::ensureCapacity (39 bytes)
Event: 6.253 Thread 0x000000000a561000 nmethod 381 0x00000000023a8ed0 code [0x00000000023a9000, 0x00000000023a9078]
Event: 6.253 Thread 0x000000000a561000  382             com.android.dx.cf.code.ByteBlock::<init> (181 bytes)
Event: 6.258 Thread 0x000000000a561000 nmethod 382 0x000000000244ef50 code [0x000000000244f0a0, 0x000000000244f2d8]
Event: 6.258 Thread 0x000000000a561000  383             com.android.dx.rop.code.RegisterSpec::getType (10 bytes)
Event: 6.259 Thread 0x000000000a561000 nmethod 383 0x00000000023a8c90 code [0x00000000023a8de0, 0x00000000023a8e58]
Event: 6.259 Thread 0x000000000a561000  384             com.android.dx.ssa.back.LivenessAnalyzer::coInterferePhis (128 bytes)

GC Heap History (4 events):
Event: 2.959 GC heap before
{Heap before GC invocations=1 (full 0):
 PSYoungGen      total 76288K, used 65536K [0x00000000eaa80000, 0x00000000eff80000, 0x0000000100000000)
  eden space 65536K, 100% used [0x00000000eaa80000,0x00000000eea80000,0x00000000eea80000)
  from space 10752K, 0% used [0x00000000ef500000,0x00000000ef500000,0x00000000eff80000)
  to   space 10752K, 0% used [0x00000000eea80000,0x00000000eea80000,0x00000000ef500000)
 ParOldGen       total 173056K, used 0K [0x00000000c0000000, 0x00000000ca900000, 0x00000000eaa80000)
  object space 173056K, 0% used [0x00000000c0000000,0x00000000c0000000,0x00000000ca900000)
 PSPermGen       total 21504K, used 5882K [0x00000000bae00000, 0x00000000bc300000, 0x00000000c0000000)
  object space 21504K, 27% used [0x00000000bae00000,0x00000000bb3be970,0x00000000bc300000)
Event: 3.027 GC heap after
Heap after GC invocations=1 (full 0):
 PSYoungGen      total 76288K, used 10400K [0x00000000eaa80000, 0x00000000f3f80000, 0x0000000100000000)
  eden space 65536K, 0% used [0x00000000eaa80000,0x00000000eaa80000,0x00000000eea80000)
  from space 10752K, 96% used [0x00000000eea80000,0x00000000ef4a8098,0x00000000ef500000)
  to   space 10752K, 0% used [0x00000000f3500000,0x00000000f3500000,0x00000000f3f80000)
 ParOldGen       total 173056K, used 8K [0x00000000c0000000, 0x00000000ca900000, 0x00000000eaa80000)
  object space 173056K, 0% used [0x00000000c0000000,0x00000000c0002000,0x00000000ca900000)
 PSPermGen       total 21504K, used 5882K [0x00000000bae00000, 0x00000000bc300000, 0x00000000c0000000)
  object space 21504K, 27% used [0x00000000bae00000,0x00000000bb3be970,0x00000000bc300000)
}
Event: 5.153 GC heap before
{Heap before GC invocations=2 (full 0):
 PSYoungGen      total 76288K, used 75936K [0x00000000eaa80000, 0x00000000f3f80000, 0x0000000100000000)
  eden space 65536K, 100% used [0x00000000eaa80000,0x00000000eea80000,0x00000000eea80000)
  from space 10752K, 96% used [0x00000000eea80000,0x00000000ef4a8098,0x00000000ef500000)
  to   space 10752K, 0% used [0x00000000f3500000,0x00000000f3500000,0x00000000f3f80000)
 ParOldGen       total 173056K, used 8K [0x00000000c0000000, 0x00000000ca900000, 0x00000000eaa80000)
  object space 173056K, 0% used [0x00000000c0000000,0x00000000c0002000,0x00000000ca900000)
 PSPermGen       total 21504K, used 5942K [0x00000000bae00000, 0x00000000bc300000, 0x00000000c0000000)
  object space 21504K, 27% used [0x00000000bae00000,0x00000000bb3cd9c8,0x00000000bc300000)
Event: 5.218 GC heap after
Heap after GC invocations=2 (full 0):
 PSYoungGen      total 141824K, used 10735K [0x00000000eaa80000, 0x00000000f3f80000, 0x0000000100000000)
  eden space 131072K, 0% used [0x00000000eaa80000,0x00000000eaa80000,0x00000000f2a80000)
  from space 10752K, 99% used [0x00000000f3500000,0x00000000f3f7bdf0,0x00000000f3f80000)
  to   space 10752K, 0% used [0x00000000f2a80000,0x00000000f2a80000,0x00000000f3500000)
 ParOldGen       total 173056K, used 6854K [0x00000000c0000000, 0x00000000ca900000, 0x00000000eaa80000)
  object space 173056K, 3% used [0x00000000c0000000,0x00000000c06b1938,0x00000000ca900000)
 PSPermGen       total 21504K, used 5942K [0x00000000bae00000, 0x00000000bc300000, 0x00000000c0000000)
  object space 21504K, 27% used [0x00000000bae00000,0x00000000bb3cd9c8,0x00000000bc300000)
}

Deoptimization events (10 events):
Event: 4.382 Thread 0x000000000a745000 Uncommon trap: reason=class_check action=maybe_recompile pc=0x00000000023d0cf4 method=java.util.HashMap.put(Ljava/lang/Object;Ljava/lang/Object;)Ljava/lang/Object; @ 83
Event: 4.382 Thread 0x000000000a745000 Uncommon trap: reason=class_check action=maybe_recompile pc=0x00000000023d0cf4 method=java.util.HashMap.put(Ljava/lang/Object;Ljava/lang/Object;)Ljava/lang/Object; @ 83
Event: 4.382 Thread 0x000000000a745000 Uncommon trap: reason=class_check action=maybe_recompile pc=0x00000000023d0cf4 method=java.util.HashMap.put(Ljava/lang/Object;Ljava/lang/Object;)Ljava/lang/Object; @ 83
Event: 4.382 Thread 0x000000000a745000 Uncommon trap: reason=class_check action=maybe_recompile pc=0x00000000023d0cf4 method=java.util.HashMap.put(Ljava/lang/Object;Ljava/lang/Object;)Ljava/lang/Object; @ 83
Event: 4.419 Thread 0x000000000a745000 Uncommon trap: reason=class_check action=maybe_recompile pc=0x000000000237d324 method=com.android.dx.ssa.NormalSsaInsn.accept(Lcom/android/dx/ssa/SsaInsn$Visitor;)V @ 9
Event: 4.459 Thread 0x0000000001fed800 Uncommon trap: reason=unstable_if action=reinterpret pc=0x00000000023e3630 method=com.android.dx.ssa.back.IdenticalBlockCombiner.process()Lcom/android/dx/rop/code/RopMethod; @ 197
Event: 4.645 Thread 0x000000000a745000 Uncommon trap: reason=unstable_if action=reinterpret pc=0x000000000241d7b0 method=com.android.dx.cf.code.ByteCatchList$Item.getExceptionClass()Lcom/android/dx/rop/cst/CstType; @ 4
Event: 4.767 Thread 0x000000000a745000 Uncommon trap: reason=class_check action=maybe_recompile pc=0x000000000237d324 method=com.android.dx.ssa.NormalSsaInsn.accept(Lcom/android/dx/ssa/SsaInsn$Visitor;)V @ 9
Event: 4.892 Thread 0x000000000a7c9800 Uncommon trap: reason=unstable_if action=reinterpret pc=0x00000000023eeba8 method=com.android.dx.ssa.SsaBasicBlock.scheduleMovesFromPhis()V @ 63
Event: 4.907 Thread 0x0000000001fed800 Uncommon trap: reason=class_check action=maybe_recompile pc=0x000000000237d324 method=com.android.dx.ssa.NormalSsaInsn.accept(Lcom/android/dx/ssa/SsaInsn$Visitor;)V @ 9

Internal exceptions (10 events):
Event: 1.476 Thread 0x0000000001fed800 Threw 0x00000000ebe912d0 at C:\re\jdk7u80\2329\hotspot\src\share\vm\prims\jvm.cpp:1319
Event: 1.481 Thread 0x000000000a745000 Threw 0x00000000ebd08810 at C:\re\jdk7u80\2329\hotspot\src\share\vm\prims\jvm.cpp:1319
Event: 1.874 Thread 0x000000000a745000 Implicit null exception at 0x00000000023a6a3d to 0x00000000023a782d
Event: 2.004 Thread 0x000000000a745000 Implicit null exception at 0x00000000023aebe4 to 0x00000000023b0079
Event: 2.018 Thread 0x0000000001fed800 Threw 0x00000000ed320600 at C:\re\jdk7u80\2329\hotspot\src\share\vm\prims\jvm.cpp:1319
Event: 2.131 Thread 0x0000000001fed800 Threw 0x00000000ed597b08 at C:\re\jdk7u80\2329\hotspot\src\share\vm\prims\jvm.cpp:1319
Event: 2.425 Thread 0x0000000001fed800 Implicit null exception at 0x00000000023b8e03 to 0x00000000023b953d
Event: 4.648 Thread 0x0000000001fed800 Threw 0x00000000ed7afe30 at C:\re\jdk7u80\2329\hotspot\src\share\vm\prims\jvm.cpp:1319
Event: 4.883 Thread 0x0000000001fed800 Threw 0x00000000ee184b40 at C:\re\jdk7u80\2329\hotspot\src\share\vm\prims\jvm.cpp:1319
Event: 5.533 Thread 0x0000000001fed800 Threw 0x00000000eb64af38 at C:\re\jdk7u80\2329\hotspot\src\share\vm\prims\jvm.cpp:1319

Events (10 events):
Event: 5.282 Thread 0x00000000022ec000 flushing nmethod 0x0000000002376d10
Event: 5.356 Thread 0x00000000022ec000 flushing nmethod 0x00000000023a6350
Event: 5.362 Thread 0x000000000a561000 flushing nmethod 0x00000000023adcd0
Event: 5.362 Thread 0x000000000a561000 flushing nmethod 0x00000000023b4850
Event: 5.533 loading class 0x000000000a7c3f30
Event: 5.533 loading class 0x000000000a7c3f30 done
Event: 6.055 loading class 0x0000000002270bb0
Event: 6.055 loading class 0x0000000002270bb0 done
Event: 6.055 loading class 0x0000000002270b80
Event: 6.055 loading class 0x0000000002270b80 done


Dynamic libraries:
0x00007ff678710000 - 0x00007ff678743000 	C:\Program Files\Java\jdk1.7.0_80\bin\java.exe
0x00007ffee94e0000 - 0x00007ffee96a1000 	C:\WINDOWS\SYSTEM32\ntdll.dll
0x00007ffee8600000 - 0x00007ffee86ad000 	C:\WINDOWS\system32\KERNEL32.DLL
0x00007ffee5d60000 - 0x00007ffee5f48000 	C:\WINDOWS\system32\KERNELBASE.dll
0x00007ffee8b60000 - 0x00007ffee8c07000 	C:\WINDOWS\system32\ADVAPI32.dll
0x00007ffee6d20000 - 0x00007ffee6dbd000 	C:\WINDOWS\system32\msvcrt.dll
0x00007ffee8920000 - 0x00007ffee897b000 	C:\WINDOWS\system32\sechost.dll
0x00007ffee8de0000 - 0x00007ffee8efc000 	C:\WINDOWS\system32\RPCRT4.dll
0x00007ffee68e0000 - 0x00007ffee6a36000 	C:\WINDOWS\system32\USER32.dll
0x00007ffee9350000 - 0x00007ffee94d6000 	C:\WINDOWS\system32\GDI32.dll
0x00007ffed5b30000 - 0x00007ffed5da4000 	C:\WINDOWS\WinSxS\amd64_microsoft.windows.common-controls_6595b64144ccf1df_6.0.10586.0_none_8c15ae12515e1c22\COMCTL32.dll
0x00007ffee6aa0000 - 0x00007ffee6d1d000 	C:\WINDOWS\system32\combase.dll
0x00007ffee6870000 - 0x00007ffee68da000 	C:\WINDOWS\system32\bcryptPrimitives.dll
0x00007ffee7060000 - 0x00007ffee709b000 	C:\WINDOWS\system32\IMM32.DLL
0x00000000693f0000 - 0x00000000694c2000 	C:\Program Files\Java\jdk1.7.0_80\jre\bin\msvcr100.dll
0x0000000069ea0000 - 0x000000006a679000 	C:\Program Files\Java\jdk1.7.0_80\jre\bin\server\jvm.dll
0x00007ffee89f0000 - 0x00007ffee89f8000 	C:\WINDOWS\system32\PSAPI.DLL
0x00007ffeda430000 - 0x00007ffeda439000 	C:\WINDOWS\SYSTEM32\WSOCK32.dll
0x00007ffee8c10000 - 0x00007ffee8c7b000 	C:\WINDOWS\system32\WS2_32.dll
0x00007ffee3f30000 - 0x00007ffee3f53000 	C:\WINDOWS\SYSTEM32\WINMM.dll
0x00007ffee3ed0000 - 0x00007ffee3efc000 	C:\WINDOWS\SYSTEM32\WINMMBASE.dll
0x00007ffee5f50000 - 0x00007ffee5f93000 	C:\WINDOWS\system32\cfgmgr32.dll
0x0000000069e90000 - 0x0000000069e9f000 	C:\Program Files\Java\jdk1.7.0_80\jre\bin\verify.dll
0x0000000069e60000 - 0x0000000069e88000 	C:\Program Files\Java\jdk1.7.0_80\jre\bin\java.dll
0x0000000069e40000 - 0x0000000069e56000 	C:\Program Files\Java\jdk1.7.0_80\jre\bin\zip.dll
0x0000000069e20000 - 0x0000000069e3a000 	C:\Program Files\Java\jdk1.7.0_80\jre\bin\net.dll
0x00007ffee5430000 - 0x00007ffee548c000 	C:\WINDOWS\system32\mswsock.dll
0x0000000069d60000 - 0x0000000069d71000 	C:\Program Files\Java\jdk1.7.0_80\jre\bin\nio.dll

VM Arguments:
jvm_args: -Djava.awt.headless=true -Xmx1024M -Dfile.encoding=windows-1252 -Duser.country=US -Duser.language=en -Duser.variant 
java_command: com.android.dx.command.Main --dex --force-jumbo --num-threads=4 --multi-dex --output C:\Users\MyPC\AndroidStudioProjects\RaSEReport\app\build\intermediates\transforms\dex\debug\folders\1000\10\com.google.android.gms-play-services-maps-7.5.0_0a3f4f038b33c1aa03e2efa095e9ddbc1d227b65 C:\Users\MyPC\AndroidStudioProjects\RaSEReport\app\build\intermediates\exploded-aar\com.google.android.gms\play-services-maps\7.5.0\jars\classes.jar
Launcher Type: SUN_STANDARD

Environment Variables:
JAVA_HOME=C:\Program Files\Java\jdk1.7.0_80\
PATH=C:\Python27\;C:\Python27\Scripts;F:\app\MyPC\product\11.2.0\dbhome_1\bin;C:\ProgramData\Oracle\Java\javapath;C:\WINDOWS\system32;C:\WINDOWS;C:\WINDOWS\System32\Wbem;C:\WINDOWS\System32\WindowsPowerShell\v1.0\;C:\Program Files (x86)\ATI Technologies\ATI.ACE\Core-Static;C:\Program Files\Microsoft SQL Server\110\Tools\Binn\;C:\Program Files (x86)\AMD\ATI.ACE\Core-Static;C:\Program Files (x86)\Intel\OpenCL SDK\2.0\bin\x86;C:\Program Files (x86)\Intel\OpenCL SDK\2.0\bin\x64;C:\Program Files (x86)\GNU\GnuPG\pub;C:\Program Files (x86)\SMART Technologies\SMART Response\;C:\Program Files (x86)\Windows Kits\8.1\Windows Performance Toolkit\;C:\Program Files (x86)\Microsoft SDKs\TypeScript\1.0\;C:\Program Files\Microsoft SQL Server\120\Tools\Binn\;C:\Program Files\Microsoft\Web Platform Installer\;C:\Program Files (x86)\Microsoft ASP.NET\ASP.NET Web Pages\v1.0\;C:\Program Files (x86)\Microsoft SQL Server\100\Tools\Binn\;C:\Program Files\Microsoft SQL Server\100\Tools\Binn\;C:\Program Files\Microsoft SQL Server\100\DTS\Binn\;C:\Program Files (x86)\Microsoft SQL Server\100\Tools\Binn\VSShell\Common7\IDE\;C:\Program Files (x86)\Microsoft Visual Studio 9.0\Common7\IDE\PrivateAssemblies\;C:\Program Files (x86)\Microsoft SQL Server\100\DTS\Binn\;C:\Program Files (x86)\OptiTex 10\App;C:\Program Files (x86)\Skype\Phone\;C:\Program Files (x86)\Heroku\bin;C:\Program Files (x86)\git\cmd;C:\Program Files (x86)\Git\cmd;C:\grails-2.5.2\bin;JAVA_HOME\bin;C:\Ruby22-x64\bin
USERNAME=MyPC
OS=Windows_NT
PROCESSOR_IDENTIFIER=Intel64 Family 6 Model 42 Stepping 7, GenuineIntel



---------------  S Y S T E M  ---------------

OS: Windows 8.1 , 64 bit Build 9600 

CPU:total 8 (4 cores per cpu, 2 threads per core) family 6 model 42 stepping 7, cmov, cx8, fxsr, mmx, sse, sse2, sse3, ssse3, sse4.1, sse4.2, popcnt, avx, aes, ht, tsc, tscinvbit

Memory: 4k page, physical 16625516k(4130656k free), swap 25230496k(5372k free)

vm_info: Java HotSpot(TM) 64-Bit Server VM (24.80-b11) for windows-amd64 JRE (1.7.0_80-b15), built on Apr 10 2015 11:26:34 by "java_re" with unknown MS VC++:1600

time: Wed May 25 10:58:31 2016
elapsed time: 6 seconds

