#
# There is insufficient memory for the Java Runtime Environment to continue.
# Native memory allocation (malloc) failed to allocate 389056 bytes for Chunk::new
# Possible reasons:
#   The system is out of physical RAM or swap space
#   In 32 bit mode, the process size limit was hit
# Possible solutions:
#   Reduce memory load on the system
#   Increase physical memory or swap space
#   Check if swap backing store is full
#   Use 64 bit Java on a 64 bit OS
#   Decrease Java heap size (-Xmx/-Xms)
#   Decrease number of Java threads
#   Decrease Java thread stack sizes (-Xss)
#   Set larger code cache with -XX:ReservedCodeCacheSize=
# This output file may be truncated or incomplete.
#
#  Out of Memory Error (allocation.cpp:323), pid=10920, tid=8200
#
# JRE version: Java(TM) SE Runtime Environment (7.0_80-b15) (build 1.7.0_80-b15)
# Java VM: Java HotSpot(TM) 64-Bit Server VM (24.80-b11 mixed mode windows-amd64 compressed oops)
# Failed to write core dump. Minidumps are not enabled by default on client versions of Windows
#

---------------  T H R E A D  ---------------

Current thread (0x00000000022be800):  JavaThread "C2 CompilerThread1" daemon [_thread_in_native, id=8200, stack(0x000000000ac80000,0x000000000ad80000)]

Stack: [0x000000000ac80000,0x000000000ad80000]

Current CompileTask:
C2:   6092  131             com.android.dx.ssa.SsaBasicBlock::forEachInsn (37 bytes)


---------------  P R O C E S S  ---------------

Java Threads: ( => current thread )
  0x000000000a7d7800 JavaThread "pool-1-thread-4" [_thread_in_Java, id=1248, stack(0x000000000b380000,0x000000000b480000)]
  0x000000000a7d5000 JavaThread "pool-1-thread-3" [_thread_in_vm, id=23484, stack(0x000000000b280000,0x000000000b380000)]
  0x000000000a7d4000 JavaThread "pool-1-thread-2" [_thread_in_Java, id=9516, stack(0x000000000b180000,0x000000000b280000)]
  0x000000000a787800 JavaThread "pool-2-thread-1" [_thread_blocked, id=14912, stack(0x000000000b080000,0x000000000b180000)]
  0x000000000a6f2800 JavaThread "pool-1-thread-1" [_thread_in_Java, id=22564, stack(0x000000000af80000,0x000000000b080000)]
  0x000000000a5a2000 JavaThread "Service Thread" daemon [_thread_blocked, id=21372, stack(0x000000000ad80000,0x000000000ae80000)]
=>0x00000000022be800 JavaThread "C2 CompilerThread1" daemon [_thread_in_native, id=8200, stack(0x000000000ac80000,0x000000000ad80000)]
  0x000000000a5a1000 JavaThread "C2 CompilerThread0" daemon [_thread_in_native, id=12648, stack(0x000000000ab80000,0x000000000ac80000)]
  0x00000000022ae000 JavaThread "Attach Listener" daemon [_thread_blocked, id=23824, stack(0x000000000aa80000,0x000000000ab80000)]
  0x000000000a5a0800 JavaThread "Signal Dispatcher" daemon [_thread_blocked, id=9540, stack(0x000000000a980000,0x000000000aa80000)]
  0x00000000085bb000 JavaThread "Finalizer" daemon [_thread_blocked, id=15468, stack(0x000000000a480000,0x000000000a580000)]
  0x00000000085ba000 JavaThread "Reference Handler" daemon [_thread_blocked, id=20920, stack(0x000000000a380000,0x000000000a480000)]
  0x0000000001fbd800 JavaThread "main" [_thread_in_Java, id=24268, stack(0x0000000001fc0000,0x00000000020c0000)]

Other Threads:
  0x00000000085b5000 VMThread [stack: 0x000000000a280000,0x000000000a380000] [id=3052]
  0x000000000a5ae000 WatcherThread [stack: 0x000000000ae80000,0x000000000af80000] [id=15548]

VM state:not at safepoint (normal execution)

VM Mutex/Monitor currently owned by a thread: None

Heap
 PSYoungGen      total 76288K, used 27529K [0x00000000eaa80000, 0x00000000eff80000, 0x0000000100000000)
  eden space 65536K, 42% used [0x00000000eaa80000,0x00000000ec562790,0x00000000eea80000)
  from space 10752K, 0% used [0x00000000ef500000,0x00000000ef500000,0x00000000eff80000)
  to   space 10752K, 0% used [0x00000000eea80000,0x00000000eea80000,0x00000000ef500000)
 ParOldGen       total 173056K, used 0K [0x00000000c0000000, 0x00000000ca900000, 0x00000000eaa80000)
  object space 173056K, 0% used [0x00000000c0000000,0x00000000c0000000,0x00000000ca900000)
 PSPermGen       total 21504K, used 5743K [0x00000000bae00000, 0x00000000bc300000, 0x00000000c0000000)
  object space 21504K, 26% used [0x00000000bae00000,0x00000000bb39bc08,0x00000000bc300000)

Card table byte_map: [0x0000000005380000,0x00000000055b0000] byte_map_base: 0x0000000004da9000

Polling page: 0x0000000000750000

Code Cache  [0x00000000022c0000, 0x0000000002530000, 0x00000000052c0000)
 total_blobs=366 nmethods=129 adapters=189 free_code_cache=48588Kb largest_free_block=49730752

Compilation events (10 events):
Event: 6.048 Thread 0x00000000022be800 nmethod 126 0x000000000234b010 code [0x000000000234b140, 0x000000000234b198]
Event: 6.048 Thread 0x00000000022be800  127             com.android.dx.util.BitIntSet::ensureCapacity (51 bytes)
Event: 6.051 Thread 0x00000000022be800 nmethod 127 0x000000000234abd0 code [0x000000000234ad20, 0x000000000234aed8]
Event: 6.051 Thread 0x00000000022be800  128             com.android.dx.util.Bits::set (38 bytes)
Event: 6.053 Thread 0x00000000022be800 nmethod 128 0x000000000234a8d0 code [0x000000000234aa00, 0x000000000234aab8]
Event: 6.053 Thread 0x00000000022be800  129             com.android.dx.util.BitIntSet::add (15 bytes)
Event: 6.058 Thread 0x00000000022be800 nmethod 129 0x000000000234ee10 code [0x000000000234ef60, 0x000000000234f178]
Event: 6.058 Thread 0x00000000022be800  130             com.android.dx.rop.code.RegisterSpec::equals (51 bytes)
Event: 6.064 Thread 0x00000000022be800 nmethod 130 0x000000000234e410 code [0x000000000234e560, 0x000000000234ea18]
Event: 6.064 Thread 0x00000000022be800  131             com.android.dx.ssa.SsaBasicBlock::forEachInsn (37 bytes)

GC Heap History (0 events):
No events

Deoptimization events (5 events):
Event: 5.848 Thread 0x000000000a7d7800 Uncommon trap: reason=class_check action=maybe_recompile pc=0x00000000023304b4 method=com.android.dx.ssa.NormalSsaInsn.accept(Lcom/android/dx/ssa/SsaInsn$Visitor;)V @ 9
Event: 5.914 Thread 0x000000000a6f2800 Uncommon trap: reason=null_check action=make_not_entrant pc=0x0000000002341720 method=com.android.dx.rop.code.LocalItem.equals(Ljava/lang/Object;)Z @ 1
Event: 5.971 Thread 0x000000000a7d4000 Uncommon trap: reason=class_check action=maybe_recompile pc=0x00000000023304b4 method=com.android.dx.ssa.NormalSsaInsn.accept(Lcom/android/dx/ssa/SsaInsn$Visitor;)V @ 9
Event: 6.023 Thread 0x000000000a7d4000 Uncommon trap: reason=class_check action=maybe_recompile pc=0x00000000023304b4 method=com.android.dx.ssa.NormalSsaInsn.accept(Lcom/android/dx/ssa/SsaInsn$Visitor;)V @ 9
Event: 6.024 Thread 0x000000000a7d4000 Uncommon trap: reason=class_check action=maybe_recompile pc=0x00000000023304b4 method=com.android.dx.ssa.NormalSsaInsn.accept(Lcom/android/dx/ssa/SsaInsn$Visitor;)V @ 9

Internal exceptions (10 events):
Event: 5.503 Thread 0x0000000001fbd800 Threw 0x00000000eb3141c8 at C:\re\jdk7u80\2329\hotspot\src\share\vm\prims\jvm.cpp:1319
Event: 5.503 Thread 0x000000000a6f2800 Threw 0x00000000eb545210 at C:\re\jdk7u80\2329\hotspot\src\share\vm\prims\jvm.cpp:1319
Event: 5.504 Thread 0x000000000a6f2800 Threw 0x00000000eb54aa18 at C:\re\jdk7u80\2329\hotspot\src\share\vm\prims\jvm.cpp:1319
Event: 5.505 Thread 0x000000000a6f2800 Threw 0x00000000eb54ffc8 at C:\re\jdk7u80\2329\hotspot\src\share\vm\prims\jvm.cpp:1319
Event: 5.527 Thread 0x0000000001fbd800 Threw 0x00000000eb31a6f8 at C:\re\jdk7u80\2329\hotspot\src\share\vm\prims\jvm.cpp:1319
Event: 5.823 Thread 0x000000000a7d5000 Threw 0x00000000eb879920 at C:\re\jdk7u80\2329\hotspot\src\share\vm\prims\jvm.cpp:1319
Event: 5.859 Thread 0x000000000a7d4000 Threw 0x00000000ebad8488 at C:\re\jdk7u80\2329\hotspot\src\share\vm\prims\jvm.cpp:1319
Event: 5.868 Thread 0x0000000001fbd800 Threw 0x00000000ebcf0e70 at C:\re\jdk7u80\2329\hotspot\src\share\vm\prims\jvm.cpp:1319
Event: 5.874 Thread 0x0000000001fbd800 Threw 0x00000000ebd01fc8 at C:\re\jdk7u80\2329\hotspot\src\share\vm\prims\jvm.cpp:1319
Event: 5.914 Thread 0x000000000a6f2800 Implicit null exception at 0x0000000002341523 to 0x00000000023416f9

Events (10 events):
Event: 5.971 Thread 0x000000000a7d4000 DEOPT PACKING pc=0x00000000023304b4 sp=0x000000000b27eaa0
Event: 5.971 Thread 0x000000000a7d4000 DEOPT UNPACKING pc=0x00000000022f75a4 sp=0x000000000b27e9f0 mode 2
Event: 6.023 Thread 0x000000000a7d4000 Uncommon trap: trap_request=0xffffffde fr.pc=0x00000000023304b4
Event: 6.023 Thread 0x000000000a7d4000 DEOPT PACKING pc=0x00000000023304b4 sp=0x000000000b27e7c0
Event: 6.023 Thread 0x000000000a7d4000 DEOPT UNPACKING pc=0x00000000022f75a4 sp=0x000000000b27e710 mode 2
Event: 6.024 Thread 0x000000000a7d4000 Uncommon trap: trap_request=0xffffffde fr.pc=0x00000000023304b4
Event: 6.024 Thread 0x000000000a7d4000 DEOPT PACKING pc=0x00000000023304b4 sp=0x000000000b27e7c0
Event: 6.024 Thread 0x000000000a7d4000 DEOPT UNPACKING pc=0x00000000022f75a4 sp=0x000000000b27e710 mode 2
Event: 6.032 loading class 0x0000000002246a90
Event: 6.032 loading class 0x0000000002246a90 done


Dynamic libraries:
0x00007ff678710000 - 0x00007ff678743000 	C:\Program Files\Java\jdk1.7.0_80\bin\java.exe
0x00007ffee94e0000 - 0x00007ffee96a1000 	C:\WINDOWS\SYSTEM32\ntdll.dll
0x00007ffee8600000 - 0x00007ffee86ad000 	C:\WINDOWS\system32\KERNEL32.DLL
0x00007ffee5d60000 - 0x00007ffee5f48000 	C:\WINDOWS\system32\KERNELBASE.dll
0x00007ffee8b60000 - 0x00007ffee8c07000 	C:\WINDOWS\system32\ADVAPI32.dll
0x00007ffee6d20000 - 0x00007ffee6dbd000 	C:\WINDOWS\system32\msvcrt.dll
0x00007ffee8920000 - 0x00007ffee897b000 	C:\WINDOWS\system32\sechost.dll
0x00007ffee8de0000 - 0x00007ffee8efc000 	C:\WINDOWS\system32\RPCRT4.dll
0x00007ffee68e0000 - 0x00007ffee6a36000 	C:\WINDOWS\system32\USER32.dll
0x00007ffee9350000 - 0x00007ffee94d6000 	C:\WINDOWS\system32\GDI32.dll
0x00007ffed5b30000 - 0x00007ffed5da4000 	C:\WINDOWS\WinSxS\amd64_microsoft.windows.common-controls_6595b64144ccf1df_6.0.10586.0_none_8c15ae12515e1c22\COMCTL32.dll
0x00007ffee6aa0000 - 0x00007ffee6d1d000 	C:\WINDOWS\system32\combase.dll
0x00007ffee6870000 - 0x00007ffee68da000 	C:\WINDOWS\system32\bcryptPrimitives.dll
0x00007ffee7060000 - 0x00007ffee709b000 	C:\WINDOWS\system32\IMM32.DLL
0x00000000693f0000 - 0x00000000694c2000 	C:\Program Files\Java\jdk1.7.0_80\jre\bin\msvcr100.dll
0x0000000069ea0000 - 0x000000006a679000 	C:\Program Files\Java\jdk1.7.0_80\jre\bin\server\jvm.dll
0x00007ffee89f0000 - 0x00007ffee89f8000 	C:\WINDOWS\system32\PSAPI.DLL
0x00007ffeda430000 - 0x00007ffeda439000 	C:\WINDOWS\SYSTEM32\WSOCK32.dll
0x00007ffee8c10000 - 0x00007ffee8c7b000 	C:\WINDOWS\system32\WS2_32.dll
0x00007ffee3f30000 - 0x00007ffee3f53000 	C:\WINDOWS\SYSTEM32\WINMM.dll
0x00007ffee3ed0000 - 0x00007ffee3efc000 	C:\WINDOWS\SYSTEM32\WINMMBASE.dll
0x00007ffee5f50000 - 0x00007ffee5f93000 	C:\WINDOWS\system32\cfgmgr32.dll
0x0000000069e90000 - 0x0000000069e9f000 	C:\Program Files\Java\jdk1.7.0_80\jre\bin\verify.dll
0x0000000069e60000 - 0x0000000069e88000 	C:\Program Files\Java\jdk1.7.0_80\jre\bin\java.dll
0x0000000069e40000 - 0x0000000069e56000 	C:\Program Files\Java\jdk1.7.0_80\jre\bin\zip.dll
0x0000000069e20000 - 0x0000000069e3a000 	C:\Program Files\Java\jdk1.7.0_80\jre\bin\net.dll
0x00007ffee5430000 - 0x00007ffee548c000 	C:\WINDOWS\system32\mswsock.dll
0x0000000069d60000 - 0x0000000069d71000 	C:\Program Files\Java\jdk1.7.0_80\jre\bin\nio.dll

VM Arguments:
jvm_args: -Djava.awt.headless=true -Xmx1024M -Dfile.encoding=windows-1252 -Duser.country=US -Duser.language=en -Duser.variant 
java_command: com.android.dx.command.Main --dex --force-jumbo --num-threads=4 --output C:\Users\MyPC\AndroidStudioProjects\RaSEReport\app\build\intermediates\pre-dexed\debug\com.android.support-appcompat-v7-22.2.1_be50f07ea77fc01bc0ce2407a809da68a2eb0d46.jar C:\Users\MyPC\AndroidStudioProjects\RaSEReport\app\build\intermediates\exploded-aar\com.android.support\appcompat-v7\22.2.1\jars\classes.jar
Launcher Type: SUN_STANDARD

Environment Variables:
JAVA_HOME=C:\Program Files\Java\jdk1.7.0_80\
PATH=C:\Python27\;C:\Python27\Scripts;F:\app\MyPC\product\11.2.0\dbhome_1\bin;C:\ProgramData\Oracle\Java\javapath;C:\WINDOWS\system32;C:\WINDOWS;C:\WINDOWS\System32\Wbem;C:\WINDOWS\System32\WindowsPowerShell\v1.0\;C:\Program Files (x86)\ATI Technologies\ATI.ACE\Core-Static;C:\Program Files\Microsoft SQL Server\110\Tools\Binn\;C:\Program Files (x86)\AMD\ATI.ACE\Core-Static;C:\Program Files (x86)\Intel\OpenCL SDK\2.0\bin\x86;C:\Program Files (x86)\Intel\OpenCL SDK\2.0\bin\x64;C:\Program Files (x86)\GNU\GnuPG\pub;C:\Program Files (x86)\SMART Technologies\SMART Response\;C:\Program Files (x86)\Windows Kits\8.1\Windows Performance Toolkit\;C:\Program Files (x86)\Microsoft SDKs\TypeScript\1.0\;C:\Program Files\Microsoft SQL Server\120\Tools\Binn\;C:\Program Files\Microsoft\Web Platform Installer\;C:\Program Files (x86)\Microsoft ASP.NET\ASP.NET Web Pages\v1.0\;C:\Program Files (x86)\Microsoft SQL Server\100\Tools\Binn\;C:\Program Files\Microsoft SQL Server\100\Tools\Binn\;C:\Program Files\Microsoft SQL Server\100\DTS\Binn\;C:\Program Files (x86)\Microsoft SQL Server\100\Tools\Binn\VSShell\Common7\IDE\;C:\Program Files (x86)\Microsoft Visual Studio 9.0\Common7\IDE\PrivateAssemblies\;C:\Program Files (x86)\Microsoft SQL Server\100\DTS\Binn\;C:\Program Files (x86)\OptiTex 10\App;C:\Program Files (x86)\Skype\Phone\;C:\Program Files (x86)\Heroku\bin;C:\Program Files (x86)\git\cmd;C:\Program Files (x86)\Git\cmd;C:\grails-2.5.2\bin;JAVA_HOME\bin;C:\Ruby22-x64\bin
USERNAME=MyPC
OS=Windows_NT
PROCESSOR_IDENTIFIER=Intel64 Family 6 Model 42 Stepping 7, GenuineIntel



---------------  S Y S T E M  ---------------

OS: Windows 8.1 , 64 bit Build 9600 

CPU:total 8 (4 cores per cpu, 2 threads per core) family 6 model 42 stepping 7, cmov, cx8, fxsr, mmx, sse, sse2, sse3, ssse3, sse4.1, sse4.2, popcnt, avx, aes, ht, tsc, tscinvbit

Memory: 4k page, physical 16625516k(3795228k free), swap 25247408k(4992k free)

vm_info: Java HotSpot(TM) 64-Bit Server VM (24.80-b11) for windows-amd64 JRE (1.7.0_80-b15), built on Apr 10 2015 11:26:34 by "java_re" with unknown MS VC++:1600

time: Wed May 25 11:05:21 2016
elapsed time: 6 seconds

