#
# There is insufficient memory for the Java Runtime Environment to continue.
# Native memory allocation (malloc) failed to allocate 134320 bytes for Chunk::new
# Possible reasons:
#   The system is out of physical RAM or swap space
#   In 32 bit mode, the process size limit was hit
# Possible solutions:
#   Reduce memory load on the system
#   Increase physical memory or swap space
#   Check if swap backing store is full
#   Use 64 bit Java on a 64 bit OS
#   Decrease Java heap size (-Xmx/-Xms)
#   Decrease number of Java threads
#   Decrease Java thread stack sizes (-Xss)
#   Set larger code cache with -XX:ReservedCodeCacheSize=
# This output file may be truncated or incomplete.
#
#  Out of Memory Error (allocation.cpp:323), pid=22612, tid=21372
#
# JRE version: Java(TM) SE Runtime Environment (7.0_80-b15) (build 1.7.0_80-b15)
# Java VM: Java HotSpot(TM) 64-Bit Server VM (24.80-b11 mixed mode windows-amd64 compressed oops)
# Failed to write core dump. Minidumps are not enabled by default on client versions of Windows
#

---------------  T H R E A D  ---------------

Current thread (0x000000000a5d1000):  JavaThread "C2 CompilerThread0" daemon [_thread_in_native, id=21372, stack(0x000000000abb0000,0x000000000acb0000)]

Stack: [0x000000000abb0000,0x000000000acb0000]

Current CompileTask:
C2:   4472  310             com.android.dx.ssa.LiteralOpUpgrader::tryReplacingWithConstant (161 bytes)


---------------  P R O C E S S  ---------------

Java Threads: ( => current thread )
  0x000000000a821000 JavaThread "pool-2-thread-4" [_thread_in_Java, id=20580, stack(0x000000000b3b0000,0x000000000b4b0000)]
  0x000000000a6de000 JavaThread "pool-2-thread-3" [_thread_in_vm, id=4444, stack(0x000000000b2b0000,0x000000000b3b0000)]
  0x000000000a752800 JavaThread "pool-2-thread-2" [_thread_blocked, id=1252, stack(0x000000000b1b0000,0x000000000b2b0000)]
  0x000000000a6d5000 JavaThread "pool-3-thread-1" [_thread_blocked, id=7000, stack(0x000000000b0b0000,0x000000000b1b0000)]
  0x000000000a6c1800 JavaThread "pool-2-thread-1" [_thread_in_Java, id=21136, stack(0x000000000afb0000,0x000000000b0b0000)]
  0x00000000022ec000 JavaThread "Service Thread" daemon [_thread_blocked, id=10332, stack(0x000000000adb0000,0x000000000aeb0000)]
  0x00000000022e0000 JavaThread "C2 CompilerThread1" daemon [_thread_in_native, id=1552, stack(0x000000000acb0000,0x000000000adb0000)]
=>0x000000000a5d1000 JavaThread "C2 CompilerThread0" daemon [_thread_in_native, id=21372, stack(0x000000000abb0000,0x000000000acb0000)]
  0x00000000022de000 JavaThread "Attach Listener" daemon [_thread_blocked, id=21808, stack(0x000000000aab0000,0x000000000abb0000)]
  0x000000000a5d0800 JavaThread "Signal Dispatcher" daemon [_thread_blocked, id=17616, stack(0x000000000a9b0000,0x000000000aab0000)]
  0x00000000085f1000 JavaThread "Finalizer" daemon [_thread_blocked, id=12936, stack(0x000000000a4b0000,0x000000000a5b0000)]
  0x00000000085ea000 JavaThread "Reference Handler" daemon [_thread_blocked, id=15472, stack(0x000000000a3b0000,0x000000000a4b0000)]
  0x00000000021ed800 JavaThread "main" [_thread_blocked, id=22216, stack(0x0000000002030000,0x0000000002130000)]

Other Threads:
  0x00000000085e5800 VMThread [stack: 0x000000000a2b0000,0x000000000a3b0000] [id=19896]
  0x000000000a5db000 WatcherThread [stack: 0x000000000aeb0000,0x000000000afb0000] [id=14264]

VM state:not at safepoint (normal execution)

VM Mutex/Monitor currently owned by a thread: None

Heap
 PSYoungGen      total 76288K, used 24437K [0x00000000eaa80000, 0x00000000eff80000, 0x0000000100000000)
  eden space 65536K, 20% used [0x00000000eaa80000,0x00000000eb7e0858,0x00000000eea80000)
  from space 10752K, 99% used [0x00000000eea80000,0x00000000ef4fce60,0x00000000ef500000)
  to   space 10752K, 0% used [0x00000000ef500000,0x00000000ef500000,0x00000000eff80000)
 ParOldGen       total 173056K, used 885K [0x00000000c0000000, 0x00000000ca900000, 0x00000000eaa80000)
  object space 173056K, 0% used [0x00000000c0000000,0x00000000c00dd688,0x00000000ca900000)
 PSPermGen       total 21504K, used 5886K [0x00000000bae00000, 0x00000000bc300000, 0x00000000c0000000)
  object space 21504K, 27% used [0x00000000bae00000,0x00000000bb3bfb80,0x00000000bc300000)

Card table byte_map: [0x00000000053b0000,0x00000000055e0000] byte_map_base: 0x0000000004dd9000

Polling page: 0x0000000001fc0000

Code Cache  [0x00000000022f0000, 0x0000000002560000, 0x00000000052f0000)
 total_blobs=551 nmethods=314 adapters=189 free_code_cache=47959Kb largest_free_block=49078336

Compilation events (10 events):
Event: 4.383 Thread 0x000000000a5d1000  309             com.android.dx.ssa.LiteralOpUpgrader::access$000 (6 bytes)
Event: 4.435 Thread 0x000000000a5d1000 nmethod 309 0x0000000002401c10 code [0x0000000002401e40, 0x0000000002402b68]
Event: 4.436 Thread 0x000000000a5d1000  310             com.android.dx.ssa.LiteralOpUpgrader::tryReplacingWithConstant (161 bytes)
Event: 4.464 Thread 0x00000000022e0000 nmethod 308 0x000000000241e690 code [0x000000000241e9a0, 0x000000000241fdd8]
Event: 4.465 Thread 0x00000000022e0000  311             com.android.dx.rop.cst.CstInteger::getType (4 bytes)
Event: 4.465 Thread 0x00000000022e0000 nmethod 311 0x00000000024019d0 code [0x0000000002401b00, 0x0000000002401b58]
Event: 4.465 Thread 0x00000000022e0000  312             com.android.dx.ssa.back.FirstFitLocalCombiningAllocator$1::visitNonMoveInsn (6 bytes)
Event: 4.466 Thread 0x00000000022e0000 nmethod 312 0x0000000002408490 code [0x00000000024085e0, 0x0000000002408648]
Event: 4.466 Thread 0x00000000022e0000  313             com.android.dx.rop.code.ThrowingCstInsn::<init> (51 bytes)
Event: 4.469 Thread 0x00000000022e0000 nmethod 313 0x0000000002404790 code [0x00000000024048e0, 0x0000000002404a98]

GC Heap History (2 events):
Event: 4.259 GC heap before
{Heap before GC invocations=1 (full 0):
 PSYoungGen      total 76288K, used 65536K [0x00000000eaa80000, 0x00000000eff80000, 0x0000000100000000)
  eden space 65536K, 100% used [0x00000000eaa80000,0x00000000eea80000,0x00000000eea80000)
  from space 10752K, 0% used [0x00000000ef500000,0x00000000ef500000,0x00000000eff80000)
  to   space 10752K, 0% used [0x00000000eea80000,0x00000000eea80000,0x00000000ef500000)
 ParOldGen       total 173056K, used 0K [0x00000000c0000000, 0x00000000ca900000, 0x00000000eaa80000)
  object space 173056K, 0% used [0x00000000c0000000,0x00000000c0000000,0x00000000ca900000)
 PSPermGen       total 21504K, used 5871K [0x00000000bae00000, 0x00000000bc300000, 0x00000000c0000000)
  object space 21504K, 27% used [0x00000000bae00000,0x00000000bb3bbf68,0x00000000bc300000)
Event: 4.288 GC heap after
Heap after GC invocations=1 (full 0):
 PSYoungGen      total 76288K, used 10739K [0x00000000eaa80000, 0x00000000eff80000, 0x0000000100000000)
  eden space 65536K, 0% used [0x00000000eaa80000,0x00000000eaa80000,0x00000000eea80000)
  from space 10752K, 99% used [0x00000000eea80000,0x00000000ef4fce60,0x00000000ef500000)
  to   space 10752K, 0% used [0x00000000ef500000,0x00000000ef500000,0x00000000eff80000)
 ParOldGen       total 173056K, used 885K [0x00000000c0000000, 0x00000000ca900000, 0x00000000eaa80000)
  object space 173056K, 0% used [0x00000000c0000000,0x00000000c00dd688,0x00000000ca900000)
 PSPermGen       total 21504K, used 5871K [0x00000000bae00000, 0x00000000bc300000, 0x00000000c0000000)
  object space 21504K, 27% used [0x00000000bae00000,0x00000000bb3bbf68,0x00000000bc300000)
}

Deoptimization events (10 events):
Event: 4.030 Thread 0x00000000021ed800 Uncommon trap: reason=uninitialized action=reinterpret pc=0x00000000023e2b28 method=com.android.dx.cf.code.ByteCatchList.toRopCatchList()Lcom/android/dx/rop/type/TypeList; @ 36
Event: 4.035 Thread 0x00000000021ed800 Uncommon trap: reason=unstable_if action=reinterpret pc=0x00000000023d58b0 method=com.android.dx.cf.code.Ropper.addExceptionSetupBlocks()V @ 21
Event: 4.036 Thread 0x00000000021ed800 Uncommon trap: reason=unstable_if action=reinterpret pc=0x000000000239fd44 method=com.android.dx.ssa.LocalVariableExtractor.processBlock(I)V @ 77
Event: 4.038 Thread 0x00000000021ed800 Uncommon trap: reason=unstable_if action=reinterpret pc=0x00000000023b7578 method=com.android.dx.ssa.back.IdenticalBlockCombiner.process()Lcom/android/dx/rop/code/RopMethod; @ 207
Event: 4.039 Thread 0x00000000021ed800 Uncommon trap: reason=unstable_if action=reinterpret pc=0x00000000023c4908 method=com.android.dx.util.LabeledList.set(ILcom/android/dx/util/LabeledItem;)V @ 16
Event: 4.039 Thread 0x00000000021ed800 Uncommon trap: reason=unstable_if action=reinterpret pc=0x00000000023c008c method=com.android.dx.rop.code.LocalVariableExtractor.processBlock(I)V @ 35
Event: 4.054 Thread 0x00000000021ed800 Uncommon trap: reason=unstable_if action=reinterpret pc=0x00000000023ed664 method=com.android.dx.dex.code.RopTranslator.pickOrder()V @ 143
Event: 4.339 Thread 0x00000000021ed800 Uncommon trap: reason=unstable_if action=reinterpret pc=0x00000000023b3c7c method=com.android.dx.ssa.SCCP.simulateBranch(Lcom/android/dx/ssa/SsaInsn;)V @ 548
Event: 4.339 Thread 0x00000000021ed800 Uncommon trap: reason=unstable_if action=reinterpret pc=0x00000000023d0630 method=com.android.dx.ssa.SCCP.run()V @ 179
Event: 4.390 Thread 0x00000000021ed800 Uncommon trap: reason=null_check action=make_not_entrant pc=0x0000000002407514 method=com.android.dx.rop.type.Type.putIntern(Lcom/android/dx/rop/type/Type;)Lcom/android/dx/rop/type/Type; @ 18

Internal exceptions (10 events):
Event: 2.062 Thread 0x000000000a752800 Threw 0x00000000eb724808 at C:\re\jdk7u80\2329\hotspot\src\share\vm\prims\jvm.cpp:1319
Event: 2.084 Thread 0x00000000021ed800 Threw 0x00000000eb8eb2a8 at C:\re\jdk7u80\2329\hotspot\src\share\vm\prims\jvm.cpp:1319
Event: 2.135 Thread 0x00000000021ed800 Threw 0x00000000eb8f3338 at C:\re\jdk7u80\2329\hotspot\src\share\vm\prims\jvm.cpp:1319
Event: 2.311 Thread 0x00000000021ed800 Threw 0x00000000eb9dbf38 at C:\re\jdk7u80\2329\hotspot\src\share\vm\prims\jvm.cpp:1319
Event: 2.394 Thread 0x00000000021ed800 Threw 0x00000000ebe15388 at C:\re\jdk7u80\2329\hotspot\src\share\vm\prims\jvm.cpp:1319
Event: 2.563 Thread 0x000000000a752800 Implicit null exception at 0x0000000002372641 to 0x00000000023727ee
Event: 4.024 Thread 0x00000000021ed800 Threw 0x00000000ed8973b0 at C:\re\jdk7u80\2329\hotspot\src\share\vm\prims\jvm.cpp:1319
Event: 4.033 Thread 0x00000000021ed800 Threw 0x00000000ed8b6180 at C:\re\jdk7u80\2329\hotspot\src\share\vm\prims\jvm.cpp:1319
Event: 4.184 Thread 0x000000000a752800 Threw 0x00000000edfea800 at C:\re\jdk7u80\2329\hotspot\src\share\vm\prims\jvm.cpp:1319
Event: 4.390 Thread 0x00000000021ed800 Implicit null exception at 0x0000000002406d5b to 0x0000000002407505

Events (10 events):
Event: 4.339 Thread 0x00000000021ed800 DEOPT PACKING pc=0x00000000023b3c7c sp=0x000000000212e680
Event: 4.339 Thread 0x00000000021ed800 DEOPT UNPACKING pc=0x00000000023275a4 sp=0x000000000212e5e8 mode 2
Event: 4.339 Thread 0x00000000021ed800 Uncommon trap: trap_request=0xffffff75 fr.pc=0x00000000023d0630
Event: 4.339 Thread 0x00000000021ed800 DEOPT PACKING pc=0x00000000023d0630 sp=0x000000000212e730
Event: 4.339 Thread 0x00000000021ed800 DEOPT UNPACKING pc=0x00000000023275a4 sp=0x000000000212e710 mode 2
Event: 4.348 Executing VM operation: EnableBiasedLocking
Event: 4.367 Executing VM operation: EnableBiasedLocking done
Event: 4.390 Thread 0x00000000021ed800 Uncommon trap: trap_request=0xfffffff4 fr.pc=0x0000000002407514
Event: 4.390 Thread 0x00000000021ed800 DEOPT PACKING pc=0x0000000002407514 sp=0x000000000212eb30
Event: 4.390 Thread 0x00000000021ed800 DEOPT UNPACKING pc=0x00000000023275a4 sp=0x000000000212ea50 mode 2


Dynamic libraries:
0x00007ff678710000 - 0x00007ff678743000 	C:\Program Files\Java\jdk1.7.0_80\bin\java.exe
0x00007ffee94e0000 - 0x00007ffee96a1000 	C:\WINDOWS\SYSTEM32\ntdll.dll
0x00007ffee8600000 - 0x00007ffee86ad000 	C:\WINDOWS\system32\KERNEL32.DLL
0x00007ffee5d60000 - 0x00007ffee5f48000 	C:\WINDOWS\system32\KERNELBASE.dll
0x00007ffee8b60000 - 0x00007ffee8c07000 	C:\WINDOWS\system32\ADVAPI32.dll
0x00007ffee6d20000 - 0x00007ffee6dbd000 	C:\WINDOWS\system32\msvcrt.dll
0x00007ffee8920000 - 0x00007ffee897b000 	C:\WINDOWS\system32\sechost.dll
0x00007ffee8de0000 - 0x00007ffee8efc000 	C:\WINDOWS\system32\RPCRT4.dll
0x00007ffee68e0000 - 0x00007ffee6a36000 	C:\WINDOWS\system32\USER32.dll
0x00007ffee9350000 - 0x00007ffee94d6000 	C:\WINDOWS\system32\GDI32.dll
0x00007ffed5b30000 - 0x00007ffed5da4000 	C:\WINDOWS\WinSxS\amd64_microsoft.windows.common-controls_6595b64144ccf1df_6.0.10586.0_none_8c15ae12515e1c22\COMCTL32.dll
0x00007ffee6aa0000 - 0x00007ffee6d1d000 	C:\WINDOWS\system32\combase.dll
0x00007ffee6870000 - 0x00007ffee68da000 	C:\WINDOWS\system32\bcryptPrimitives.dll
0x00007ffee7060000 - 0x00007ffee709b000 	C:\WINDOWS\system32\IMM32.DLL
0x00000000693f0000 - 0x00000000694c2000 	C:\Program Files\Java\jdk1.7.0_80\jre\bin\msvcr100.dll
0x0000000069ea0000 - 0x000000006a679000 	C:\Program Files\Java\jdk1.7.0_80\jre\bin\server\jvm.dll
0x00007ffee89f0000 - 0x00007ffee89f8000 	C:\WINDOWS\system32\PSAPI.DLL
0x00007ffeda430000 - 0x00007ffeda439000 	C:\WINDOWS\SYSTEM32\WSOCK32.dll
0x00007ffee3f30000 - 0x00007ffee3f53000 	C:\WINDOWS\SYSTEM32\WINMM.dll
0x00007ffee8c10000 - 0x00007ffee8c7b000 	C:\WINDOWS\system32\WS2_32.dll
0x00007ffee3ed0000 - 0x00007ffee3efc000 	C:\WINDOWS\SYSTEM32\WINMMBASE.dll
0x00007ffee5f50000 - 0x00007ffee5f93000 	C:\WINDOWS\system32\cfgmgr32.dll
0x0000000069e90000 - 0x0000000069e9f000 	C:\Program Files\Java\jdk1.7.0_80\jre\bin\verify.dll
0x0000000069e60000 - 0x0000000069e88000 	C:\Program Files\Java\jdk1.7.0_80\jre\bin\java.dll
0x0000000069e40000 - 0x0000000069e56000 	C:\Program Files\Java\jdk1.7.0_80\jre\bin\zip.dll
0x0000000069e20000 - 0x0000000069e3a000 	C:\Program Files\Java\jdk1.7.0_80\jre\bin\net.dll
0x00007ffee5430000 - 0x00007ffee548c000 	C:\WINDOWS\system32\mswsock.dll
0x0000000069d60000 - 0x0000000069d71000 	C:\Program Files\Java\jdk1.7.0_80\jre\bin\nio.dll

VM Arguments:
jvm_args: -Djava.awt.headless=true -Xmx1024M -Dfile.encoding=windows-1252 -Duser.country=US -Duser.language=en -Duser.variant 
java_command: com.android.dx.command.Main --dex --force-jumbo --num-threads=4 --multi-dex --output C:\Users\MyPC\AndroidStudioProjects\RaSEReport\app\build\intermediates\transforms\dex\debug\folders\1000\10\com.google.android.gms-play-services-fitness-7.5.0_14a1445b770e7e3aa463a26655339a2aa7c0ca96 C:\Users\MyPC\AndroidStudioProjects\RaSEReport\app\build\intermediates\exploded-aar\com.google.android.gms\play-services-fitness\7.5.0\jars\classes.jar
Launcher Type: SUN_STANDARD

Environment Variables:
JAVA_HOME=C:\Program Files\Java\jdk1.7.0_80\
PATH=C:\Python27\;C:\Python27\Scripts;F:\app\MyPC\product\11.2.0\dbhome_1\bin;C:\ProgramData\Oracle\Java\javapath;C:\WINDOWS\system32;C:\WINDOWS;C:\WINDOWS\System32\Wbem;C:\WINDOWS\System32\WindowsPowerShell\v1.0\;C:\Program Files (x86)\ATI Technologies\ATI.ACE\Core-Static;C:\Program Files\Microsoft SQL Server\110\Tools\Binn\;C:\Program Files (x86)\AMD\ATI.ACE\Core-Static;C:\Program Files (x86)\Intel\OpenCL SDK\2.0\bin\x86;C:\Program Files (x86)\Intel\OpenCL SDK\2.0\bin\x64;C:\Program Files (x86)\GNU\GnuPG\pub;C:\Program Files (x86)\SMART Technologies\SMART Response\;C:\Program Files (x86)\Windows Kits\8.1\Windows Performance Toolkit\;C:\Program Files (x86)\Microsoft SDKs\TypeScript\1.0\;C:\Program Files\Microsoft SQL Server\120\Tools\Binn\;C:\Program Files\Microsoft\Web Platform Installer\;C:\Program Files (x86)\Microsoft ASP.NET\ASP.NET Web Pages\v1.0\;C:\Program Files (x86)\Microsoft SQL Server\100\Tools\Binn\;C:\Program Files\Microsoft SQL Server\100\Tools\Binn\;C:\Program Files\Microsoft SQL Server\100\DTS\Binn\;C:\Program Files (x86)\Microsoft SQL Server\100\Tools\Binn\VSShell\Common7\IDE\;C:\Program Files (x86)\Microsoft Visual Studio 9.0\Common7\IDE\PrivateAssemblies\;C:\Program Files (x86)\Microsoft SQL Server\100\DTS\Binn\;C:\Program Files (x86)\OptiTex 10\App;C:\Program Files (x86)\Skype\Phone\;C:\Program Files (x86)\Heroku\bin;C:\Program Files (x86)\git\cmd;C:\Program Files (x86)\Git\cmd;C:\grails-2.5.2\bin;JAVA_HOME\bin;C:\Ruby22-x64\bin
USERNAME=MyPC
OS=Windows_NT
PROCESSOR_IDENTIFIER=Intel64 Family 6 Model 42 Stepping 7, GenuineIntel



---------------  S Y S T E M  ---------------

OS: Windows 8.1 , 64 bit Build 9600 

CPU:total 8 (4 cores per cpu, 2 threads per core) family 6 model 42 stepping 7, cmov, cx8, fxsr, mmx, sse, sse2, sse3, ssse3, sse4.1, sse4.2, popcnt, avx, aes, ht, tsc, tscinvbit

Memory: 4k page, physical 16625516k(3679376k free), swap 25230496k(5268k free)

vm_info: Java HotSpot(TM) 64-Bit Server VM (24.80-b11) for windows-amd64 JRE (1.7.0_80-b15), built on Apr 10 2015 11:26:34 by "java_re" with unknown MS VC++:1600

time: Wed May 25 10:57:07 2016
elapsed time: 4 seconds

