#
# There is insufficient memory for the Java Runtime Environment to continue.
# Native memory allocation (malloc) failed to allocate 1004976 bytes for Chunk::new
# Possible reasons:
#   The system is out of physical RAM or swap space
#   In 32 bit mode, the process size limit was hit
# Possible solutions:
#   Reduce memory load on the system
#   Increase physical memory or swap space
#   Check if swap backing store is full
#   Use 64 bit Java on a 64 bit OS
#   Decrease Java heap size (-Xmx/-Xms)
#   Decrease number of Java threads
#   Decrease Java thread stack sizes (-Xss)
#   Set larger code cache with -XX:ReservedCodeCacheSize=
# This output file may be truncated or incomplete.
#
#  Out of Memory Error (allocation.cpp:323), pid=2648, tid=24276
#
# JRE version: Java(TM) SE Runtime Environment (7.0_80-b15) (build 1.7.0_80-b15)
# Java VM: Java HotSpot(TM) 64-Bit Server VM (24.80-b11 mixed mode windows-amd64 compressed oops)
# Failed to write core dump. Minidumps are not enabled by default on client versions of Windows
#

---------------  T H R E A D  ---------------

Current thread (0x00000000022cf000):  JavaThread "C2 CompilerThread0" daemon [_thread_in_native, id=24276, stack(0x000000000ab50000,0x000000000ac50000)]

Stack: [0x000000000ab50000,0x000000000ac50000]

Current CompileTask:
C2:   4818  225             com.android.dx.ssa.SCCP::run (298 bytes)


---------------  P R O C E S S  ---------------

Java Threads: ( => current thread )
  0x000000000a76d800 JavaThread "pool-2-thread-4" [_thread_in_vm, id=4588, stack(0x000000000b350000,0x000000000b450000)]
  0x000000000a76b000 JavaThread "pool-2-thread-3" [_thread_in_Java, id=19528, stack(0x000000000b250000,0x000000000b350000)]
  0x000000000a787800 JavaThread "pool-2-thread-2" [_thread_in_Java, id=15868, stack(0x000000000b150000,0x000000000b250000)]
  0x000000000a6b4800 JavaThread "pool-3-thread-1" [_thread_blocked, id=21012, stack(0x000000000b050000,0x000000000b150000)]
  0x000000000a74f800 JavaThread "pool-2-thread-1" [_thread_blocked, id=16636, stack(0x000000000af50000,0x000000000b050000)]
  0x00000000022d1800 JavaThread "Service Thread" daemon [_thread_blocked, id=23868, stack(0x000000000ad50000,0x000000000ae50000)]
  0x00000000022d1000 JavaThread "C2 CompilerThread1" daemon [_thread_blocked, id=9924, stack(0x000000000ac50000,0x000000000ad50000)]
=>0x00000000022cf000 JavaThread "C2 CompilerThread0" daemon [_thread_in_native, id=24276, stack(0x000000000ab50000,0x000000000ac50000)]
  0x00000000022ce000 JavaThread "Attach Listener" daemon [_thread_blocked, id=10320, stack(0x000000000aa50000,0x000000000ab50000)]
  0x000000000a571800 JavaThread "Signal Dispatcher" daemon [_thread_blocked, id=20512, stack(0x000000000a950000,0x000000000aa50000)]
  0x0000000008570800 JavaThread "Finalizer" daemon [_thread_blocked, id=1968, stack(0x000000000a450000,0x000000000a550000)]
  0x000000000856a000 JavaThread "Reference Handler" daemon [_thread_blocked, id=9504, stack(0x000000000a350000,0x000000000a450000)]
  0x0000000001fdd800 JavaThread "main" [_thread_in_vm, id=11200, stack(0x0000000001fe0000,0x00000000020e0000)]

Other Threads:
  0x0000000008565800 VMThread [stack: 0x000000000a250000,0x000000000a350000] [id=14404]
  0x00000000022d8000 WatcherThread [stack: 0x000000000ae50000,0x000000000af50000] [id=15384]

VM state:synchronizing (normal execution)

VM Mutex/Monitor currently owned by a thread:  ([mutex/lock_event])
[0x0000000001fdce60] Safepoint_lock - owner thread: 0x0000000008565800
[0x0000000001fdc5e0] Threads_lock - owner thread: 0x0000000008565800
[0x0000000001fdcbe0] Heap_lock - owner thread: 0x000000000a74f800

Heap
 PSYoungGen      total 76288K, used 65536K [0x00000000eaa80000, 0x00000000eff80000, 0x0000000100000000)
  eden space 65536K, 100% used [0x00000000eaa80000,0x00000000eea80000,0x00000000eea80000)
  from space 10752K, 0% used [0x00000000ef500000,0x00000000ef500000,0x00000000eff80000)
  to   space 10752K, 0% used [0x00000000eea80000,0x00000000eea80000,0x00000000ef500000)
 ParOldGen       total 173056K, used 0K [0x00000000c0000000, 0x00000000ca900000, 0x00000000eaa80000)
  object space 173056K, 0% used [0x00000000c0000000,0x00000000c0000000,0x00000000ca900000)
 PSPermGen       total 21504K, used 5874K [0x00000000bae00000, 0x00000000bc300000, 0x00000000c0000000)
  object space 21504K, 27% used [0x00000000bae00000,0x00000000bb3bc840,0x00000000bc300000)

Card table byte_map: [0x00000000052e0000,0x0000000005510000] byte_map_base: 0x0000000004d09000

Polling page: 0x0000000000790000

Code Cache  [0x00000000022e0000, 0x0000000002550000, 0x00000000052e0000)
 total_blobs=490 nmethods=253 adapters=189 free_code_cache=48130Kb largest_free_block=49230144

Compilation events (10 events):
Event: 4.242 Thread 0x00000000022d1000 nmethod 249 0x00000000023ba350 code [0x00000000023ba4a0, 0x00000000023ba538]
Event: 4.242 Thread 0x00000000022d1000  250             com.android.dx.dex.code.CodeAddress::<init> (7 bytes)
Event: 4.243 Thread 0x00000000022d1000 nmethod 250 0x00000000023ba090 code [0x00000000023ba1e0, 0x00000000023ba278]
Event: 4.243 Thread 0x00000000022d1000  251             com.android.dx.rop.cst.CstBaseMethodRef::compareTo0 (29 bytes)
Event: 4.259 Thread 0x00000000022d1000 nmethod 251 0x00000000023c3d50 code [0x00000000023c3ee0, 0x00000000023c4698]
Event: 4.259 Thread 0x00000000022d1000  252             com.android.dx.ssa.SsaMethod::buildUseList (112 bytes)
Event: 4.298 Thread 0x00000000022d1000 nmethod 252 0x00000000023c53d0 code [0x00000000023c55e0, 0x00000000023c6208]
Event: 4.298 Thread 0x00000000022d1000  253   !         com.android.dx.cf.code.Ropper::processBlock (1101 bytes)
Event: 4.655 Thread 0x00000000022d1000 nmethod 253 0x00000000023e1d10 code [0x00000000023e2240, 0x00000000023e63d0]
Event: 4.655 Thread 0x00000000022d1000  254             com.android.dx.ssa.back.LivenessAnalyzer::run (231 bytes)

GC Heap History (0 events):
No events

Deoptimization events (10 events):
Event: 2.867 Thread 0x000000000a76d800 Uncommon trap: reason=null_check action=make_not_entrant pc=0x0000000002399e00 method=com.android.dx.rop.code.RegisterSpec.equals(Ljava/lang/Object;)Z @ 1
Event: 3.049 Thread 0x000000000a74f800 Uncommon trap: reason=bimorphic action=maybe_recompile pc=0x000000000239f950 method=java.util.HashMap.put(Ljava/lang/Object;Ljava/lang/Object;)Ljava/lang/Object; @ 83
Event: 3.439 Thread 0x000000000a74f800 Uncommon trap: reason=class_check action=maybe_recompile pc=0x000000000236e2e8 method=com.android.dx.ssa.NormalSsaInsn.accept(Lcom/android/dx/ssa/SsaInsn$Visitor;)V @ 9
Event: 3.526 Thread 0x000000000a74f800 Uncommon trap: reason=class_check action=maybe_recompile pc=0x000000000236e2e8 method=com.android.dx.ssa.NormalSsaInsn.accept(Lcom/android/dx/ssa/SsaInsn$Visitor;)V @ 9
Event: 3.531 Thread 0x000000000a74f800 Uncommon trap: reason=class_check action=maybe_recompile pc=0x000000000236e2e8 method=com.android.dx.ssa.NormalSsaInsn.accept(Lcom/android/dx/ssa/SsaInsn$Visitor;)V @ 9
Event: 3.533 Thread 0x000000000a74f800 Uncommon trap: reason=class_check action=maybe_recompile pc=0x000000000236e2e8 method=com.android.dx.ssa.NormalSsaInsn.accept(Lcom/android/dx/ssa/SsaInsn$Visitor;)V @ 9
Event: 3.745 Thread 0x000000000a74f800 Uncommon trap: reason=class_check action=maybe_recompile pc=0x000000000235e410 method=com.android.dx.ssa.NormalSsaInsn.accept(Lcom/android/dx/ssa/SsaInsn$Visitor;)V @ 9
Event: 3.757 Thread 0x000000000a74f800 Uncommon trap: reason=unstable_if action=reinterpret pc=0x00000000023766c4 method=com.android.dx.rop.cst.Constant.compareTo(Lcom/android/dx/rop/cst/Constant;)I @ 12
Event: 4.257 Thread 0x000000000a74f800 Uncommon trap: reason=bimorphic action=maybe_recompile pc=0x000000000239f950 method=java.util.HashMap.put(Ljava/lang/Object;Ljava/lang/Object;)Ljava/lang/Object; @ 83
Event: 4.600 Thread 0x000000000a787800 Uncommon trap: reason=bimorphic action=maybe_recompile pc=0x000000000239f950 method=java.util.HashMap.put(Ljava/lang/Object;Ljava/lang/Object;)Ljava/lang/Object; @ 83

Internal exceptions (10 events):
Event: 1.659 Thread 0x000000000a76b000 Threw 0x00000000eba2e6f0 at C:\re\jdk7u80\2329\hotspot\src\share\vm\prims\jvm.cpp:1319
Event: 1.828 Thread 0x0000000001fdd800 Threw 0x00000000ebfe3a68 at C:\re\jdk7u80\2329\hotspot\src\share\vm\prims\jvm.cpp:1319
Event: 1.832 Thread 0x0000000001fdd800 Threw 0x00000000ebfed978 at C:\re\jdk7u80\2329\hotspot\src\share\vm\prims\jvm.cpp:1319
Event: 1.832 Thread 0x0000000001fdd800 Threw 0x00000000ebfefd38 at C:\re\jdk7u80\2329\hotspot\src\share\vm\prims\jvm.cpp:1319
Event: 2.098 Thread 0x0000000001fdd800 Threw 0x00000000ec05c050 at C:\re\jdk7u80\2329\hotspot\src\share\vm\prims\jvm.cpp:1319
Event: 2.136 Thread 0x0000000001fdd800 Implicit null exception at 0x00000000023663e2 to 0x00000000023665c2
Event: 2.316 Thread 0x0000000001fdd800 Threw 0x00000000ec299ed8 at C:\re\jdk7u80\2329\hotspot\src\share\vm\prims\jvm.cpp:1319
Event: 2.867 Thread 0x000000000a76d800 Implicit null exception at 0x000000000239906e to 0x0000000002399dd5
Event: 4.245 Thread 0x0000000001fdd800 Threw 0x00000000ee1f15b8 at C:\re\jdk7u80\2329\hotspot\src\share\vm\prims\jvm.cpp:1319
Event: 4.392 Thread 0x000000000a787800 Threw 0x00000000ed0ff2e0 at C:\re\jdk7u80\2329\hotspot\src\share\vm\prims\jvm.cpp:1319

Events (10 events):
Event: 4.257 Thread 0x000000000a74f800 DEOPT PACKING pc=0x000000000239f950 sp=0x000000000b04eb40
Event: 4.257 Thread 0x000000000a74f800 DEOPT UNPACKING pc=0x00000000023175a4 sp=0x000000000b04eae8 mode 2
Event: 4.392 loading class 0x000000000a678d80
Event: 4.392 loading class 0x000000000a678d80 done
Event: 4.516 Executing VM operation: EnableBiasedLocking
Event: 4.539 Executing VM operation: EnableBiasedLocking done
Event: 4.600 Thread 0x000000000a787800 Uncommon trap: trap_request=0xffffffc6 fr.pc=0x000000000239f950
Event: 4.600 Thread 0x000000000a787800 DEOPT PACKING pc=0x000000000239f950 sp=0x000000000b24ebe0
Event: 4.600 Thread 0x000000000a787800 DEOPT UNPACKING pc=0x00000000023175a4 sp=0x000000000b24eb88 mode 2
Event: 4.690 Executing VM operation: ParallelGCFailedAllocation


Dynamic libraries:
0x00007ff678710000 - 0x00007ff678743000 	C:\Program Files\Java\jdk1.7.0_80\bin\java.exe
0x00007ffee94e0000 - 0x00007ffee96a1000 	C:\WINDOWS\SYSTEM32\ntdll.dll
0x00007ffee8600000 - 0x00007ffee86ad000 	C:\WINDOWS\system32\KERNEL32.DLL
0x00007ffee5d60000 - 0x00007ffee5f48000 	C:\WINDOWS\system32\KERNELBASE.dll
0x00007ffee8b60000 - 0x00007ffee8c07000 	C:\WINDOWS\system32\ADVAPI32.dll
0x00007ffee6d20000 - 0x00007ffee6dbd000 	C:\WINDOWS\system32\msvcrt.dll
0x00007ffee8920000 - 0x00007ffee897b000 	C:\WINDOWS\system32\sechost.dll
0x00007ffee8de0000 - 0x00007ffee8efc000 	C:\WINDOWS\system32\RPCRT4.dll
0x00007ffee68e0000 - 0x00007ffee6a36000 	C:\WINDOWS\system32\USER32.dll
0x00007ffee9350000 - 0x00007ffee94d6000 	C:\WINDOWS\system32\GDI32.dll
0x00007ffed5b30000 - 0x00007ffed5da4000 	C:\WINDOWS\WinSxS\amd64_microsoft.windows.common-controls_6595b64144ccf1df_6.0.10586.0_none_8c15ae12515e1c22\COMCTL32.dll
0x00007ffee6aa0000 - 0x00007ffee6d1d000 	C:\WINDOWS\system32\combase.dll
0x00007ffee6870000 - 0x00007ffee68da000 	C:\WINDOWS\system32\bcryptPrimitives.dll
0x00007ffee7060000 - 0x00007ffee709b000 	C:\WINDOWS\system32\IMM32.DLL
0x00000000693f0000 - 0x00000000694c2000 	C:\Program Files\Java\jdk1.7.0_80\jre\bin\msvcr100.dll
0x0000000069ea0000 - 0x000000006a679000 	C:\Program Files\Java\jdk1.7.0_80\jre\bin\server\jvm.dll
0x00007ffee89f0000 - 0x00007ffee89f8000 	C:\WINDOWS\system32\PSAPI.DLL
0x00007ffeda430000 - 0x00007ffeda439000 	C:\WINDOWS\SYSTEM32\WSOCK32.dll
0x00007ffee8c10000 - 0x00007ffee8c7b000 	C:\WINDOWS\system32\WS2_32.dll
0x00007ffee3f30000 - 0x00007ffee3f53000 	C:\WINDOWS\SYSTEM32\WINMM.dll
0x00007ffee3ed0000 - 0x00007ffee3efc000 	C:\WINDOWS\SYSTEM32\WINMMBASE.dll
0x00007ffee5f50000 - 0x00007ffee5f93000 	C:\WINDOWS\system32\cfgmgr32.dll
0x0000000069e90000 - 0x0000000069e9f000 	C:\Program Files\Java\jdk1.7.0_80\jre\bin\verify.dll
0x0000000069e60000 - 0x0000000069e88000 	C:\Program Files\Java\jdk1.7.0_80\jre\bin\java.dll
0x0000000069e40000 - 0x0000000069e56000 	C:\Program Files\Java\jdk1.7.0_80\jre\bin\zip.dll
0x0000000069e20000 - 0x0000000069e3a000 	C:\Program Files\Java\jdk1.7.0_80\jre\bin\net.dll
0x00007ffee5430000 - 0x00007ffee548c000 	C:\WINDOWS\system32\mswsock.dll
0x0000000069d60000 - 0x0000000069d71000 	C:\Program Files\Java\jdk1.7.0_80\jre\bin\nio.dll

VM Arguments:
jvm_args: -Djava.awt.headless=true -Xmx1024M -Dfile.encoding=windows-1252 -Duser.country=US -Duser.language=en -Duser.variant 
java_command: com.android.dx.command.Main --dex --force-jumbo --num-threads=4 --multi-dex --output C:\Users\MyPC\AndroidStudioProjects\RaSEReport\app\build\intermediates\transforms\dex\debug\folders\1000\10\com.google.android.gms-play-services-analytics-7.5.0_c8e067f60fef608dcd5b94d6bbfbbd5d69769ef9 C:\Users\MyPC\AndroidStudioProjects\RaSEReport\app\build\intermediates\exploded-aar\com.google.android.gms\play-services-analytics\7.5.0\jars\classes.jar
Launcher Type: SUN_STANDARD

Environment Variables:
JAVA_HOME=C:\Program Files\Java\jdk1.7.0_80\
PATH=C:\Python27\;C:\Python27\Scripts;F:\app\MyPC\product\11.2.0\dbhome_1\bin;C:\ProgramData\Oracle\Java\javapath;C:\WINDOWS\system32;C:\WINDOWS;C:\WINDOWS\System32\Wbem;C:\WINDOWS\System32\WindowsPowerShell\v1.0\;C:\Program Files (x86)\ATI Technologies\ATI.ACE\Core-Static;C:\Program Files\Microsoft SQL Server\110\Tools\Binn\;C:\Program Files (x86)\AMD\ATI.ACE\Core-Static;C:\Program Files (x86)\Intel\OpenCL SDK\2.0\bin\x86;C:\Program Files (x86)\Intel\OpenCL SDK\2.0\bin\x64;C:\Program Files (x86)\GNU\GnuPG\pub;C:\Program Files (x86)\SMART Technologies\SMART Response\;C:\Program Files (x86)\Windows Kits\8.1\Windows Performance Toolkit\;C:\Program Files (x86)\Microsoft SDKs\TypeScript\1.0\;C:\Program Files\Microsoft SQL Server\120\Tools\Binn\;C:\Program Files\Microsoft\Web Platform Installer\;C:\Program Files (x86)\Microsoft ASP.NET\ASP.NET Web Pages\v1.0\;C:\Program Files (x86)\Microsoft SQL Server\100\Tools\Binn\;C:\Program Files\Microsoft SQL Server\100\Tools\Binn\;C:\Program Files\Microsoft SQL Server\100\DTS\Binn\;C:\Program Files (x86)\Microsoft SQL Server\100\Tools\Binn\VSShell\Common7\IDE\;C:\Program Files (x86)\Microsoft Visual Studio 9.0\Common7\IDE\PrivateAssemblies\;C:\Program Files (x86)\Microsoft SQL Server\100\DTS\Binn\;C:\Program Files (x86)\OptiTex 10\App;C:\Program Files (x86)\Skype\Phone\;C:\Program Files (x86)\Heroku\bin;C:\Program Files (x86)\git\cmd;C:\Program Files (x86)\Git\cmd;C:\grails-2.5.2\bin;JAVA_HOME\bin;C:\Ruby22-x64\bin
USERNAME=MyPC
OS=Windows_NT
PROCESSOR_IDENTIFIER=Intel64 Family 6 Model 42 Stepping 7, GenuineIntel



---------------  S Y S T E M  ---------------

OS: Windows 8.1 , 64 bit Build 9600 

CPU:total 8 (4 cores per cpu, 2 threads per core) family 6 model 42 stepping 7, cmov, cx8, fxsr, mmx, sse, sse2, sse3, ssse3, sse4.1, sse4.2, popcnt, avx, aes, ht, tsc, tscinvbit

Memory: 4k page, physical 16625516k(3888976k free), swap 25247408k(6316k free)

vm_info: Java HotSpot(TM) 64-Bit Server VM (24.80-b11) for windows-amd64 JRE (1.7.0_80-b15), built on Apr 10 2015 11:26:34 by "java_re" with unknown MS VC++:1600

time: Wed May 25 11:03:28 2016
elapsed time: 4 seconds

