#
# There is insufficient memory for the Java Runtime Environment to continue.
# Native memory allocation (malloc) failed to allocate 196240 bytes for Chunk::new
# Possible reasons:
#   The system is out of physical RAM or swap space
#   In 32 bit mode, the process size limit was hit
# Possible solutions:
#   Reduce memory load on the system
#   Increase physical memory or swap space
#   Check if swap backing store is full
#   Use 64 bit Java on a 64 bit OS
#   Decrease Java heap size (-Xmx/-Xms)
#   Decrease number of Java threads
#   Decrease Java thread stack sizes (-Xss)
#   Set larger code cache with -XX:ReservedCodeCacheSize=
# This output file may be truncated or incomplete.
#
#  Out of Memory Error (allocation.cpp:323), pid=20368, tid=24272
#
# JRE version: Java(TM) SE Runtime Environment (7.0_80-b15) (build 1.7.0_80-b15)
# Java VM: Java HotSpot(TM) 64-Bit Server VM (24.80-b11 mixed mode windows-amd64 compressed oops)
# Failed to write core dump. Minidumps are not enabled by default on client versions of Windows
#

---------------  T H R E A D  ---------------

Current thread (0x000000000240a800):  JavaThread "C2 CompilerThread1" daemon [_thread_in_native, id=24272, stack(0x000000000add0000,0x000000000aed0000)]

Stack: [0x000000000add0000,0x000000000aed0000]

Current CompileTask:
C2:   7025  603   !         com.android.dx.cf.direct.MemberListParser::parse (641 bytes)


---------------  P R O C E S S  ---------------

Java Threads: ( => current thread )
  0x000000000a84c000 JavaThread "pool-1-thread-4" [_thread_in_Java, id=11364, stack(0x000000000b4d0000,0x000000000b5d0000)]
  0x000000000a852800 JavaThread "pool-1-thread-3" [_thread_in_Java, id=5264, stack(0x000000000b3d0000,0x000000000b4d0000)]
  0x000000000a851800 JavaThread "pool-1-thread-2" [_thread_in_Java, id=6916, stack(0x000000000b2d0000,0x000000000b3d0000)]
  0x000000000a84b000 JavaThread "pool-2-thread-1" [_thread_blocked, id=22928, stack(0x000000000b1d0000,0x000000000b2d0000)]
  0x000000000a848800 JavaThread "pool-1-thread-1" [_thread_in_Java, id=5352, stack(0x000000000b0d0000,0x000000000b1d0000)]
  0x000000000240b800 JavaThread "Service Thread" daemon [_thread_blocked, id=17560, stack(0x000000000aed0000,0x000000000afd0000)]
=>0x000000000240a800 JavaThread "C2 CompilerThread1" daemon [_thread_in_native, id=24272, stack(0x000000000add0000,0x000000000aed0000)]
  0x0000000002406800 JavaThread "C2 CompilerThread0" daemon [_thread_in_native, id=24324, stack(0x000000000acd0000,0x000000000add0000)]
  0x000000000a6f1000 JavaThread "Attach Listener" daemon [_thread_blocked, id=22440, stack(0x000000000abd0000,0x000000000acd0000)]
  0x000000000a6f0800 JavaThread "Signal Dispatcher" daemon [_thread_blocked, id=24204, stack(0x000000000aad0000,0x000000000abd0000)]
  0x0000000008710800 JavaThread "Finalizer" daemon [_thread_blocked, id=10044, stack(0x000000000a5d0000,0x000000000a6d0000)]
  0x000000000870a000 JavaThread "Reference Handler" daemon [_thread_blocked, id=7388, stack(0x000000000a4d0000,0x000000000a5d0000)]
  0x000000000219d800 JavaThread "main" [_thread_blocked, id=21084, stack(0x0000000002210000,0x0000000002310000)]

Other Threads:
  0x0000000008705800 VMThread [stack: 0x000000000a3d0000,0x000000000a4d0000] [id=23808]
  0x000000000240e800 WatcherThread [stack: 0x000000000afd0000,0x000000000b0d0000] [id=21824]

VM state:not at safepoint (normal execution)

VM Mutex/Monitor currently owned by a thread: None

Heap
 PSYoungGen      total 141824K, used 14888K [0x00000000eaa80000, 0x00000000f3f80000, 0x0000000100000000)
  eden space 131072K, 3% used [0x00000000eaa80000,0x00000000eae8bb30,0x00000000f2a80000)
  from space 10752K, 99% used [0x00000000f3500000,0x00000000f3f7e5e8,0x00000000f3f80000)
  to   space 10752K, 0% used [0x00000000f2a80000,0x00000000f2a80000,0x00000000f3500000)
 ParOldGen       total 173056K, used 36484K [0x00000000c0000000, 0x00000000ca900000, 0x00000000eaa80000)
  object space 173056K, 21% used [0x00000000c0000000,0x00000000c23a11f8,0x00000000ca900000)
 PSPermGen       total 21504K, used 5605K [0x00000000bae00000, 0x00000000bc300000, 0x00000000c0000000)
  object space 21504K, 26% used [0x00000000bae00000,0x00000000bb3795e8,0x00000000bc300000)

Card table byte_map: [0x00000000054d0000,0x0000000005700000] byte_map_base: 0x0000000004ef9000

Polling page: 0x00000000020f0000

Code Cache  [0x0000000002410000, 0x0000000002680000, 0x0000000005410000)
 total_blobs=814 nmethods=600 adapters=166 free_code_cache=46760Kb largest_free_block=47797504

Compilation events (10 events):
Event: 6.581 Thread 0x000000000240a800 nmethod 596 0x0000000002652210 code [0x0000000002653180, 0x00000000026580c0]
Event: 6.583 Thread 0x000000000240a800  599             com.android.dx.ssa.SCCP::addUsersToWorklist (103 bytes)
Event: 6.658 Thread 0x000000000240a800 nmethod 599 0x000000000265f690 code [0x000000000265f960, 0x0000000002660ae8]
Event: 6.659 Thread 0x000000000240a800  600             com.android.dx.ssa.SsaRenamer::<init> (100 bytes)
Event: 6.659 Thread 0x0000000002406800 nmethod 598 0x0000000002662750 code [0x0000000002662b20, 0x0000000002664ff8]
Event: 6.659 Thread 0x0000000002406800  601             com.android.dx.ssa.SCCP::run (298 bytes)
Event: 6.706 Thread 0x000000000240a800 nmethod 600 0x000000000264fdd0 code [0x000000000264ffe0, 0x0000000002650ee8]
Event: 6.707 Thread 0x000000000240a800  602 %           com.android.dx.ssa.SsaBasicBlock::forEachInsn @ 10 (37 bytes)
Event: 6.964 Thread 0x000000000240a800 nmethod 602% 0x000000000266e790 code [0x000000000266ecc0, 0x0000000002672790]
Event: 6.965 Thread 0x000000000240a800  603   !         com.android.dx.cf.direct.MemberListParser::parse (641 bytes)

GC Heap History (8 events):
Event: 3.199 GC heap before
{Heap before GC invocations=1 (full 0):
 PSYoungGen      total 76288K, used 65536K [0x00000000eaa80000, 0x00000000eff80000, 0x0000000100000000)
  eden space 65536K, 100% used [0x00000000eaa80000,0x00000000eea80000,0x00000000eea80000)
  from space 10752K, 0% used [0x00000000ef500000,0x00000000ef500000,0x00000000eff80000)
  to   space 10752K, 0% used [0x00000000eea80000,0x00000000eea80000,0x00000000ef500000)
 ParOldGen       total 173056K, used 0K [0x00000000c0000000, 0x00000000ca900000, 0x00000000eaa80000)
  object space 173056K, 0% used [0x00000000c0000000,0x00000000c0000000,0x00000000ca900000)
 PSPermGen       total 21504K, used 5447K [0x00000000bae00000, 0x00000000bc300000, 0x00000000c0000000)
  object space 21504K, 25% used [0x00000000bae00000,0x00000000bb351e60,0x00000000bc300000)
Event: 3.353 GC heap after
Heap after GC invocations=1 (full 0):
 PSYoungGen      total 76288K, used 10720K [0x00000000eaa80000, 0x00000000eff80000, 0x0000000100000000)
  eden space 65536K, 0% used [0x00000000eaa80000,0x00000000eaa80000,0x00000000eea80000)
  from space 10752K, 99% used [0x00000000eea80000,0x00000000ef4f83c8,0x00000000ef500000)
  to   space 10752K, 0% used [0x00000000ef500000,0x00000000ef500000,0x00000000eff80000)
 ParOldGen       total 173056K, used 1233K [0x00000000c0000000, 0x00000000ca900000, 0x00000000eaa80000)
  object space 173056K, 0% used [0x00000000c0000000,0x00000000c0134668,0x00000000ca900000)
 PSPermGen       total 21504K, used 5447K [0x00000000bae00000, 0x00000000bc300000, 0x00000000c0000000)
  object space 21504K, 25% used [0x00000000bae00000,0x00000000bb351e60,0x00000000bc300000)
}
Event: 4.174 GC heap before
{Heap before GC invocations=2 (full 0):
 PSYoungGen      total 76288K, used 76256K [0x00000000eaa80000, 0x00000000eff80000, 0x0000000100000000)
  eden space 65536K, 100% used [0x00000000eaa80000,0x00000000eea80000,0x00000000eea80000)
  from space 10752K, 99% used [0x00000000eea80000,0x00000000ef4f83c8,0x00000000ef500000)
  to   space 10752K, 0% used [0x00000000ef500000,0x00000000ef500000,0x00000000eff80000)
 ParOldGen       total 173056K, used 1233K [0x00000000c0000000, 0x00000000ca900000, 0x00000000eaa80000)
  object space 173056K, 0% used [0x00000000c0000000,0x00000000c0134668,0x00000000ca900000)
 PSPermGen       total 21504K, used 5485K [0x00000000bae00000, 0x00000000bc300000, 0x00000000c0000000)
  object space 21504K, 25% used [0x00000000bae00000,0x00000000bb35b630,0x00000000bc300000)
Event: 4.256 GC heap after
Heap after GC invocations=2 (full 0):
 PSYoungGen      total 76288K, used 10724K [0x00000000eaa80000, 0x00000000f3f80000, 0x0000000100000000)
  eden space 65536K, 0% used [0x00000000eaa80000,0x00000000eaa80000,0x00000000eea80000)
  from space 10752K, 99% used [0x00000000ef500000,0x00000000eff791f8,0x00000000eff80000)
  to   space 10752K, 0% used [0x00000000eea80000,0x00000000eea80000,0x00000000ef500000)
 ParOldGen       total 173056K, used 11253K [0x00000000c0000000, 0x00000000ca900000, 0x00000000eaa80000)
  object space 173056K, 6% used [0x00000000c0000000,0x00000000c0afd5b0,0x00000000ca900000)
 PSPermGen       total 21504K, used 5485K [0x00000000bae00000, 0x00000000bc300000, 0x00000000c0000000)
  object space 21504K, 25% used [0x00000000bae00000,0x00000000bb35b630,0x00000000bc300000)
}
Event: 5.033 GC heap before
{Heap before GC invocations=3 (full 0):
 PSYoungGen      total 76288K, used 76260K [0x00000000eaa80000, 0x00000000f3f80000, 0x0000000100000000)
  eden space 65536K, 100% used [0x00000000eaa80000,0x00000000eea80000,0x00000000eea80000)
  from space 10752K, 99% used [0x00000000ef500000,0x00000000eff791f8,0x00000000eff80000)
  to   space 10752K, 0% used [0x00000000eea80000,0x00000000eea80000,0x00000000ef500000)
 ParOldGen       total 173056K, used 11253K [0x00000000c0000000, 0x00000000ca900000, 0x00000000eaa80000)
  object space 173056K, 6% used [0x00000000c0000000,0x00000000c0afd5b0,0x00000000ca900000)
 PSPermGen       total 21504K, used 5558K [0x00000000bae00000, 0x00000000bc300000, 0x00000000c0000000)
  object space 21504K, 25% used [0x00000000bae00000,0x00000000bb36da10,0x00000000bc300000)
Event: 5.099 GC heap after
Heap after GC invocations=3 (full 0):
 PSYoungGen      total 76288K, used 10720K [0x00000000eaa80000, 0x00000000f3f80000, 0x0000000100000000)
  eden space 65536K, 0% used [0x00000000eaa80000,0x00000000eaa80000,0x00000000eea80000)
  from space 10752K, 99% used [0x00000000eea80000,0x00000000ef4f81f0,0x00000000ef500000)
  to   space 10752K, 0% used [0x00000000f3500000,0x00000000f3500000,0x00000000f3f80000)
 ParOldGen       total 173056K, used 22372K [0x00000000c0000000, 0x00000000ca900000, 0x00000000eaa80000)
  object space 173056K, 12% used [0x00000000c0000000,0x00000000c15d9000,0x00000000ca900000)
 PSPermGen       total 21504K, used 5558K [0x00000000bae00000, 0x00000000bc300000, 0x00000000c0000000)
  object space 21504K, 25% used [0x00000000bae00000,0x00000000bb36da10,0x00000000bc300000)
}
Event: 6.905 GC heap before
{Heap before GC invocations=4 (full 0):
 PSYoungGen      total 76288K, used 76256K [0x00000000eaa80000, 0x00000000f3f80000, 0x0000000100000000)
  eden space 65536K, 100% used [0x00000000eaa80000,0x00000000eea80000,0x00000000eea80000)
  from space 10752K, 99% used [0x00000000eea80000,0x00000000ef4f81f0,0x00000000ef500000)
  to   space 10752K, 0% used [0x00000000f3500000,0x00000000f3500000,0x00000000f3f80000)
 ParOldGen       total 173056K, used 22372K [0x00000000c0000000, 0x00000000ca900000, 0x00000000eaa80000)
  object space 173056K, 12% used [0x00000000c0000000,0x00000000c15d9000,0x00000000ca900000)
 PSPermGen       total 21504K, used 5605K [0x00000000bae00000, 0x00000000bc300000, 0x00000000c0000000)
  object space 21504K, 26% used [0x00000000bae00000,0x00000000bb379468,0x00000000bc300000)
Event: 6.952 GC heap after
Heap after GC invocations=4 (full 0):
 PSYoungGen      total 141824K, used 10745K [0x00000000eaa80000, 0x00000000f3f80000, 0x0000000100000000)
  eden space 131072K, 0% used [0x00000000eaa80000,0x00000000eaa80000,0x00000000f2a80000)
  from space 10752K, 99% used [0x00000000f3500000,0x00000000f3f7e5e8,0x00000000f3f80000)
  to   space 10752K, 0% used [0x00000000f2a80000,0x00000000f2a80000,0x00000000f3500000)
 ParOldGen       total 173056K, used 36484K [0x00000000c0000000, 0x00000000ca900000, 0x00000000eaa80000)
  object space 173056K, 21% used [0x00000000c0000000,0x00000000c23a11f8,0x00000000ca900000)
 PSPermGen       total 21504K, used 5605K [0x00000000bae00000, 0x00000000bc300000, 0x00000000c0000000)
  object space 21504K, 26% used [0x00000000bae00000,0x00000000bb379468,0x00000000bc300000)
}

Deoptimization events (10 events):
Event: 6.416 Thread 0x000000000219d800 Uncommon trap: reason=unstable_if action=reinterpret pc=0x000000000251bb6c method=com.android.dx.cf.code.BaseMachine.getLocalTarget(Z)Lcom/android/dx/rop/code/RegisterSpec; @ 131
Event: 6.416 Thread 0x000000000219d800 Uncommon trap: reason=unstable_if action=reinterpret pc=0x0000000002569a7c method=com.android.dx.cf.code.BaseMachine.getLocalTarget(Z)Lcom/android/dx/rop/code/RegisterSpec; @ 131
Event: 6.416 Thread 0x000000000219d800 Uncommon trap: reason=unstable_if action=reinterpret pc=0x00000000025600b8 method=com.android.dx.cf.code.BaseMachine.getLocalTarget(Z)Lcom/android/dx/rop/code/RegisterSpec; @ 92
Event: 6.424 Thread 0x000000000219d800 Uncommon trap: reason=class_check action=maybe_recompile pc=0x000000000249d9a0 method=com.android.dx.rop.type.Type.equals(Ljava/lang/Object;)Z @ 8
Event: 6.425 Thread 0x000000000219d800 Uncommon trap: reason=unstable_if action=reinterpret pc=0x00000000024f9144 method=java.util.BitSet.clone()Ljava/lang/Object; @ 4
Event: 6.425 Thread 0x000000000219d800 Uncommon trap: reason=unstable_if action=reinterpret pc=0x000000000257c030 method=java.util.BitSet.clone()Ljava/lang/Object; @ 4
Event: 6.469 Thread 0x000000000219d800 Uncommon trap: reason=class_check action=maybe_recompile pc=0x000000000249d9a0 method=com.android.dx.rop.type.Type.equals(Ljava/lang/Object;)Z @ 8
Event: 6.557 Thread 0x000000000a852800 Uncommon trap: reason=null_check action=make_not_entrant pc=0x000000000258eadc method=com.android.dx.dex.file.MethodIdsSection.intern(Lcom/android/dx/rop/cst/CstBaseMethodRef;)Lcom/android/dx/dex/file/MethodIdItem; @ 26
Event: 6.673 Thread 0x000000000a852800 Uncommon trap: reason=class_check action=maybe_recompile pc=0x00000000024d4774 method=java.util.HashMap.put(Ljava/lang/Object;Ljava/lang/Object;)Ljava/lang/Object; @ 83
Event: 6.880 Thread 0x000000000a852800 Uncommon trap: reason=unstable_if action=reinterpret pc=0x00000000025311fc method=com.android.dx.cf.code.BaseMachine.popArgs(Lcom/android/dx/cf/code/Frame;I)V @ 15

Internal exceptions (10 events):
Event: 4.773 Thread 0x000000000219d800 Threw 0x00000000ee362ec0 at C:\re\jdk7u80\2329\hotspot\src\share\vm\prims\jvm.cpp:1319
Event: 4.827 Thread 0x000000000a851800 Threw 0x00000000ee1e0ca0 at C:\re\jdk7u80\2329\hotspot\src\share\vm\prims\jvm.cpp:1319
Event: 4.870 Thread 0x000000000a852800 Threw 0x00000000ee65a058 at C:\re\jdk7u80\2329\hotspot\src\share\vm\prims\jvm.cpp:1319
Event: 5.384 Thread 0x000000000219d800 Threw 0x00000000eb33c308 at C:\re\jdk7u80\2329\hotspot\src\share\vm\prims\jvm.cpp:1319
Event: 5.429 Thread 0x000000000219d800 Implicit null exception at 0x00000000025eb8b3 to 0x00000000025ebf0d
Event: 5.681 Thread 0x000000000a852800 Threw 0x00000000ebc37748 at C:\re\jdk7u80\2329\hotspot\src\share\vm\prims\jvm.cpp:1319
Event: 6.374 Thread 0x000000000a851800 Threw 0x00000000ed9e3338 at C:\re\jdk7u80\2329\hotspot\src\share\vm\prims\jvm.cpp:1319
Event: 6.376 Thread 0x000000000a852800 Implicit null exception at 0x00000000025655e9 to 0x0000000002565aa9
Event: 6.405 Thread 0x000000000a851800 Threw 0x00000000eda40250 at C:\re\jdk7u80\2329\hotspot\src\share\vm\prims\jvm.cpp:1319
Event: 6.474 Thread 0x000000000a851800 Threw 0x00000000eddc3c88 at C:\re\jdk7u80\2329\hotspot\src\share\vm\prims\jvm.cpp:1319

Events (10 events):
Event: 6.673 Thread 0x000000000a852800 Uncommon trap: trap_request=0xffffffde fr.pc=0x00000000024d4774
Event: 6.673 Thread 0x000000000a852800 DEOPT PACKING pc=0x00000000024d4774 sp=0x000000000b4ceb40
Event: 6.673 Thread 0x000000000a852800 DEOPT UNPACKING pc=0x00000000024475a4 sp=0x000000000b4ceae8 mode 2
Event: 6.880 Thread 0x000000000a852800 Uncommon trap: trap_request=0xffffff75 fr.pc=0x00000000025311fc
Event: 6.880 Thread 0x000000000a852800 DEOPT PACKING pc=0x00000000025311fc sp=0x000000000b4ce990
Event: 6.880 Thread 0x000000000a852800 DEOPT UNPACKING pc=0x00000000024475a4 sp=0x000000000b4ce940 mode 2
Event: 6.905 Executing VM operation: ParallelGCFailedAllocation
Event: 6.952 Executing VM operation: ParallelGCFailedAllocation done
Event: 6.965 Thread 0x000000000240a800 flushing nmethod 0x000000000247a750
Event: 6.965 Thread 0x000000000240a800 flushing nmethod 0x000000000247c6d0


Dynamic libraries:
0x00007ff678710000 - 0x00007ff678743000 	C:\Program Files\Java\jdk1.7.0_80\bin\java.exe
0x00007ffee94e0000 - 0x00007ffee96a1000 	C:\WINDOWS\SYSTEM32\ntdll.dll
0x00007ffee8600000 - 0x00007ffee86ad000 	C:\WINDOWS\system32\KERNEL32.DLL
0x00007ffee5d60000 - 0x00007ffee5f48000 	C:\WINDOWS\system32\KERNELBASE.dll
0x00007ffee8b60000 - 0x00007ffee8c07000 	C:\WINDOWS\system32\ADVAPI32.dll
0x00007ffee6d20000 - 0x00007ffee6dbd000 	C:\WINDOWS\system32\msvcrt.dll
0x00007ffee8920000 - 0x00007ffee897b000 	C:\WINDOWS\system32\sechost.dll
0x00007ffee8de0000 - 0x00007ffee8efc000 	C:\WINDOWS\system32\RPCRT4.dll
0x00007ffee68e0000 - 0x00007ffee6a36000 	C:\WINDOWS\system32\USER32.dll
0x00007ffee9350000 - 0x00007ffee94d6000 	C:\WINDOWS\system32\GDI32.dll
0x00007ffed5b30000 - 0x00007ffed5da4000 	C:\WINDOWS\WinSxS\amd64_microsoft.windows.common-controls_6595b64144ccf1df_6.0.10586.0_none_8c15ae12515e1c22\COMCTL32.dll
0x00007ffee6aa0000 - 0x00007ffee6d1d000 	C:\WINDOWS\system32\combase.dll
0x00007ffee6870000 - 0x00007ffee68da000 	C:\WINDOWS\system32\bcryptPrimitives.dll
0x00007ffee7060000 - 0x00007ffee709b000 	C:\WINDOWS\system32\IMM32.DLL
0x00000000693f0000 - 0x00000000694c2000 	C:\Program Files\Java\jdk1.7.0_80\jre\bin\msvcr100.dll
0x0000000069ea0000 - 0x000000006a679000 	C:\Program Files\Java\jdk1.7.0_80\jre\bin\server\jvm.dll
0x00007ffee89f0000 - 0x00007ffee89f8000 	C:\WINDOWS\system32\PSAPI.DLL
0x00007ffee3f30000 - 0x00007ffee3f53000 	C:\WINDOWS\SYSTEM32\WINMM.dll
0x00007ffeda430000 - 0x00007ffeda439000 	C:\WINDOWS\SYSTEM32\WSOCK32.dll
0x00007ffee8c10000 - 0x00007ffee8c7b000 	C:\WINDOWS\system32\WS2_32.dll
0x00000000020c0000 - 0x00000000020ec000 	C:\WINDOWS\SYSTEM32\WINMMBASE.dll
0x00007ffee5f50000 - 0x00007ffee5f93000 	C:\WINDOWS\system32\cfgmgr32.dll
0x0000000069e90000 - 0x0000000069e9f000 	C:\Program Files\Java\jdk1.7.0_80\jre\bin\verify.dll
0x0000000069e60000 - 0x0000000069e88000 	C:\Program Files\Java\jdk1.7.0_80\jre\bin\java.dll
0x0000000069e40000 - 0x0000000069e56000 	C:\Program Files\Java\jdk1.7.0_80\jre\bin\zip.dll

VM Arguments:
jvm_args: -Djava.awt.headless=true -Xmx1024M -Dfile.encoding=windows-1252 -Duser.country=US -Duser.language=en -Duser.variant 
java_command: com.android.dx.command.Main --dex --force-jumbo --num-threads=4 --output C:\Users\MyPC\AndroidStudioProjects\RaSEReport\app\build\intermediates\pre-dexed\debug\main_f504da96ac9cede198f4cf0d1b84d118d9b691da.jar C:\Users\MyPC\AndroidStudioProjects\RaSEReport\app\build\intermediates\transforms\instantRun\debug\folders\1\5\main
Launcher Type: SUN_STANDARD

Environment Variables:
JAVA_HOME=C:\Program Files\Java\jdk1.7.0_80\
PATH=C:\Python27\;C:\Python27\Scripts;F:\app\MyPC\product\11.2.0\dbhome_1\bin;C:\ProgramData\Oracle\Java\javapath;C:\WINDOWS\system32;C:\WINDOWS;C:\WINDOWS\System32\Wbem;C:\WINDOWS\System32\WindowsPowerShell\v1.0\;C:\Program Files (x86)\ATI Technologies\ATI.ACE\Core-Static;C:\Program Files\Microsoft SQL Server\110\Tools\Binn\;C:\Program Files (x86)\AMD\ATI.ACE\Core-Static;C:\Program Files (x86)\Intel\OpenCL SDK\2.0\bin\x86;C:\Program Files (x86)\Intel\OpenCL SDK\2.0\bin\x64;C:\Program Files (x86)\GNU\GnuPG\pub;C:\Program Files (x86)\SMART Technologies\SMART Response\;C:\Program Files (x86)\Windows Kits\8.1\Windows Performance Toolkit\;C:\Program Files (x86)\Microsoft SDKs\TypeScript\1.0\;C:\Program Files\Microsoft SQL Server\120\Tools\Binn\;C:\Program Files\Microsoft\Web Platform Installer\;C:\Program Files (x86)\Microsoft ASP.NET\ASP.NET Web Pages\v1.0\;C:\Program Files (x86)\Microsoft SQL Server\100\Tools\Binn\;C:\Program Files\Microsoft SQL Server\100\Tools\Binn\;C:\Program Files\Microsoft SQL Server\100\DTS\Binn\;C:\Program Files (x86)\Microsoft SQL Server\100\Tools\Binn\VSShell\Common7\IDE\;C:\Program Files (x86)\Microsoft Visual Studio 9.0\Common7\IDE\PrivateAssemblies\;C:\Program Files (x86)\Microsoft SQL Server\100\DTS\Binn\;C:\Program Files (x86)\OptiTex 10\App;C:\Program Files (x86)\Skype\Phone\;C:\Program Files (x86)\Heroku\bin;C:\Program Files (x86)\git\cmd;C:\Program Files (x86)\Git\cmd;C:\grails-2.5.2\bin;JAVA_HOME\bin;C:\Ruby22-x64\bin
USERNAME=MyPC
OS=Windows_NT
PROCESSOR_IDENTIFIER=Intel64 Family 6 Model 42 Stepping 7, GenuineIntel



---------------  S Y S T E M  ---------------

OS: Windows 8.1 , 64 bit Build 9600 

CPU:total 8 (4 cores per cpu, 2 threads per core) family 6 model 42 stepping 7, cmov, cx8, fxsr, mmx, sse, sse2, sse3, ssse3, sse4.1, sse4.2, popcnt, avx, aes, ht, tsc, tscinvbit

Memory: 4k page, physical 16625516k(3860836k free), swap 25247408k(5136k free)

vm_info: Java HotSpot(TM) 64-Bit Server VM (24.80-b11) for windows-amd64 JRE (1.7.0_80-b15), built on Apr 10 2015 11:26:34 by "java_re" with unknown MS VC++:1600

time: Wed May 25 11:05:14 2016
elapsed time: 7 seconds

