#
# There is insufficient memory for the Java Runtime Environment to continue.
# Native memory allocation (malloc) failed to allocate 308016 bytes for Chunk::new
# Possible reasons:
#   The system is out of physical RAM or swap space
#   In 32 bit mode, the process size limit was hit
# Possible solutions:
#   Reduce memory load on the system
#   Increase physical memory or swap space
#   Check if swap backing store is full
#   Use 64 bit Java on a 64 bit OS
#   Decrease Java heap size (-Xmx/-Xms)
#   Decrease number of Java threads
#   Decrease Java thread stack sizes (-Xss)
#   Set larger code cache with -XX:ReservedCodeCacheSize=
# This output file may be truncated or incomplete.
#
#  Out of Memory Error (allocation.cpp:323), pid=23808, tid=24276
#
# JRE version: Java(TM) SE Runtime Environment (7.0_80-b15) (build 1.7.0_80-b15)
# Java VM: Java HotSpot(TM) 64-Bit Server VM (24.80-b11 mixed mode windows-amd64 compressed oops)
# Failed to write core dump. Minidumps are not enabled by default on client versions of Windows
#

---------------  T H R E A D  ---------------

Current thread (0x000000000242e800):  JavaThread "C2 CompilerThread0" daemon [_thread_in_native, id=24276, stack(0x000000000ac70000,0x000000000ad70000)]

Stack: [0x000000000ac70000,0x000000000ad70000]

Current CompileTask:
C2:   6024  583 %           com.android.dx.ssa.DeadCodeRemover::isCircularNoSideEffect @ 24 (140 bytes)


---------------  P R O C E S S  ---------------

Java Threads: ( => current thread )
  0x000000000a82a000 JavaThread "pool-1-thread-1" [_thread_in_Java, id=14020, stack(0x000000000cd40000,0x000000000ce40000)]
  0x0000000002435000 JavaThread "Service Thread" daemon [_thread_blocked, id=20700, stack(0x000000000ae70000,0x000000000af70000)]
  0x0000000002430800 JavaThread "C2 CompilerThread1" daemon [_thread_in_native, id=9804, stack(0x000000000ad70000,0x000000000ae70000)]
=>0x000000000242e800 JavaThread "C2 CompilerThread0" daemon [_thread_in_native, id=24276, stack(0x000000000ac70000,0x000000000ad70000)]
  0x000000000a691000 JavaThread "Attach Listener" daemon [_thread_blocked, id=8952, stack(0x000000000ab70000,0x000000000ac70000)]
  0x000000000a690800 JavaThread "Signal Dispatcher" daemon [_thread_blocked, id=13712, stack(0x000000000aa70000,0x000000000ab70000)]
  0x000000000869b000 JavaThread "Finalizer" daemon [_thread_blocked, id=7736, stack(0x000000000a570000,0x000000000a670000)]
  0x000000000869a000 JavaThread "Reference Handler" daemon [_thread_blocked, id=7368, stack(0x000000000a470000,0x000000000a570000)]
  0x000000000233d800 JavaThread "main" [_thread_blocked, id=12600, stack(0x0000000002160000,0x0000000002260000)]

Other Threads:
  0x0000000008695800 VMThread [stack: 0x000000000a370000,0x000000000a470000] [id=2792]
  0x000000000a6b1800 WatcherThread [stack: 0x000000000af70000,0x000000000b070000] [id=13304]

VM state:not at safepoint (normal execution)

VM Mutex/Monitor currently owned by a thread: None

Heap
 PSYoungGen      total 141824K, used 69711K [0x00000000eaa80000, 0x00000000f3f80000, 0x0000000100000000)
  eden space 131072K, 44% used [0x00000000eaa80000,0x00000000ee414740,0x00000000f2a80000)
  from space 10752K, 99% used [0x00000000f3500000,0x00000000f3f7f6d0,0x00000000f3f80000)
  to   space 10752K, 0% used [0x00000000f2a80000,0x00000000f2a80000,0x00000000f3500000)
 ParOldGen       total 173056K, used 9600K [0x00000000c0000000, 0x00000000ca900000, 0x00000000eaa80000)
  object space 173056K, 5% used [0x00000000c0000000,0x00000000c0960220,0x00000000ca900000)
 PSPermGen       total 21504K, used 6014K [0x00000000bae00000, 0x00000000bc300000, 0x00000000c0000000)
  object space 21504K, 27% used [0x00000000bae00000,0x00000000bb3df8a0,0x00000000bc300000)

Card table byte_map: [0x0000000005440000,0x0000000005670000] byte_map_base: 0x0000000004e69000

Polling page: 0x0000000000990000

Code Cache  [0x0000000002440000, 0x00000000026b0000, 0x0000000005440000)
 total_blobs=818 nmethods=581 adapters=189 free_code_cache=46890Kb largest_free_block=47965696

Compilation events (10 events):
Event: 5.870 Thread 0x000000000242e800 nmethod 581 0x0000000002666510 code [0x0000000002666660, 0x00000000026666f8]
Event: 5.870 Thread 0x000000000242e800  582 %           com.android.dx.ssa.SsaMethod::isRegALocal @ 38 (90 bytes)
Event: 5.879 Thread 0x000000000242e800 nmethod 582% 0x000000000266ac90 code [0x000000000266ae20, 0x000000000266b1a8]
Event: 5.879 Thread 0x000000000242e800  583 %           com.android.dx.ssa.DeadCodeRemover::isCircularNoSideEffect @ 24 (140 bytes)
Event: 5.882 Thread 0x0000000002430800 nmethod 575 0x000000000267cb10 code [0x000000000267cde0, 0x000000000267e9a0]
Event: 5.883 Thread 0x0000000002430800  585 %           com.android.dx.ssa.back.FirstFitLocalCombiningAllocator::handleNormalUnassociated @ 10 (99 bytes)
Event: 5.925 Thread 0x0000000002430800 nmethod 585% 0x0000000002678090 code [0x00000000026782e0, 0x00000000026791e0]
Event: 5.925 Thread 0x0000000002430800  586             com.android.dx.cf.code.BaseMachine::auxCstArg (20 bytes)
Event: 5.926 Thread 0x0000000002430800 nmethod 586 0x0000000002664250 code [0x0000000002664380, 0x00000000026643f8]
Event: 5.926 Thread 0x0000000002430800  587             com.android.dx.cf.code.Simulator$SimVisitor::visitConstant (332 bytes)

GC Heap History (4 events):
Event: 2.549 GC heap before
{Heap before GC invocations=1 (full 0):
 PSYoungGen      total 76288K, used 65536K [0x00000000eaa80000, 0x00000000eff80000, 0x0000000100000000)
  eden space 65536K, 100% used [0x00000000eaa80000,0x00000000eea80000,0x00000000eea80000)
  from space 10752K, 0% used [0x00000000ef500000,0x00000000ef500000,0x00000000eff80000)
  to   space 10752K, 0% used [0x00000000eea80000,0x00000000eea80000,0x00000000ef500000)
 ParOldGen       total 173056K, used 0K [0x00000000c0000000, 0x00000000ca900000, 0x00000000eaa80000)
  object space 173056K, 0% used [0x00000000c0000000,0x00000000c0000000,0x00000000ca900000)
 PSPermGen       total 21504K, used 5885K [0x00000000bae00000, 0x00000000bc300000, 0x00000000c0000000)
  object space 21504K, 27% used [0x00000000bae00000,0x00000000bb3bf780,0x00000000bc300000)
Event: 2.611 GC heap after
Heap after GC invocations=1 (full 0):
 PSYoungGen      total 76288K, used 10725K [0x00000000eaa80000, 0x00000000f3f80000, 0x0000000100000000)
  eden space 65536K, 0% used [0x00000000eaa80000,0x00000000eaa80000,0x00000000eea80000)
  from space 10752K, 99% used [0x00000000eea80000,0x00000000ef4f94d8,0x00000000ef500000)
  to   space 10752K, 0% used [0x00000000f3500000,0x00000000f3500000,0x00000000f3f80000)
 ParOldGen       total 173056K, used 939K [0x00000000c0000000, 0x00000000ca900000, 0x00000000eaa80000)
  object space 173056K, 0% used [0x00000000c0000000,0x00000000c00eaec0,0x00000000ca900000)
 PSPermGen       total 21504K, used 5885K [0x00000000bae00000, 0x00000000bc300000, 0x00000000c0000000)
  object space 21504K, 27% used [0x00000000bae00000,0x00000000bb3bf780,0x00000000bc300000)
}
Event: 3.960 GC heap before
{Heap before GC invocations=2 (full 0):
 PSYoungGen      total 76288K, used 76261K [0x00000000eaa80000, 0x00000000f3f80000, 0x0000000100000000)
  eden space 65536K, 100% used [0x00000000eaa80000,0x00000000eea80000,0x00000000eea80000)
  from space 10752K, 99% used [0x00000000eea80000,0x00000000ef4f94d8,0x00000000ef500000)
  to   space 10752K, 0% used [0x00000000f3500000,0x00000000f3500000,0x00000000f3f80000)
 ParOldGen       total 173056K, used 939K [0x00000000c0000000, 0x00000000ca900000, 0x00000000eaa80000)
  object space 173056K, 0% used [0x00000000c0000000,0x00000000c00eaec0,0x00000000ca900000)
 PSPermGen       total 21504K, used 5937K [0x00000000bae00000, 0x00000000bc300000, 0x00000000c0000000)
  object space 21504K, 27% used [0x00000000bae00000,0x00000000bb3cc5a8,0x00000000bc300000)
Event: 4.074 GC heap after
Heap after GC invocations=2 (full 0):
 PSYoungGen      total 141824K, used 10749K [0x00000000eaa80000, 0x00000000f3f80000, 0x0000000100000000)
  eden space 131072K, 0% used [0x00000000eaa80000,0x00000000eaa80000,0x00000000f2a80000)
  from space 10752K, 99% used [0x00000000f3500000,0x00000000f3f7f6d0,0x00000000f3f80000)
  to   space 10752K, 0% used [0x00000000f2a80000,0x00000000f2a80000,0x00000000f3500000)
 ParOldGen       total 173056K, used 9600K [0x00000000c0000000, 0x00000000ca900000, 0x00000000eaa80000)
  object space 173056K, 5% used [0x00000000c0000000,0x00000000c0960220,0x00000000ca900000)
 PSPermGen       total 21504K, used 5937K [0x00000000bae00000, 0x00000000bc300000, 0x00000000c0000000)
  object space 21504K, 27% used [0x00000000bae00000,0x00000000bb3cc5a8,0x00000000bc300000)
}

Deoptimization events (10 events):
Event: 3.516 Thread 0x000000000a7ac000 Uncommon trap: reason=unstable_if action=reinterpret pc=0x000000000250684c method=com.android.dx.ssa.Dominators.run()V @ 346
Event: 3.663 Thread 0x000000000a82a000 Uncommon trap: reason=unstable_if action=reinterpret pc=0x00000000025b1e24 method=java.util.BitSet.ensureCapacity(I)V @ 6
Event: 3.694 Thread 0x000000000a807000 Uncommon trap: reason=unstable_if action=reinterpret pc=0x00000000025c2ecc method=com.android.dx.cf.code.RopperMachine.run(Lcom/android/dx/cf/code/Frame;II)V @ 1250
Event: 3.869 Thread 0x000000000a82a000 Uncommon trap: reason=class_check action=maybe_recompile pc=0x00000000025977bc method=com.android.dx.ssa.SsaMethod.isRegALocal(Lcom/android/dx/rop/code/RegisterSpec;)Z @ 16
Event: 3.869 Thread 0x000000000a82a000 Uncommon trap: reason=class_check action=maybe_recompile pc=0x00000000025977bc method=com.android.dx.ssa.SsaMethod.isRegALocal(Lcom/android/dx/rop/code/RegisterSpec;)Z @ 16
Event: 3.869 Thread 0x000000000a82a000 Uncommon trap: reason=class_check action=maybe_recompile pc=0x00000000025977bc method=com.android.dx.ssa.SsaMethod.isRegALocal(Lcom/android/dx/rop/code/RegisterSpec;)Z @ 16
Event: 3.869 Thread 0x000000000a82a000 Uncommon trap: reason=class_check action=maybe_recompile pc=0x00000000025977bc method=com.android.dx.ssa.SsaMethod.isRegALocal(Lcom/android/dx/rop/code/RegisterSpec;)Z @ 16
Event: 3.910 Thread 0x000000000a807800 Uncommon trap: reason=unstable_if action=reinterpret pc=0x0000000002564fb0 method=com.android.dx.dex.code.RopTranslator.pickOrder()V @ 279
Event: 4.135 Thread 0x000000000233d800 Uncommon trap: reason=unstable_if action=reinterpret pc=0x000000000257af3c method=com.android.dx.cf.code.BaseMachine.popArgs(Lcom/android/dx/cf/code/Frame;I)V @ 15
Event: 4.507 Thread 0x000000000a82a000 Uncommon trap: reason=null_check action=make_not_entrant pc=0x00000000025f8764 method=com.android.dx.dex.cf.AttributeTranslator.getSignature(Lcom/android/dx/cf/iface/AttributeList;)Lcom/android/dx/rop/annotation/Annotation; @ 8

Internal exceptions (10 events):
Event: 1.134 Thread 0x000000000233d800 Threw 0x00000000ec1f1010 at C:\re\jdk7u80\2329\hotspot\src\share\vm\prims\jvm.cpp:1319
Event: 1.195 Thread 0x000000000233d800 Implicit null exception at 0x00000000024c86a4 to 0x00000000024c88a5
Event: 1.278 Thread 0x000000000233d800 Threw 0x00000000ec567838 at C:\re\jdk7u80\2329\hotspot\src\share\vm\prims\jvm.cpp:1319
Event: 1.527 Thread 0x000000000233d800 Implicit null exception at 0x00000000024effea to 0x00000000024f09b5
Event: 1.641 Thread 0x000000000233d800 Implicit null exception at 0x00000000024e638b to 0x00000000024e6a25
Event: 2.352 Thread 0x000000000a82a000 Threw 0x00000000ee5b2ec0 at C:\re\jdk7u80\2329\hotspot\src\share\vm\prims\jvm.cpp:1319
Event: 3.500 Thread 0x000000000a82a000 Threw 0x00000000ed62d448 at C:\re\jdk7u80\2329\hotspot\src\share\vm\prims\jvm.cpp:1319
Event: 4.507 Thread 0x000000000a82a000 Implicit null exception at 0x00000000025f5cb0 to 0x00000000025f8759
Event: 5.744 Thread 0x000000000233d800 Threw 0x00000000ed98d058 at C:\re\jdk7u80\2329\hotspot\src\share\vm\prims\jvm.cpp:1319
Event: 5.957 Thread 0x000000000a82a000 Threw 0x00000000ee395418 at C:\re\jdk7u80\2329\hotspot\src\share\vm\prims\jvm.cpp:1319

Events (10 events):
Event: 5.929 loading class 0x000000000a6a08d0
Event: 5.929 loading class 0x00000000023476a0
Event: 5.929 loading class 0x000000000a6a0750
Event: 5.930 loading class 0x000000000a6a0750 done
Event: 5.930 loading class 0x00000000023476a0 done
Event: 5.930 loading class 0x000000000a6a08d0 done
Event: 5.931 loading class 0x000000000a6a08a0
Event: 5.951 loading class 0x000000000a6a08a0 done
Event: 5.957 loading class 0x000000000a82d380
Event: 5.957 loading class 0x000000000a82d380 done


Dynamic libraries:
0x00007ff678710000 - 0x00007ff678743000 	C:\Program Files\Java\jdk1.7.0_80\bin\java.exe
0x00007ffee94e0000 - 0x00007ffee96a1000 	C:\WINDOWS\SYSTEM32\ntdll.dll
0x00007ffee8600000 - 0x00007ffee86ad000 	C:\WINDOWS\system32\KERNEL32.DLL
0x00007ffee5d60000 - 0x00007ffee5f48000 	C:\WINDOWS\system32\KERNELBASE.dll
0x00007ffee8b60000 - 0x00007ffee8c07000 	C:\WINDOWS\system32\ADVAPI32.dll
0x00007ffee6d20000 - 0x00007ffee6dbd000 	C:\WINDOWS\system32\msvcrt.dll
0x00007ffee8920000 - 0x00007ffee897b000 	C:\WINDOWS\system32\sechost.dll
0x00007ffee8de0000 - 0x00007ffee8efc000 	C:\WINDOWS\system32\RPCRT4.dll
0x00007ffee68e0000 - 0x00007ffee6a36000 	C:\WINDOWS\system32\USER32.dll
0x00007ffee9350000 - 0x00007ffee94d6000 	C:\WINDOWS\system32\GDI32.dll
0x00007ffed5b30000 - 0x00007ffed5da4000 	C:\WINDOWS\WinSxS\amd64_microsoft.windows.common-controls_6595b64144ccf1df_6.0.10586.0_none_8c15ae12515e1c22\COMCTL32.dll
0x00007ffee6aa0000 - 0x00007ffee6d1d000 	C:\WINDOWS\system32\combase.dll
0x00007ffee6870000 - 0x00007ffee68da000 	C:\WINDOWS\system32\bcryptPrimitives.dll
0x00007ffee7060000 - 0x00007ffee709b000 	C:\WINDOWS\system32\IMM32.DLL
0x00000000693f0000 - 0x00000000694c2000 	C:\Program Files\Java\jdk1.7.0_80\jre\bin\msvcr100.dll
0x0000000069ea0000 - 0x000000006a679000 	C:\Program Files\Java\jdk1.7.0_80\jre\bin\server\jvm.dll
0x00007ffee89f0000 - 0x00007ffee89f8000 	C:\WINDOWS\system32\PSAPI.DLL
0x00007ffeda430000 - 0x00007ffeda439000 	C:\WINDOWS\SYSTEM32\WSOCK32.dll
0x00007ffee8c10000 - 0x00007ffee8c7b000 	C:\WINDOWS\system32\WS2_32.dll
0x00007ffee3f30000 - 0x00007ffee3f53000 	C:\WINDOWS\SYSTEM32\WINMM.dll
0x00000000020d0000 - 0x00000000020fc000 	C:\WINDOWS\SYSTEM32\WINMMBASE.dll
0x00007ffee5f50000 - 0x00007ffee5f93000 	C:\WINDOWS\system32\cfgmgr32.dll
0x0000000069e90000 - 0x0000000069e9f000 	C:\Program Files\Java\jdk1.7.0_80\jre\bin\verify.dll
0x0000000069e60000 - 0x0000000069e88000 	C:\Program Files\Java\jdk1.7.0_80\jre\bin\java.dll
0x0000000069e40000 - 0x0000000069e56000 	C:\Program Files\Java\jdk1.7.0_80\jre\bin\zip.dll
0x0000000069e20000 - 0x0000000069e3a000 	C:\Program Files\Java\jdk1.7.0_80\jre\bin\net.dll
0x00007ffee5430000 - 0x00007ffee548c000 	C:\WINDOWS\system32\mswsock.dll
0x0000000069d60000 - 0x0000000069d71000 	C:\Program Files\Java\jdk1.7.0_80\jre\bin\nio.dll

VM Arguments:
jvm_args: -Djava.awt.headless=true -Xmx1024M -Dfile.encoding=windows-1252 -Duser.country=US -Duser.language=en -Duser.variant 
java_command: com.android.dx.command.Main --dex --force-jumbo --num-threads=4 --multi-dex --output C:\Users\MyPC\AndroidStudioProjects\RaSEReport\app\build\intermediates\transforms\dex\debug\folders\1000\10\com.google.android.gms-play-services-drive-7.5.0_53528e0d8b25502bdc7ee40a824d10e846bd35c0 C:\Users\MyPC\AndroidStudioProjects\RaSEReport\app\build\intermediates\exploded-aar\com.google.android.gms\play-services-drive\7.5.0\jars\classes.jar
Launcher Type: SUN_STANDARD

Environment Variables:
JAVA_HOME=C:\Program Files\Java\jdk1.7.0_80\
PATH=C:\Python27\;C:\Python27\Scripts;F:\app\MyPC\product\11.2.0\dbhome_1\bin;C:\ProgramData\Oracle\Java\javapath;C:\WINDOWS\system32;C:\WINDOWS;C:\WINDOWS\System32\Wbem;C:\WINDOWS\System32\WindowsPowerShell\v1.0\;C:\Program Files (x86)\ATI Technologies\ATI.ACE\Core-Static;C:\Program Files\Microsoft SQL Server\110\Tools\Binn\;C:\Program Files (x86)\AMD\ATI.ACE\Core-Static;C:\Program Files (x86)\Intel\OpenCL SDK\2.0\bin\x86;C:\Program Files (x86)\Intel\OpenCL SDK\2.0\bin\x64;C:\Program Files (x86)\GNU\GnuPG\pub;C:\Program Files (x86)\SMART Technologies\SMART Response\;C:\Program Files (x86)\Windows Kits\8.1\Windows Performance Toolkit\;C:\Program Files (x86)\Microsoft SDKs\TypeScript\1.0\;C:\Program Files\Microsoft SQL Server\120\Tools\Binn\;C:\Program Files\Microsoft\Web Platform Installer\;C:\Program Files (x86)\Microsoft ASP.NET\ASP.NET Web Pages\v1.0\;C:\Program Files (x86)\Microsoft SQL Server\100\Tools\Binn\;C:\Program Files\Microsoft SQL Server\100\Tools\Binn\;C:\Program Files\Microsoft SQL Server\100\DTS\Binn\;C:\Program Files (x86)\Microsoft SQL Server\100\Tools\Binn\VSShell\Common7\IDE\;C:\Program Files (x86)\Microsoft Visual Studio 9.0\Common7\IDE\PrivateAssemblies\;C:\Program Files (x86)\Microsoft SQL Server\100\DTS\Binn\;C:\Program Files (x86)\OptiTex 10\App;C:\Program Files (x86)\Skype\Phone\;C:\Program Files (x86)\Heroku\bin;C:\Program Files (x86)\git\cmd;C:\Program Files (x86)\Git\cmd;C:\grails-2.5.2\bin;JAVA_HOME\bin;C:\Ruby22-x64\bin
USERNAME=MyPC
OS=Windows_NT
PROCESSOR_IDENTIFIER=Intel64 Family 6 Model 42 Stepping 7, GenuineIntel



---------------  S Y S T E M  ---------------

OS: Windows 8.1 , 64 bit Build 9600 

CPU:total 8 (4 cores per cpu, 2 threads per core) family 6 model 42 stepping 7, cmov, cx8, fxsr, mmx, sse, sse2, sse3, ssse3, sse4.1, sse4.2, popcnt, avx, aes, ht, tsc, tscinvbit

Memory: 4k page, physical 16625516k(3791408k free), swap 25230496k(5176k free)

vm_info: Java HotSpot(TM) 64-Bit Server VM (24.80-b11) for windows-amd64 JRE (1.7.0_80-b15), built on Apr 10 2015 11:26:34 by "java_re" with unknown MS VC++:1600

time: Wed May 25 10:57:13 2016
elapsed time: 6 seconds

