#
# There is insufficient memory for the Java Runtime Environment to continue.
# Native memory allocation (malloc) failed to allocate 46112 bytes for Chunk::new
# Possible reasons:
#   The system is out of physical RAM or swap space
#   In 32 bit mode, the process size limit was hit
# Possible solutions:
#   Reduce memory load on the system
#   Increase physical memory or swap space
#   Check if swap backing store is full
#   Use 64 bit Java on a 64 bit OS
#   Decrease Java heap size (-Xmx/-Xms)
#   Decrease number of Java threads
#   Decrease Java thread stack sizes (-Xss)
#   Set larger code cache with -XX:ReservedCodeCacheSize=
# This output file may be truncated or incomplete.
#
#  Out of Memory Error (allocation.cpp:323), pid=23196, tid=23712
#
# JRE version: Java(TM) SE Runtime Environment (7.0_80-b15) (build 1.7.0_80-b15)
# Java VM: Java HotSpot(TM) 64-Bit Server VM (24.80-b11 mixed mode windows-amd64 compressed oops)
# Failed to write core dump. Minidumps are not enabled by default on client versions of Windows
#

---------------  T H R E A D  ---------------

Current thread (0x000000000a540800):  JavaThread "C2 CompilerThread0" daemon [_thread_in_native, id=23712, stack(0x000000000ab20000,0x000000000ac20000)]

Stack: [0x000000000ab20000,0x000000000ac20000]

Current CompileTask:
C2:   4348  207             com.android.dx.ssa.SCCP::simulateBranch (666 bytes)


---------------  P R O C E S S  ---------------

Java Threads: ( => current thread )
  0x000000000a655800 JavaThread "pool-1-thread-4" [_thread_in_Java, id=8056, stack(0x000000000b320000,0x000000000b420000)]
  0x000000000a6de000 JavaThread "pool-1-thread-3" [_thread_in_Java, id=16280, stack(0x000000000b220000,0x000000000b320000)]
  0x000000000a6dd800 JavaThread "pool-1-thread-2" [_thread_in_Java, id=5276, stack(0x000000000b120000,0x000000000b220000)]
  0x000000000a6e8800 JavaThread "pool-2-thread-1" [_thread_blocked, id=2972, stack(0x000000000b020000,0x000000000b120000)]
  0x000000000a775800 JavaThread "pool-1-thread-1" [_thread_in_Java, id=6444, stack(0x000000000af20000,0x000000000b020000)]
  0x000000000222b000 JavaThread "Service Thread" daemon [_thread_blocked, id=5396, stack(0x000000000ad20000,0x000000000ae20000)]
  0x000000000221f000 JavaThread "C2 CompilerThread1" daemon [_thread_in_native, id=5328, stack(0x000000000ac20000,0x000000000ad20000)]
=>0x000000000a540800 JavaThread "C2 CompilerThread0" daemon [_thread_in_native, id=23712, stack(0x000000000ab20000,0x000000000ac20000)]
  0x000000000221e800 JavaThread "Attach Listener" daemon [_thread_blocked, id=13300, stack(0x000000000aa20000,0x000000000ab20000)]
  0x000000000856e800 JavaThread "Signal Dispatcher" daemon [_thread_blocked, id=24176, stack(0x000000000a920000,0x000000000aa20000)]
  0x000000000855b000 JavaThread "Finalizer" daemon [_thread_blocked, id=21744, stack(0x000000000a420000,0x000000000a520000)]
  0x000000000855a000 JavaThread "Reference Handler" daemon [_thread_blocked, id=21868, stack(0x000000000a320000,0x000000000a420000)]
  0x000000000212d800 JavaThread "main" [_thread_in_Java, id=21796, stack(0x0000000001fe0000,0x00000000020e0000)]

Other Threads:
  0x0000000008555000 VMThread [stack: 0x000000000a220000,0x000000000a320000] [id=21320]
  0x000000000222e800 WatcherThread [stack: 0x000000000ae20000,0x000000000af20000] [id=1056]

VM state:not at safepoint (normal execution)

VM Mutex/Monitor currently owned by a thread: None

Heap
 PSYoungGen      total 76288K, used 38033K [0x00000000eaa80000, 0x00000000eff80000, 0x0000000100000000)
  eden space 65536K, 58% used [0x00000000eaa80000,0x00000000ecfa47a0,0x00000000eea80000)
  from space 10752K, 0% used [0x00000000ef500000,0x00000000ef500000,0x00000000eff80000)
  to   space 10752K, 0% used [0x00000000eea80000,0x00000000eea80000,0x00000000ef500000)
 ParOldGen       total 173056K, used 0K [0x00000000c0000000, 0x00000000ca900000, 0x00000000eaa80000)
  object space 173056K, 0% used [0x00000000c0000000,0x00000000c0000000,0x00000000ca900000)
 PSPermGen       total 21504K, used 5835K [0x00000000bae00000, 0x00000000bc300000, 0x00000000c0000000)
  object space 21504K, 27% used [0x00000000bae00000,0x00000000bb3b2ff8,0x00000000bc300000)

Card table byte_map: [0x00000000052f0000,0x0000000005520000] byte_map_base: 0x0000000004d19000

Polling page: 0x0000000000820000

Code Cache  [0x0000000002230000, 0x00000000024a0000, 0x0000000005230000)
 total_blobs=457 nmethods=220 adapters=189 free_code_cache=48339Kb largest_free_block=49466880

Compilation events (10 events):
Event: 4.240 Thread 0x000000000221f000 nmethod 217 0x00000000022f25d0 code [0x00000000022f2720, 0x00000000022f2838]
Event: 4.240 Thread 0x000000000221f000  218             com.android.dx.rop.type.Prototype::makeParameterArray (131 bytes)
Event: 4.260 Thread 0x000000000221f000 nmethod 218 0x00000000022f8d90 code [0x00000000022f8ee0, 0x00000000022f93d8]
Event: 4.260 Thread 0x000000000221f000  219             java.lang.Float::isNaN (12 bytes)
Event: 4.261 Thread 0x000000000221f000 nmethod 219 0x00000000022f1fd0 code [0x00000000022f2100, 0x00000000022f2178]
Event: 4.261 Thread 0x000000000221f000  220             java.util.HashMap::<init> (119 bytes)
Event: 4.264 Thread 0x000000000221f000 nmethod 220 0x00000000022f3f90 code [0x00000000022f40e0, 0x00000000022f4258]
Event: 4.264 Thread 0x000000000221f000  221             java.util.HashMap::init (1 bytes)
Event: 4.264 Thread 0x000000000221f000 nmethod 221 0x00000000022f8b90 code [0x00000000022f8cc0, 0x00000000022f8d18]
Event: 4.264 Thread 0x000000000221f000  222             com.android.dx.ssa.SCCP::run (298 bytes)

GC Heap History (0 events):
No events

Deoptimization events (7 events):
Event: 3.164 Thread 0x000000000a655800 Uncommon trap: reason=null_check action=make_not_entrant pc=0x00000000022b1ad0 method=com.android.dx.rop.code.LocalItem.equals(Ljava/lang/Object;)Z @ 1
Event: 3.642 Thread 0x000000000212d800 Uncommon trap: reason=unstable_if action=reinterpret pc=0x00000000022ac3b8 method=com.android.dx.cf.code.Ropper.labelToResultIndex(I)I @ 34
Event: 3.891 Thread 0x000000000a6dd800 Uncommon trap: reason=unstable_if action=reinterpret pc=0x00000000022b2984 method=com.android.dx.rop.cst.Constant.compareTo(Lcom/android/dx/rop/cst/Constant;)I @ 12
Event: 4.258 Thread 0x000000000a6de000 Uncommon trap: reason=class_check action=maybe_recompile pc=0x00000000022a6ef0 method=com.android.dx.rop.type.Type.equals(Ljava/lang/Object;)Z @ 8
Event: 4.258 Thread 0x000000000a6de000 Uncommon trap: reason=unstable_if action=reinterpret pc=0x00000000022eda1c method=com.android.dx.ssa.LocalVariableExtractor.processBlock(I)V @ 77
Event: 4.259 Thread 0x000000000a6de000 Uncommon trap: reason=class_check action=maybe_recompile pc=0x00000000022a6ef0 method=com.android.dx.rop.type.Type.equals(Ljava/lang/Object;)Z @ 8
Event: 4.261 Thread 0x000000000a6de000 Uncommon trap: reason=class_check action=maybe_recompile pc=0x00000000022a6ef0 method=com.android.dx.rop.type.Type.equals(Ljava/lang/Object;)Z @ 8

Internal exceptions (10 events):
Event: 2.652 Thread 0x000000000a6de000 Threw 0x00000000eb6ee2c0 at C:\re\jdk7u80\2329\hotspot\src\share\vm\prims\jvm.cpp:1319
Event: 2.659 Thread 0x000000000a655800 Threw 0x00000000eb2afe20 at C:\re\jdk7u80\2329\hotspot\src\share\vm\prims\jvm.cpp:1319
Event: 2.753 Thread 0x000000000a775800 Threw 0x00000000eb55c820 at C:\re\jdk7u80\2329\hotspot\src\share\vm\prims\jvm.cpp:1319
Event: 2.984 Thread 0x000000000212d800 Threw 0x00000000eb88e848 at C:\re\jdk7u80\2329\hotspot\src\share\vm\prims\jvm.cpp:1319
Event: 2.986 Thread 0x000000000212d800 Threw 0x00000000ebb2a088 at C:\re\jdk7u80\2329\hotspot\src\share\vm\prims\jvm.cpp:1319
Event: 2.987 Thread 0x000000000212d800 Threw 0x00000000ebb2c448 at C:\re\jdk7u80\2329\hotspot\src\share\vm\prims\jvm.cpp:1319
Event: 3.164 Thread 0x000000000a655800 Implicit null exception at 0x00000000022b1912 to 0x00000000022b1ab9
Event: 3.381 Thread 0x000000000a775800 Threw 0x00000000ebdfc9b0 at C:\re\jdk7u80\2329\hotspot\src\share\vm\prims\jvm.cpp:1319
Event: 3.601 Thread 0x000000000212d800 Threw 0x00000000ec251c38 at C:\re\jdk7u80\2329\hotspot\src\share\vm\prims\jvm.cpp:1319
Event: 4.256 Thread 0x000000000a6de000 Threw 0x00000000ec909258 at C:\re\jdk7u80\2329\hotspot\src\share\vm\prims\jvm.cpp:1319

Events (10 events):
Event: 4.258 Thread 0x000000000a6de000 DEOPT UNPACKING pc=0x00000000022675a4 sp=0x000000000b31e5f8 mode 2
Event: 4.258 Thread 0x000000000a6de000 Uncommon trap: trap_request=0xffffff75 fr.pc=0x00000000022eda1c
Event: 4.258 Thread 0x000000000a6de000 DEOPT PACKING pc=0x00000000022eda1c sp=0x000000000b31e750
Event: 4.258 Thread 0x000000000a6de000 DEOPT UNPACKING pc=0x00000000022675a4 sp=0x000000000b31e6c0 mode 2
Event: 4.259 Thread 0x000000000a6de000 Uncommon trap: trap_request=0xffffffde fr.pc=0x00000000022a6ef0
Event: 4.259 Thread 0x000000000a6de000 DEOPT PACKING pc=0x00000000022a6ef0 sp=0x000000000b31e490
Event: 4.259 Thread 0x000000000a6de000 DEOPT UNPACKING pc=0x00000000022675a4 sp=0x000000000b31e3c8 mode 2
Event: 4.261 Thread 0x000000000a6de000 Uncommon trap: trap_request=0xffffffde fr.pc=0x00000000022a6ef0
Event: 4.261 Thread 0x000000000a6de000 DEOPT PACKING pc=0x00000000022a6ef0 sp=0x000000000b31e390
Event: 4.261 Thread 0x000000000a6de000 DEOPT UNPACKING pc=0x00000000022675a4 sp=0x000000000b31e2c8 mode 2


Dynamic libraries:
0x00007ff678710000 - 0x00007ff678743000 	C:\Program Files\Java\jdk1.7.0_80\bin\java.exe
0x00007ffee94e0000 - 0x00007ffee96a1000 	C:\WINDOWS\SYSTEM32\ntdll.dll
0x00007ffee8600000 - 0x00007ffee86ad000 	C:\WINDOWS\system32\KERNEL32.DLL
0x00007ffee5d60000 - 0x00007ffee5f48000 	C:\WINDOWS\system32\KERNELBASE.dll
0x00007ffee8b60000 - 0x00007ffee8c07000 	C:\WINDOWS\system32\ADVAPI32.dll
0x00007ffee6d20000 - 0x00007ffee6dbd000 	C:\WINDOWS\system32\msvcrt.dll
0x00007ffee8920000 - 0x00007ffee897b000 	C:\WINDOWS\system32\sechost.dll
0x00007ffee8de0000 - 0x00007ffee8efc000 	C:\WINDOWS\system32\RPCRT4.dll
0x00007ffee68e0000 - 0x00007ffee6a36000 	C:\WINDOWS\system32\USER32.dll
0x00007ffee9350000 - 0x00007ffee94d6000 	C:\WINDOWS\system32\GDI32.dll
0x00007ffed5b30000 - 0x00007ffed5da4000 	C:\WINDOWS\WinSxS\amd64_microsoft.windows.common-controls_6595b64144ccf1df_6.0.10586.0_none_8c15ae12515e1c22\COMCTL32.dll
0x00007ffee6aa0000 - 0x00007ffee6d1d000 	C:\WINDOWS\system32\combase.dll
0x00007ffee6870000 - 0x00007ffee68da000 	C:\WINDOWS\system32\bcryptPrimitives.dll
0x00007ffee7060000 - 0x00007ffee709b000 	C:\WINDOWS\system32\IMM32.DLL
0x00000000693f0000 - 0x00000000694c2000 	C:\Program Files\Java\jdk1.7.0_80\jre\bin\msvcr100.dll
0x0000000069ea0000 - 0x000000006a679000 	C:\Program Files\Java\jdk1.7.0_80\jre\bin\server\jvm.dll
0x00007ffee89f0000 - 0x00007ffee89f8000 	C:\WINDOWS\system32\PSAPI.DLL
0x00007ffeda430000 - 0x00007ffeda439000 	C:\WINDOWS\SYSTEM32\WSOCK32.dll
0x00007ffee8c10000 - 0x00007ffee8c7b000 	C:\WINDOWS\system32\WS2_32.dll
0x00007ffee3f30000 - 0x00007ffee3f53000 	C:\WINDOWS\SYSTEM32\WINMM.dll
0x00007ffee3ed0000 - 0x00007ffee3efc000 	C:\WINDOWS\SYSTEM32\WINMMBASE.dll
0x00007ffee5f50000 - 0x00007ffee5f93000 	C:\WINDOWS\system32\cfgmgr32.dll
0x0000000069e90000 - 0x0000000069e9f000 	C:\Program Files\Java\jdk1.7.0_80\jre\bin\verify.dll
0x0000000069e60000 - 0x0000000069e88000 	C:\Program Files\Java\jdk1.7.0_80\jre\bin\java.dll
0x0000000069e40000 - 0x0000000069e56000 	C:\Program Files\Java\jdk1.7.0_80\jre\bin\zip.dll
0x0000000069e20000 - 0x0000000069e3a000 	C:\Program Files\Java\jdk1.7.0_80\jre\bin\net.dll
0x00007ffee5430000 - 0x00007ffee548c000 	C:\WINDOWS\system32\mswsock.dll
0x0000000069d60000 - 0x0000000069d71000 	C:\Program Files\Java\jdk1.7.0_80\jre\bin\nio.dll

VM Arguments:
jvm_args: -Djava.awt.headless=true -Xmx1024M -Dfile.encoding=windows-1252 -Duser.country=US -Duser.language=en -Duser.variant 
java_command: com.android.dx.command.Main --dex --force-jumbo --num-threads=4 --output C:\Users\MyPC\AndroidStudioProjects\RaSEReport\app\build\intermediates\pre-dexed\debug\com.google.android.gms-play-services-location-7.5.0_f68b952803c06a406d4bb5eb255714a60165cba2.jar C:\Users\MyPC\AndroidStudioProjects\RaSEReport\app\build\intermediates\exploded-aar\com.google.android.gms\play-services-location\7.5.0\jars\classes.jar
Launcher Type: SUN_STANDARD

Environment Variables:
JAVA_HOME=C:\Program Files\Java\jdk1.7.0_80\
PATH=C:\Python27\;C:\Python27\Scripts;F:\app\MyPC\product\11.2.0\dbhome_1\bin;C:\ProgramData\Oracle\Java\javapath;C:\WINDOWS\system32;C:\WINDOWS;C:\WINDOWS\System32\Wbem;C:\WINDOWS\System32\WindowsPowerShell\v1.0\;C:\Program Files (x86)\ATI Technologies\ATI.ACE\Core-Static;C:\Program Files\Microsoft SQL Server\110\Tools\Binn\;C:\Program Files (x86)\AMD\ATI.ACE\Core-Static;C:\Program Files (x86)\Intel\OpenCL SDK\2.0\bin\x86;C:\Program Files (x86)\Intel\OpenCL SDK\2.0\bin\x64;C:\Program Files (x86)\GNU\GnuPG\pub;C:\Program Files (x86)\SMART Technologies\SMART Response\;C:\Program Files (x86)\Windows Kits\8.1\Windows Performance Toolkit\;C:\Program Files (x86)\Microsoft SDKs\TypeScript\1.0\;C:\Program Files\Microsoft SQL Server\120\Tools\Binn\;C:\Program Files\Microsoft\Web Platform Installer\;C:\Program Files (x86)\Microsoft ASP.NET\ASP.NET Web Pages\v1.0\;C:\Program Files (x86)\Microsoft SQL Server\100\Tools\Binn\;C:\Program Files\Microsoft SQL Server\100\Tools\Binn\;C:\Program Files\Microsoft SQL Server\100\DTS\Binn\;C:\Program Files (x86)\Microsoft SQL Server\100\Tools\Binn\VSShell\Common7\IDE\;C:\Program Files (x86)\Microsoft Visual Studio 9.0\Common7\IDE\PrivateAssemblies\;C:\Program Files (x86)\Microsoft SQL Server\100\DTS\Binn\;C:\Program Files (x86)\OptiTex 10\App;C:\Program Files (x86)\Skype\Phone\;C:\Program Files (x86)\Heroku\bin;C:\Program Files (x86)\git\cmd;C:\Program Files (x86)\Git\cmd;C:\grails-2.5.2\bin;JAVA_HOME\bin;C:\Ruby22-x64\bin
USERNAME=MyPC
OS=Windows_NT
PROCESSOR_IDENTIFIER=Intel64 Family 6 Model 42 Stepping 7, GenuineIntel



---------------  S Y S T E M  ---------------

OS: Windows 8.1 , 64 bit Build 9600 

CPU:total 8 (4 cores per cpu, 2 threads per core) family 6 model 42 stepping 7, cmov, cx8, fxsr, mmx, sse, sse2, sse3, ssse3, sse4.1, sse4.2, popcnt, avx, aes, ht, tsc, tscinvbit

Memory: 4k page, physical 16625516k(3767172k free), swap 25247408k(5156k free)

vm_info: Java HotSpot(TM) 64-Bit Server VM (24.80-b11) for windows-amd64 JRE (1.7.0_80-b15), built on Apr 10 2015 11:26:34 by "java_re" with unknown MS VC++:1600

time: Wed May 25 11:05:26 2016
elapsed time: 4 seconds

