#
# There is insufficient memory for the Java Runtime Environment to continue.
# Native memory allocation (malloc) failed to allocate 237968 bytes for Chunk::new
# Possible reasons:
#   The system is out of physical RAM or swap space
#   In 32 bit mode, the process size limit was hit
# Possible solutions:
#   Reduce memory load on the system
#   Increase physical memory or swap space
#   Check if swap backing store is full
#   Use 64 bit Java on a 64 bit OS
#   Decrease Java heap size (-Xmx/-Xms)
#   Decrease number of Java threads
#   Decrease Java thread stack sizes (-Xss)
#   Set larger code cache with -XX:ReservedCodeCacheSize=
# This output file may be truncated or incomplete.
#
#  Out of Memory Error (allocation.cpp:323), pid=8308, tid=17244
#
# JRE version: Java(TM) SE Runtime Environment (7.0_80-b15) (build 1.7.0_80-b15)
# Java VM: Java HotSpot(TM) 64-Bit Server VM (24.80-b11 mixed mode windows-amd64 compressed oops)
# Failed to write core dump. Minidumps are not enabled by default on client versions of Windows
#

---------------  T H R E A D  ---------------

Current thread (0x0000000002355800):  JavaThread "C2 CompilerThread1" daemon [_thread_in_native, id=17244, stack(0x000000000ac60000,0x000000000ad60000)]

Stack: [0x000000000ac60000,0x000000000ad60000]

Current CompileTask:
C2:   4633  406             com.android.dx.ssa.PhiTypeResolver::run (179 bytes)


---------------  P R O C E S S  ---------------

Java Threads: ( => current thread )
  0x000000000a74d000 JavaThread "pool-1-thread-4" [_thread_in_vm, id=24496, stack(0x000000000b360000,0x000000000b460000)]
  0x000000000a74c800 JavaThread "pool-1-thread-3" [_thread_in_vm, id=9604, stack(0x000000000b260000,0x000000000b360000)]
  0x000000000a74a000 JavaThread "pool-1-thread-2" [_thread_in_vm, id=14492, stack(0x000000000b160000,0x000000000b260000)]
  0x000000000a74b000 JavaThread "pool-2-thread-1" [_thread_blocked, id=24152, stack(0x000000000b060000,0x000000000b160000)]
  0x000000000a695000 JavaThread "pool-1-thread-1" [_thread_in_vm, id=22968, stack(0x000000000af60000,0x000000000b060000)]
  0x0000000002359800 JavaThread "Service Thread" daemon [_thread_blocked, id=23084, stack(0x000000000ad60000,0x000000000ae60000)]
=>0x0000000002355800 JavaThread "C2 CompilerThread1" daemon [_thread_in_native, id=17244, stack(0x000000000ac60000,0x000000000ad60000)]
  0x000000000234e800 JavaThread "C2 CompilerThread0" daemon [_thread_in_vm, id=10928, stack(0x000000000ab60000,0x000000000ac60000)]
  0x000000000a581000 JavaThread "Attach Listener" daemon [_thread_blocked, id=19780, stack(0x000000000aa60000,0x000000000ab60000)]
  0x000000000a580800 JavaThread "Signal Dispatcher" daemon [_thread_blocked, id=21720, stack(0x000000000a960000,0x000000000aa60000)]
  0x000000000859a000 JavaThread "Finalizer" daemon [_thread_blocked, id=22916, stack(0x000000000a460000,0x000000000a560000)]
  0x0000000008599000 JavaThread "Reference Handler" daemon [_thread_blocked, id=19984, stack(0x000000000a360000,0x000000000a460000)]
  0x000000000225d800 JavaThread "main" [_thread_in_Java, id=11616, stack(0x0000000002060000,0x0000000002160000)]

Other Threads:
  0x0000000008594800 VMThread [stack: 0x000000000a260000,0x000000000a360000] [id=16956]
  0x000000000235d800 WatcherThread [stack: 0x000000000ae60000,0x000000000af60000] [id=22288]

VM state:not at safepoint (normal execution)

VM Mutex/Monitor currently owned by a thread: None

Heap
 PSYoungGen      total 76288K, used 26982K [0x00000000eaa80000, 0x00000000f3f80000, 0x0000000100000000)
  eden space 65536K, 24% used [0x00000000eaa80000,0x00000000eba5fe00,0x00000000eea80000)
  from space 10752K, 99% used [0x00000000ef500000,0x00000000eff79c78,0x00000000eff80000)
  to   space 10752K, 0% used [0x00000000eea80000,0x00000000eea80000,0x00000000ef500000)
 ParOldGen       total 173056K, used 9343K [0x00000000c0000000, 0x00000000ca900000, 0x00000000eaa80000)
  object space 173056K, 5% used [0x00000000c0000000,0x00000000c091ff70,0x00000000ca900000)
 PSPermGen       total 21504K, used 5967K [0x00000000bae00000, 0x00000000bc300000, 0x00000000c0000000)
  object space 21504K, 27% used [0x00000000bae00000,0x00000000bb3d3c40,0x00000000bc300000)

Card table byte_map: [0x0000000005360000,0x0000000005590000] byte_map_base: 0x0000000004d89000

Polling page: 0x0000000001fc0000

Code Cache  [0x0000000002360000, 0x00000000025d0000, 0x0000000005360000)
 total_blobs=646 nmethods=409 adapters=189 free_code_cache=47586Kb largest_free_block=48638848

Compilation events (10 events):
Event: 4.607 Thread 0x000000000234e800 nmethod 412 0x00000000024e6d50 code [0x00000000024e6e80, 0x00000000024e6ed8]
Event: 4.607 Thread 0x000000000234e800  413             com.android.dx.cf.code.BaseMachine::resultCount (22 bytes)
Event: 4.608 Thread 0x000000000234e800 nmethod 413 0x0000000002447890 code [0x00000000024479c0, 0x0000000002447a38]
Event: 4.608 Thread 0x000000000234e800  414             com.android.dx.rop.type.Type::getBasicFrameType (60 bytes)
Event: 4.609 Thread 0x000000000234e800 nmethod 414 0x00000000024cf910 code [0x00000000024cfa40, 0x00000000024cfab8]
Event: 4.609 Thread 0x000000000234e800  415             com.android.dx.rop.code.RegisterSpec::getType (10 bytes)
Event: 4.609 Thread 0x000000000234e800 nmethod 415 0x00000000024cf6d0 code [0x00000000024cf820, 0x00000000024cf898]
Event: 4.609 Thread 0x000000000234e800  416             com.android.dx.rop.code.Insn::getLocalAssignment (48 bytes)
Event: 4.610 Thread 0x000000000234e800 nmethod 416 0x0000000002445810 code [0x0000000002445940, 0x00000000024459d8]
Event: 4.610 Thread 0x000000000234e800  417             com.android.dx.rop.code.RegisterSpecSet::equals (106 bytes)

GC Heap History (4 events):
Event: 3.526 GC heap before
{Heap before GC invocations=1 (full 0):
 PSYoungGen      total 76288K, used 65536K [0x00000000eaa80000, 0x00000000eff80000, 0x0000000100000000)
  eden space 65536K, 100% used [0x00000000eaa80000,0x00000000eea80000,0x00000000eea80000)
  from space 10752K, 0% used [0x00000000ef500000,0x00000000ef500000,0x00000000eff80000)
  to   space 10752K, 0% used [0x00000000eea80000,0x00000000eea80000,0x00000000ef500000)
 ParOldGen       total 173056K, used 0K [0x00000000c0000000, 0x00000000ca900000, 0x00000000eaa80000)
  object space 173056K, 0% used [0x00000000c0000000,0x00000000c0000000,0x00000000ca900000)
 PSPermGen       total 21504K, used 5889K [0x00000000bae00000, 0x00000000bc300000, 0x00000000c0000000)
  object space 21504K, 27% used [0x00000000bae00000,0x00000000bb3c0488,0x00000000bc300000)
Event: 3.547 GC heap after
Heap after GC invocations=1 (full 0):
 PSYoungGen      total 76288K, used 10749K [0x00000000eaa80000, 0x00000000eff80000, 0x0000000100000000)
  eden space 65536K, 0% used [0x00000000eaa80000,0x00000000eaa80000,0x00000000eea80000)
  from space 10752K, 99% used [0x00000000eea80000,0x00000000ef4ff7b8,0x00000000ef500000)
  to   space 10752K, 0% used [0x00000000ef500000,0x00000000ef500000,0x00000000eff80000)
 ParOldGen       total 173056K, used 570K [0x00000000c0000000, 0x00000000ca900000, 0x00000000eaa80000)
  object space 173056K, 0% used [0x00000000c0000000,0x00000000c008e998,0x00000000ca900000)
 PSPermGen       total 21504K, used 5889K [0x00000000bae00000, 0x00000000bc300000, 0x00000000c0000000)
  object space 21504K, 27% used [0x00000000bae00000,0x00000000bb3c0488,0x00000000bc300000)
}
Event: 4.468 GC heap before
{Heap before GC invocations=2 (full 0):
 PSYoungGen      total 76288K, used 76285K [0x00000000eaa80000, 0x00000000eff80000, 0x0000000100000000)
  eden space 65536K, 100% used [0x00000000eaa80000,0x00000000eea80000,0x00000000eea80000)
  from space 10752K, 99% used [0x00000000eea80000,0x00000000ef4ff7b8,0x00000000ef500000)
  to   space 10752K, 0% used [0x00000000ef500000,0x00000000ef500000,0x00000000eff80000)
 ParOldGen       total 173056K, used 570K [0x00000000c0000000, 0x00000000ca900000, 0x00000000eaa80000)
  object space 173056K, 0% used [0x00000000c0000000,0x00000000c008e998,0x00000000ca900000)
 PSPermGen       total 21504K, used 5943K [0x00000000bae00000, 0x00000000bc300000, 0x00000000c0000000)
  object space 21504K, 27% used [0x00000000bae00000,0x00000000bb3cde68,0x00000000bc300000)
Event: 4.491 GC heap after
Heap after GC invocations=2 (full 0):
 PSYoungGen      total 76288K, used 10727K [0x00000000eaa80000, 0x00000000f3f80000, 0x0000000100000000)
  eden space 65536K, 0% used [0x00000000eaa80000,0x00000000eaa80000,0x00000000eea80000)
  from space 10752K, 99% used [0x00000000ef500000,0x00000000eff79c78,0x00000000eff80000)
  to   space 10752K, 0% used [0x00000000eea80000,0x00000000eea80000,0x00000000ef500000)
 ParOldGen       total 173056K, used 9343K [0x00000000c0000000, 0x00000000ca900000, 0x00000000eaa80000)
  object space 173056K, 5% used [0x00000000c0000000,0x00000000c091ff70,0x00000000ca900000)
 PSPermGen       total 21504K, used 5943K [0x00000000bae00000, 0x00000000bc300000, 0x00000000c0000000)
  object space 21504K, 27% used [0x00000000bae00000,0x00000000bb3cde68,0x00000000bc300000)
}

Deoptimization events (10 events):
Event: 3.007 Thread 0x000000000225d800 Uncommon trap: reason=unstable_if action=reinterpret pc=0x00000000024442a8 method=com.android.dx.rop.code.LocalVariableExtractor.processBlock(I)V @ 35
Event: 3.156 Thread 0x000000000a74a000 Uncommon trap: reason=unstable_if action=reinterpret pc=0x0000000002472a80 method=com.android.dx.ssa.SCCP.replaceConstants()V @ 61
Event: 3.601 Thread 0x000000000a74c800 Uncommon trap: reason=unstable_if action=reinterpret pc=0x0000000002460e64 method=com.android.dx.ssa.SCCP.simulateBranch(Lcom/android/dx/ssa/SsaInsn;)V @ 548
Event: 3.696 Thread 0x000000000a74c800 Uncommon trap: reason=bimorphic action=maybe_recompile pc=0x0000000002492b20 method=com.android.dx.cf.code.BytecodeArray.parseInstruction(ILcom/android/dx/cf/code/BytecodeArray$Visitor;)I @ 939
Event: 3.696 Thread 0x000000000a74c800 Uncommon trap: reason=bimorphic action=maybe_recompile pc=0x0000000002492a20 method=com.android.dx.cf.code.BytecodeArray.parseInstruction(ILcom/android/dx/cf/code/BytecodeArray$Visitor;)I @ 907
Event: 3.696 Thread 0x000000000a74c800 Uncommon trap: reason=bimorphic action=maybe_recompile pc=0x0000000002492a20 method=com.android.dx.cf.code.BytecodeArray.parseInstruction(ILcom/android/dx/cf/code/BytecodeArray$Visitor;)I @ 907
Event: 3.696 Thread 0x000000000a74c800 Uncommon trap: reason=bimorphic action=maybe_recompile pc=0x0000000002492aa0 method=com.android.dx.cf.code.BytecodeArray.parseInstruction(ILcom/android/dx/cf/code/BytecodeArray$Visitor;)I @ 923
Event: 3.696 Thread 0x000000000a74c800 Uncommon trap: reason=bimorphic action=maybe_recompile pc=0x0000000002492aa0 method=com.android.dx.cf.code.BytecodeArray.parseInstruction(ILcom/android/dx/cf/code/BytecodeArray$Visitor;)I @ 923
Event: 3.819 Thread 0x000000000a695000 Uncommon trap: reason=unstable_if action=reinterpret pc=0x000000000247c3b8 method=com.android.dx.ssa.SCCP.simulateStmt(Lcom/android/dx/ssa/SsaInsn;)V @ 53
Event: 3.920 Thread 0x000000000225d800 Uncommon trap: reason=null_check action=make_not_entrant pc=0x00000000024c3294 method=com.android.dx.rop.type.Type.putIntern(Lcom/android/dx/rop/type/Type;)Lcom/android/dx/rop/type/Type; @ 18

Internal exceptions (10 events):
Event: 0.736 Thread 0x000000000a74d000 Threw 0x00000000eb965318 at C:\re\jdk7u80\2329\hotspot\src\share\vm\prims\jvm.cpp:1319
Event: 0.737 Thread 0x000000000a74d000 Threw 0x00000000eb9699b0 at C:\re\jdk7u80\2329\hotspot\src\share\vm\prims\jvm.cpp:1319
Event: 1.034 Thread 0x000000000225d800 Threw 0x00000000ec0a2628 at C:\re\jdk7u80\2329\hotspot\src\share\vm\prims\jvm.cpp:1319
Event: 1.121 Thread 0x000000000a74a000 Threw 0x00000000ec238128 at C:\re\jdk7u80\2329\hotspot\src\share\vm\prims\jvm.cpp:1319
Event: 2.748 Thread 0x000000000225d800 Threw 0x00000000ed826160 at C:\re\jdk7u80\2329\hotspot\src\share\vm\prims\jvm.cpp:1319
Event: 2.766 Thread 0x000000000225d800 Threw 0x00000000ed86a338 at C:\re\jdk7u80\2329\hotspot\src\share\vm\prims\jvm.cpp:1319
Event: 2.998 Thread 0x000000000225d800 Threw 0x00000000ed8a2040 at C:\re\jdk7u80\2329\hotspot\src\share\vm\prims\jvm.cpp:1319
Event: 3.695 Thread 0x000000000a74c800 Threw 0x00000000eb507f28 at C:\re\jdk7u80\2329\hotspot\src\share\vm\prims\jvm.cpp:1319
Event: 3.920 Thread 0x000000000225d800 Implicit null exception at 0x00000000024c2adb to 0x00000000024c3285
Event: 4.220 Thread 0x000000000a74a000 Threw 0x00000000ed9bf8f0 at C:\re\jdk7u80\2329\hotspot\src\share\vm\prims\jvm.cpp:1319

Events (10 events):
Event: 4.495 Executing VM operation: RevokeBias done
Event: 4.495 Executing VM operation: RevokeBias
Event: 4.495 Executing VM operation: RevokeBias done
Event: 4.495 Executing VM operation: BulkRevokeBias
Event: 4.496 Executing VM operation: BulkRevokeBias done
Event: 4.561 Thread 0x0000000002355800 flushing nmethod 0x00000000024217d0
Event: 4.574 Thread 0x000000000234e800 flushing nmethod 0x0000000002443310
Event: 4.574 Thread 0x000000000234e800 flushing nmethod 0x0000000002447750
Event: 4.574 Thread 0x000000000234e800 flushing nmethod 0x00000000024498d0
Event: 4.582 Thread 0x000000000234e800 flushing nmethod 0x0000000002451a90


Dynamic libraries:
0x00007ff678710000 - 0x00007ff678743000 	C:\Program Files\Java\jdk1.7.0_80\bin\java.exe
0x00007ffee94e0000 - 0x00007ffee96a1000 	C:\WINDOWS\SYSTEM32\ntdll.dll
0x00007ffee8600000 - 0x00007ffee86ad000 	C:\WINDOWS\system32\KERNEL32.DLL
0x00007ffee5d60000 - 0x00007ffee5f48000 	C:\WINDOWS\system32\KERNELBASE.dll
0x00007ffee8b60000 - 0x00007ffee8c07000 	C:\WINDOWS\system32\ADVAPI32.dll
0x00007ffee6d20000 - 0x00007ffee6dbd000 	C:\WINDOWS\system32\msvcrt.dll
0x00007ffee8920000 - 0x00007ffee897b000 	C:\WINDOWS\system32\sechost.dll
0x00007ffee8de0000 - 0x00007ffee8efc000 	C:\WINDOWS\system32\RPCRT4.dll
0x00007ffee68e0000 - 0x00007ffee6a36000 	C:\WINDOWS\system32\USER32.dll
0x00007ffee9350000 - 0x00007ffee94d6000 	C:\WINDOWS\system32\GDI32.dll
0x00007ffed5b30000 - 0x00007ffed5da4000 	C:\WINDOWS\WinSxS\amd64_microsoft.windows.common-controls_6595b64144ccf1df_6.0.10586.0_none_8c15ae12515e1c22\COMCTL32.dll
0x00007ffee6aa0000 - 0x00007ffee6d1d000 	C:\WINDOWS\system32\combase.dll
0x00007ffee6870000 - 0x00007ffee68da000 	C:\WINDOWS\system32\bcryptPrimitives.dll
0x00007ffee7060000 - 0x00007ffee709b000 	C:\WINDOWS\system32\IMM32.DLL
0x00000000693f0000 - 0x00000000694c2000 	C:\Program Files\Java\jdk1.7.0_80\jre\bin\msvcr100.dll
0x0000000069ea0000 - 0x000000006a679000 	C:\Program Files\Java\jdk1.7.0_80\jre\bin\server\jvm.dll
0x00007ffee89f0000 - 0x00007ffee89f8000 	C:\WINDOWS\system32\PSAPI.DLL
0x00007ffeda430000 - 0x00007ffeda439000 	C:\WINDOWS\SYSTEM32\WSOCK32.dll
0x00007ffee8c10000 - 0x00007ffee8c7b000 	C:\WINDOWS\system32\WS2_32.dll
0x00007ffee3f30000 - 0x00007ffee3f53000 	C:\WINDOWS\SYSTEM32\WINMM.dll
0x00007ffee3ed0000 - 0x00007ffee3efc000 	C:\WINDOWS\SYSTEM32\WINMMBASE.dll
0x00007ffee5f50000 - 0x00007ffee5f93000 	C:\WINDOWS\system32\cfgmgr32.dll
0x0000000069e90000 - 0x0000000069e9f000 	C:\Program Files\Java\jdk1.7.0_80\jre\bin\verify.dll
0x0000000069e60000 - 0x0000000069e88000 	C:\Program Files\Java\jdk1.7.0_80\jre\bin\java.dll
0x0000000069e40000 - 0x0000000069e56000 	C:\Program Files\Java\jdk1.7.0_80\jre\bin\zip.dll
0x0000000069e20000 - 0x0000000069e3a000 	C:\Program Files\Java\jdk1.7.0_80\jre\bin\net.dll
0x00007ffee5430000 - 0x00007ffee548c000 	C:\WINDOWS\system32\mswsock.dll
0x0000000069d60000 - 0x0000000069d71000 	C:\Program Files\Java\jdk1.7.0_80\jre\bin\nio.dll

VM Arguments:
jvm_args: -Djava.awt.headless=true -Xmx1024M -Dfile.encoding=windows-1252 -Duser.country=US -Duser.language=en -Duser.variant 
java_command: com.android.dx.command.Main --dex --force-jumbo --num-threads=4 --output C:\Users\MyPC\AndroidStudioProjects\RaSEReport\app\build\intermediates\pre-dexed\debug\com.google.android.gms-play-services-fitness-7.5.0_14a1445b770e7e3aa463a26655339a2aa7c0ca96.jar C:\Users\MyPC\AndroidStudioProjects\RaSEReport\app\build\intermediates\exploded-aar\com.google.android.gms\play-services-fitness\7.5.0\jars\classes.jar
Launcher Type: SUN_STANDARD

Environment Variables:
JAVA_HOME=C:\Program Files\Java\jdk1.7.0_80\
PATH=C:\Python27\;C:\Python27\Scripts;F:\app\MyPC\product\11.2.0\dbhome_1\bin;C:\ProgramData\Oracle\Java\javapath;C:\WINDOWS\system32;C:\WINDOWS;C:\WINDOWS\System32\Wbem;C:\WINDOWS\System32\WindowsPowerShell\v1.0\;C:\Program Files (x86)\ATI Technologies\ATI.ACE\Core-Static;C:\Program Files\Microsoft SQL Server\110\Tools\Binn\;C:\Program Files (x86)\AMD\ATI.ACE\Core-Static;C:\Program Files (x86)\Intel\OpenCL SDK\2.0\bin\x86;C:\Program Files (x86)\Intel\OpenCL SDK\2.0\bin\x64;C:\Program Files (x86)\GNU\GnuPG\pub;C:\Program Files (x86)\SMART Technologies\SMART Response\;C:\Program Files (x86)\Windows Kits\8.1\Windows Performance Toolkit\;C:\Program Files (x86)\Microsoft SDKs\TypeScript\1.0\;C:\Program Files\Microsoft SQL Server\120\Tools\Binn\;C:\Program Files\Microsoft\Web Platform Installer\;C:\Program Files (x86)\Microsoft ASP.NET\ASP.NET Web Pages\v1.0\;C:\Program Files (x86)\Microsoft SQL Server\100\Tools\Binn\;C:\Program Files\Microsoft SQL Server\100\Tools\Binn\;C:\Program Files\Microsoft SQL Server\100\DTS\Binn\;C:\Program Files (x86)\Microsoft SQL Server\100\Tools\Binn\VSShell\Common7\IDE\;C:\Program Files (x86)\Microsoft Visual Studio 9.0\Common7\IDE\PrivateAssemblies\;C:\Program Files (x86)\Microsoft SQL Server\100\DTS\Binn\;C:\Program Files (x86)\OptiTex 10\App;C:\Program Files (x86)\Skype\Phone\;C:\Program Files (x86)\Heroku\bin;C:\Program Files (x86)\git\cmd;C:\Program Files (x86)\Git\cmd;C:\grails-2.5.2\bin;JAVA_HOME\bin;C:\Ruby22-x64\bin
USERNAME=MyPC
OS=Windows_NT
PROCESSOR_IDENTIFIER=Intel64 Family 6 Model 42 Stepping 7, GenuineIntel



---------------  S Y S T E M  ---------------

OS: Windows 8.1 , 64 bit Build 9600 

CPU:total 8 (4 cores per cpu, 2 threads per core) family 6 model 42 stepping 7, cmov, cx8, fxsr, mmx, sse, sse2, sse3, ssse3, sse4.1, sse4.2, popcnt, avx, aes, ht, tsc, tscinvbit

Memory: 4k page, physical 16625516k(3790000k free), swap 25247408k(5216k free)

vm_info: Java HotSpot(TM) 64-Bit Server VM (24.80-b11) for windows-amd64 JRE (1.7.0_80-b15), built on Apr 10 2015 11:26:34 by "java_re" with unknown MS VC++:1600

time: Wed May 25 11:05:32 2016
elapsed time: 4 seconds

