#
# There is insufficient memory for the Java Runtime Environment to continue.
# Native memory allocation (malloc) failed to allocate 735376 bytes for Chunk::new
# Possible reasons:
#   The system is out of physical RAM or swap space
#   In 32 bit mode, the process size limit was hit
# Possible solutions:
#   Reduce memory load on the system
#   Increase physical memory or swap space
#   Check if swap backing store is full
#   Use 64 bit Java on a 64 bit OS
#   Decrease Java heap size (-Xmx/-Xms)
#   Decrease number of Java threads
#   Decrease Java thread stack sizes (-Xss)
#   Set larger code cache with -XX:ReservedCodeCacheSize=
# This output file may be truncated or incomplete.
#
#  Out of Memory Error (allocation.cpp:323), pid=8484, tid=23168
#
# JRE version: Java(TM) SE Runtime Environment (7.0_80-b15) (build 1.7.0_80-b15)
# Java VM: Java HotSpot(TM) 64-Bit Server VM (24.80-b11 mixed mode windows-amd64 compressed oops)
# Failed to write core dump. Minidumps are not enabled by default on client versions of Windows
#

---------------  T H R E A D  ---------------

Current thread (0x000000000226e800):  JavaThread "C2 CompilerThread1" daemon [_thread_in_native, id=23168, stack(0x000000000ac30000,0x000000000ad30000)]

Stack: [0x000000000ac30000,0x000000000ad30000]

Current CompileTask:
C2:   7674  392             com.android.dx.ssa.ConstCollector::getConstsSortedByCountUse (386 bytes)


---------------  P R O C E S S  ---------------

Java Threads: ( => current thread )
  0x000000000a7a0800 JavaThread "pool-1-thread-1" [_thread_in_vm, id=11972, stack(0x000000000cc00000,0x000000000cd00000)]
  0x000000000a551800 JavaThread "Service Thread" daemon [_thread_blocked, id=21924, stack(0x000000000ad30000,0x000000000ae30000)]
=>0x000000000226e800 JavaThread "C2 CompilerThread1" daemon [_thread_in_native, id=23168, stack(0x000000000ac30000,0x000000000ad30000)]
  0x000000000a550800 JavaThread "C2 CompilerThread0" daemon [_thread_in_native, id=16456, stack(0x000000000ab30000,0x000000000ac30000)]
  0x000000000225e800 JavaThread "Attach Listener" daemon [_thread_blocked, id=5276, stack(0x000000000aa30000,0x000000000ab30000)]
  0x000000000857e800 JavaThread "Signal Dispatcher" daemon [_thread_blocked, id=21440, stack(0x000000000a930000,0x000000000aa30000)]
  0x000000000856b000 JavaThread "Finalizer" daemon [_thread_blocked, id=15960, stack(0x000000000a430000,0x000000000a530000)]
  0x000000000856a000 JavaThread "Reference Handler" daemon [_thread_blocked, id=3604, stack(0x000000000a330000,0x000000000a430000)]
  0x0000000001f6d800 JavaThread "main" [_thread_blocked, id=20756, stack(0x0000000001f70000,0x0000000002070000)]

Other Threads:
  0x0000000008565000 VMThread [stack: 0x000000000a230000,0x000000000a330000] [id=17804]
  0x000000000a55e000 WatcherThread [stack: 0x000000000ae30000,0x000000000af30000] [id=16224]

VM state:not at safepoint (normal execution)

VM Mutex/Monitor currently owned by a thread: None

Heap
 PSYoungGen      total 76288K, used 50765K [0x00000000eaa80000, 0x00000000eff80000, 0x0000000100000000)
  eden space 65536K, 61% used [0x00000000eaa80000,0x00000000ed1b2c00,0x00000000eea80000)
  from space 10752K, 98% used [0x00000000eea80000,0x00000000ef4e0b80,0x00000000ef500000)
  to   space 10752K, 0% used [0x00000000ef500000,0x00000000ef500000,0x00000000eff80000)
 ParOldGen       total 173056K, used 8K [0x00000000c0000000, 0x00000000ca900000, 0x00000000eaa80000)
  object space 173056K, 0% used [0x00000000c0000000,0x00000000c0002000,0x00000000ca900000)
 PSPermGen       total 21504K, used 5993K [0x00000000bae00000, 0x00000000bc300000, 0x00000000c0000000)
  object space 21504K, 27% used [0x00000000bae00000,0x00000000bb3da5d8,0x00000000bc300000)

Card table byte_map: [0x0000000005330000,0x0000000005560000] byte_map_base: 0x0000000004d59000

Polling page: 0x0000000001ec0000

Code Cache  [0x0000000002270000, 0x00000000024e0000, 0x0000000005270000)
 total_blobs=629 nmethods=392 adapters=189 free_code_cache=47552Kb largest_free_block=48665856

Compilation events (10 events):
Event: 7.594 Thread 0x000000000226e800 nmethod 388 0x00000000023ec7d0 code [0x00000000023ec960, 0x00000000023ecd88]
Event: 7.594 Thread 0x000000000226e800  390             com.android.dx.dex.code.RopTranslator$TranslationVisitor::addOutput (9 bytes)
Event: 7.601 Thread 0x000000000a550800 nmethod 389 0x0000000002401e90 code [0x0000000002402020, 0x0000000002402508]
Event: 7.601 Thread 0x000000000a550800  391             com.android.dx.cf.code.BaseMachine::popArgs (62 bytes)
Event: 7.607 Thread 0x000000000226e800 nmethod 390 0x0000000002404c10 code [0x0000000002404da0, 0x00000000024051e8]
Event: 7.607 Thread 0x000000000226e800  392             com.android.dx.ssa.ConstCollector::getConstsSortedByCountUse (386 bytes)
Event: 7.611 Thread 0x000000000a550800 nmethod 391 0x0000000002405890 code [0x0000000002405a00, 0x0000000002405e58]
Event: 7.611 Thread 0x000000000a550800  393             java.lang.String::lastIndexOf (151 bytes)
Event: 7.619 Thread 0x000000000a550800 nmethod 393 0x0000000002406290 code [0x00000000024063e0, 0x0000000002406718]
Event: 7.619 Thread 0x000000000a550800  394             com.android.dx.ssa.ConstCollector::updateConstUses (248 bytes)

GC Heap History (2 events):
Event: 6.796 GC heap before
{Heap before GC invocations=1 (full 0):
 PSYoungGen      total 76288K, used 65536K [0x00000000eaa80000, 0x00000000eff80000, 0x0000000100000000)
  eden space 65536K, 100% used [0x00000000eaa80000,0x00000000eea80000,0x00000000eea80000)
  from space 10752K, 0% used [0x00000000ef500000,0x00000000ef500000,0x00000000eff80000)
  to   space 10752K, 0% used [0x00000000eea80000,0x00000000eea80000,0x00000000ef500000)
 ParOldGen       total 173056K, used 0K [0x00000000c0000000, 0x00000000ca900000, 0x00000000eaa80000)
  object space 173056K, 0% used [0x00000000c0000000,0x00000000c0000000,0x00000000ca900000)
 PSPermGen       total 21504K, used 5864K [0x00000000bae00000, 0x00000000bc300000, 0x00000000c0000000)
  object space 21504K, 27% used [0x00000000bae00000,0x00000000bb3ba060,0x00000000bc300000)
Event: 6.848 GC heap after
Heap after GC invocations=1 (full 0):
 PSYoungGen      total 76288K, used 10626K [0x00000000eaa80000, 0x00000000eff80000, 0x0000000100000000)
  eden space 65536K, 0% used [0x00000000eaa80000,0x00000000eaa80000,0x00000000eea80000)
  from space 10752K, 98% used [0x00000000eea80000,0x00000000ef4e0b80,0x00000000ef500000)
  to   space 10752K, 0% used [0x00000000ef500000,0x00000000ef500000,0x00000000eff80000)
 ParOldGen       total 173056K, used 8K [0x00000000c0000000, 0x00000000ca900000, 0x00000000eaa80000)
  object space 173056K, 0% used [0x00000000c0000000,0x00000000c0002000,0x00000000ca900000)
 PSPermGen       total 21504K, used 5864K [0x00000000bae00000, 0x00000000bc300000, 0x00000000c0000000)
  object space 21504K, 27% used [0x00000000bae00000,0x00000000bb3ba060,0x00000000bc300000)
}

Deoptimization events (10 events):
Event: 6.902 Thread 0x000000000a79d800 Uncommon trap: reason=unstable_if action=reinterpret pc=0x00000000023361dc method=com.android.dx.ssa.SCCP.simulateBranch(Lcom/android/dx/ssa/SsaInsn;)V @ 64
Event: 6.903 Thread 0x000000000a79d800 Uncommon trap: reason=unloaded action=reinterpret pc=0x000000000239d3d0 method=com.android.dx.ssa.LiteralOpUpgrader$1.visitNonMoveInsn(Lcom/android/dx/ssa/NormalSsaInsn;)V @ 72
Event: 7.168 Thread 0x000000000a79d000 Uncommon trap: reason=unstable_if action=reinterpret pc=0x00000000023d95e0 method=java.util.BitSet.ensureCapacity(I)V @ 6
Event: 7.195 Thread 0x000000000a79d000 Uncommon trap: reason=null_check action=make_not_entrant pc=0x00000000023e0684 method=com.android.dx.dex.file.MethodIdsSection.intern(Lcom/android/dx/rop/cst/CstBaseMethodRef;)Lcom/android/dx/dex/file/MethodIdItem; @ 26
Event: 7.429 Thread 0x000000000a79d000 Uncommon trap: reason=bimorphic action=maybe_recompile pc=0x00000000023b88b8 method=com.android.dx.cf.code.BytecodeArray.parseInstruction(ILcom/android/dx/cf/code/BytecodeArray$Visitor;)I @ 1357
Event: 7.429 Thread 0x000000000a79d000 Uncommon trap: reason=bimorphic action=maybe_recompile pc=0x00000000023b88b8 method=com.android.dx.cf.code.BytecodeArray.parseInstruction(ILcom/android/dx/cf/code/BytecodeArray$Visitor;)I @ 1357
Event: 7.429 Thread 0x000000000a79d000 Uncommon trap: reason=bimorphic action=maybe_recompile pc=0x00000000023b81e4 method=com.android.dx.cf.code.BytecodeArray.parseInstruction(ILcom/android/dx/cf/code/BytecodeArray$Visitor;)I @ 939
Event: 7.431 Thread 0x000000000a79d000 Uncommon trap: reason=bimorphic action=maybe_recompile pc=0x00000000023b88b8 method=com.android.dx.cf.code.BytecodeArray.parseInstruction(ILcom/android/dx/cf/code/BytecodeArray$Visitor;)I @ 1357
Event: 7.542 Thread 0x000000000a7a0800 Uncommon trap: reason=class_check action=maybe_recompile pc=0x000000000233b7f8 method=java.util.HashMap.put(Ljava/lang/Object;Ljava/lang/Object;)Ljava/lang/Object; @ 83
Event: 7.542 Thread 0x000000000a7a0800 Uncommon trap: reason=class_check action=maybe_recompile pc=0x000000000233b7f8 method=java.util.HashMap.put(Ljava/lang/Object;Ljava/lang/Object;)Ljava/lang/Object; @ 83

Internal exceptions (10 events):
Event: 7.124 Thread 0x0000000001f6d800 Threw 0x00000000ebb94780 at C:\re\jdk7u80\2329\hotspot\src\share\vm\prims\jvm.cpp:1319
Event: 7.125 Thread 0x0000000001f6d800 Threw 0x00000000ebb96da8 at C:\re\jdk7u80\2329\hotspot\src\share\vm\prims\jvm.cpp:1319
Event: 7.126 Thread 0x0000000001f6d800 Threw 0x00000000ebb9a1b8 at C:\re\jdk7u80\2329\hotspot\src\share\vm\prims\jvm.cpp:1319
Event: 7.126 Thread 0x0000000001f6d800 Threw 0x00000000ebb9c5d0 at C:\re\jdk7u80\2329\hotspot\src\share\vm\prims\jvm.cpp:1319
Event: 7.137 Thread 0x000000000a69e000 Threw 0x00000000ebab2580 at C:\re\jdk7u80\2329\hotspot\src\share\vm\prims\jvm.cpp:1319
Event: 7.138 Thread 0x000000000a69e000 Threw 0x00000000ebab7d88 at C:\re\jdk7u80\2329\hotspot\src\share\vm\prims\jvm.cpp:1319
Event: 7.140 Thread 0x000000000a69e000 Threw 0x00000000ebabd338 at C:\re\jdk7u80\2329\hotspot\src\share\vm\prims\jvm.cpp:1319
Event: 7.307 Thread 0x000000000a69e000 Threw 0x00000000ec28de30 at C:\re\jdk7u80\2329\hotspot\src\share\vm\prims\jvm.cpp:1319
Event: 7.499 Thread 0x0000000001f6d800 Threw 0x00000000ecee7df0 at C:\re\jdk7u80\2329\hotspot\src\share\vm\prims\jvm.cpp:1319
Event: 7.563 Thread 0x000000000a7a0800 Threw 0x00000000ed144f08 at C:\re\jdk7u80\2329\hotspot\src\share\vm\prims\jvm.cpp:1319

Events (10 events):
Event: 7.511 loading class 0x000000000a566790
Event: 7.511 loading class 0x000000000a566790 done
Event: 7.542 Thread 0x000000000a7a0800 Uncommon trap: trap_request=0xffffffde fr.pc=0x000000000233b7f8
Event: 7.542 Thread 0x000000000a7a0800 DEOPT PACKING pc=0x000000000233b7f8 sp=0x000000000ccfeec0
Event: 7.542 Thread 0x000000000a7a0800 DEOPT UNPACKING pc=0x00000000022a75a4 sp=0x000000000ccfee68 mode 2
Event: 7.542 Thread 0x000000000a7a0800 Uncommon trap: trap_request=0xffffffde fr.pc=0x000000000233b7f8
Event: 7.542 Thread 0x000000000a7a0800 DEOPT PACKING pc=0x000000000233b7f8 sp=0x000000000ccfeec0
Event: 7.542 Thread 0x000000000a7a0800 DEOPT UNPACKING pc=0x00000000022a75a4 sp=0x000000000ccfee68 mode 2
Event: 7.563 loading class 0x000000000a7b5190
Event: 7.563 loading class 0x000000000a7b5190 done


Dynamic libraries:
0x00007ff678710000 - 0x00007ff678743000 	C:\Program Files\Java\jdk1.7.0_80\bin\java.exe
0x00007ffee94e0000 - 0x00007ffee96a1000 	C:\WINDOWS\SYSTEM32\ntdll.dll
0x00007ffee8600000 - 0x00007ffee86ad000 	C:\WINDOWS\system32\KERNEL32.DLL
0x00007ffee5d60000 - 0x00007ffee5f48000 	C:\WINDOWS\system32\KERNELBASE.dll
0x00007ffee8b60000 - 0x00007ffee8c07000 	C:\WINDOWS\system32\ADVAPI32.dll
0x00007ffee6d20000 - 0x00007ffee6dbd000 	C:\WINDOWS\system32\msvcrt.dll
0x00007ffee8920000 - 0x00007ffee897b000 	C:\WINDOWS\system32\sechost.dll
0x00007ffee8de0000 - 0x00007ffee8efc000 	C:\WINDOWS\system32\RPCRT4.dll
0x00007ffee68e0000 - 0x00007ffee6a36000 	C:\WINDOWS\system32\USER32.dll
0x00007ffee9350000 - 0x00007ffee94d6000 	C:\WINDOWS\system32\GDI32.dll
0x00007ffed5b30000 - 0x00007ffed5da4000 	C:\WINDOWS\WinSxS\amd64_microsoft.windows.common-controls_6595b64144ccf1df_6.0.10586.0_none_8c15ae12515e1c22\COMCTL32.dll
0x00007ffee6aa0000 - 0x00007ffee6d1d000 	C:\WINDOWS\system32\combase.dll
0x00007ffee6870000 - 0x00007ffee68da000 	C:\WINDOWS\system32\bcryptPrimitives.dll
0x00007ffee7060000 - 0x00007ffee709b000 	C:\WINDOWS\system32\IMM32.DLL
0x00000000693f0000 - 0x00000000694c2000 	C:\Program Files\Java\jdk1.7.0_80\jre\bin\msvcr100.dll
0x0000000069ea0000 - 0x000000006a679000 	C:\Program Files\Java\jdk1.7.0_80\jre\bin\server\jvm.dll
0x00007ffee89f0000 - 0x00007ffee89f8000 	C:\WINDOWS\system32\PSAPI.DLL
0x00007ffeda430000 - 0x00007ffeda439000 	C:\WINDOWS\SYSTEM32\WSOCK32.dll
0x00007ffee8c10000 - 0x00007ffee8c7b000 	C:\WINDOWS\system32\WS2_32.dll
0x00007ffee3f30000 - 0x00007ffee3f53000 	C:\WINDOWS\SYSTEM32\WINMM.dll
0x00007ffee3ed0000 - 0x00007ffee3efc000 	C:\WINDOWS\SYSTEM32\WINMMBASE.dll
0x00007ffee5f50000 - 0x00007ffee5f93000 	C:\WINDOWS\system32\cfgmgr32.dll
0x0000000069e90000 - 0x0000000069e9f000 	C:\Program Files\Java\jdk1.7.0_80\jre\bin\verify.dll
0x0000000069e60000 - 0x0000000069e88000 	C:\Program Files\Java\jdk1.7.0_80\jre\bin\java.dll
0x0000000069e40000 - 0x0000000069e56000 	C:\Program Files\Java\jdk1.7.0_80\jre\bin\zip.dll
0x0000000069e20000 - 0x0000000069e3a000 	C:\Program Files\Java\jdk1.7.0_80\jre\bin\net.dll
0x00007ffee5430000 - 0x00007ffee548c000 	C:\WINDOWS\system32\mswsock.dll
0x0000000069d60000 - 0x0000000069d71000 	C:\Program Files\Java\jdk1.7.0_80\jre\bin\nio.dll

VM Arguments:
jvm_args: -Djava.awt.headless=true -Xmx1024M -Dfile.encoding=windows-1252 -Duser.country=US -Duser.language=en -Duser.variant 
java_command: com.android.dx.command.Main --dex --force-jumbo --num-threads=4 --multi-dex --output C:\Users\MyPC\AndroidStudioProjects\RaSEReport\app\build\intermediates\transforms\dex\debug\folders\1000\10\internal_impl-22.2.1_24bdbbe1f96b511f2d24a86e3b919d2dc74d3906 C:\Users\MyPC\AndroidStudioProjects\RaSEReport\app\build\intermediates\exploded-aar\com.android.support\support-v4\22.2.1\jars\libs\internal_impl-22.2.1.jar
Launcher Type: SUN_STANDARD

Environment Variables:
JAVA_HOME=C:\Program Files\Java\jdk1.7.0_80\
PATH=C:\Python27\;C:\Python27\Scripts;F:\app\MyPC\product\11.2.0\dbhome_1\bin;C:\ProgramData\Oracle\Java\javapath;C:\WINDOWS\system32;C:\WINDOWS;C:\WINDOWS\System32\Wbem;C:\WINDOWS\System32\WindowsPowerShell\v1.0\;C:\Program Files (x86)\ATI Technologies\ATI.ACE\Core-Static;C:\Program Files\Microsoft SQL Server\110\Tools\Binn\;C:\Program Files (x86)\AMD\ATI.ACE\Core-Static;C:\Program Files (x86)\Intel\OpenCL SDK\2.0\bin\x86;C:\Program Files (x86)\Intel\OpenCL SDK\2.0\bin\x64;C:\Program Files (x86)\GNU\GnuPG\pub;C:\Program Files (x86)\SMART Technologies\SMART Response\;C:\Program Files (x86)\Windows Kits\8.1\Windows Performance Toolkit\;C:\Program Files (x86)\Microsoft SDKs\TypeScript\1.0\;C:\Program Files\Microsoft SQL Server\120\Tools\Binn\;C:\Program Files\Microsoft\Web Platform Installer\;C:\Program Files (x86)\Microsoft ASP.NET\ASP.NET Web Pages\v1.0\;C:\Program Files (x86)\Microsoft SQL Server\100\Tools\Binn\;C:\Program Files\Microsoft SQL Server\100\Tools\Binn\;C:\Program Files\Microsoft SQL Server\100\DTS\Binn\;C:\Program Files (x86)\Microsoft SQL Server\100\Tools\Binn\VSShell\Common7\IDE\;C:\Program Files (x86)\Microsoft Visual Studio 9.0\Common7\IDE\PrivateAssemblies\;C:\Program Files (x86)\Microsoft SQL Server\100\DTS\Binn\;C:\Program Files (x86)\OptiTex 10\App;C:\Program Files (x86)\Skype\Phone\;C:\Program Files (x86)\Heroku\bin;C:\Program Files (x86)\git\cmd;C:\Program Files (x86)\Git\cmd;C:\grails-2.5.2\bin;JAVA_HOME\bin;C:\Ruby22-x64\bin
USERNAME=MyPC
OS=Windows_NT
PROCESSOR_IDENTIFIER=Intel64 Family 6 Model 42 Stepping 7, GenuineIntel



---------------  S Y S T E M  ---------------

OS: Windows 8.1 , 64 bit Build 9600 

CPU:total 8 (4 cores per cpu, 2 threads per core) family 6 model 42 stepping 7, cmov, cx8, fxsr, mmx, sse, sse2, sse3, ssse3, sse4.1, sse4.2, popcnt, avx, aes, ht, tsc, tscinvbit

Memory: 4k page, physical 16625516k(3677660k free), swap 25230496k(5480k free)

vm_info: Java HotSpot(TM) 64-Bit Server VM (24.80-b11) for windows-amd64 JRE (1.7.0_80-b15), built on Apr 10 2015 11:26:34 by "java_re" with unknown MS VC++:1600

time: Wed May 25 10:56:58 2016
elapsed time: 7 seconds

