#
# There is insufficient memory for the Java Runtime Environment to continue.
# Native memory allocation (malloc) failed to allocate 131088 bytes for Chunk::new
# Possible reasons:
#   The system is out of physical RAM or swap space
#   In 32 bit mode, the process size limit was hit
# Possible solutions:
#   Reduce memory load on the system
#   Increase physical memory or swap space
#   Check if swap backing store is full
#   Use 64 bit Java on a 64 bit OS
#   Decrease Java heap size (-Xmx/-Xms)
#   Decrease number of Java threads
#   Decrease Java thread stack sizes (-Xss)
#   Set larger code cache with -XX:ReservedCodeCacheSize=
# This output file may be truncated or incomplete.
#
#  Out of Memory Error (allocation.cpp:323), pid=13196, tid=8284
#
# JRE version: Java(TM) SE Runtime Environment (7.0_80-b15) (build 1.7.0_80-b15)
# Java VM: Java HotSpot(TM) 64-Bit Server VM (24.80-b11 mixed mode windows-amd64 compressed oops)
# Failed to write core dump. Minidumps are not enabled by default on client versions of Windows
#

---------------  T H R E A D  ---------------

Current thread (0x000000000a5a1000):  JavaThread "C2 CompilerThread0" daemon [_thread_in_native, id=8284, stack(0x000000000ab80000,0x000000000ac80000)]

Stack: [0x000000000ab80000,0x000000000ac80000]

Current CompileTask:
C2:   3169  160             com.android.dx.ssa.SsaConverter::placePhiFunctions (394 bytes)


---------------  P R O C E S S  ---------------

Java Threads: ( => current thread )
  0x000000000a7eb000 JavaThread "pool-2-thread-4" [_thread_blocked, id=388, stack(0x000000000b380000,0x000000000b480000)]
  0x000000000a7ea800 JavaThread "pool-2-thread-3" [_thread_blocked, id=18784, stack(0x000000000b280000,0x000000000b380000)]
  0x000000000a78d000 JavaThread "pool-2-thread-2" [_thread_blocked, id=23952, stack(0x000000000b180000,0x000000000b280000)]
  0x000000000a78c000 JavaThread "pool-3-thread-1" [_thread_blocked, id=17508, stack(0x000000000b080000,0x000000000b180000)]
  0x000000000a788800 JavaThread "pool-2-thread-1" [_thread_blocked, id=22604, stack(0x000000000af80000,0x000000000b080000)]
  0x00000000022a0800 JavaThread "Service Thread" daemon [_thread_blocked, id=12956, stack(0x000000000ad80000,0x000000000ae80000)]
  0x00000000022a0000 JavaThread "C2 CompilerThread1" daemon [_thread_in_native, id=19056, stack(0x000000000ac80000,0x000000000ad80000)]
=>0x000000000a5a1000 JavaThread "C2 CompilerThread0" daemon [_thread_in_native, id=8284, stack(0x000000000ab80000,0x000000000ac80000)]
  0x000000000229e800 JavaThread "Attach Listener" daemon [_thread_blocked, id=13856, stack(0x000000000aa80000,0x000000000ab80000)]
  0x000000000a5a0800 JavaThread "Signal Dispatcher" daemon [_thread_blocked, id=23108, stack(0x000000000a980000,0x000000000aa80000)]
  0x00000000085ab000 JavaThread "Finalizer" daemon [_thread_blocked, id=6744, stack(0x000000000a480000,0x000000000a580000)]
  0x00000000085aa000 JavaThread "Reference Handler" daemon [_thread_blocked, id=23820, stack(0x000000000a380000,0x000000000a480000)]
  0x000000000083d800 JavaThread "main" [_thread_in_Java, id=22644, stack(0x00000000020b0000,0x00000000021b0000)]

Other Threads:
  0x00000000085a5800 VMThread [stack: 0x000000000a280000,0x000000000a380000] [id=8480]
  0x00000000022a7000 WatcherThread [stack: 0x000000000ae80000,0x000000000af80000] [id=20224]

VM state:not at safepoint (normal execution)

VM Mutex/Monitor currently owned by a thread: None

Heap
 PSYoungGen      total 76288K, used 27535K [0x00000000eaa80000, 0x00000000eff80000, 0x0000000100000000)
  eden space 65536K, 42% used [0x00000000eaa80000,0x00000000ec563e38,0x00000000eea80000)
  from space 10752K, 0% used [0x00000000ef500000,0x00000000ef500000,0x00000000eff80000)
  to   space 10752K, 0% used [0x00000000eea80000,0x00000000eea80000,0x00000000ef500000)
 ParOldGen       total 173056K, used 0K [0x00000000c0000000, 0x00000000ca900000, 0x00000000eaa80000)
  object space 173056K, 0% used [0x00000000c0000000,0x00000000c0000000,0x00000000ca900000)
 PSPermGen       total 21504K, used 5757K [0x00000000bae00000, 0x00000000bc300000, 0x00000000c0000000)
  object space 21504K, 26% used [0x00000000bae00000,0x00000000bb39f650,0x00000000bc300000)

Card table byte_map: [0x0000000005370000,0x00000000055a0000] byte_map_base: 0x0000000004d99000

Polling page: 0x0000000000790000

Code Cache  [0x00000000022b0000, 0x0000000002520000, 0x00000000052b0000)
 total_blobs=397 nmethods=160 adapters=189 free_code_cache=48492Kb largest_free_block=49629632

Compilation events (10 events):
Event: 3.075 Thread 0x000000000a5a1000 nmethod 157 0x000000000234f6d0 code [0x000000000234f820, 0x000000000234fc08]
Event: 3.076 Thread 0x000000000a5a1000  158  s          java.util.Stack::pop (19 bytes)
Event: 3.080 Thread 0x000000000a5a1000 nmethod 158 0x000000000234efd0 code [0x000000000234f120, 0x000000000234f438]
Event: 3.080 Thread 0x000000000a5a1000  159  s          java.util.Vector::removeElementAt (115 bytes)
Event: 3.083 Thread 0x000000000a5a1000 nmethod 159 0x0000000002356ad0 code [0x0000000002356c20, 0x0000000002356ed8]
Event: 3.083 Thread 0x000000000a5a1000  160             com.android.dx.ssa.SsaConverter::placePhiFunctions (394 bytes)
Event: 3.115 Thread 0x00000000022a0000 nmethod 153 0x0000000002359450 code [0x0000000002359680, 0x000000000235a310]
Event: 3.115 Thread 0x00000000022a0000  161             com.android.dx.ssa.NormalSsaInsn::hasSideEffect (76 bytes)
Event: 3.119 Thread 0x00000000022a0000 nmethod 161 0x0000000002358f10 code [0x0000000002359060, 0x00000000023591b8]
Event: 3.119 Thread 0x00000000022a0000  162             com.android.dx.ssa.SsaMethod::mapRegisters (87 bytes)

GC Heap History (0 events):
No events

Deoptimization events (2 events):
Event: 2.951 Thread 0x000000000a7ea800 Uncommon trap: reason=unstable_if action=reinterpret pc=0x0000000002332410 method=com.android.dx.ssa.SsaRenamer$BlockRenamer.addMapping(ILcom/android/dx/rop/code/RegisterSpec;)V @ 120
Event: 2.990 Thread 0x000000000a7ea800 Uncommon trap: reason=unstable_if action=reinterpret pc=0x000000000233c840 method=com.android.dx.rop.code.RegisterSpec.equals(ILcom/android/dx/rop/type/TypeBearer;Lcom/android/dx/rop/code/LocalItem;)Z @ 42

Internal exceptions (10 events):
Event: 2.640 Thread 0x000000000a7ea800 Threw 0x00000000eb5673e0 at C:\re\jdk7u80\2329\hotspot\src\share\vm\prims\jvm.cpp:1319
Event: 2.667 Thread 0x000000000083d800 Threw 0x00000000eb1f6da0 at C:\re\jdk7u80\2329\hotspot\src\share\vm\prims\jvm.cpp:1319
Event: 2.679 Thread 0x000000000a788800 Threw 0x00000000eb8f7838 at C:\re\jdk7u80\2329\hotspot\src\share\vm\prims\jvm.cpp:1319
Event: 2.691 Thread 0x000000000a7eb000 Threw 0x00000000eb79b3b0 at C:\re\jdk7u80\2329\hotspot\src\share\vm\prims\jvm.cpp:1319
Event: 2.819 Thread 0x000000000a7ea800 Threw 0x00000000ebb7cee8 at C:\re\jdk7u80\2329\hotspot\src\share\vm\prims\jvm.cpp:1319
Event: 2.826 Thread 0x000000000a7ea800 Threw 0x00000000ebb90448 at C:\re\jdk7u80\2329\hotspot\src\share\vm\prims\jvm.cpp:1319
Event: 2.827 Thread 0x000000000a7ea800 Threw 0x00000000ebb95c50 at C:\re\jdk7u80\2329\hotspot\src\share\vm\prims\jvm.cpp:1319
Event: 2.828 Thread 0x000000000a7ea800 Threw 0x00000000ebb9b200 at C:\re\jdk7u80\2329\hotspot\src\share\vm\prims\jvm.cpp:1319
Event: 2.876 Thread 0x000000000a788800 Threw 0x00000000ebcd7ea8 at C:\re\jdk7u80\2329\hotspot\src\share\vm\prims\jvm.cpp:1319
Event: 2.906 Thread 0x000000000a78d000 Threw 0x00000000ebf0e8d8 at C:\re\jdk7u80\2329\hotspot\src\share\vm\prims\jvm.cpp:1319

Events (10 events):
Event: 2.876 loading class 0x000000000a80b730
Event: 2.876 loading class 0x000000000a80b730 done
Event: 2.906 loading class 0x000000000a66e900
Event: 2.906 loading class 0x000000000a66e900 done
Event: 2.951 Thread 0x000000000a7ea800 Uncommon trap: trap_request=0xffffff75 fr.pc=0x0000000002332410
Event: 2.951 Thread 0x000000000a7ea800 DEOPT PACKING pc=0x0000000002332410 sp=0x000000000b37eca0
Event: 2.951 Thread 0x000000000a7ea800 DEOPT UNPACKING pc=0x00000000022e75a4 sp=0x000000000b37ec48 mode 2
Event: 2.990 Thread 0x000000000a7ea800 Uncommon trap: trap_request=0xffffff75 fr.pc=0x000000000233c840
Event: 2.990 Thread 0x000000000a7ea800 DEOPT PACKING pc=0x000000000233c840 sp=0x000000000b37edc0
Event: 2.990 Thread 0x000000000a7ea800 DEOPT UNPACKING pc=0x00000000022e75a4 sp=0x000000000b37ed78 mode 2


Dynamic libraries:
0x00007ff678710000 - 0x00007ff678743000 	C:\Program Files\Java\jdk1.7.0_80\bin\java.exe
0x00007ffee94e0000 - 0x00007ffee96a1000 	C:\WINDOWS\SYSTEM32\ntdll.dll
0x00007ffee8600000 - 0x00007ffee86ad000 	C:\WINDOWS\system32\KERNEL32.DLL
0x00007ffee5d60000 - 0x00007ffee5f48000 	C:\WINDOWS\system32\KERNELBASE.dll
0x00007ffee8b60000 - 0x00007ffee8c07000 	C:\WINDOWS\system32\ADVAPI32.dll
0x00007ffee6d20000 - 0x00007ffee6dbd000 	C:\WINDOWS\system32\msvcrt.dll
0x00007ffee8920000 - 0x00007ffee897b000 	C:\WINDOWS\system32\sechost.dll
0x00007ffee8de0000 - 0x00007ffee8efc000 	C:\WINDOWS\system32\RPCRT4.dll
0x00007ffee68e0000 - 0x00007ffee6a36000 	C:\WINDOWS\system32\USER32.dll
0x00007ffee9350000 - 0x00007ffee94d6000 	C:\WINDOWS\system32\GDI32.dll
0x00007ffed5b30000 - 0x00007ffed5da4000 	C:\WINDOWS\WinSxS\amd64_microsoft.windows.common-controls_6595b64144ccf1df_6.0.10586.0_none_8c15ae12515e1c22\COMCTL32.dll
0x00007ffee6aa0000 - 0x00007ffee6d1d000 	C:\WINDOWS\system32\combase.dll
0x00007ffee6870000 - 0x00007ffee68da000 	C:\WINDOWS\system32\bcryptPrimitives.dll
0x00007ffee7060000 - 0x00007ffee709b000 	C:\WINDOWS\system32\IMM32.DLL
0x00000000693f0000 - 0x00000000694c2000 	C:\Program Files\Java\jdk1.7.0_80\jre\bin\msvcr100.dll
0x0000000069ea0000 - 0x000000006a679000 	C:\Program Files\Java\jdk1.7.0_80\jre\bin\server\jvm.dll
0x00007ffee89f0000 - 0x00007ffee89f8000 	C:\WINDOWS\system32\PSAPI.DLL
0x00007ffeda430000 - 0x00007ffeda439000 	C:\WINDOWS\SYSTEM32\WSOCK32.dll
0x00007ffee8c10000 - 0x00007ffee8c7b000 	C:\WINDOWS\system32\WS2_32.dll
0x00007ffee3f30000 - 0x00007ffee3f53000 	C:\WINDOWS\SYSTEM32\WINMM.dll
0x00007ffee3ed0000 - 0x00007ffee3efc000 	C:\WINDOWS\SYSTEM32\WINMMBASE.dll
0x00007ffee5f50000 - 0x00007ffee5f93000 	C:\WINDOWS\system32\cfgmgr32.dll
0x0000000069e90000 - 0x0000000069e9f000 	C:\Program Files\Java\jdk1.7.0_80\jre\bin\verify.dll
0x0000000069e60000 - 0x0000000069e88000 	C:\Program Files\Java\jdk1.7.0_80\jre\bin\java.dll
0x0000000069e40000 - 0x0000000069e56000 	C:\Program Files\Java\jdk1.7.0_80\jre\bin\zip.dll
0x0000000069e20000 - 0x0000000069e3a000 	C:\Program Files\Java\jdk1.7.0_80\jre\bin\net.dll
0x00007ffee5430000 - 0x00007ffee548c000 	C:\WINDOWS\system32\mswsock.dll
0x0000000069d60000 - 0x0000000069d71000 	C:\Program Files\Java\jdk1.7.0_80\jre\bin\nio.dll

VM Arguments:
jvm_args: -Djava.awt.headless=true -Xmx1024M -Dfile.encoding=windows-1252 -Duser.country=US -Duser.language=en -Duser.variant 
java_command: com.android.dx.command.Main --dex --force-jumbo --num-threads=4 --multi-dex --output C:\Users\MyPC\AndroidStudioProjects\RaSEReport\app\build\intermediates\transforms\dex\debug\folders\1000\10\com.android.support-design-22.2.1_7e12a282dd1a011e1d340655e8a907787680a95b C:\Users\MyPC\AndroidStudioProjects\RaSEReport\app\build\intermediates\exploded-aar\com.android.support\design\22.2.1\jars\classes.jar
Launcher Type: SUN_STANDARD

Environment Variables:
JAVA_HOME=C:\Program Files\Java\jdk1.7.0_80\
PATH=C:\Python27\;C:\Python27\Scripts;F:\app\MyPC\product\11.2.0\dbhome_1\bin;C:\ProgramData\Oracle\Java\javapath;C:\WINDOWS\system32;C:\WINDOWS;C:\WINDOWS\System32\Wbem;C:\WINDOWS\System32\WindowsPowerShell\v1.0\;C:\Program Files (x86)\ATI Technologies\ATI.ACE\Core-Static;C:\Program Files\Microsoft SQL Server\110\Tools\Binn\;C:\Program Files (x86)\AMD\ATI.ACE\Core-Static;C:\Program Files (x86)\Intel\OpenCL SDK\2.0\bin\x86;C:\Program Files (x86)\Intel\OpenCL SDK\2.0\bin\x64;C:\Program Files (x86)\GNU\GnuPG\pub;C:\Program Files (x86)\SMART Technologies\SMART Response\;C:\Program Files (x86)\Windows Kits\8.1\Windows Performance Toolkit\;C:\Program Files (x86)\Microsoft SDKs\TypeScript\1.0\;C:\Program Files\Microsoft SQL Server\120\Tools\Binn\;C:\Program Files\Microsoft\Web Platform Installer\;C:\Program Files (x86)\Microsoft ASP.NET\ASP.NET Web Pages\v1.0\;C:\Program Files (x86)\Microsoft SQL Server\100\Tools\Binn\;C:\Program Files\Microsoft SQL Server\100\Tools\Binn\;C:\Program Files\Microsoft SQL Server\100\DTS\Binn\;C:\Program Files (x86)\Microsoft SQL Server\100\Tools\Binn\VSShell\Common7\IDE\;C:\Program Files (x86)\Microsoft Visual Studio 9.0\Common7\IDE\PrivateAssemblies\;C:\Program Files (x86)\Microsoft SQL Server\100\DTS\Binn\;C:\Program Files (x86)\OptiTex 10\App;C:\Program Files (x86)\Skype\Phone\;C:\Program Files (x86)\Heroku\bin;C:\Program Files (x86)\git\cmd;C:\Program Files (x86)\Git\cmd;C:\grails-2.5.2\bin;JAVA_HOME\bin;C:\Ruby22-x64\bin
USERNAME=MyPC
OS=Windows_NT
PROCESSOR_IDENTIFIER=Intel64 Family 6 Model 42 Stepping 7, GenuineIntel



---------------  S Y S T E M  ---------------

OS: Windows 8.1 , 64 bit Build 9600 

CPU:total 8 (4 cores per cpu, 2 threads per core) family 6 model 42 stepping 7, cmov, cx8, fxsr, mmx, sse, sse2, sse3, ssse3, sse4.1, sse4.2, popcnt, avx, aes, ht, tsc, tscinvbit

Memory: 4k page, physical 16625516k(3791884k free), swap 25230496k(4116k free)

vm_info: Java HotSpot(TM) 64-Bit Server VM (24.80-b11) for windows-amd64 JRE (1.7.0_80-b15), built on Apr 10 2015 11:26:34 by "java_re" with unknown MS VC++:1600

time: Wed May 25 10:57:14 2016
elapsed time: 3 seconds

