#
# There is insufficient memory for the Java Runtime Environment to continue.
# Native memory allocation (malloc) failed to allocate 532976 bytes for Chunk::new
# Possible reasons:
#   The system is out of physical RAM or swap space
#   In 32 bit mode, the process size limit was hit
# Possible solutions:
#   Reduce memory load on the system
#   Increase physical memory or swap space
#   Check if swap backing store is full
#   Use 64 bit Java on a 64 bit OS
#   Decrease Java heap size (-Xmx/-Xms)
#   Decrease number of Java threads
#   Decrease Java thread stack sizes (-Xss)
#   Set larger code cache with -XX:ReservedCodeCacheSize=
# This output file may be truncated or incomplete.
#
#  Out of Memory Error (allocation.cpp:323), pid=24260, tid=21868
#
# JRE version: Java(TM) SE Runtime Environment (7.0_80-b15) (build 1.7.0_80-b15)
# Java VM: Java HotSpot(TM) 64-Bit Server VM (24.80-b11 mixed mode windows-amd64 compressed oops)
# Failed to write core dump. Minidumps are not enabled by default on client versions of Windows
#

---------------  T H R E A D  ---------------

Current thread (0x0000000002300000):  JavaThread "C2 CompilerThread1" daemon [_thread_in_native, id=21868, stack(0x000000000acd0000,0x000000000add0000)]

Stack: [0x000000000acd0000,0x000000000add0000]

Current CompileTask:
C2:   6032  429             com.android.dx.ssa.SsaConverter::edgeSplitMoveExceptionsAndResults (157 bytes)


---------------  P R O C E S S  ---------------

Java Threads: ( => current thread )
  0x000000000a854800 JavaThread "pool-2-thread-4" [_thread_in_vm, id=11000, stack(0x000000000b3d0000,0x000000000b4d0000)]
  0x000000000a852000 JavaThread "pool-2-thread-3" [_thread_in_Java, id=22956, stack(0x000000000b2d0000,0x000000000b3d0000)]
  0x000000000a851000 JavaThread "pool-2-thread-2" [_thread_in_Java, id=10912, stack(0x000000000b1d0000,0x000000000b2d0000)]
  0x000000000a742000 JavaThread "pool-3-thread-1" [_thread_blocked, id=1248, stack(0x000000000b0d0000,0x000000000b1d0000)]
  0x000000000a7e6800 JavaThread "pool-2-thread-1" [_thread_in_vm, id=23624, stack(0x000000000afd0000,0x000000000b0d0000)]
  0x0000000002303000 JavaThread "Service Thread" daemon [_thread_blocked, id=23484, stack(0x000000000add0000,0x000000000aed0000)]
=>0x0000000002300000 JavaThread "C2 CompilerThread1" daemon [_thread_in_native, id=21868, stack(0x000000000acd0000,0x000000000add0000)]
  0x00000000022fe000 JavaThread "C2 CompilerThread0" daemon [_thread_in_native, id=10716, stack(0x000000000abd0000,0x000000000acd0000)]
  0x00000000022fd000 JavaThread "Attach Listener" daemon [_thread_blocked, id=14216, stack(0x000000000aad0000,0x000000000abd0000)]
  0x000000000a5f1000 JavaThread "Signal Dispatcher" daemon [_thread_blocked, id=24268, stack(0x000000000a9d0000,0x000000000aad0000)]
  0x000000000860b000 JavaThread "Finalizer" daemon [_thread_blocked, id=12008, stack(0x000000000a4d0000,0x000000000a5d0000)]
  0x000000000860a000 JavaThread "Reference Handler" daemon [_thread_blocked, id=21520, stack(0x000000000a3d0000,0x000000000a4d0000)]
  0x00000000021fd800 JavaThread "main" [_thread_in_vm, id=23112, stack(0x0000000002090000,0x0000000002190000)]

Other Threads:
  0x0000000008605000 VMThread [stack: 0x000000000a2d0000,0x000000000a3d0000] [id=5948]
  0x000000000a602800 WatcherThread [stack: 0x000000000aed0000,0x000000000afd0000] [id=7000]

VM state:not at safepoint (normal execution)

VM Mutex/Monitor currently owned by a thread: None

Heap
 PSYoungGen      total 141824K, used 65586K [0x00000000eaa80000, 0x00000000f3f80000, 0x0000000100000000)
  eden space 131072K, 41% used [0x00000000eaa80000,0x00000000ee00d978,0x00000000f2a80000)
  from space 10752K, 99% used [0x00000000f3500000,0x00000000f3f7f168,0x00000000f3f80000)
  to   space 10752K, 0% used [0x00000000f2a80000,0x00000000f2a80000,0x00000000f3500000)
 ParOldGen       total 173056K, used 8250K [0x00000000c0000000, 0x00000000ca900000, 0x00000000eaa80000)
  object space 173056K, 4% used [0x00000000c0000000,0x00000000c080e930,0x00000000ca900000)
 PSPermGen       total 21504K, used 6018K [0x00000000bae00000, 0x00000000bc300000, 0x00000000c0000000)
  object space 21504K, 27% used [0x00000000bae00000,0x00000000bb3e0898,0x00000000bc300000)

Card table byte_map: [0x00000000053d0000,0x0000000005600000] byte_map_base: 0x0000000004df9000

Polling page: 0x0000000000890000

Code Cache  [0x0000000002310000, 0x0000000002580000, 0x0000000005310000)
 total_blobs=662 nmethods=425 adapters=189 free_code_cache=47354Kb largest_free_block=48450432

Compilation events (10 events):
Event: 5.936 Thread 0x0000000002300000 nmethod 424 0x00000000024c63d0 code [0x00000000024c6520, 0x00000000024c67b8]
Event: 5.936 Thread 0x0000000002300000  425             com.android.dx.dex.code.RopTranslator$TranslationVisitor::addOutput (9 bytes)
Event: 5.949 Thread 0x0000000002300000 nmethod 425 0x00000000024c86d0 code [0x00000000024c8860, 0x00000000024c8c88]
Event: 5.949 Thread 0x0000000002300000  426             com.android.dx.dex.code.RopToDop::dopFor (792 bytes)
Event: 5.965 Thread 0x00000000022fe000 nmethod 423% 0x00000000024d2a10 code [0x00000000024d2be0, 0x00000000024d38f8]
Event: 5.965 Thread 0x00000000022fe000  427             com.android.dx.ssa.PhiTypeResolver::run (179 bytes)
Event: 5.981 Thread 0x0000000002300000 nmethod 426 0x00000000024d0b10 code [0x00000000024d0fa0, 0x00000000024d1ac0]
Event: 5.981 Thread 0x0000000002300000  428             com.android.dx.ssa.SsaConverter::edgeSplitPredecessors (44 bytes)
Event: 5.999 Thread 0x0000000002300000 nmethod 428 0x00000000024d4a10 code [0x00000000024d4be0, 0x00000000024d5260]
Event: 5.999 Thread 0x0000000002300000  429             com.android.dx.ssa.SsaConverter::edgeSplitMoveExceptionsAndResults (157 bytes)

GC Heap History (4 events):
Event: 3.356 GC heap before
{Heap before GC invocations=1 (full 0):
 PSYoungGen      total 76288K, used 65536K [0x00000000eaa80000, 0x00000000eff80000, 0x0000000100000000)
  eden space 65536K, 100% used [0x00000000eaa80000,0x00000000eea80000,0x00000000eea80000)
  from space 10752K, 0% used [0x00000000ef500000,0x00000000ef500000,0x00000000eff80000)
  to   space 10752K, 0% used [0x00000000eea80000,0x00000000eea80000,0x00000000ef500000)
 ParOldGen       total 173056K, used 0K [0x00000000c0000000, 0x00000000ca900000, 0x00000000eaa80000)
  object space 173056K, 0% used [0x00000000c0000000,0x00000000c0000000,0x00000000ca900000)
 PSPermGen       total 21504K, used 5916K [0x00000000bae00000, 0x00000000bc300000, 0x00000000c0000000)
  object space 21504K, 27% used [0x00000000bae00000,0x00000000bb3c7110,0x00000000bc300000)
Event: 3.633 GC heap after
Heap after GC invocations=1 (full 0):
 PSYoungGen      total 76288K, used 10727K [0x00000000eaa80000, 0x00000000f3f80000, 0x0000000100000000)
  eden space 65536K, 0% used [0x00000000eaa80000,0x00000000eaa80000,0x00000000eea80000)
  from space 10752K, 99% used [0x00000000eea80000,0x00000000ef4f9e68,0x00000000ef500000)
  to   space 10752K, 0% used [0x00000000f3500000,0x00000000f3500000,0x00000000f3f80000)
 ParOldGen       total 173056K, used 289K [0x00000000c0000000, 0x00000000ca900000, 0x00000000eaa80000)
  object space 173056K, 0% used [0x00000000c0000000,0x00000000c00487c8,0x00000000ca900000)
 PSPermGen       total 21504K, used 5916K [0x00000000bae00000, 0x00000000bc300000, 0x00000000c0000000)
  object space 21504K, 27% used [0x00000000bae00000,0x00000000bb3c7110,0x00000000bc300000)
}
Event: 5.084 GC heap before
{Heap before GC invocations=2 (full 0):
 PSYoungGen      total 76288K, used 76263K [0x00000000eaa80000, 0x00000000f3f80000, 0x0000000100000000)
  eden space 65536K, 100% used [0x00000000eaa80000,0x00000000eea80000,0x00000000eea80000)
  from space 10752K, 99% used [0x00000000eea80000,0x00000000ef4f9e68,0x00000000ef500000)
  to   space 10752K, 0% used [0x00000000f3500000,0x00000000f3500000,0x00000000f3f80000)
 ParOldGen       total 173056K, used 289K [0x00000000c0000000, 0x00000000ca900000, 0x00000000eaa80000)
  object space 173056K, 0% used [0x00000000c0000000,0x00000000c00487c8,0x00000000ca900000)
 PSPermGen       total 21504K, used 5982K [0x00000000bae00000, 0x00000000bc300000, 0x00000000c0000000)
  object space 21504K, 27% used [0x00000000bae00000,0x00000000bb3d7be8,0x00000000bc300000)
Event: 5.121 GC heap after
Heap after GC invocations=2 (full 0):
 PSYoungGen      total 141824K, used 10748K [0x00000000eaa80000, 0x00000000f3f80000, 0x0000000100000000)
  eden space 131072K, 0% used [0x00000000eaa80000,0x00000000eaa80000,0x00000000f2a80000)
  from space 10752K, 99% used [0x00000000f3500000,0x00000000f3f7f168,0x00000000f3f80000)
  to   space 10752K, 0% used [0x00000000f2a80000,0x00000000f2a80000,0x00000000f3500000)
 ParOldGen       total 173056K, used 8250K [0x00000000c0000000, 0x00000000ca900000, 0x00000000eaa80000)
  object space 173056K, 4% used [0x00000000c0000000,0x00000000c080e930,0x00000000ca900000)
 PSPermGen       total 21504K, used 5982K [0x00000000bae00000, 0x00000000bc300000, 0x00000000c0000000)
  object space 21504K, 27% used [0x00000000bae00000,0x00000000bb3d7be8,0x00000000bc300000)
}

Deoptimization events (10 events):
Event: 4.969 Thread 0x00000000021fd800 Uncommon trap: reason=bimorphic action=maybe_recompile pc=0x0000000002434f18 method=com.android.dx.ssa.SCCP.setLatticeValueTo(IILcom/android/dx/rop/cst/Constant;)Z @ 43
Event: 5.195 Thread 0x000000000a852000 Uncommon trap: reason=class_check action=maybe_recompile pc=0x00000000024202f4 method=com.android.dx.cf.code.Ropper.processBlock(Lcom/android/dx/cf/code/ByteBlock;Lcom/android/dx/cf/code/Frame;[I)V @ 777
Event: 5.424 Thread 0x000000000a7e6800 Uncommon trap: reason=unstable_if action=reinterpret pc=0x00000000024764a0 method=com.android.dx.ssa.LiteralOpUpgrader$1.visitNonMoveInsn(Lcom/android/dx/ssa/NormalSsaInsn;)V @ 176
Event: 5.439 Thread 0x000000000a854800 Uncommon trap: reason=bimorphic action=maybe_recompile pc=0x00000000024786b8 method=com.android.dx.ssa.LiteralOpUpgrader.tryReplacingWithConstant(Lcom/android/dx/ssa/NormalSsaInsn;)Z @ 62
Event: 5.527 Thread 0x000000000a852000 Uncommon trap: reason=bimorphic action=maybe_recompile pc=0x0000000002434f18 method=com.android.dx.ssa.SCCP.setLatticeValueTo(IILcom/android/dx/rop/cst/Constant;)Z @ 43
Event: 5.571 Thread 0x000000000a7e6800 Uncommon trap: reason=class_check action=maybe_recompile pc=0x0000000002435158 method=com.android.dx.ssa.SCCP.replaceConstants()V @ 182
Event: 5.573 Thread 0x000000000a852000 Uncommon trap: reason=bimorphic action=maybe_recompile pc=0x0000000002434f18 method=com.android.dx.ssa.SCCP.setLatticeValueTo(IILcom/android/dx/rop/cst/Constant;)Z @ 43
Event: 5.813 Thread 0x00000000021fd800 Uncommon trap: reason=unstable_if action=reinterpret pc=0x00000000024bba00 method=java.util.BitSet.ensureCapacity(I)V @ 6
Event: 5.831 Thread 0x000000000a852000 Uncommon trap: reason=unstable_if action=reinterpret pc=0x0000000002463e9c method=com.android.dx.rop.code.BasicBlockList.preferredSuccessorOf(Lcom/android/dx/rop/code/BasicBlock;)Lcom/android/dx/rop/code/BasicBlock; @ 58
Event: 5.832 Thread 0x000000000a851000 Uncommon trap: reason=unstable_if action=reinterpret pc=0x00000000024b25e0 method=java.util.BitSet.ensureCapacity(I)V @ 6

Internal exceptions (10 events):
Event: 1.012 Thread 0x000000000a852000 Threw 0x00000000eb9b8458 at C:\re\jdk7u80\2329\hotspot\src\share\vm\prims\jvm.cpp:1319
Event: 1.022 Thread 0x00000000021fd800 Threw 0x00000000ebdff620 at C:\re\jdk7u80\2329\hotspot\src\share\vm\prims\jvm.cpp:1319
Event: 1.029 Thread 0x00000000021fd800 Threw 0x00000000ebe10778 at C:\re\jdk7u80\2329\hotspot\src\share\vm\prims\jvm.cpp:1319
Event: 1.082 Thread 0x000000000a851000 Implicit null exception at 0x0000000002391d45 to 0x0000000002391f15
Event: 1.365 Thread 0x000000000a7e6800 Implicit null exception at 0x00000000023a1c12 to 0x00000000023a1d02
Event: 1.795 Thread 0x00000000021fd800 Threw 0x00000000ed564c28 at C:\re\jdk7u80\2329\hotspot\src\share\vm\prims\jvm.cpp:1319
Event: 1.915 Thread 0x000000000a7e6800 Implicit null exception at 0x00000000023d48f3 to 0x00000000023d4f91
Event: 4.173 Thread 0x00000000021fd800 Threw 0x00000000ebd3a3d0 at C:\re\jdk7u80\2329\hotspot\src\share\vm\prims\jvm.cpp:1319
Event: 4.490 Thread 0x000000000a851000 Threw 0x00000000ec6ba4e8 at C:\re\jdk7u80\2329\hotspot\src\share\vm\prims\jvm.cpp:1319
Event: 5.861 Thread 0x00000000021fd800 Threw 0x00000000ed349e68 at C:\re\jdk7u80\2329\hotspot\src\share\vm\prims\jvm.cpp:1319

Events (10 events):
Event: 5.813 Thread 0x00000000021fd800 DEOPT PACKING pc=0x00000000024bba00 sp=0x000000000218e480
Event: 5.813 Thread 0x00000000021fd800 DEOPT UNPACKING pc=0x00000000023475a4 sp=0x000000000218e2f0 mode 2
Event: 5.831 Thread 0x000000000a852000 Uncommon trap: trap_request=0xffffff75 fr.pc=0x0000000002463e9c
Event: 5.831 Thread 0x000000000a852000 DEOPT PACKING pc=0x0000000002463e9c sp=0x000000000b3ced30
Event: 5.831 Thread 0x000000000a852000 DEOPT UNPACKING pc=0x00000000023475a4 sp=0x000000000b3cec28 mode 2
Event: 5.832 Thread 0x000000000a851000 Uncommon trap: trap_request=0xffffff75 fr.pc=0x00000000024b25e0
Event: 5.832 Thread 0x000000000a851000 DEOPT PACKING pc=0x00000000024b25e0 sp=0x000000000b2ce960
Event: 5.832 Thread 0x000000000a851000 DEOPT UNPACKING pc=0x00000000023475a4 sp=0x000000000b2ce770 mode 2
Event: 5.861 loading class 0x000000000a62b120
Event: 5.861 loading class 0x000000000a62b120 done


Dynamic libraries:
0x00007ff678710000 - 0x00007ff678743000 	C:\Program Files\Java\jdk1.7.0_80\bin\java.exe
0x00007ffee94e0000 - 0x00007ffee96a1000 	C:\WINDOWS\SYSTEM32\ntdll.dll
0x00007ffee8600000 - 0x00007ffee86ad000 	C:\WINDOWS\system32\KERNEL32.DLL
0x00007ffee5d60000 - 0x00007ffee5f48000 	C:\WINDOWS\system32\KERNELBASE.dll
0x00007ffee8b60000 - 0x00007ffee8c07000 	C:\WINDOWS\system32\ADVAPI32.dll
0x00007ffee6d20000 - 0x00007ffee6dbd000 	C:\WINDOWS\system32\msvcrt.dll
0x00007ffee8920000 - 0x00007ffee897b000 	C:\WINDOWS\system32\sechost.dll
0x00007ffee8de0000 - 0x00007ffee8efc000 	C:\WINDOWS\system32\RPCRT4.dll
0x00007ffee68e0000 - 0x00007ffee6a36000 	C:\WINDOWS\system32\USER32.dll
0x00007ffee9350000 - 0x00007ffee94d6000 	C:\WINDOWS\system32\GDI32.dll
0x00007ffed5b30000 - 0x00007ffed5da4000 	C:\WINDOWS\WinSxS\amd64_microsoft.windows.common-controls_6595b64144ccf1df_6.0.10586.0_none_8c15ae12515e1c22\COMCTL32.dll
0x00007ffee6aa0000 - 0x00007ffee6d1d000 	C:\WINDOWS\system32\combase.dll
0x00007ffee6870000 - 0x00007ffee68da000 	C:\WINDOWS\system32\bcryptPrimitives.dll
0x00007ffee7060000 - 0x00007ffee709b000 	C:\WINDOWS\system32\IMM32.DLL
0x00000000693f0000 - 0x00000000694c2000 	C:\Program Files\Java\jdk1.7.0_80\jre\bin\msvcr100.dll
0x0000000069ea0000 - 0x000000006a679000 	C:\Program Files\Java\jdk1.7.0_80\jre\bin\server\jvm.dll
0x00007ffee89f0000 - 0x00007ffee89f8000 	C:\WINDOWS\system32\PSAPI.DLL
0x00007ffeda430000 - 0x00007ffeda439000 	C:\WINDOWS\SYSTEM32\WSOCK32.dll
0x00007ffee8c10000 - 0x00007ffee8c7b000 	C:\WINDOWS\system32\WS2_32.dll
0x00007ffee3f30000 - 0x00007ffee3f53000 	C:\WINDOWS\SYSTEM32\WINMM.dll
0x00007ffee3ed0000 - 0x00007ffee3efc000 	C:\WINDOWS\SYSTEM32\WINMMBASE.dll
0x00007ffee5f50000 - 0x00007ffee5f93000 	C:\WINDOWS\system32\cfgmgr32.dll
0x0000000069e90000 - 0x0000000069e9f000 	C:\Program Files\Java\jdk1.7.0_80\jre\bin\verify.dll
0x0000000069e60000 - 0x0000000069e88000 	C:\Program Files\Java\jdk1.7.0_80\jre\bin\java.dll
0x0000000069e40000 - 0x0000000069e56000 	C:\Program Files\Java\jdk1.7.0_80\jre\bin\zip.dll
0x0000000069e20000 - 0x0000000069e3a000 	C:\Program Files\Java\jdk1.7.0_80\jre\bin\net.dll
0x00007ffee5430000 - 0x00007ffee548c000 	C:\WINDOWS\system32\mswsock.dll
0x0000000069d60000 - 0x0000000069d71000 	C:\Program Files\Java\jdk1.7.0_80\jre\bin\nio.dll

VM Arguments:
jvm_args: -Djava.awt.headless=true -Xmx1024M -Dfile.encoding=windows-1252 -Duser.country=US -Duser.language=en -Duser.variant 
java_command: com.android.dx.command.Main --dex --force-jumbo --num-threads=4 --multi-dex --output C:\Users\MyPC\AndroidStudioProjects\RaSEReport\app\build\intermediates\transforms\dex\debug\folders\1000\10\com.android.support-appcompat-v7-22.2.1_be50f07ea77fc01bc0ce2407a809da68a2eb0d46 C:\Users\MyPC\AndroidStudioProjects\RaSEReport\app\build\intermediates\exploded-aar\com.android.support\appcompat-v7\22.2.1\jars\classes.jar
Launcher Type: SUN_STANDARD

Environment Variables:
JAVA_HOME=C:\Program Files\Java\jdk1.7.0_80\
PATH=C:\Python27\;C:\Python27\Scripts;F:\app\MyPC\product\11.2.0\dbhome_1\bin;C:\ProgramData\Oracle\Java\javapath;C:\WINDOWS\system32;C:\WINDOWS;C:\WINDOWS\System32\Wbem;C:\WINDOWS\System32\WindowsPowerShell\v1.0\;C:\Program Files (x86)\ATI Technologies\ATI.ACE\Core-Static;C:\Program Files\Microsoft SQL Server\110\Tools\Binn\;C:\Program Files (x86)\AMD\ATI.ACE\Core-Static;C:\Program Files (x86)\Intel\OpenCL SDK\2.0\bin\x86;C:\Program Files (x86)\Intel\OpenCL SDK\2.0\bin\x64;C:\Program Files (x86)\GNU\GnuPG\pub;C:\Program Files (x86)\SMART Technologies\SMART Response\;C:\Program Files (x86)\Windows Kits\8.1\Windows Performance Toolkit\;C:\Program Files (x86)\Microsoft SDKs\TypeScript\1.0\;C:\Program Files\Microsoft SQL Server\120\Tools\Binn\;C:\Program Files\Microsoft\Web Platform Installer\;C:\Program Files (x86)\Microsoft ASP.NET\ASP.NET Web Pages\v1.0\;C:\Program Files (x86)\Microsoft SQL Server\100\Tools\Binn\;C:\Program Files\Microsoft SQL Server\100\Tools\Binn\;C:\Program Files\Microsoft SQL Server\100\DTS\Binn\;C:\Program Files (x86)\Microsoft SQL Server\100\Tools\Binn\VSShell\Common7\IDE\;C:\Program Files (x86)\Microsoft Visual Studio 9.0\Common7\IDE\PrivateAssemblies\;C:\Program Files (x86)\Microsoft SQL Server\100\DTS\Binn\;C:\Program Files (x86)\OptiTex 10\App;C:\Program Files (x86)\Skype\Phone\;C:\Program Files (x86)\Heroku\bin;C:\Program Files (x86)\git\cmd;C:\Program Files (x86)\Git\cmd;C:\grails-2.5.2\bin;JAVA_HOME\bin;C:\Ruby22-x64\bin
USERNAME=MyPC
OS=Windows_NT
PROCESSOR_IDENTIFIER=Intel64 Family 6 Model 42 Stepping 7, GenuineIntel



---------------  S Y S T E M  ---------------

OS: Windows 8.1 , 64 bit Build 9600 

CPU:total 8 (4 cores per cpu, 2 threads per core) family 6 model 42 stepping 7, cmov, cx8, fxsr, mmx, sse, sse2, sse3, ssse3, sse4.1, sse4.2, popcnt, avx, aes, ht, tsc, tscinvbit

Memory: 4k page, physical 16625516k(4102472k free), swap 25247408k(6672k free)

vm_info: Java HotSpot(TM) 64-Bit Server VM (24.80-b11) for windows-amd64 JRE (1.7.0_80-b15), built on Apr 10 2015 11:26:34 by "java_re" with unknown MS VC++:1600

time: Wed May 25 11:03:39 2016
elapsed time: 6 seconds

