#
# There is insufficient memory for the Java Runtime Environment to continue.
# Native memory allocation (malloc) failed to allocate 726016 bytes for Chunk::new
# Possible reasons:
#   The system is out of physical RAM or swap space
#   In 32 bit mode, the process size limit was hit
# Possible solutions:
#   Reduce memory load on the system
#   Increase physical memory or swap space
#   Check if swap backing store is full
#   Use 64 bit Java on a 64 bit OS
#   Decrease Java heap size (-Xmx/-Xms)
#   Decrease number of Java threads
#   Decrease Java thread stack sizes (-Xss)
#   Set larger code cache with -XX:ReservedCodeCacheSize=
# This output file may be truncated or incomplete.
#
#  Out of Memory Error (allocation.cpp:323), pid=18864, tid=20176
#
# JRE version: Java(TM) SE Runtime Environment (7.0_80-b15) (build 1.7.0_80-b15)
# Java VM: Java HotSpot(TM) 64-Bit Server VM (24.80-b11 mixed mode windows-amd64 compressed oops)
# Failed to write core dump. Minidumps are not enabled by default on client versions of Windows
#

---------------  T H R E A D  ---------------

Current thread (0x000000000a5e1000):  JavaThread "C2 CompilerThread0" daemon [_thread_in_native, id=20176, stack(0x000000000abc0000,0x000000000acc0000)]

Stack: [0x000000000abc0000,0x000000000acc0000]

Current CompileTask:
C2:  10853  377             com.android.dx.ssa.back.FirstFitLocalCombiningAllocator::handleNormalUnassociated (99 bytes)


---------------  P R O C E S S  ---------------

Java Threads: ( => current thread )
  0x000000000a7de000 JavaThread "pool-1-thread-4" [_thread_in_Java, id=3992, stack(0x000000000b3c0000,0x000000000b4c0000)]
  0x000000000a7db800 JavaThread "pool-1-thread-3" [_thread_in_vm, id=10912, stack(0x000000000b2c0000,0x000000000b3c0000)]
  0x000000000a812800 JavaThread "pool-1-thread-2" [_thread_in_vm, id=7000, stack(0x000000000b1c0000,0x000000000b2c0000)]
  0x000000000a758000 JavaThread "pool-2-thread-1" [_thread_blocked, id=23112, stack(0x000000000b0c0000,0x000000000b1c0000)]
  0x000000000a76f800 JavaThread "pool-1-thread-1" [_thread_in_vm, id=23624, stack(0x000000000afc0000,0x000000000b0c0000)]
  0x00000000022cc000 JavaThread "Service Thread" daemon [_thread_blocked, id=19020, stack(0x000000000adc0000,0x000000000aec0000)]
  0x00000000022c0000 JavaThread "C2 CompilerThread1" daemon [_thread_in_native, id=23932, stack(0x000000000acc0000,0x000000000adc0000)]
=>0x000000000a5e1000 JavaThread "C2 CompilerThread0" daemon [_thread_in_native, id=20176, stack(0x000000000abc0000,0x000000000acc0000)]
  0x00000000022be000 JavaThread "Attach Listener" daemon [_thread_blocked, id=20220, stack(0x000000000aac0000,0x000000000abc0000)]
  0x000000000a5e0800 JavaThread "Signal Dispatcher" daemon [_thread_blocked, id=22060, stack(0x000000000a9c0000,0x000000000aac0000)]
  0x00000000085cb000 JavaThread "Finalizer" daemon [_thread_blocked, id=19472, stack(0x000000000a4c0000,0x000000000a5c0000)]
  0x00000000085ca000 JavaThread "Reference Handler" daemon [_thread_blocked, id=22056, stack(0x000000000a3c0000,0x000000000a4c0000)]
  0x00000000008bd800 JavaThread "main" [_thread_in_Java, id=7852, stack(0x00000000020d0000,0x00000000021d0000)]

Other Threads:
  0x00000000085c5800 VMThread [stack: 0x000000000a2c0000,0x000000000a3c0000] [id=17456]
  0x000000000a5eb000 WatcherThread [stack: 0x000000000aec0000,0x000000000afc0000] [id=18428]

VM state:not at safepoint (normal execution)

VM Mutex/Monitor currently owned by a thread: None

Heap
 PSYoungGen      total 76288K, used 35762K [0x00000000eaa80000, 0x00000000eff80000, 0x0000000100000000)
  eden space 65536K, 38% used [0x00000000eaa80000,0x00000000ec2f3668,0x00000000eea80000)
  from space 10752K, 99% used [0x00000000ef500000,0x00000000eff792b0,0x00000000eff80000)
  to   space 10752K, 0% used [0x00000000eea80000,0x00000000eea80000,0x00000000ef500000)
 ParOldGen       total 173056K, used 9320K [0x00000000c0000000, 0x00000000ca900000, 0x00000000eaa80000)
  object space 173056K, 5% used [0x00000000c0000000,0x00000000c091a050,0x00000000ca900000)
 PSPermGen       total 21504K, used 5969K [0x00000000bae00000, 0x00000000bc300000, 0x00000000c0000000)
  object space 21504K, 27% used [0x00000000bae00000,0x00000000bb3d4630,0x00000000bc300000)

Card table byte_map: [0x0000000005390000,0x00000000055c0000] byte_map_base: 0x0000000004db9000

Polling page: 0x0000000000550000

Code Cache  [0x00000000022d0000, 0x0000000002540000, 0x00000000052d0000)
 total_blobs=609 nmethods=372 adapters=189 free_code_cache=47568Kb largest_free_block=48668864

Compilation events (10 events):
Event: 10.791 Thread 0x000000000a5e1000 nmethod 372 0x000000000243dd90 code [0x000000000243dee0, 0x000000000243e0f8]
Event: 10.791 Thread 0x000000000a5e1000  373             com.android.dx.ssa.NormalSsaInsn::toRopInsn (19 bytes)
Event: 10.792 Thread 0x000000000a5e1000 nmethod 373 0x000000000243dad0 code [0x000000000243dc20, 0x000000000243dcb8]
Event: 10.792 Thread 0x000000000a5e1000  374             com.android.dx.rop.code.Rop::canThrow (18 bytes)
Event: 10.793 Thread 0x000000000a5e1000 nmethod 374 0x000000000243d810 code [0x000000000243d960, 0x000000000243d9f8]
Event: 10.793 Thread 0x000000000a5e1000  375   !         java.util.BitSet::clone (48 bytes)
Event: 10.797 Thread 0x000000000a5e1000 nmethod 375 0x000000000243d250 code [0x000000000243d3c0, 0x000000000243d5c8]
Event: 10.797 Thread 0x000000000a5e1000  376             com.android.dx.util.BitIntSet::has (28 bytes)
Event: 10.798 Thread 0x000000000a5e1000 nmethod 376 0x000000000244d310 code [0x000000000244d440, 0x000000000244d4f8]
Event: 10.798 Thread 0x000000000a5e1000  377             com.android.dx.ssa.back.FirstFitLocalCombiningAllocator::handleNormalUnassociated (99 bytes)

GC Heap History (4 events):
Event: 7.282 GC heap before
{Heap before GC invocations=1 (full 0):
 PSYoungGen      total 76288K, used 65536K [0x00000000eaa80000, 0x00000000eff80000, 0x0000000100000000)
  eden space 65536K, 100% used [0x00000000eaa80000,0x00000000eea80000,0x00000000eea80000)
  from space 10752K, 0% used [0x00000000ef500000,0x00000000ef500000,0x00000000eff80000)
  to   space 10752K, 0% used [0x00000000eea80000,0x00000000eea80000,0x00000000ef500000)
 ParOldGen       total 173056K, used 0K [0x00000000c0000000, 0x00000000ca900000, 0x00000000eaa80000)
  object space 173056K, 0% used [0x00000000c0000000,0x00000000c0000000,0x00000000ca900000)
 PSPermGen       total 21504K, used 5873K [0x00000000bae00000, 0x00000000bc300000, 0x00000000c0000000)
  object space 21504K, 27% used [0x00000000bae00000,0x00000000bb3bc448,0x00000000bc300000)
Event: 7.361 GC heap after
Heap after GC invocations=1 (full 0):
 PSYoungGen      total 76288K, used 9789K [0x00000000eaa80000, 0x00000000eff80000, 0x0000000100000000)
  eden space 65536K, 0% used [0x00000000eaa80000,0x00000000eaa80000,0x00000000eea80000)
  from space 10752K, 91% used [0x00000000eea80000,0x00000000ef40f648,0x00000000ef500000)
  to   space 10752K, 0% used [0x00000000ef500000,0x00000000ef500000,0x00000000eff80000)
 ParOldGen       total 173056K, used 8K [0x00000000c0000000, 0x00000000ca900000, 0x00000000eaa80000)
  object space 173056K, 0% used [0x00000000c0000000,0x00000000c0002000,0x00000000ca900000)
 PSPermGen       total 21504K, used 5873K [0x00000000bae00000, 0x00000000bc300000, 0x00000000c0000000)
  object space 21504K, 27% used [0x00000000bae00000,0x00000000bb3bc448,0x00000000bc300000)
}
Event: 8.881 GC heap before
{Heap before GC invocations=2 (full 0):
 PSYoungGen      total 76288K, used 75325K [0x00000000eaa80000, 0x00000000eff80000, 0x0000000100000000)
  eden space 65536K, 100% used [0x00000000eaa80000,0x00000000eea80000,0x00000000eea80000)
  from space 10752K, 91% used [0x00000000eea80000,0x00000000ef40f648,0x00000000ef500000)
  to   space 10752K, 0% used [0x00000000ef500000,0x00000000ef500000,0x00000000eff80000)
 ParOldGen       total 173056K, used 8K [0x00000000c0000000, 0x00000000ca900000, 0x00000000eaa80000)
  object space 173056K, 0% used [0x00000000c0000000,0x00000000c0002000,0x00000000ca900000)
 PSPermGen       total 21504K, used 5946K [0x00000000bae00000, 0x00000000bc300000, 0x00000000c0000000)
  object space 21504K, 27% used [0x00000000bae00000,0x00000000bb3ce888,0x00000000bc300000)
Event: 9.016 GC heap after
Heap after GC invocations=2 (full 0):
 PSYoungGen      total 76288K, used 10724K [0x00000000eaa80000, 0x00000000eff80000, 0x0000000100000000)
  eden space 65536K, 0% used [0x00000000eaa80000,0x00000000eaa80000,0x00000000eea80000)
  from space 10752K, 99% used [0x00000000ef500000,0x00000000eff792b0,0x00000000eff80000)
  to   space 10752K, 0% used [0x00000000eea80000,0x00000000eea80000,0x00000000ef500000)
 ParOldGen       total 173056K, used 9320K [0x00000000c0000000, 0x00000000ca900000, 0x00000000eaa80000)
  object space 173056K, 5% used [0x00000000c0000000,0x00000000c091a050,0x00000000ca900000)
 PSPermGen       total 21504K, used 5946K [0x00000000bae00000, 0x00000000bc300000, 0x00000000c0000000)
  object space 21504K, 27% used [0x00000000bae00000,0x00000000bb3ce888,0x00000000bc300000)
}

Deoptimization events (10 events):
Event: 6.540 Thread 0x00000000008bd800 Uncommon trap: reason=unstable_if action=reinterpret pc=0x0000000002352244 method=com.android.dx.rop.cst.Constant.compareTo(Lcom/android/dx/rop/cst/Constant;)I @ 12
Event: 7.637 Thread 0x00000000008bd800 Uncommon trap: reason=unstable_if action=reinterpret pc=0x00000000023972e0 method=com.android.dx.ssa.LocalVariableExtractor.processBlock(I)V @ 77
Event: 7.737 Thread 0x00000000008bd800 Uncommon trap: reason=class_check action=maybe_recompile pc=0x00000000023a994c method=com.android.dx.ssa.SCCP.simulateBranch(Lcom/android/dx/ssa/SsaInsn;)V @ 145
Event: 7.889 Thread 0x000000000a7db800 Uncommon trap: reason=class_check action=maybe_recompile pc=0x00000000023a994c method=com.android.dx.ssa.SCCP.simulateBranch(Lcom/android/dx/ssa/SsaInsn;)V @ 145
Event: 7.985 Thread 0x000000000a76f800 Uncommon trap: reason=class_check action=maybe_recompile pc=0x00000000023a994c method=com.android.dx.ssa.SCCP.simulateBranch(Lcom/android/dx/ssa/SsaInsn;)V @ 145
Event: 8.458 Thread 0x00000000008bd800 Uncommon trap: reason=null_check action=make_not_entrant pc=0x00000000023571b0 method=com.android.dx.ssa.SsaRenamer.getLocalForNewReg(I)Lcom/android/dx/rop/code/LocalItem; @ 19
Event: 8.471 Thread 0x000000000a7de000 Uncommon trap: reason=unstable_if action=reinterpret pc=0x00000000023a208c method=com.android.dx.ssa.SsaMethod.updateOneDefinition(Lcom/android/dx/ssa/SsaInsn;Lcom/android/dx/rop/code/RegisterSpec;)V @ 4
Event: 8.477 Thread 0x00000000008bd800 Uncommon trap: reason=null_check action=make_not_entrant pc=0x0000000002359f2c method=com.android.dx.ssa.SsaRenamer.getLocalForNewReg(I)Lcom/android/dx/rop/code/LocalItem; @ 19
Event: 9.470 Thread 0x000000000a7db800 Uncommon trap: reason=null_check action=make_not_entrant pc=0x00000000023ec320 method=com.android.dx.cf.code.Ropper$CatchInfo.getSetup(Lcom/android/dx/rop/type/Type;)Lcom/android/dx/cf/code/Ropper$ExceptionHandlerSetup; @ 10
Event: 10.364 Thread 0x00000000008bd800 Uncommon trap: reason=null_check action=make_not_entrant pc=0x00000000024208d4 method=com.android.dx.rop.type.Type.putIntern(Lcom/android/dx/rop/type/Type;)Lcom/android/dx/rop/type/Type; @ 18

Internal exceptions (10 events):
Event: 5.993 Thread 0x000000000a7de000 Threw 0x00000000ec1294f8 at C:\re\jdk7u80\2329\hotspot\src\share\vm\prims\jvm.cpp:1319
Event: 6.304 Thread 0x00000000008bd800 Implicit null exception at 0x000000000235be52 to 0x000000000235bf42
Event: 7.632 Thread 0x00000000008bd800 Threw 0x00000000eb64e570 at C:\re\jdk7u80\2329\hotspot\src\share\vm\prims\jvm.cpp:1319
Event: 8.199 Thread 0x00000000008bd800 Threw 0x00000000ed20def0 at C:\re\jdk7u80\2329\hotspot\src\share\vm\prims\jvm.cpp:1319
Event: 8.438 Thread 0x00000000008bd800 Threw 0x00000000edd0c450 at C:\re\jdk7u80\2329\hotspot\src\share\vm\prims\jvm.cpp:1319
Event: 8.458 Thread 0x00000000008bd800 Implicit null exception at 0x0000000002356918 to 0x0000000002357195
Event: 8.470 Thread 0x000000000a7de000 Threw 0x00000000ed9c7bf0 at C:\re\jdk7u80\2329\hotspot\src\share\vm\prims\jvm.cpp:1319
Event: 8.477 Thread 0x00000000008bd800 Implicit null exception at 0x00000000023597d0 to 0x0000000002359f09
Event: 9.470 Thread 0x000000000a7db800 Implicit null exception at 0x00000000023e8394 to 0x00000000023ec2e1
Event: 10.364 Thread 0x00000000008bd800 Implicit null exception at 0x000000000242022b to 0x00000000024208c5

Events (10 events):
Event: 9.040 Executing VM operation: BulkRevokeBias done
Event: 9.470 Thread 0x000000000a7db800 Uncommon trap: trap_request=0xfffffff4 fr.pc=0x00000000023ec320
Event: 9.470 Thread 0x000000000a7db800 DEOPT PACKING pc=0x00000000023ec320 sp=0x000000000b3bec70
Event: 9.470 Thread 0x000000000a7db800 DEOPT UNPACKING pc=0x00000000023075a4 sp=0x000000000b3bebc8 mode 2
Event: 9.480 Thread 0x00000000022c0000 flushing nmethod 0x0000000002348850
Event: 10.364 Thread 0x00000000008bd800 Uncommon trap: trap_request=0xfffffff4 fr.pc=0x00000000024208d4
Event: 10.364 Thread 0x00000000008bd800 DEOPT PACKING pc=0x00000000024208d4 sp=0x00000000021ce830
Event: 10.364 Thread 0x00000000008bd800 DEOPT UNPACKING pc=0x00000000023075a4 sp=0x00000000021ce750 mode 2
Event: 10.397 Thread 0x000000000a5e1000 flushing nmethod 0x0000000002352090
Event: 10.398 Thread 0x000000000a5e1000 flushing nmethod 0x000000000235bcd0


Dynamic libraries:
0x00007ff678710000 - 0x00007ff678743000 	C:\Program Files\Java\jdk1.7.0_80\bin\java.exe
0x00007ffee94e0000 - 0x00007ffee96a1000 	C:\WINDOWS\SYSTEM32\ntdll.dll
0x00007ffee8600000 - 0x00007ffee86ad000 	C:\WINDOWS\system32\KERNEL32.DLL
0x00007ffee5d60000 - 0x00007ffee5f48000 	C:\WINDOWS\system32\KERNELBASE.dll
0x00007ffee8b60000 - 0x00007ffee8c07000 	C:\WINDOWS\system32\ADVAPI32.dll
0x00007ffee6d20000 - 0x00007ffee6dbd000 	C:\WINDOWS\system32\msvcrt.dll
0x00007ffee8920000 - 0x00007ffee897b000 	C:\WINDOWS\system32\sechost.dll
0x00007ffee8de0000 - 0x00007ffee8efc000 	C:\WINDOWS\system32\RPCRT4.dll
0x00007ffee68e0000 - 0x00007ffee6a36000 	C:\WINDOWS\system32\USER32.dll
0x00007ffee9350000 - 0x00007ffee94d6000 	C:\WINDOWS\system32\GDI32.dll
0x00007ffed5b30000 - 0x00007ffed5da4000 	C:\WINDOWS\WinSxS\amd64_microsoft.windows.common-controls_6595b64144ccf1df_6.0.10586.0_none_8c15ae12515e1c22\COMCTL32.dll
0x00007ffee6aa0000 - 0x00007ffee6d1d000 	C:\WINDOWS\system32\combase.dll
0x00007ffee6870000 - 0x00007ffee68da000 	C:\WINDOWS\system32\bcryptPrimitives.dll
0x00007ffee7060000 - 0x00007ffee709b000 	C:\WINDOWS\system32\IMM32.DLL
0x00000000693f0000 - 0x00000000694c2000 	C:\Program Files\Java\jdk1.7.0_80\jre\bin\msvcr100.dll
0x0000000069ea0000 - 0x000000006a679000 	C:\Program Files\Java\jdk1.7.0_80\jre\bin\server\jvm.dll
0x00007ffee89f0000 - 0x00007ffee89f8000 	C:\WINDOWS\system32\PSAPI.DLL
0x00007ffeda430000 - 0x00007ffeda439000 	C:\WINDOWS\SYSTEM32\WSOCK32.dll
0x00007ffee8c10000 - 0x00007ffee8c7b000 	C:\WINDOWS\system32\WS2_32.dll
0x00007ffee3f30000 - 0x00007ffee3f53000 	C:\WINDOWS\SYSTEM32\WINMM.dll
0x00007ffee3ed0000 - 0x00007ffee3efc000 	C:\WINDOWS\SYSTEM32\WINMMBASE.dll
0x00007ffee5f50000 - 0x00007ffee5f93000 	C:\WINDOWS\system32\cfgmgr32.dll
0x0000000069e90000 - 0x0000000069e9f000 	C:\Program Files\Java\jdk1.7.0_80\jre\bin\verify.dll
0x0000000069e60000 - 0x0000000069e88000 	C:\Program Files\Java\jdk1.7.0_80\jre\bin\java.dll
0x0000000069e40000 - 0x0000000069e56000 	C:\Program Files\Java\jdk1.7.0_80\jre\bin\zip.dll
0x0000000069e20000 - 0x0000000069e3a000 	C:\Program Files\Java\jdk1.7.0_80\jre\bin\net.dll
0x00007ffee5430000 - 0x00007ffee548c000 	C:\WINDOWS\system32\mswsock.dll
0x0000000069d60000 - 0x0000000069d71000 	C:\Program Files\Java\jdk1.7.0_80\jre\bin\nio.dll

VM Arguments:
jvm_args: -Djava.awt.headless=true -Xmx1024M -Dfile.encoding=windows-1252 -Duser.country=US -Duser.language=en -Duser.variant 
java_command: com.android.dx.command.Main --dex --force-jumbo --num-threads=4 --output C:\Users\MyPC\AndroidStudioProjects\RaSEReport\app\build\intermediates\pre-dexed\debug\com.google.android.gms-play-services-games-7.5.0_f114cc5f6d316f513ab6179fdef8b83b626c0e41.jar C:\Users\MyPC\AndroidStudioProjects\RaSEReport\app\build\intermediates\exploded-aar\com.google.android.gms\play-services-games\7.5.0\jars\classes.jar
Launcher Type: SUN_STANDARD

Environment Variables:
JAVA_HOME=C:\Program Files\Java\jdk1.7.0_80\
PATH=C:\Python27\;C:\Python27\Scripts;F:\app\MyPC\product\11.2.0\dbhome_1\bin;C:\ProgramData\Oracle\Java\javapath;C:\WINDOWS\system32;C:\WINDOWS;C:\WINDOWS\System32\Wbem;C:\WINDOWS\System32\WindowsPowerShell\v1.0\;C:\Program Files (x86)\ATI Technologies\ATI.ACE\Core-Static;C:\Program Files\Microsoft SQL Server\110\Tools\Binn\;C:\Program Files (x86)\AMD\ATI.ACE\Core-Static;C:\Program Files (x86)\Intel\OpenCL SDK\2.0\bin\x86;C:\Program Files (x86)\Intel\OpenCL SDK\2.0\bin\x64;C:\Program Files (x86)\GNU\GnuPG\pub;C:\Program Files (x86)\SMART Technologies\SMART Response\;C:\Program Files (x86)\Windows Kits\8.1\Windows Performance Toolkit\;C:\Program Files (x86)\Microsoft SDKs\TypeScript\1.0\;C:\Program Files\Microsoft SQL Server\120\Tools\Binn\;C:\Program Files\Microsoft\Web Platform Installer\;C:\Program Files (x86)\Microsoft ASP.NET\ASP.NET Web Pages\v1.0\;C:\Program Files (x86)\Microsoft SQL Server\100\Tools\Binn\;C:\Program Files\Microsoft SQL Server\100\Tools\Binn\;C:\Program Files\Microsoft SQL Server\100\DTS\Binn\;C:\Program Files (x86)\Microsoft SQL Server\100\Tools\Binn\VSShell\Common7\IDE\;C:\Program Files (x86)\Microsoft Visual Studio 9.0\Common7\IDE\PrivateAssemblies\;C:\Program Files (x86)\Microsoft SQL Server\100\DTS\Binn\;C:\Program Files (x86)\OptiTex 10\App;C:\Program Files (x86)\Skype\Phone\;C:\Program Files (x86)\Heroku\bin;C:\Program Files (x86)\git\cmd;C:\Program Files (x86)\Git\cmd;C:\grails-2.5.2\bin;JAVA_HOME\bin;C:\Ruby22-x64\bin
USERNAME=MyPC
OS=Windows_NT
PROCESSOR_IDENTIFIER=Intel64 Family 6 Model 42 Stepping 7, GenuineIntel



---------------  S Y S T E M  ---------------

OS: Windows 8.1 , 64 bit Build 9600 

CPU:total 8 (4 cores per cpu, 2 threads per core) family 6 model 42 stepping 7, cmov, cx8, fxsr, mmx, sse, sse2, sse3, ssse3, sse4.1, sse4.2, popcnt, avx, aes, ht, tsc, tscinvbit

Memory: 4k page, physical 16625516k(3765100k free), swap 25247408k(5156k free)

vm_info: Java HotSpot(TM) 64-Bit Server VM (24.80-b11) for windows-amd64 JRE (1.7.0_80-b15), built on Apr 10 2015 11:26:34 by "java_re" with unknown MS VC++:1600

time: Wed May 25 11:05:26 2016
elapsed time: 10 seconds

