#
# There is insufficient memory for the Java Runtime Environment to continue.
# Native memory allocation (malloc) failed to allocate 626096 bytes for Chunk::new
# Possible reasons:
#   The system is out of physical RAM or swap space
#   In 32 bit mode, the process size limit was hit
# Possible solutions:
#   Reduce memory load on the system
#   Increase physical memory or swap space
#   Check if swap backing store is full
#   Use 64 bit Java on a 64 bit OS
#   Decrease Java heap size (-Xmx/-Xms)
#   Decrease number of Java threads
#   Decrease Java thread stack sizes (-Xss)
#   Set larger code cache with -XX:ReservedCodeCacheSize=
# This output file may be truncated or incomplete.
#
#  Out of Memory Error (allocation.cpp:323), pid=22880, tid=13084
#
# JRE version: Java(TM) SE Runtime Environment (7.0_80-b15) (build 1.7.0_80-b15)
# Java VM: Java HotSpot(TM) 64-Bit Server VM (24.80-b11 mixed mode windows-amd64 compressed oops)
# Failed to write core dump. Minidumps are not enabled by default on client versions of Windows
#

---------------  T H R E A D  ---------------

Current thread (0x00000000023d1000):  JavaThread "C2 CompilerThread1" daemon [_thread_in_native, id=13084, stack(0x000000000ad70000,0x000000000ae70000)]

Stack: [0x000000000ad70000,0x000000000ae70000]

Current CompileTask:
C2:   3924  318             com.android.dx.ssa.PhiTypeResolver::run (179 bytes)


---------------  P R O C E S S  ---------------

Java Threads: ( => current thread )
  0x000000000a897000 JavaThread "pool-2-thread-4" [_thread_in_Java, id=2184, stack(0x000000000b470000,0x000000000b570000)]
  0x000000000a7dd000 JavaThread "pool-2-thread-3" [_thread_in_Java, id=22524, stack(0x000000000b370000,0x000000000b470000)]
  0x000000000a7dc800 JavaThread "pool-2-thread-2" [_thread_in_vm, id=17976, stack(0x000000000b270000,0x000000000b370000)]
  0x000000000a880800 JavaThread "pool-3-thread-1" [_thread_blocked, id=16012, stack(0x000000000b170000,0x000000000b270000)]
  0x000000000a88c800 JavaThread "pool-2-thread-1" [_thread_in_Java, id=14248, stack(0x000000000b070000,0x000000000b170000)]
  0x00000000023dd000 JavaThread "Service Thread" daemon [_thread_blocked, id=13504, stack(0x000000000ae70000,0x000000000af70000)]
=>0x00000000023d1000 JavaThread "C2 CompilerThread1" daemon [_thread_in_native, id=13084, stack(0x000000000ad70000,0x000000000ae70000)]
  0x00000000023cf000 JavaThread "C2 CompilerThread0" daemon [_thread_in_native, id=18092, stack(0x000000000ac70000,0x000000000ad70000)]
  0x000000000a691000 JavaThread "Attach Listener" daemon [_thread_blocked, id=16192, stack(0x000000000ab70000,0x000000000ac70000)]
  0x000000000a690800 JavaThread "Signal Dispatcher" daemon [_thread_blocked, id=14808, stack(0x000000000aa70000,0x000000000ab70000)]
  0x0000000008670800 JavaThread "Finalizer" daemon [_thread_blocked, id=20368, stack(0x000000000a570000,0x000000000a670000)]
  0x000000000866a000 JavaThread "Reference Handler" daemon [_thread_blocked, id=21856, stack(0x000000000a470000,0x000000000a570000)]
  0x00000000022dd800 JavaThread "main" [_thread_in_Java, id=22820, stack(0x00000000020e0000,0x00000000021e0000)]

Other Threads:
  0x0000000008665800 VMThread [stack: 0x000000000a370000,0x000000000a470000] [id=23908]
  0x000000000a6ad000 WatcherThread [stack: 0x000000000af70000,0x000000000b070000] [id=19924]

VM state:not at safepoint (normal execution)

VM Mutex/Monitor currently owned by a thread: None

Heap
 PSYoungGen      total 76288K, used 23907K [0x00000000eaa80000, 0x00000000eff80000, 0x0000000100000000)
  eden space 65536K, 20% used [0x00000000eaa80000,0x00000000eb75d120,0x00000000eea80000)
  from space 10752K, 99% used [0x00000000eea80000,0x00000000ef4fbb80,0x00000000ef500000)
  to   space 10752K, 0% used [0x00000000ef500000,0x00000000ef500000,0x00000000eff80000)
 ParOldGen       total 173056K, used 484K [0x00000000c0000000, 0x00000000ca900000, 0x00000000eaa80000)
  object space 173056K, 0% used [0x00000000c0000000,0x00000000c0079010,0x00000000ca900000)
 PSPermGen       total 21504K, used 5893K [0x00000000bae00000, 0x00000000bc300000, 0x00000000c0000000)
  object space 21504K, 27% used [0x00000000bae00000,0x00000000bb3c1700,0x00000000bc300000)

Card table byte_map: [0x00000000053e0000,0x0000000005610000] byte_map_base: 0x0000000004e09000

Polling page: 0x00000000020c0000

Code Cache  [0x00000000023e0000, 0x0000000002650000, 0x00000000053e0000)
 total_blobs=551 nmethods=314 adapters=189 free_code_cache=47863Kb largest_free_block=48960704

Compilation events (10 events):
Event: 3.848 Thread 0x00000000023d1000 nmethod 313 0x00000000024e3110 code [0x00000000024e3260, 0x00000000024e3398]
Event: 3.848 Thread 0x00000000023d1000  314             java.util.ArrayList$SubList::<init> (46 bytes)
Event: 3.849 Thread 0x00000000023d1000 nmethod 314 0x00000000024e2e90 code [0x00000000024e2fc0, 0x00000000024e3058]
Event: 3.849 Thread 0x00000000023d1000  315             com.android.dx.rop.type.Type::getBasicType (5 bytes)
Event: 3.850 Thread 0x00000000023d1000 nmethod 315 0x0000000002456690 code [0x00000000024567c0, 0x0000000002456818]
Event: 3.850 Thread 0x00000000023d1000  316             com.android.dx.rop.code.RegisterSpec::getType (10 bytes)
Event: 3.851 Thread 0x00000000023d1000 nmethod 316 0x00000000024e2bd0 code [0x00000000024e2d20, 0x00000000024e2db8]
Event: 3.851 Thread 0x00000000023d1000  317             com.android.dx.rop.code.RegisterSpec::getBasicType (10 bytes)
Event: 3.852 Thread 0x00000000023d1000 nmethod 317 0x000000000250ba10 code [0x000000000250bb60, 0x000000000250bbf8]
Event: 3.852 Thread 0x00000000023d1000  318             com.android.dx.ssa.PhiTypeResolver::run (179 bytes)

GC Heap History (2 events):
Event: 3.675 GC heap before
{Heap before GC invocations=1 (full 0):
 PSYoungGen      total 76288K, used 65536K [0x00000000eaa80000, 0x00000000eff80000, 0x0000000100000000)
  eden space 65536K, 100% used [0x00000000eaa80000,0x00000000eea80000,0x00000000eea80000)
  from space 10752K, 0% used [0x00000000ef500000,0x00000000ef500000,0x00000000eff80000)
  to   space 10752K, 0% used [0x00000000eea80000,0x00000000eea80000,0x00000000ef500000)
 ParOldGen       total 173056K, used 0K [0x00000000c0000000, 0x00000000ca900000, 0x00000000eaa80000)
  object space 173056K, 0% used [0x00000000c0000000,0x00000000c0000000,0x00000000ca900000)
 PSPermGen       total 21504K, used 5876K [0x00000000bae00000, 0x00000000bc300000, 0x00000000c0000000)
  object space 21504K, 27% used [0x00000000bae00000,0x00000000bb3bd318,0x00000000bc300000)
Event: 3.710 GC heap after
Heap after GC invocations=1 (full 0):
 PSYoungGen      total 76288K, used 10734K [0x00000000eaa80000, 0x00000000eff80000, 0x0000000100000000)
  eden space 65536K, 0% used [0x00000000eaa80000,0x00000000eaa80000,0x00000000eea80000)
  from space 10752K, 99% used [0x00000000eea80000,0x00000000ef4fbb80,0x00000000ef500000)
  to   space 10752K, 0% used [0x00000000ef500000,0x00000000ef500000,0x00000000eff80000)
 ParOldGen       total 173056K, used 484K [0x00000000c0000000, 0x00000000ca900000, 0x00000000eaa80000)
  object space 173056K, 0% used [0x00000000c0000000,0x00000000c0079010,0x00000000ca900000)
 PSPermGen       total 21504K, used 5876K [0x00000000bae00000, 0x00000000bc300000, 0x00000000c0000000)
  object space 21504K, 27% used [0x00000000bae00000,0x00000000bb3bd318,0x00000000bc300000)
}

Deoptimization events (10 events):
Event: 2.201 Thread 0x000000000a7dd000 Uncommon trap: reason=class_check action=maybe_recompile pc=0x00000000024a2fd8 method=com.android.dx.cf.code.OneLocalsArray.set(ILcom/android/dx/rop/type/TypeBearer;)V @ 40
Event: 2.201 Thread 0x000000000a7dd000 Uncommon trap: reason=class_check action=maybe_recompile pc=0x00000000024a2fd8 method=com.android.dx.cf.code.OneLocalsArray.set(ILcom/android/dx/rop/type/TypeBearer;)V @ 40
Event: 2.201 Thread 0x000000000a7dd000 Uncommon trap: reason=class_check action=maybe_recompile pc=0x00000000024a2fd8 method=com.android.dx.cf.code.OneLocalsArray.set(ILcom/android/dx/rop/type/TypeBearer;)V @ 40
Event: 2.202 Thread 0x000000000a7dd000 Uncommon trap: reason=class_check action=maybe_recompile pc=0x00000000024a2fd8 method=com.android.dx.cf.code.OneLocalsArray.set(ILcom/android/dx/rop/type/TypeBearer;)V @ 40
Event: 2.532 Thread 0x000000000a88c800 Uncommon trap: reason=unstable_if action=reinterpret pc=0x00000000024c6c78 method=com.android.dx.ssa.LocalVariableExtractor.processBlock(I)V @ 77
Event: 2.586 Thread 0x00000000022dd800 Uncommon trap: reason=null_check action=make_not_entrant pc=0x000000000249173c method=com.android.dx.rop.type.Type.putIntern(Lcom/android/dx/rop/type/Type;)Lcom/android/dx/rop/type/Type; @ 18
Event: 2.609 Thread 0x00000000022dd800 Uncommon trap: reason=class_check action=maybe_recompile pc=0x00000000024b2130 method=com.android.dx.cf.code.OneLocalsArray.set(ILcom/android/dx/rop/type/TypeBearer;)V @ 85
Event: 2.611 Thread 0x00000000022dd800 Uncommon trap: reason=class_check action=maybe_recompile pc=0x00000000024b2130 method=com.android.dx.cf.code.OneLocalsArray.set(ILcom/android/dx/rop/type/TypeBearer;)V @ 85
Event: 2.862 Thread 0x00000000022dd800 Uncommon trap: reason=unstable_if action=reinterpret pc=0x000000000248f504 method=com.android.dx.rop.type.Type.isReference()Z @ 6
Event: 3.820 Thread 0x00000000022dd800 Uncommon trap: reason=unstable_if action=reinterpret pc=0x00000000024b89a4 method=com.android.dx.ssa.SCCP.simulateBranch(Lcom/android/dx/ssa/SsaInsn;)V @ 329

Internal exceptions (10 events):
Event: 0.930 Thread 0x00000000022dd800 Threw 0x00000000eb87d7c8 at C:\re\jdk7u80\2329\hotspot\src\share\vm\prims\jvm.cpp:1319
Event: 0.934 Thread 0x000000000a7dd000 Threw 0x00000000eb73b218 at C:\re\jdk7u80\2329\hotspot\src\share\vm\prims\jvm.cpp:1319
Event: 0.962 Thread 0x00000000022dd800 Threw 0x00000000ebb713f8 at C:\re\jdk7u80\2329\hotspot\src\share\vm\prims\jvm.cpp:1319
Event: 0.964 Thread 0x00000000022dd800 Threw 0x00000000ebb761c0 at C:\re\jdk7u80\2329\hotspot\src\share\vm\prims\jvm.cpp:1319
Event: 0.968 Thread 0x000000000a7dd000 Threw 0x00000000ebc88768 at C:\re\jdk7u80\2329\hotspot\src\share\vm\prims\jvm.cpp:1319
Event: 1.061 Thread 0x000000000a7dd000 Implicit null exception at 0x00000000024613ef to 0x0000000002461c31
Event: 1.145 Thread 0x00000000022dd800 Implicit null exception at 0x0000000002466c95 to 0x0000000002466e8d
Event: 1.971 Thread 0x000000000a7dc800 Implicit null exception at 0x00000000024a5c87 to 0x00000000024a6905
Event: 2.586 Thread 0x00000000022dd800 Implicit null exception at 0x000000000249109b to 0x000000000249172d
Event: 3.824 Thread 0x00000000022dd800 Threw 0x00000000eb25c420 at C:\re\jdk7u80\2329\hotspot\src\share\vm\prims\jvm.cpp:1319

Events (10 events):
Event: 3.710 Executing VM operation: ParallelGCFailedAllocation done
Event: 3.741 Thread 0x00000000023d1000 flushing nmethod 0x00000000024544d0
Event: 3.744 Thread 0x00000000023d1000 flushing nmethod 0x0000000002456690
Event: 3.744 Thread 0x00000000023d1000 flushing nmethod 0x0000000002457950
Event: 3.751 Thread 0x00000000023cf000 flushing nmethod 0x000000000245d290
Event: 3.820 Thread 0x00000000022dd800 Uncommon trap: trap_request=0xffffff75 fr.pc=0x00000000024b89a4
Event: 3.820 Thread 0x00000000022dd800 DEOPT PACKING pc=0x00000000024b89a4 sp=0x00000000021de400
Event: 3.820 Thread 0x00000000022dd800 DEOPT UNPACKING pc=0x00000000024175a4 sp=0x00000000021de378 mode 2
Event: 3.823 loading class 0x000000000a8fd700
Event: 3.823 loading class 0x000000000a8fd700 done


Dynamic libraries:
0x00007ff678710000 - 0x00007ff678743000 	C:\Program Files\Java\jdk1.7.0_80\bin\java.exe
0x00007ffee94e0000 - 0x00007ffee96a1000 	C:\WINDOWS\SYSTEM32\ntdll.dll
0x00007ffee8600000 - 0x00007ffee86ad000 	C:\WINDOWS\system32\KERNEL32.DLL
0x00007ffee5d60000 - 0x00007ffee5f48000 	C:\WINDOWS\system32\KERNELBASE.dll
0x00007ffee8b60000 - 0x00007ffee8c07000 	C:\WINDOWS\system32\ADVAPI32.dll
0x00007ffee6d20000 - 0x00007ffee6dbd000 	C:\WINDOWS\system32\msvcrt.dll
0x00007ffee8920000 - 0x00007ffee897b000 	C:\WINDOWS\system32\sechost.dll
0x00007ffee8de0000 - 0x00007ffee8efc000 	C:\WINDOWS\system32\RPCRT4.dll
0x00007ffee68e0000 - 0x00007ffee6a36000 	C:\WINDOWS\system32\USER32.dll
0x00007ffee9350000 - 0x00007ffee94d6000 	C:\WINDOWS\system32\GDI32.dll
0x00007ffed5b30000 - 0x00007ffed5da4000 	C:\WINDOWS\WinSxS\amd64_microsoft.windows.common-controls_6595b64144ccf1df_6.0.10586.0_none_8c15ae12515e1c22\COMCTL32.dll
0x00007ffee6aa0000 - 0x00007ffee6d1d000 	C:\WINDOWS\system32\combase.dll
0x00007ffee6870000 - 0x00007ffee68da000 	C:\WINDOWS\system32\bcryptPrimitives.dll
0x00007ffee7060000 - 0x00007ffee709b000 	C:\WINDOWS\system32\IMM32.DLL
0x00000000693f0000 - 0x00000000694c2000 	C:\Program Files\Java\jdk1.7.0_80\jre\bin\msvcr100.dll
0x0000000069ea0000 - 0x000000006a679000 	C:\Program Files\Java\jdk1.7.0_80\jre\bin\server\jvm.dll
0x00007ffee89f0000 - 0x00007ffee89f8000 	C:\WINDOWS\system32\PSAPI.DLL
0x00007ffeda430000 - 0x00007ffeda439000 	C:\WINDOWS\SYSTEM32\WSOCK32.dll
0x00007ffee3f30000 - 0x00007ffee3f53000 	C:\WINDOWS\SYSTEM32\WINMM.dll
0x00007ffee8c10000 - 0x00007ffee8c7b000 	C:\WINDOWS\system32\WS2_32.dll
0x00007ffee3ed0000 - 0x00007ffee3efc000 	C:\WINDOWS\SYSTEM32\WINMMBASE.dll
0x00007ffee5f50000 - 0x00007ffee5f93000 	C:\WINDOWS\system32\cfgmgr32.dll
0x0000000069e90000 - 0x0000000069e9f000 	C:\Program Files\Java\jdk1.7.0_80\jre\bin\verify.dll
0x0000000069e60000 - 0x0000000069e88000 	C:\Program Files\Java\jdk1.7.0_80\jre\bin\java.dll
0x0000000069e40000 - 0x0000000069e56000 	C:\Program Files\Java\jdk1.7.0_80\jre\bin\zip.dll
0x0000000069e20000 - 0x0000000069e3a000 	C:\Program Files\Java\jdk1.7.0_80\jre\bin\net.dll
0x00007ffee5430000 - 0x00007ffee548c000 	C:\WINDOWS\system32\mswsock.dll
0x0000000069d60000 - 0x0000000069d71000 	C:\Program Files\Java\jdk1.7.0_80\jre\bin\nio.dll

VM Arguments:
jvm_args: -Djava.awt.headless=true -Xmx1024M -Dfile.encoding=windows-1252 -Duser.country=US -Duser.language=en -Duser.variant 
java_command: com.android.dx.command.Main --dex --force-jumbo --num-threads=4 --multi-dex --output C:\Users\MyPC\AndroidStudioProjects\RaSEReport\app\build\intermediates\transforms\dex\debug\folders\1000\10\com.google.android.gms-play-services-plus-7.5.0_f83daf41b06eb76ad8dbcf87cc9525bf753bd8d8 C:\Users\MyPC\AndroidStudioProjects\RaSEReport\app\build\intermediates\exploded-aar\com.google.android.gms\play-services-plus\7.5.0\jars\classes.jar
Launcher Type: SUN_STANDARD

Environment Variables:
JAVA_HOME=C:\Program Files\Java\jdk1.7.0_80\
PATH=C:\Python27\;C:\Python27\Scripts;F:\app\MyPC\product\11.2.0\dbhome_1\bin;C:\ProgramData\Oracle\Java\javapath;C:\WINDOWS\system32;C:\WINDOWS;C:\WINDOWS\System32\Wbem;C:\WINDOWS\System32\WindowsPowerShell\v1.0\;C:\Program Files (x86)\ATI Technologies\ATI.ACE\Core-Static;C:\Program Files\Microsoft SQL Server\110\Tools\Binn\;C:\Program Files (x86)\AMD\ATI.ACE\Core-Static;C:\Program Files (x86)\Intel\OpenCL SDK\2.0\bin\x86;C:\Program Files (x86)\Intel\OpenCL SDK\2.0\bin\x64;C:\Program Files (x86)\GNU\GnuPG\pub;C:\Program Files (x86)\SMART Technologies\SMART Response\;C:\Program Files (x86)\Windows Kits\8.1\Windows Performance Toolkit\;C:\Program Files (x86)\Microsoft SDKs\TypeScript\1.0\;C:\Program Files\Microsoft SQL Server\120\Tools\Binn\;C:\Program Files\Microsoft\Web Platform Installer\;C:\Program Files (x86)\Microsoft ASP.NET\ASP.NET Web Pages\v1.0\;C:\Program Files (x86)\Microsoft SQL Server\100\Tools\Binn\;C:\Program Files\Microsoft SQL Server\100\Tools\Binn\;C:\Program Files\Microsoft SQL Server\100\DTS\Binn\;C:\Program Files (x86)\Microsoft SQL Server\100\Tools\Binn\VSShell\Common7\IDE\;C:\Program Files (x86)\Microsoft Visual Studio 9.0\Common7\IDE\PrivateAssemblies\;C:\Program Files (x86)\Microsoft SQL Server\100\DTS\Binn\;C:\Program Files (x86)\OptiTex 10\App;C:\Program Files (x86)\Skype\Phone\;C:\Program Files (x86)\Heroku\bin;C:\Program Files (x86)\git\cmd;C:\Program Files (x86)\Git\cmd;C:\grails-2.5.2\bin;JAVA_HOME\bin;C:\Ruby22-x64\bin
USERNAME=MyPC
OS=Windows_NT
PROCESSOR_IDENTIFIER=Intel64 Family 6 Model 42 Stepping 7, GenuineIntel



---------------  S Y S T E M  ---------------

OS: Windows 8.1 , 64 bit Build 9600 

CPU:total 8 (4 cores per cpu, 2 threads per core) family 6 model 42 stepping 7, cmov, cx8, fxsr, mmx, sse, sse2, sse3, ssse3, sse4.1, sse4.2, popcnt, avx, aes, ht, tsc, tscinvbit

Memory: 4k page, physical 16625516k(3967040k free), swap 25247408k(9548k free)

vm_info: Java HotSpot(TM) 64-Bit Server VM (24.80-b11) for windows-amd64 JRE (1.7.0_80-b15), built on Apr 10 2015 11:26:34 by "java_re" with unknown MS VC++:1600

time: Wed May 25 11:03:49 2016
elapsed time: 3 seconds

