#
# There is insufficient memory for the Java Runtime Environment to continue.
# Native memory allocation (malloc) failed to allocate 53456 bytes for Chunk::new
# Possible reasons:
#   The system is out of physical RAM or swap space
#   In 32 bit mode, the process size limit was hit
# Possible solutions:
#   Reduce memory load on the system
#   Increase physical memory or swap space
#   Check if swap backing store is full
#   Use 64 bit Java on a 64 bit OS
#   Decrease Java heap size (-Xmx/-Xms)
#   Decrease number of Java threads
#   Decrease Java thread stack sizes (-Xss)
#   Set larger code cache with -XX:ReservedCodeCacheSize=
# This output file may be truncated or incomplete.
#
#  Out of Memory Error (allocation.cpp:323), pid=16992, tid=380
#
# JRE version: Java(TM) SE Runtime Environment (7.0_80-b15) (build 1.7.0_80-b15)
# Java VM: Java HotSpot(TM) 64-Bit Server VM (24.80-b11 mixed mode windows-amd64 compressed oops)
# Failed to write core dump. Minidumps are not enabled by default on client versions of Windows
#

---------------  T H R E A D  ---------------

Current thread (0x0000000002386800):  JavaThread "C2 CompilerThread0" daemon [_thread_in_native, id=380, stack(0x000000000ac70000,0x000000000ad70000)]

Stack: [0x000000000ac70000,0x000000000ad70000]

Current CompileTask:
C2:    707   21             java.lang.String::indexOf (166 bytes)


---------------  P R O C E S S  ---------------

Java Threads: ( => current thread )
  0x000000000238e000 JavaThread "Service Thread" daemon [_thread_blocked, id=24384, stack(0x000000000ae70000,0x000000000af70000)]
  0x0000000002388800 JavaThread "C2 CompilerThread1" daemon [_thread_blocked, id=1488, stack(0x000000000ad70000,0x000000000ae70000)]
=>0x0000000002386800 JavaThread "C2 CompilerThread0" daemon [_thread_in_native, id=380, stack(0x000000000ac70000,0x000000000ad70000)]
  0x000000000a691000 JavaThread "Attach Listener" daemon [_thread_blocked, id=19596, stack(0x000000000ab70000,0x000000000ac70000)]
  0x000000000a690800 JavaThread "Signal Dispatcher" daemon [_thread_blocked, id=1084, stack(0x000000000aa70000,0x000000000ab70000)]
  0x000000000868b000 JavaThread "Finalizer" daemon [_thread_blocked, id=8484, stack(0x000000000a570000,0x000000000a670000)]
  0x000000000868a000 JavaThread "Reference Handler" daemon [_thread_blocked, id=11496, stack(0x000000000a470000,0x000000000a570000)]
  0x000000000215d800 JavaThread "main" [_thread_in_vm, id=15884, stack(0x0000000002190000,0x0000000002290000)]

Other Threads:
  0x0000000008685000 VMThread [stack: 0x000000000a370000,0x000000000a470000] [id=17508]
  0x000000000a6af000 WatcherThread [stack: 0x000000000af70000,0x000000000b070000] [id=4064]

VM state:not at safepoint (normal execution)

VM Mutex/Monitor currently owned by a thread: None

Heap
 PSYoungGen      total 76288K, used 7865K [0x00000000eaa80000, 0x00000000eff80000, 0x0000000100000000)
  eden space 65536K, 12% used [0x00000000eaa80000,0x00000000eb22e608,0x00000000eea80000)
  from space 10752K, 0% used [0x00000000ef500000,0x00000000ef500000,0x00000000eff80000)
  to   space 10752K, 0% used [0x00000000eea80000,0x00000000eea80000,0x00000000ef500000)
 ParOldGen       total 173056K, used 0K [0x00000000c0000000, 0x00000000ca900000, 0x00000000eaa80000)
  object space 173056K, 0% used [0x00000000c0000000,0x00000000c0000000,0x00000000ca900000)
 PSPermGen       total 21504K, used 3905K [0x00000000bae00000, 0x00000000bc300000, 0x00000000c0000000)
  object space 21504K, 18% used [0x00000000bae00000,0x00000000bb1d0638,0x00000000bc300000)

Card table byte_map: [0x0000000005450000,0x0000000005680000] byte_map_base: 0x0000000004e79000

Polling page: 0x00000000020c0000

Code Cache  [0x0000000002390000, 0x0000000002600000, 0x0000000005390000)
 total_blobs=236 nmethods=20 adapters=169 free_code_cache=48727Kb largest_free_block=49890560

Compilation events (10 events):
Event: 0.528 Thread 0x0000000002386800   17             java.util.regex.Pattern::isSupplementary (20 bytes)
Event: 0.529 Thread 0x0000000002386800 nmethod 17 0x00000000023f7010 code [0x00000000023f7140, 0x00000000023f71b8]
Event: 0.529 Thread 0x0000000002386800   18             java.lang.Character::isSurrogate (18 bytes)
Event: 0.529 Thread 0x0000000002386800 nmethod 18 0x00000000023f6e10 code [0x00000000023f6f40, 0x00000000023f6f98]
Event: 0.539 Thread 0x0000000002388800 nmethod 11 0x00000000023fac10 code [0x00000000023fada0, 0x00000000023fb648]
Event: 0.541 Thread 0x0000000002386800   19             java.lang.Object::<init> (1 bytes)
Event: 0.541 Thread 0x0000000002386800 nmethod 19 0x00000000023f6bd0 code [0x00000000023f6d00, 0x00000000023f6d78]
Event: 0.542 Thread 0x0000000002388800   20             java.lang.String::length (6 bytes)
Event: 0.543 Thread 0x0000000002388800 nmethod 20 0x00000000023f69d0 code [0x00000000023f6b00, 0x00000000023f6b58]
Event: 0.702 Thread 0x0000000002386800   21             java.lang.String::indexOf (166 bytes)

GC Heap History (0 events):
No events

Deoptimization events (0 events):
No events

Internal exceptions (10 events):
Event: 0.676 Thread 0x000000000215d800 Threw 0x00000000eb1aa300 at C:\re\jdk7u80\2329\hotspot\src\share\vm\prims\jvm.cpp:1319
Event: 0.685 Thread 0x000000000215d800 Threw 0x00000000eb1bc1d8 at C:\re\jdk7u80\2329\hotspot\src\share\vm\prims\jvm.cpp:1319
Event: 0.687 Thread 0x000000000215d800 Threw 0x00000000eb1c23b0 at C:\re\jdk7u80\2329\hotspot\src\share\vm\prims\jvm.cpp:1319
Event: 0.688 Thread 0x000000000215d800 Threw 0x00000000eb1c8230 at C:\re\jdk7u80\2329\hotspot\src\share\vm\prims\jvm.cpp:1319
Event: 0.695 Thread 0x000000000215d800 Threw 0x00000000eb1d6db0 at C:\re\jdk7u80\2329\hotspot\src\share\vm\prims\jvm.cpp:1319
Event: 0.697 Thread 0x000000000215d800 Threw 0x00000000eb1d9db0 at C:\re\jdk7u80\2329\hotspot\src\share\vm\prims\jvm.cpp:1319
Event: 0.699 Thread 0x000000000215d800 Threw 0x00000000eb1df4f0 at C:\re\jdk7u80\2329\hotspot\src\share\vm\prims\jvm.cpp:1319
Event: 0.700 Thread 0x000000000215d800 Threw 0x00000000eb1e10b8 at C:\re\jdk7u80\2329\hotspot\src\share\vm\prims\jvm.cpp:1319
Event: 0.701 Thread 0x000000000215d800 Threw 0x00000000eb1e2f80 at C:\re\jdk7u80\2329\hotspot\src\share\vm\prims\jvm.cpp:1319
Event: 0.702 Thread 0x000000000215d800 Threw 0x00000000eb1e50b8 at C:\re\jdk7u80\2329\hotspot\src\share\vm\prims\jvm.cpp:1319

Events (10 events):
Event: 0.697 loading class 0x000000000a798490
Event: 0.697 loading class 0x000000000a798490 done
Event: 0.699 loading class 0x000000000a7e7dc0
Event: 0.699 loading class 0x000000000a7e7dc0 done
Event: 0.700 loading class 0x000000000a798390
Event: 0.700 loading class 0x000000000a798390 done
Event: 0.701 loading class 0x000000000a797150
Event: 0.701 loading class 0x000000000a797150 done
Event: 0.702 loading class 0x000000000a797750
Event: 0.702 loading class 0x000000000a797750 done


Dynamic libraries:
0x00007ff678710000 - 0x00007ff678743000 	C:\Program Files\Java\jdk1.7.0_80\bin\java.exe
0x00007ffee94e0000 - 0x00007ffee96a1000 	C:\WINDOWS\SYSTEM32\ntdll.dll
0x00007ffee8600000 - 0x00007ffee86ad000 	C:\WINDOWS\system32\KERNEL32.DLL
0x00007ffee5d60000 - 0x00007ffee5f48000 	C:\WINDOWS\system32\KERNELBASE.dll
0x00007ffee8b60000 - 0x00007ffee8c07000 	C:\WINDOWS\system32\ADVAPI32.dll
0x00007ffee6d20000 - 0x00007ffee6dbd000 	C:\WINDOWS\system32\msvcrt.dll
0x00007ffee8920000 - 0x00007ffee897b000 	C:\WINDOWS\system32\sechost.dll
0x00007ffee8de0000 - 0x00007ffee8efc000 	C:\WINDOWS\system32\RPCRT4.dll
0x00007ffee68e0000 - 0x00007ffee6a36000 	C:\WINDOWS\system32\USER32.dll
0x00007ffee9350000 - 0x00007ffee94d6000 	C:\WINDOWS\system32\GDI32.dll
0x00007ffed5b30000 - 0x00007ffed5da4000 	C:\WINDOWS\WinSxS\amd64_microsoft.windows.common-controls_6595b64144ccf1df_6.0.10586.0_none_8c15ae12515e1c22\COMCTL32.dll
0x00007ffee6aa0000 - 0x00007ffee6d1d000 	C:\WINDOWS\system32\combase.dll
0x00007ffee6870000 - 0x00007ffee68da000 	C:\WINDOWS\system32\bcryptPrimitives.dll
0x00007ffee7060000 - 0x00007ffee709b000 	C:\WINDOWS\system32\IMM32.DLL
0x00000000693f0000 - 0x00000000694c2000 	C:\Program Files\Java\jdk1.7.0_80\jre\bin\msvcr100.dll
0x0000000069ea0000 - 0x000000006a679000 	C:\Program Files\Java\jdk1.7.0_80\jre\bin\server\jvm.dll
0x00007ffee89f0000 - 0x00007ffee89f8000 	C:\WINDOWS\system32\PSAPI.DLL
0x00007ffeda430000 - 0x00007ffeda439000 	C:\WINDOWS\SYSTEM32\WSOCK32.dll
0x00007ffee3f30000 - 0x00007ffee3f53000 	C:\WINDOWS\SYSTEM32\WINMM.dll
0x00007ffee8c10000 - 0x00007ffee8c7b000 	C:\WINDOWS\system32\WS2_32.dll
0x00007ffee3ed0000 - 0x00007ffee3efc000 	C:\WINDOWS\SYSTEM32\WINMMBASE.dll
0x00007ffee5f50000 - 0x00007ffee5f93000 	C:\WINDOWS\system32\cfgmgr32.dll
0x0000000069e90000 - 0x0000000069e9f000 	C:\Program Files\Java\jdk1.7.0_80\jre\bin\verify.dll
0x0000000069e60000 - 0x0000000069e88000 	C:\Program Files\Java\jdk1.7.0_80\jre\bin\java.dll
0x0000000069e40000 - 0x0000000069e56000 	C:\Program Files\Java\jdk1.7.0_80\jre\bin\zip.dll
0x0000000069e20000 - 0x0000000069e3a000 	C:\Program Files\Java\jdk1.7.0_80\jre\bin\net.dll
0x00007ffee5430000 - 0x00007ffee548c000 	C:\WINDOWS\system32\mswsock.dll
0x0000000069d60000 - 0x0000000069d71000 	C:\Program Files\Java\jdk1.7.0_80\jre\bin\nio.dll

VM Arguments:
jvm_args: -Djava.awt.headless=true -Xmx1024M -Dfile.encoding=windows-1252 -Duser.country=US -Duser.language=en -Duser.variant 
java_command: com.android.dx.command.Main --dex --force-jumbo --num-threads=4 --output C:\Users\MyPC\AndroidStudioProjects\RaSEReport\app\build\intermediates\pre-dexed\debug\com.google.android.gms-play-services-wearable-7.5.0_af6221340b9ce01dd91beccddc2d63777af8613e.jar C:\Users\MyPC\AndroidStudioProjects\RaSEReport\app\build\intermediates\exploded-aar\com.google.android.gms\play-services-wearable\7.5.0\jars\classes.jar
Launcher Type: SUN_STANDARD

Environment Variables:
JAVA_HOME=C:\Program Files\Java\jdk1.7.0_80\
PATH=C:\Python27\;C:\Python27\Scripts;F:\app\MyPC\product\11.2.0\dbhome_1\bin;C:\ProgramData\Oracle\Java\javapath;C:\WINDOWS\system32;C:\WINDOWS;C:\WINDOWS\System32\Wbem;C:\WINDOWS\System32\WindowsPowerShell\v1.0\;C:\Program Files (x86)\ATI Technologies\ATI.ACE\Core-Static;C:\Program Files\Microsoft SQL Server\110\Tools\Binn\;C:\Program Files (x86)\AMD\ATI.ACE\Core-Static;C:\Program Files (x86)\Intel\OpenCL SDK\2.0\bin\x86;C:\Program Files (x86)\Intel\OpenCL SDK\2.0\bin\x64;C:\Program Files (x86)\GNU\GnuPG\pub;C:\Program Files (x86)\SMART Technologies\SMART Response\;C:\Program Files (x86)\Windows Kits\8.1\Windows Performance Toolkit\;C:\Program Files (x86)\Microsoft SDKs\TypeScript\1.0\;C:\Program Files\Microsoft SQL Server\120\Tools\Binn\;C:\Program Files\Microsoft\Web Platform Installer\;C:\Program Files (x86)\Microsoft ASP.NET\ASP.NET Web Pages\v1.0\;C:\Program Files (x86)\Microsoft SQL Server\100\Tools\Binn\;C:\Program Files\Microsoft SQL Server\100\Tools\Binn\;C:\Program Files\Microsoft SQL Server\100\DTS\Binn\;C:\Program Files (x86)\Microsoft SQL Server\100\Tools\Binn\VSShell\Common7\IDE\;C:\Program Files (x86)\Microsoft Visual Studio 9.0\Common7\IDE\PrivateAssemblies\;C:\Program Files (x86)\Microsoft SQL Server\100\DTS\Binn\;C:\Program Files (x86)\OptiTex 10\App;C:\Program Files (x86)\Skype\Phone\;C:\Program Files (x86)\Heroku\bin;C:\Program Files (x86)\git\cmd;C:\Program Files (x86)\Git\cmd;C:\grails-2.5.2\bin;JAVA_HOME\bin;C:\Ruby22-x64\bin
USERNAME=MyPC
OS=Windows_NT
PROCESSOR_IDENTIFIER=Intel64 Family 6 Model 42 Stepping 7, GenuineIntel



---------------  S Y S T E M  ---------------

OS: Windows 8.1 , 64 bit Build 9600 

CPU:total 8 (4 cores per cpu, 2 threads per core) family 6 model 42 stepping 7, cmov, cx8, fxsr, mmx, sse, sse2, sse3, ssse3, sse4.1, sse4.2, popcnt, avx, aes, ht, tsc, tscinvbit

Memory: 4k page, physical 16625516k(3837900k free), swap 25247408k(5188k free)

vm_info: Java HotSpot(TM) 64-Bit Server VM (24.80-b11) for windows-amd64 JRE (1.7.0_80-b15), built on Apr 10 2015 11:26:34 by "java_re" with unknown MS VC++:1600

time: Wed May 25 11:05:40 2016
elapsed time: 0 seconds

